2012-03-30T22:34:30 buf_pool_size	buf_free	pages_total	pages_modified	buf_pool_hit_rate	total_mem_alloc	add_pool_alloc
2012-03-30T22:34:30 262144	17722	244421	22408	1000 / 1000	4395630592	0
2012-03-30T22:34:30 pages_read	pages_written	pages_created	page_reads_sec	page_writes_sec	page_creates_sec
2012-03-30T22:34:30 530	267076	253299	0.00	0.00	0.00
2012-03-30T22:34:30 inserts	merged_recs	merges	size	free_list_len	seg_size
2012-03-30T22:34:30 	0	0	1	0	2
2012-03-30T22:34:30 hash_table_size	used_cells	bufs_in_node_heap	hash_searches_s	non_hash_searches_s
2012-03-30T22:34:30 8850487		1	0.00	2000.00
2012-03-30T22:34:32 262144	17544	244599	21785	1000 / 1000	4395630592	0
2012-03-30T22:34:32 530	267877	253477	0.00	0.00	0.00
2012-03-30T22:34:32 	0	0	1	0	2
2012-03-30T22:34:32 8850487		1	0.00	5000.00
2012-03-30T22:34:34 262144	17374	244769	21920	1000 / 1000	4395630592	0
2012-03-30T22:34:34 530	267913	253647	0.00	0.00	0.00
2012-03-30T22:34:34 	0	0	1	0	2
2012-03-30T22:34:34 8850487		1	0.00	0.00
2012-03-30T22:34:36 262144	17197	244946	22056	--	4395630592	0
2012-03-30T22:34:36 530	267955	253824	0.00	0.00	0.00
2012-03-30T22:34:36 	0	0	1	0	2
2012-03-30T22:34:36 8850487		1	0.00	0.00
2012-03-30T22:34:38 262144	17013	245130	22194	1000 / 1000	4395630592	0
2012-03-30T22:34:38 530	268002	254008	0.00	0.00	0.00
2012-03-30T22:34:38 	0	0	1	0	2
2012-03-30T22:34:38 8850487		1	0.00	0.00
2012-03-30T22:34:40 262144	16834	245309	22334	1000 / 1000	4395630592	0
2012-03-30T22:34:40 530	268041	254187	0.00	0.00	0.00
2012-03-30T22:34:40 	0	0	1	0	2
2012-03-30T22:34:40 8850487		1	0.00	2000.00
2012-03-30T22:34:42 262144	16658	245485	21567	1000 / 1000	4395630592	0
2012-03-30T22:34:42 530	268985	254363	0.00	0.00	3000.00
2012-03-30T22:34:42 	0	0	1	0	2
2012-03-30T22:34:42 8850487		1	0.00	80000.00
2012-03-30T22:34:44 262144	16443	245700	21744	1000 / 1000	4395630592	0
2012-03-30T22:34:44 530	269023	254578	0.00	0.00	0.00
2012-03-30T22:34:44 	0	0	1	0	2
2012-03-30T22:34:44 8850487		1	0.00	0.00
2012-03-30T22:34:47 262144	16262	245881	21877	1000 / 1000	4395630592	0
2012-03-30T22:34:47 530	269072	254759	0.00	0.00	1000.00
2012-03-30T22:34:47 	0	0	1	0	2
2012-03-30T22:34:47 8850487		1	0.00	8000.00
2012-03-30T22:34:49 262144	16092	246051	22038	1000 / 1000	4395630592	0
2012-03-30T22:34:49 530	269109	254929	0.00	0.00	0.00
2012-03-30T22:34:49 	0	0	1	0	2
2012-03-30T22:34:49 8850487		1	0.00	8.99
2012-03-30T22:34:51 262144	15956	246187	22170	1000 / 1000	4395630592	0
2012-03-30T22:34:51 530	269145	255065	0.00	0.00	0.00
2012-03-30T22:34:51 	0	0	1	0	2
2012-03-30T22:34:51 8850487		1	0.00	3000.00
2012-03-30T22:34:53 262144	15717	246426	22404	1000 / 1000	4395630592	0
2012-03-30T22:34:53 530	269175	255304	0.00	0.00	0.00
2012-03-30T22:34:53 	0	0	1	0	2
2012-03-30T22:34:53 8850487		1	0.00	16000.00
2012-03-30T22:34:55 262144	15484	246659	22635	1000 / 1000	4395630592	0
2012-03-30T22:34:55 530	269213	255537	0.00	0.00	0.00
2012-03-30T22:34:55 	0	0	1	0	2
2012-03-30T22:34:55 8850487		1	0.00	35000.00
2012-03-30T22:34:57 262144	15291	246852	22829	1000 / 1000	4395630592	0
2012-03-30T22:34:57 530	269266	255730	0.00	0.00	1000.00
2012-03-30T22:34:57 	0	0	1	0	2
2012-03-30T22:34:57 8850487		1	0.00	36000.00
2012-03-30T22:34:59 262144	15113	247030	23010	1000 / 1000	4395630592	0
2012-03-30T22:34:59 530	269286	255908	0.00	0.00	3000.00
2012-03-30T22:34:59 	0	0	1	0	2
2012-03-30T22:34:59 8850487		1	0.00	58000.00
2012-03-30T22:35:01 262144	14943	247200	23155	1000 / 1000	4395630592	0
2012-03-30T22:35:01 530	269333	256078	0.00	0.00	4000.00
2012-03-30T22:35:01 	0	0	1	0	2
2012-03-30T22:35:01 8850487		1	0.00	52000.00
2012-03-30T22:35:03 262144	14760	247383	19455	1000 / 1000	4395630592	0
2012-03-30T22:35:03 530	273292	256261	0.00	0.00	1000.00
2012-03-30T22:35:03 	0	0	1	0	2
2012-03-30T22:35:03 8850487		1	0.00	45000.00
2012-03-30T22:35:05 262144	14593	247550	19603	1000 / 1000	4395630592	0
2012-03-30T22:35:05 530	273311	256428	0.00	0.00	0.00
2012-03-30T22:35:05 	0	0	1	0	2
2012-03-30T22:35:05 8850487		1	0.00	16000.00
2012-03-30T22:35:07 262144	14397	247746	19770	1000 / 1000	4395630592	0
2012-03-30T22:35:07 530	273342	256624	0.00	0.00	0.00
2012-03-30T22:35:07 	0	0	1	0	2
2012-03-30T22:35:07 8850487		1	0.00	11000.00
2012-03-30T22:35:09 262144	14223	247920	19905	1000 / 1000	4395630592	0
2012-03-30T22:35:09 530	273385	256798	0.00	0.00	0.00
2012-03-30T22:35:09 	0	0	1	0	2
2012-03-30T22:35:09 8850487		1	0.00	13000.00
2012-03-30T22:35:11 262144	14041	248102	20043	1000 / 1000	4395630592	0
2012-03-30T22:35:11 530	273429	256980	0.00	0.00	0.00
2012-03-30T22:35:11 	0	0	1	0	2
2012-03-30T22:35:11 8850487		1	0.00	12000.00
2012-03-30T22:35:13 262144	13818	248325	20222	1000 / 1000	4395630592	0
2012-03-30T22:35:13 530	273474	257203	0.00	0.00	1000.00
2012-03-30T22:35:13 	0	0	1	0	2
2012-03-30T22:35:13 8850487		1	0.00	14000.00
2012-03-30T22:35:15 262144	13724	248419	19546	--	4395630592	0
2012-03-30T22:35:15 530	274244	257297	0.00	0.00	0.00
2012-03-30T22:35:15 	0	0	1	0	2
2012-03-30T22:35:15 8850487		1	0.00	0.00
2012-03-30T22:35:17 262144	13532	248611	19708	1000 / 1000	4395630592	0
2012-03-30T22:35:17 530	274275	257489	0.00	0.00	0.00
2012-03-30T22:35:17 	0	0	1	0	2
2012-03-30T22:35:17 8850487		1	0.00	5000.00
2012-03-30T22:35:19 262144	13273	248870	19919	1000 / 1000	4395630592	0
2012-03-30T22:35:19 530	274326	257748	0.00	0.00	0.00
2012-03-30T22:35:19 	0	0	1	0	2
2012-03-30T22:35:19 8850487		1	0.00	11000.00
2012-03-30T22:35:21 262144	13133	249010	20046	--	4395630592	0
2012-03-30T22:35:21 530	274339	257888	0.00	0.00	0.00
2012-03-30T22:35:21 	0	0	1	0	2
2012-03-30T22:35:21 8850487		1	0.00	0.00
2012-03-30T22:35:23 262144	12884	249259	20258	1000 / 1000	4395630592	0
2012-03-30T22:35:23 530	274377	258137	0.00	0.00	0.00
2012-03-30T22:35:23 	0	0	1	0	2
2012-03-30T22:35:23 8850487		1	0.00	12000.00
2012-03-30T22:35:25 262144	12658	249485	19595	1000 / 1000	4395630592	0
2012-03-30T22:35:25 530	275272	258363	0.00	0.00	1000.00
2012-03-30T22:35:25 	0	0	1	0	2
2012-03-30T22:35:25 8850487		1	0.00	21000.00
2012-03-30T22:35:27 262144	12398	249745	19828	1000 / 1000	4395630592	0
2012-03-30T22:35:27 530	275301	258623	0.00	0.00	1000.00
2012-03-30T22:35:27 	0	0	1	0	2
2012-03-30T22:35:27 8850487		1	0.00	24000.00
2012-03-30T22:35:29 262144	12154	249989	20045	1000 / 1000	4395630592	0
2012-03-30T22:35:29 530	275332	258867	0.00	0.00	0.00
2012-03-30T22:35:29 	0	0	1	0	2
2012-03-30T22:35:29 8850487		1	0.00	12000.00
2012-03-30T22:35:31 262144	11978	250165	20189	1000 / 1000	4395630592	0
2012-03-30T22:35:31 530	275364	259043	0.00	0.00	0.00
2012-03-30T22:35:31 	0	0	1	0	2
2012-03-30T22:35:31 8850487		1	0.00	12000.00
2012-03-30T22:35:33 262144	11807	250336	20330	1000 / 1000	4395630592	0
2012-03-30T22:35:33 530	275396	259214	0.00	0.00	0.00
2012-03-30T22:35:33 	0	0	1	0	2
2012-03-30T22:35:33 8850487		1	0.00	0.00
2012-03-30T22:35:35 262144	11616	250527	19950	1000 / 1000	4395630592	0
2012-03-30T22:35:35 530	275968	259405	0.00	0.00	1000.00
2012-03-30T22:35:35 	0	0	1	0	2
2012-03-30T22:35:35 8850487		1	0.00	8000.00
2012-03-30T22:35:37 262144	11454	250689	20081	1000 / 1000	4395630592	0
2012-03-30T22:35:37 530	276000	259567	0.00	0.00	0.00
2012-03-30T22:35:37 	0	0	1	0	2
2012-03-30T22:35:37 8850487		1	0.00	9000.00
2012-03-30T22:35:39 262144	11281	250862	20224	1000 / 1000	4395630592	0
2012-03-30T22:35:39 530	276031	259740	0.00	0.00	0.00
2012-03-30T22:35:39 	0	0	1	0	2
2012-03-30T22:35:39 8850487		1	0.00	6000.00
2012-03-30T22:35:41 262144	11117	251026	20354	1000 / 1000	4395630592	0
2012-03-30T22:35:41 530	276065	259904	0.00	0.00	0.00
2012-03-30T22:35:41 	0	0	1	0	2
2012-03-30T22:35:41 8850487		1	0.00	7000.00
2012-03-30T22:35:43 262144	10937	251206	20499	1000 / 1000	4395630592	0
2012-03-30T22:35:43 530	276100	260084	0.00	0.00	0.00
2012-03-30T22:35:43 	0	0	1	0	2
2012-03-30T22:35:43 8850487		1	0.00	1000.00
2012-03-30T22:35:45 262144	10756	251387	20054	--	4395630592	0
2012-03-30T22:35:45 530	276730	260265	0.00	0.00	0.00
2012-03-30T22:35:45 	0	0	1	0	2
2012-03-30T22:35:45 8850487		1	0.00	0.00
2012-03-30T22:35:47 262144	10579	251564	20198	1000 / 1000	4395630592	0
2012-03-30T22:35:47 530	276764	260442	0.00	0.00	3000.00
2012-03-30T22:35:47 	0	0	1	0	2
2012-03-30T22:35:47 8850487		1	0.00	117000.00
2012-03-30T22:35:49 262144	10400	251743	20344	1000 / 1000	4395630592	0
2012-03-30T22:35:49 530	276797	260621	0.00	0.00	5000.00
2012-03-30T22:35:49 	0	0	1	0	2
2012-03-30T22:35:49 8850487		1	0.00	144000.00
2012-03-30T22:35:51 262144	10233	251910	20476	1000 / 1000	4395630592	0
2012-03-30T22:35:51 530	276832	260788	0.00	0.00	0.00
2012-03-30T22:35:51 	0	0	1	0	2
2012-03-30T22:35:51 8850487		1	0.00	1000.00
2012-03-30T22:35:53 262144	10067	252076	20609	1000 / 1000	4395630592	0
2012-03-30T22:35:53 530	276865	260954	0.00	0.00	0.00
2012-03-30T22:35:53 	0	0	1	0	2
2012-03-30T22:35:53 8850487		1	0.00	1000.00
2012-03-30T22:35:55 262144	9888	252255	20755	1000 / 1000	4395630592	0
2012-03-30T22:35:55 530	276898	261133	0.00	0.00	0.00
2012-03-30T22:35:55 	0	0	1	0	2
2012-03-30T22:35:55 8850487		1	0.00	3000.00
2012-03-30T22:35:57 262144	9708	252435	20901	1000 / 1000	4395630592	0
2012-03-30T22:35:57 530	276932	261313	0.00	0.00	0.00
2012-03-30T22:35:57 	0	0	1	0	2
2012-03-30T22:35:57 8850487		1	0.00	4000.00
2012-03-30T22:35:59 262144	9536	252607	21040	1000 / 1000	4395630592	0
2012-03-30T22:35:59 530	276966	261485	0.00	0.00	0.00
2012-03-30T22:35:59 	0	0	1	0	2
2012-03-30T22:35:59 8850487		1	0.00	2000.00
2012-03-30T22:36:01 262144	9360	252783	21179	1000 / 1000	4395630592	0
2012-03-30T22:36:01 530	277003	261661	0.00	0.00	0.00
2012-03-30T22:36:01 	0	0	1	0	2
2012-03-30T22:36:01 8850487		1	0.00	2000.00
2012-03-30T22:36:03 262144	9193	252950	21309	1000 / 1000	4395630592	0
2012-03-30T22:36:03 530	277039	261828	0.00	0.00	1000.00
2012-03-30T22:36:03 	0	0	1	0	2
2012-03-30T22:36:03 8850487		1	0.00	6000.00
2012-03-30T22:36:05 262144	9016	253127	20851	1000 / 1000	4395630592	0
2012-03-30T22:36:05 530	277677	262005	0.00	0.00	0.00
2012-03-30T22:36:05 	0	0	1	0	2
2012-03-30T22:36:05 8850487		1	0.00	3000.00
2012-03-30T22:36:07 262144	8870	253273	20979	--	4395630592	0
2012-03-30T22:36:07 530	277696	262151	0.00	0.00	0.00
2012-03-30T22:36:07 	0	0	1	0	2
2012-03-30T22:36:07 8850487		1	0.00	0.00
2012-03-30T22:36:09 262144	8673	253470	21125	--	4395630592	0
2012-03-30T22:36:09 530	277748	262348	0.00	0.00	0.00
2012-03-30T22:36:09 	0	0	1	0	2
2012-03-30T22:36:09 8850487		1	0.00	0.00
2012-03-30T22:36:11 262144	8449	253694	21323	1000 / 1000	4395630592	0
2012-03-30T22:36:11 530	277774	262572	0.00	0.00	8000.00
2012-03-30T22:36:11 	0	0	1	0	2
2012-03-30T22:36:11 8850487		1	0.00	203000.00
2012-03-30T22:36:13 262144	8270	253873	21460	1000 / 1000	4395630592	0
2012-03-30T22:36:13 530	277816	262751	0.00	0.00	4000.00
2012-03-30T22:36:13 	0	0	1	0	2
2012-03-30T22:36:13 8850487		1	0.00	156000.00
2012-03-30T22:36:15 262144	8080	254063	21618	1000 / 1000	4395630592	0
2012-03-30T22:36:15 530	277850	262941	0.00	0.00	5000.00
2012-03-30T22:36:15 	0	0	1	0	2
2012-03-30T22:36:15 8850487		1	0.00	178000.00
2012-03-30T22:36:17 262144	7905	254238	21747	1000 / 1000	4395630592	0
2012-03-30T22:36:17 530	277897	263116	0.00	0.00	3000.00
2012-03-30T22:36:17 	0	0	1	0	2
2012-03-30T22:36:17 8850487		1	0.00	144000.00
2012-03-30T22:36:19 262144	7721	254422	21887	1000 / 1000	4395630592	0
2012-03-30T22:36:19 530	277942	263300	0.00	0.00	6000.00
2012-03-30T22:36:19 	0	0	1	0	2
2012-03-30T22:36:19 8850487		1	0.00	156000.00
2012-03-30T22:36:21 262144	7552	254591	22021	1000 / 1000	4395630592	0
2012-03-30T22:36:21 530	277977	263469	0.00	0.00	5000.00
2012-03-30T22:36:21 	0	0	1	0	2
2012-03-30T22:36:21 8850487		1	0.00	154000.00
2012-03-30T22:36:23 262144	7384	254759	22163	1000 / 1000	4395630592	0
2012-03-30T22:36:23 530	278003	263637	0.00	0.00	6000.00
2012-03-30T22:36:23 	0	0	1	0	2
2012-03-30T22:36:23 8850487		1	0.00	196000.00
2012-03-30T22:36:25 262144	7202	254941	22287	1000 / 1000	4395630592	0
2012-03-30T22:36:25 530	278062	263819	0.00	32000.00	0.00
2012-03-30T22:36:25 	0	0	1	0	2
2012-03-30T22:36:25 8850487		1	0.00	7000.00
2012-03-30T22:36:27 262144	7022	255121	21653	1000 / 1000	4395630592	0
2012-03-30T22:36:27 530	278877	263999	0.00	0.00	0.00
2012-03-30T22:36:27 	0	0	1	0	2
2012-03-30T22:36:27 8850487		1	0.00	2000.00
2012-03-30T22:36:29 262144	6848	255295	21803	1000 / 1000	4395630592	0
2012-03-30T22:36:29 530	278903	264173	0.00	0.00	0.00
2012-03-30T22:36:29 	0	0	1	0	2
2012-03-30T22:36:29 8850487		1	0.00	6000.00
2012-03-30T22:36:31 262144	6682	255461	21943	1000 / 1000	4395630592	0
2012-03-30T22:36:31 530	278929	264339	0.00	0.00	0.00
2012-03-30T22:36:31 	0	0	1	0	2
2012-03-30T22:36:31 8850487		1	0.00	5000.00
2012-03-30T22:36:33 262144	6510	255633	22087	1000 / 1000	4395630592	0
2012-03-30T22:36:33 530	278957	264511	0.00	0.00	0.00
2012-03-30T22:36:33 	0	0	1	0	2
2012-03-30T22:36:33 8850487		1	0.00	10000.00
2012-03-30T22:36:35 262144	6317	255826	22253	1000 / 1000	4395630592	0
2012-03-30T22:36:35 530	278986	264704	0.00	0.00	1000.00
2012-03-30T22:36:35 	0	0	1	0	2
2012-03-30T22:36:35 8850487		1	0.00	10000.00
2012-03-30T22:36:37 262144	6138	256005	21767	1000 / 1000	4395630592	0
2012-03-30T22:36:37 530	279683	264883	0.00	0.00	2000.00
2012-03-30T22:36:37 	0	0	1	0	2
2012-03-30T22:36:37 8850487		1	0.00	15000.00
2012-03-30T22:36:39 262144	5966	256177	21911	1000 / 1000	4395630592	0
2012-03-30T22:36:39 530	279711	265055	0.00	0.00	0.00
2012-03-30T22:36:39 	0	0	1	0	2
2012-03-30T22:36:39 8850487		1	0.00	12000.00
2012-03-30T22:36:41 262144	5793	256350	22055	1000 / 1000	4395630592	0
2012-03-30T22:36:41 530	279739	265228	0.00	0.00	1000.00
2012-03-30T22:36:41 	0	0	1	0	2
2012-03-30T22:36:41 8850487		1	0.00	6000.00
2012-03-30T22:36:43 262144	5628	256515	22191	1000 / 1000	4395630592	0
2012-03-30T22:36:43 530	279769	265393	0.00	0.00	0.00
2012-03-30T22:36:43 	0	0	1	0	2
2012-03-30T22:36:43 8850487		1	0.00	7000.00
2012-03-30T22:36:45 262144	5450	256693	22338	1000 / 1000	4395630592	0
2012-03-30T22:36:45 530	279801	265571	0.00	0.00	1000.00
2012-03-30T22:36:45 	0	0	1	0	2
2012-03-30T22:36:45 8850487		1	0.00	5000.00
2012-03-30T22:36:47 262144	5276	256867	22118	--	4395630592	0
2012-03-30T22:36:47 530	280197	265745	0.00	0.00	0.00
2012-03-30T22:36:47 	0	0	1	0	2
2012-03-30T22:36:47 8850487		1	0.00	0.00
2012-03-30T22:36:49 262144	5065	257078	22302	1000 / 1000	4395630592	0
2012-03-30T22:36:49 530	280226	265956	0.00	0.00	9000.00
2012-03-30T22:36:49 	0	0	1	0	2
2012-03-30T22:36:49 8850487		1	0.00	229000.00
2012-03-30T22:36:51 262144	4814	257329	22514	1000 / 1000	4395630592	0
2012-03-30T22:36:51 530	280265	266207	0.00	0.00	1000.00
2012-03-30T22:36:51 	0	0	1	0	2
2012-03-30T22:36:51 8850487		1	0.00	8000.00
2012-03-30T22:36:53 262144	4640	257503	22670	1000 / 1000	4395630592	0
2012-03-30T22:36:53 530	280283	266381	0.00	0.00	1000.00
2012-03-30T22:36:53 	0	0	1	0	2
2012-03-30T22:36:53 8850487		1	0.00	6000.00
2012-03-30T22:36:55 262144	4460	257683	22785	1000 / 1000	4395630592	0
2012-03-30T22:36:55 530	280349	266561	0.00	0.00	0.00
2012-03-30T22:36:55 	0	0	1	0	2
2012-03-30T22:36:55 8850487		1	0.00	5000.00
2012-03-30T22:36:57 262144	4235	257908	20761	1000 / 1000	4395630592	0
2012-03-30T22:36:57 530	282601	266786	0.00	0.00	0.00
2012-03-30T22:36:57 	0	0	1	0	2
2012-03-30T22:36:57 8850487		1	0.00	2000.00
2012-03-30T22:36:59 262144	4056	258087	20894	1000 / 1000	4395630592	0
2012-03-30T22:36:59 530	282648	266965	0.00	0.00	0.00
2012-03-30T22:36:59 	0	0	1	0	2
2012-03-30T22:36:59 8850487		1	0.00	12000.00
2012-03-30T22:37:01 262144	3878	258265	21049	1000 / 1000	4395630592	0
2012-03-30T22:37:01 530	282671	267143	0.00	0.00	0.00
2012-03-30T22:37:01 	0	0	1	0	2
2012-03-30T22:37:01 8850487		1	0.00	11000.00
2012-03-30T22:37:03 262144	3703	258440	21199	1000 / 1000	4395630592	0
2012-03-30T22:37:03 530	282697	267318	0.00	0.00	0.00
2012-03-30T22:37:03 	0	0	1	0	2
2012-03-30T22:37:03 8850487		1	0.00	3000.00
2012-03-30T22:37:05 262144	3525	258618	21351	1000 / 1000	4395630592	0
2012-03-30T22:37:05 530	282723	267496	0.00	0.00	0.00
2012-03-30T22:37:05 	0	0	1	0	2
2012-03-30T22:37:05 8850487		1	0.00	3000.00
2012-03-30T22:37:07 262144	3348	258795	20491	1000 / 1000	4395630592	0
2012-03-30T22:37:07 530	283761	267673	0.00	0.00	0.00
2012-03-30T22:37:07 	0	0	1	0	2
2012-03-30T22:37:07 8850487		1	0.00	11000.00
2012-03-30T22:37:09 262144	3172	258971	20655	1000 / 1000	4395630592	0
2012-03-30T22:37:09 530	283773	267849	0.00	0.00	1000.00
2012-03-30T22:37:09 	0	0	1	0	2
2012-03-30T22:37:09 8850487		1	0.00	18000.00
2012-03-30T22:37:11 262144	3008	259135	20793	1000 / 1000	4395630592	0
2012-03-30T22:37:11 530	283799	268013	0.00	0.00	0.00
2012-03-30T22:37:11 	0	0	1	0	2
2012-03-30T22:37:11 8850487		1	0.00	1000.00
2012-03-30T22:37:13 262144	2853	259290	20918	1000 / 1000	4395630592	0
2012-03-30T22:37:13 530	283829	268168	0.00	0.00	1000.00
2012-03-30T22:37:13 	0	0	1	0	2
2012-03-30T22:37:13 8850487		1	0.00	11000.00
2012-03-30T22:37:15 262144	2625	259518	21117	1000 / 1000	4395630592	0
2012-03-30T22:37:15 530	283860	268396	0.00	0.00	0.00
2012-03-30T22:37:15 	0	0	1	0	2
2012-03-30T22:37:15 8850487		1	0.00	4000.00
2012-03-30T22:37:17 262144	2445	259698	21269	1000 / 1000	4395630592	0
2012-03-30T22:37:17 530	283888	268576	0.00	0.00	0.00
2012-03-30T22:37:17 	0	0	1	0	2
2012-03-30T22:37:17 8850487		1	0.00	8000.00
2012-03-30T22:37:19 262144	2281	259862	20763	--	4395630592	0
2012-03-30T22:37:19 530	284586	268740	0.00	0.00	0.00
2012-03-30T22:37:19 	0	0	1	0	2
2012-03-30T22:37:19 8850487		1	0.00	0.00
2012-03-30T22:37:21 262144	2073	260070	20943	1000 / 1000	4395630592	0
2012-03-30T22:37:21 530	284614	268948	0.00	0.00	1000.00
2012-03-30T22:37:21 	0	0	1	0	2
2012-03-30T22:37:21 8850487		1	0.00	6000.00
2012-03-30T22:37:23 262144	1891	260252	21095	1000 / 1000	4395630592	0
2012-03-30T22:37:23 530	284646	269130	0.00	0.00	0.00
2012-03-30T22:37:23 	0	0	1	0	2
2012-03-30T22:37:23 8850487		1	0.00	0.00
2012-03-30T22:37:25 262144	1722	260421	21239	1000 / 1000	4395630592	0
2012-03-30T22:37:25 530	284672	269299	0.00	0.00	0.00
2012-03-30T22:37:25 	0	0	1	0	2
2012-03-30T22:37:25 8850487		1	0.00	1000.00
2012-03-30T22:37:27 262144	1498	260645	21428	--	4395630592	0
2012-03-30T22:37:27 530	284708	269523	0.00	0.00	0.00
2012-03-30T22:37:27 	0	0	1	0	2
2012-03-30T22:37:27 8850487		1	0.00	0.00
2012-03-30T22:37:29 262144	1306	260837	21120	1000 / 1000	4395630592	0
2012-03-30T22:37:29 530	285217	269715	0.00	0.00	0.00
2012-03-30T22:37:29 	0	0	1	0	2
2012-03-30T22:37:29 8850487		1	0.00	1000.00
2012-03-30T22:37:31 262144	1138	261005	21254	1000 / 1000	4395630592	0
2012-03-30T22:37:31 530	285251	269883	0.00	0.00	0.00
2012-03-30T22:37:31 	0	0	1	0	2
2012-03-30T22:37:31 8850487		1	0.00	3000.00
2012-03-30T22:37:33 262144	975	261168	21379	1000 / 1000	4395630592	0
2012-03-30T22:37:33 530	285290	270046	0.00	0.00	0.00
2012-03-30T22:37:33 	0	0	1	0	2
2012-03-30T22:37:33 8850487		1	0.00	2000.00
2012-03-30T22:37:35 262144	784	261359	21529	1000 / 1000	4395630592	0
2012-03-30T22:37:35 530	285332	270237	0.00	0.00	0.00
2012-03-30T22:37:35 	0	0	1	0	2
2012-03-30T22:37:35 8850487		1	0.00	2000.00
2012-03-30T22:37:37 262144	613	261530	21665	1000 / 1000	4395630592	0
2012-03-30T22:37:37 530	285370	270408	0.00	0.00	10000.00
2012-03-30T22:37:37 	0	0	1	0	2
2012-03-30T22:37:37 8850487		1	0.00	312000.00
2012-03-30T22:37:39 262144	436	261707	21498	1000 / 1000	4395630592	0
2012-03-30T22:37:39 530	285714	270585	0.00	0.00	0.00
2012-03-30T22:37:39 	0	0	1	0	2
2012-03-30T22:37:39 8850487		1	0.00	2000.00
2012-03-30T22:37:41 262144	255	261888	21641	1000 / 1000	4395630592	0
2012-03-30T22:37:41 530	285752	270766	0.00	0.00	0.00
2012-03-30T22:37:41 	0	0	1	0	2
2012-03-30T22:37:41 8850487		1	0.00	6000.00
2012-03-30T22:37:43 262144	165	261978	21697	--	4395630592	0
2012-03-30T22:37:43 530	285786	270856	0.00	0.00	0.00
2012-03-30T22:37:43 	0	0	1	0	2
2012-03-30T22:37:43 8850487		1	0.00	0.00
2012-03-30T22:37:45 262144	158	261985	21680	--	4395630592	0
2012-03-30T22:37:45 530	285810	270863	0.00	0.00	0.00
2012-03-30T22:37:45 	0	0	1	0	2
2012-03-30T22:37:45 8850487		1	0.00	0.00
2012-03-30T22:37:47 262144	125	262018	21693	1000 / 1000	4395630592	0
2012-03-30T22:37:47 530	285831	270896	0.00	0.00	1000.00
2012-03-30T22:37:47 	0	0	1	0	2
2012-03-30T22:37:47 8850487		1	0.00	12000.00
2012-03-30T22:37:49 262144	0	262143	21172	--	4395630592	0
2012-03-30T22:37:49 540	286711	271078	0.00	0.00	0.00
2012-03-30T22:37:49 	0	0	1	0	2
2012-03-30T22:37:49 8850487		1	0.00	0.00


