2012-03-30T22:34:30 thread	thread_purpose	thread_status
2012-03-30T22:34:30 0	insert buffer thread	waiting for completed aio requests
2012-03-30T22:34:30 1	log thread	waiting for completed aio requests
2012-03-30T22:34:30 2	read thread	waiting for completed aio requests
2012-03-30T22:34:30 3	read thread	waiting for completed aio requests
2012-03-30T22:34:30 4	read thread	waiting for completed aio requests
2012-03-30T22:34:30 5	read thread	waiting for completed aio requests
2012-03-30T22:34:30 6	write thread	waiting for completed aio requests
2012-03-30T22:34:30 7	write thread	waiting for completed aio requests
2012-03-30T22:34:30 8	write thread	waiting for completed aio requests
2012-03-30T22:34:30 9	write thread	waiting for completed aio requests
2012-03-30T22:34:30 p_normal_aio_reads	p_aio_writes	p_ibuf_aio_reads	p_sync_ios	p_log_flushes	p_log_ios
2012-03-30T22:34:30 		0	0	0	0
2012-03-30T22:34:30 os_file_reads	os_file_writes	os_fsyncs	io_reads_s	io_writes_s	io_bytes_s
2012-03-30T22:34:30 575	280977	15095	0.00	0.00	0
2012-03-30T22:34:30 log_seq_no	log_flushed_to	last_chkp	log_ios_done	log_ios_s
2012-03-30T22:34:30 17534495223	17532867932	16996563788	8834	0.00
2012-03-30T22:34:32 0	insert buffer thread	waiting for completed aio requests
2012-03-30T22:34:32 1	log thread	waiting for completed aio requests
2012-03-30T22:34:32 2	read thread	waiting for completed aio requests
2012-03-30T22:34:32 3	read thread	waiting for completed aio requests
2012-03-30T22:34:32 4	read thread	waiting for completed aio requests
2012-03-30T22:34:32 5	read thread	waiting for completed aio requests
2012-03-30T22:34:32 6	write thread	waiting for completed aio requests
2012-03-30T22:34:32 7	write thread	waiting for completed aio requests
2012-03-30T22:34:32 8	write thread	waiting for completed aio requests
2012-03-30T22:34:32 9	write thread	waiting for completed aio requests
2012-03-30T22:34:32 		0	0	0	0
2012-03-30T22:34:32 575	281782	15104	0.00	402.30	0
2012-03-30T22:34:32 17538698668	17536998723	17019187892	8838	2.00
2012-03-30T22:34:34 0	insert buffer thread	waiting for completed aio requests
2012-03-30T22:34:34 1	log thread	waiting for completed aio requests
2012-03-30T22:34:34 2	read thread	waiting for completed aio requests
2012-03-30T22:34:34 3	read thread	waiting for completed aio requests
2012-03-30T22:34:34 4	read thread	waiting for completed aio requests
2012-03-30T22:34:34 5	read thread	waiting for completed aio requests
2012-03-30T22:34:34 6	write thread	waiting for completed aio requests
2012-03-30T22:34:34 7	write thread	waiting for completed aio requests
2012-03-30T22:34:34 8	write thread	waiting for completed aio requests
2012-03-30T22:34:34 9	write thread	waiting for completed aio requests
2012-03-30T22:34:34 		0	0	0	0
2012-03-30T22:34:34 575	281824	15110	0.00	20.99	0
2012-03-30T22:34:34 17542838920	17541202560	17019187892	8840	1.00
2012-03-30T22:34:36 0	insert buffer thread	waiting for completed aio requests
2012-03-30T22:34:36 1	log thread	waiting for completed aio requests
2012-03-30T22:34:36 2	read thread	waiting for completed aio requests
2012-03-30T22:34:36 3	read thread	waiting for completed aio requests
2012-03-30T22:34:36 4	read thread	waiting for completed aio requests
2012-03-30T22:34:36 5	read thread	waiting for completed aio requests
2012-03-30T22:34:36 6	write thread	waiting for completed aio requests
2012-03-30T22:34:36 7	write thread	waiting for completed aio requests
2012-03-30T22:34:36 8	write thread	waiting for completed aio requests
2012-03-30T22:34:36 9	write thread	waiting for completed aio requests
2012-03-30T22:34:36 		0	0	0	0
2012-03-30T22:34:36 575	281872	15115	0.00	23.99	0
2012-03-30T22:34:36 17547289496	17545272064	17019187892	8842	1.00
2012-03-30T22:34:38 0	insert buffer thread	waiting for completed aio requests
2012-03-30T22:34:38 1	log thread	waiting for completed aio requests
2012-03-30T22:34:38 2	read thread	waiting for completed aio requests
2012-03-30T22:34:38 3	read thread	waiting for completed aio requests
2012-03-30T22:34:38 4	read thread	waiting for completed aio requests
2012-03-30T22:34:38 5	read thread	waiting for completed aio requests
2012-03-30T22:34:38 6	write thread	waiting for completed aio requests
2012-03-30T22:34:38 7	write thread	waiting for completed aio requests
2012-03-30T22:34:38 8	write thread	waiting for completed aio requests
2012-03-30T22:34:38 9	write thread	waiting for completed aio requests
2012-03-30T22:34:38 		0	0	0	0
2012-03-30T22:34:38 575	281929	15121	0.00	28.49	0
2012-03-30T22:34:38 17551721830	17550164382	17019187892	8844	1.00
2012-03-30T22:34:40 0	insert buffer thread	waiting for completed aio requests
2012-03-30T22:34:40 1	log thread	waiting for completed aio requests
2012-03-30T22:34:40 2	read thread	waiting for completed aio requests
2012-03-30T22:34:40 3	read thread	waiting for completed aio requests
2012-03-30T22:34:40 4	read thread	waiting for completed aio requests
2012-03-30T22:34:40 5	read thread	waiting for completed aio requests
2012-03-30T22:34:40 6	write thread	waiting for completed aio requests
2012-03-30T22:34:40 7	write thread	waiting for completed aio requests
2012-03-30T22:34:40 8	write thread	waiting for completed aio requests
2012-03-30T22:34:40 9	write thread	waiting for completed aio requests
2012-03-30T22:34:40 		0	0	0	0
2012-03-30T22:34:40 575	281970	15126	0.00	40.96	0
2012-03-30T22:34:40 17556083030	17554607072	17019187892	8846	2.00
2012-03-30T22:34:42 0	insert buffer thread	waiting for completed aio requests
2012-03-30T22:34:42 1	log thread	waiting for completed aio requests
2012-03-30T22:34:42 2	read thread	waiting for completed aio requests
2012-03-30T22:34:42 3	read thread	waiting for completed aio requests
2012-03-30T22:34:42 4	read thread	waiting for completed aio requests
2012-03-30T22:34:42 5	read thread	waiting for completed aio requests
2012-03-30T22:34:42 6	write thread	waiting for completed aio requests
2012-03-30T22:34:42 7	write thread	waiting for completed aio requests
2012-03-30T22:34:42 8	write thread	waiting for completed aio requests
2012-03-30T22:34:42 9	write thread	waiting for completed aio requests
2012-03-30T22:34:42 		0	0	0	0
2012-03-30T22:34:42 575	282918	15135	0.00	947.05	0
2012-03-30T22:34:42 17560324644	17558844718	17045273273	8850	4.00
2012-03-30T22:34:44 0	insert buffer thread	waiting for completed aio requests
2012-03-30T22:34:44 1	log thread	waiting for completed aio requests
2012-03-30T22:34:44 2	read thread	waiting for completed aio requests
2012-03-30T22:34:44 3	read thread	waiting for completed aio requests
2012-03-30T22:34:44 4	read thread	waiting for completed aio requests
2012-03-30T22:34:44 5	read thread	waiting for completed aio requests
2012-03-30T22:34:44 6	write thread	waiting for completed aio requests
2012-03-30T22:34:44 7	write thread	waiting for completed aio requests
2012-03-30T22:34:44 8	write thread	waiting for completed aio requests
2012-03-30T22:34:44 9	write thread	waiting for completed aio requests
2012-03-30T22:34:44 		0	0	0	0
2012-03-30T22:34:44 575	282962	15140	0.00	43.96	0
2012-03-30T22:34:44 17565206369	17563356041	17045273273	8852	2.00
2012-03-30T22:34:46 0	insert buffer thread	waiting for completed aio requests
2012-03-30T22:34:46 1	log thread	waiting for completed aio requests
2012-03-30T22:34:46 2	read thread	waiting for completed aio requests
2012-03-30T22:34:46 3	read thread	waiting for completed aio requests
2012-03-30T22:34:46 4	read thread	waiting for completed aio requests
2012-03-30T22:34:46 5	read thread	waiting for completed aio requests
2012-03-30T22:34:46 6	write thread	waiting for completed aio requests
2012-03-30T22:34:46 7	write thread	waiting for completed aio requests
2012-03-30T22:34:46 8	write thread	waiting for completed aio requests
2012-03-30T22:34:46 9	write thread	waiting for completed aio requests
2012-03-30T22:34:46 		0	0	0	0
2012-03-30T22:34:46 575	283017	15145	0.00	54.95	0
2012-03-30T22:34:46 17569516521	17568082505	17045273273	8854	2.00
2012-03-30T22:34:48 0	insert buffer thread	waiting for completed aio requests
2012-03-30T22:34:48 1	log thread	waiting for completed aio requests
2012-03-30T22:34:48 2	read thread	waiting for completed aio requests
2012-03-30T22:34:48 3	read thread	waiting for completed aio requests
2012-03-30T22:34:48 4	read thread	waiting for completed aio requests
2012-03-30T22:34:48 5	read thread	waiting for completed aio requests
2012-03-30T22:34:48 6	write thread	waiting for completed aio requests
2012-03-30T22:34:48 7	write thread	waiting for completed aio requests
2012-03-30T22:34:48 8	write thread	waiting for completed aio requests
2012-03-30T22:34:48 9	write thread	waiting for completed aio requests
2012-03-30T22:34:48 		0	0	1	0
2012-03-30T22:34:48 575	283077	15163	0.00	59.94	0
2012-03-30T22:34:48 17573570871	17573428704	17045273273	8870	15.98
2012-03-30T22:34:50 0	insert buffer thread	waiting for completed aio requests
2012-03-30T22:34:50 1	log thread	waiting for completed aio requests
2012-03-30T22:34:50 2	read thread	waiting for completed aio requests
2012-03-30T22:34:50 3	read thread	waiting for completed aio requests
2012-03-30T22:34:50 4	read thread	waiting for completed aio requests
2012-03-30T22:34:50 5	read thread	waiting for completed aio requests
2012-03-30T22:34:50 6	write thread	waiting for completed aio requests
2012-03-30T22:34:50 7	write thread	waiting for completed aio requests
2012-03-30T22:34:50 8	write thread	waiting for completed aio requests
2012-03-30T22:34:50 9	write thread	waiting for completed aio requests
2012-03-30T22:34:50 		0	0	0	0
2012-03-30T22:34:50 575	283125	15180	0.00	44.96	0
2012-03-30T22:34:50 17576781288	17576288280	17045273273	8881	9.99
2012-03-30T22:34:52 0	insert buffer thread	waiting for completed aio requests
2012-03-30T22:34:52 1	log thread	waiting for completed aio requests
2012-03-30T22:34:52 2	read thread	waiting for completed aio requests
2012-03-30T22:34:52 3	read thread	waiting for completed aio requests
2012-03-30T22:34:52 4	read thread	waiting for completed aio requests
2012-03-30T22:34:52 5	read thread	waiting for completed aio requests
2012-03-30T22:34:52 6	write thread	waiting for completed aio requests
2012-03-30T22:34:52 7	write thread	waiting for completed aio requests
2012-03-30T22:34:52 8	write thread	waiting for completed aio requests
2012-03-30T22:34:52 9	write thread	waiting for completed aio requests
2012-03-30T22:34:52 		0	0	1	0
2012-03-30T22:34:52 575	283169	15195	0.00	43.96	0
2012-03-30T22:34:52 17582609371	17582471409	17045273273	8895	13.99
2012-03-30T22:34:55 0	insert buffer thread	waiting for completed aio requests
2012-03-30T22:34:55 1	log thread	waiting for completed aio requests
2012-03-30T22:34:55 2	read thread	waiting for completed aio requests
2012-03-30T22:34:55 3	read thread	waiting for completed aio requests
2012-03-30T22:34:55 4	read thread	waiting for completed aio requests
2012-03-30T22:34:55 5	read thread	waiting for completed aio requests
2012-03-30T22:34:55 6	write thread	waiting for completed aio requests
2012-03-30T22:34:55 7	write thread	waiting for completed aio requests
2012-03-30T22:34:55 8	write thread	waiting for completed aio requests
2012-03-30T22:34:55 9	write thread	waiting for completed aio requests
2012-03-30T22:34:55 		0	0	1	0
2012-03-30T22:34:55 575	283232	15218	0.00	22.49	0
2012-03-30T22:34:55 17588084439	17587946296	17045273273	8916	9.00
2012-03-30T22:34:57 0	insert buffer thread	waiting for completed aio requests
2012-03-30T22:34:57 1	log thread	waiting for completed aio requests
2012-03-30T22:34:57 2	read thread	waiting for completed aio requests
2012-03-30T22:34:57 3	read thread	waiting for completed aio requests
2012-03-30T22:34:57 4	read thread	waiting for completed aio requests
2012-03-30T22:34:57 5	read thread	waiting for completed aio requests
2012-03-30T22:34:57 6	write thread	waiting for completed aio requests
2012-03-30T22:34:57 7	write thread	waiting for completed aio requests
2012-03-30T22:34:57 8	write thread	waiting for completed aio requests
2012-03-30T22:34:57 9	write thread	waiting for completed aio requests
2012-03-30T22:34:57 		0	0	0	0
2012-03-30T22:34:57 575	283316	15250	0.00	31.48	0
2012-03-30T22:34:57 17592673203	17592521410	17045273273	8943	9.50
2012-03-30T22:34:59 0	insert buffer thread	waiting for completed aio requests
2012-03-30T22:34:59 1	log thread	waiting for completed aio requests
2012-03-30T22:34:59 2	read thread	waiting for completed aio requests
2012-03-30T22:34:59 3	read thread	waiting for completed aio requests
2012-03-30T22:34:59 4	read thread	waiting for completed aio requests
2012-03-30T22:34:59 5	read thread	waiting for completed aio requests
2012-03-30T22:34:59 6	write thread	waiting for completed aio requests
2012-03-30T22:34:59 7	write thread	waiting for completed aio requests
2012-03-30T22:34:59 8	write thread	waiting for completed aio requests
2012-03-30T22:34:59 9	write thread	waiting for completed aio requests
2012-03-30T22:34:59 		0	0	0	0
2012-03-30T22:34:59 575	283354	15263	0.00	0.00	0
2012-03-30T22:34:59 17596806972	17594924184	17045273273	8953	0.00
2012-03-30T22:35:01 0	insert buffer thread	waiting for completed aio requests
2012-03-30T22:35:01 1	log thread	waiting for completed aio requests
2012-03-30T22:35:01 2	read thread	waiting for completed aio requests
2012-03-30T22:35:01 3	read thread	waiting for completed aio requests
2012-03-30T22:35:01 4	read thread	waiting for completed aio requests
2012-03-30T22:35:01 5	read thread	waiting for completed aio requests
2012-03-30T22:35:01 6	write thread	waiting for completed aio requests
2012-03-30T22:35:01 7	write thread	waiting for completed aio requests
2012-03-30T22:35:01 8	write thread	waiting for completed aio requests
2012-03-30T22:35:01 9	write thread	waiting for completed aio requests
2012-03-30T22:35:01 		0	0	0	0
2012-03-30T22:35:01 575	283410	15274	0.00	0.00	0
2012-03-30T22:35:01 17600864352	17599029966	17045273273	8962	0.00
2012-03-30T22:35:03 0	insert buffer thread	waiting for completed aio requests
2012-03-30T22:35:03 1	log thread	waiting for completed aio requests
2012-03-30T22:35:03 2	read thread	waiting for completed aio requests
2012-03-30T22:35:03 3	read thread	waiting for completed aio requests
2012-03-30T22:35:03 4	read thread	waiting for completed aio requests
2012-03-30T22:35:03 5	read thread	waiting for completed aio requests
2012-03-30T22:35:03 6	write thread	waiting for completed aio requests
2012-03-30T22:35:03 7	write thread	waiting for completed aio requests
2012-03-30T22:35:03 8	write thread	waiting for completed aio requests
2012-03-30T22:35:03 9	write thread	waiting for completed aio requests
2012-03-30T22:35:03 		0	0	0	0
2012-03-30T22:35:03 575	287394	15301	0.00	0.00	0
2012-03-30T22:35:03 17605230025	17604990009	17045273273	8983	0.00
2012-03-30T22:35:05 0	insert buffer thread	waiting for completed aio requests
2012-03-30T22:35:05 1	log thread	waiting for completed aio requests
2012-03-30T22:35:05 2	read thread	waiting for completed aio requests
2012-03-30T22:35:05 3	read thread	waiting for completed aio requests
2012-03-30T22:35:05 4	read thread	waiting for completed aio requests
2012-03-30T22:35:05 5	read thread	waiting for completed aio requests
2012-03-30T22:35:05 6	write thread	waiting for completed aio requests
2012-03-30T22:35:05 7	write thread	waiting for completed aio requests
2012-03-30T22:35:05 8	write thread	waiting for completed aio requests
2012-03-30T22:35:05 9	write thread	waiting for completed aio requests
2012-03-30T22:35:05 		0	0	0	0
2012-03-30T22:35:05 575	287416	15310	0.00	0.00	0
2012-03-30T22:35:05 17609369127	17607440259	17141704758	8986	0.00
2012-03-30T22:35:07 0	insert buffer thread	waiting for completed aio requests
2012-03-30T22:35:07 1	log thread	waiting for completed aio requests
2012-03-30T22:35:07 2	read thread	waiting for completed aio requests
2012-03-30T22:35:07 3	read thread	waiting for completed aio requests
2012-03-30T22:35:07 4	read thread	waiting for completed aio requests
2012-03-30T22:35:07 5	read thread	waiting for completed aio requests
2012-03-30T22:35:07 6	write thread	waiting for completed aio requests
2012-03-30T22:35:07 7	write thread	waiting for completed aio requests
2012-03-30T22:35:07 8	write thread	waiting for completed aio requests
2012-03-30T22:35:07 9	write thread	waiting for completed aio requests
2012-03-30T22:35:07 		0	0	0	0
2012-03-30T22:35:07 575	287453	15316	0.00	0.00	0
2012-03-30T22:35:07 17614065437	17611770199	17141704758	8988	0.00
2012-03-30T22:35:09 0	insert buffer thread	waiting for completed aio requests
2012-03-30T22:35:09 1	log thread	waiting for completed aio requests
2012-03-30T22:35:09 2	read thread	waiting for completed aio requests
2012-03-30T22:35:09 3	read thread	waiting for completed aio requests
2012-03-30T22:35:09 4	read thread	waiting for completed aio requests
2012-03-30T22:35:09 5	read thread	waiting for completed aio requests
2012-03-30T22:35:09 6	write thread	waiting for completed aio requests
2012-03-30T22:35:09 7	write thread	waiting for completed aio requests
2012-03-30T22:35:09 8	write thread	waiting for completed aio requests
2012-03-30T22:35:09 9	write thread	waiting for completed aio requests
2012-03-30T22:35:09 		0	0	0	0
2012-03-30T22:35:09 575	287506	15324	0.00	0.00	0
2012-03-30T22:35:09 17618393177	17616404679	17141704758	8990	0.00
2012-03-30T22:35:11 0	insert buffer thread	waiting for completed aio requests
2012-03-30T22:35:11 1	log thread	waiting for completed aio requests
2012-03-30T22:35:11 2	read thread	waiting for completed aio requests
2012-03-30T22:35:11 3	read thread	waiting for completed aio requests
2012-03-30T22:35:11 4	read thread	waiting for completed aio requests
2012-03-30T22:35:11 5	read thread	waiting for completed aio requests
2012-03-30T22:35:11 6	write thread	waiting for completed aio requests
2012-03-30T22:35:11 7	write thread	waiting for completed aio requests
2012-03-30T22:35:11 8	write thread	waiting for completed aio requests
2012-03-30T22:35:11 9	write thread	waiting for completed aio requests
2012-03-30T22:35:11 		0	0	0	0
2012-03-30T22:35:11 575	287552	15328	0.00	0.00	0
2012-03-30T22:35:11 17622763399	17620882574	17141704758	8992	0.00
2012-03-30T22:35:13 0	insert buffer thread	waiting for completed aio requests
2012-03-30T22:35:13 1	log thread	waiting for completed aio requests
2012-03-30T22:35:13 2	read thread	waiting for completed aio requests
2012-03-30T22:35:13 3	read thread	waiting for completed aio requests
2012-03-30T22:35:13 4	read thread	waiting for completed aio requests
2012-03-30T22:35:13 5	read thread	waiting for completed aio requests
2012-03-30T22:35:13 6	write thread	waiting for completed aio requests
2012-03-30T22:35:13 7	write thread	waiting for completed aio requests
2012-03-30T22:35:13 8	write thread	waiting for completed aio requests
2012-03-30T22:35:13 9	write thread	waiting for completed aio requests
2012-03-30T22:35:13 		0	0	0	0
2012-03-30T22:35:13 575	287603	15335	0.00	0.00	0
2012-03-30T22:35:13 17628217315	17625415041	17141704758	8994	0.00
2012-03-30T22:35:15 0	insert buffer thread	waiting for completed aio requests
2012-03-30T22:35:15 1	log thread	waiting for completed aio requests
2012-03-30T22:35:15 2	read thread	waiting for completed aio requests
2012-03-30T22:35:15 3	read thread	waiting for completed aio requests
2012-03-30T22:35:15 4	read thread	waiting for completed aio requests
2012-03-30T22:35:15 5	read thread	waiting for completed aio requests
2012-03-30T22:35:15 6	write thread	waiting for completed aio requests
2012-03-30T22:35:15 7	write thread	waiting for completed aio requests
2012-03-30T22:35:15 8	write thread	waiting for completed aio requests
2012-03-30T22:35:15 9	write thread	waiting for completed aio requests
2012-03-30T22:35:15 		0	0	0	0
2012-03-30T22:35:15 575	288376	15345	0.00	0.00	0
2012-03-30T22:35:15 17630426721	17630181771	17164095244	8997	0.00
2012-03-30T22:35:17 0	insert buffer thread	waiting for completed aio requests
2012-03-30T22:35:17 1	log thread	waiting for completed aio requests
2012-03-30T22:35:17 2	read thread	waiting for completed aio requests
2012-03-30T22:35:17 3	read thread	waiting for completed aio requests
2012-03-30T22:35:17 4	read thread	waiting for completed aio requests
2012-03-30T22:35:17 5	read thread	waiting for completed aio requests
2012-03-30T22:35:17 6	write thread	waiting for completed aio requests
2012-03-30T22:35:17 7	write thread	waiting for completed aio requests
2012-03-30T22:35:17 8	write thread	waiting for completed aio requests
2012-03-30T22:35:17 9	write thread	waiting for completed aio requests
2012-03-30T22:35:17 		0	0	0	0
2012-03-30T22:35:17 575	288413	15351	0.00	0.00	0
2012-03-30T22:35:17 17634876045	17632311972	17164095244	8999	0.00
2012-03-30T22:35:19 0	insert buffer thread	waiting for completed aio requests
2012-03-30T22:35:19 1	log thread	waiting for completed aio requests
2012-03-30T22:35:19 2	read thread	waiting for completed aio requests
2012-03-30T22:35:19 3	read thread	waiting for completed aio requests
2012-03-30T22:35:19 4	read thread	waiting for completed aio requests
2012-03-30T22:35:19 5	read thread	waiting for completed aio requests
2012-03-30T22:35:19 6	write thread	waiting for completed aio requests
2012-03-30T22:35:19 7	write thread	waiting for completed aio requests
2012-03-30T22:35:19 8	write thread	waiting for completed aio requests
2012-03-30T22:35:19 9	write thread	waiting for completed aio requests
2012-03-30T22:35:19 		0	0	0	0
2012-03-30T22:35:19 575	288474	15357	0.00	0.00	0
2012-03-30T22:35:19 17641268474	17638517011	17164095244	9001	0.00
2012-03-30T22:35:21 0	insert buffer thread	waiting for completed aio requests
2012-03-30T22:35:21 1	log thread	waiting for completed aio requests
2012-03-30T22:35:21 2	read thread	waiting for completed aio requests
2012-03-30T22:35:21 3	read thread	waiting for completed aio requests
2012-03-30T22:35:21 4	read thread	waiting for completed aio requests
2012-03-30T22:35:21 5	read thread	waiting for completed aio requests
2012-03-30T22:35:21 6	write thread	waiting for completed aio requests
2012-03-30T22:35:21 7	write thread	waiting for completed aio requests
2012-03-30T22:35:21 8	write thread	waiting for completed aio requests
2012-03-30T22:35:21 9	write thread	waiting for completed aio requests
2012-03-30T22:35:21 		0	0	1	0
2012-03-30T22:35:21 575	288493	15359	0.00	0.00	0
2012-03-30T22:35:21 17644726451	17642173141	17164095244	9003	0.00
2012-03-30T22:35:23 0	insert buffer thread	waiting for completed aio requests
2012-03-30T22:35:23 1	log thread	waiting for completed aio requests
2012-03-30T22:35:23 2	read thread	waiting for completed aio requests
2012-03-30T22:35:23 3	read thread	waiting for completed aio requests
2012-03-30T22:35:23 4	read thread	waiting for completed aio requests
2012-03-30T22:35:23 5	read thread	waiting for completed aio requests
2012-03-30T22:35:23 6	write thread	waiting for completed aio requests
2012-03-30T22:35:23 7	write thread	waiting for completed aio requests
2012-03-30T22:35:23 8	write thread	waiting for completed aio requests
2012-03-30T22:35:23 9	write thread	waiting for completed aio requests
2012-03-30T22:35:23 		0	0	0	0
2012-03-30T22:35:23 575	288534	15366	0.00	0.00	0
2012-03-30T22:35:23 17650470351	17648887096	17164095244	9006	0.00
2012-03-30T22:35:25 0	insert buffer thread	waiting for completed aio requests
2012-03-30T22:35:25 1	log thread	waiting for completed aio requests
2012-03-30T22:35:25 2	read thread	waiting for completed aio requests
2012-03-30T22:35:25 3	read thread	waiting for completed aio requests
2012-03-30T22:35:25 4	read thread	waiting for completed aio requests
2012-03-30T22:35:25 5	read thread	waiting for completed aio requests
2012-03-30T22:35:25 6	write thread	waiting for completed aio requests
2012-03-30T22:35:25 7	write thread	waiting for completed aio requests
2012-03-30T22:35:25 8	write thread	waiting for completed aio requests
2012-03-30T22:35:25 9	write thread	waiting for completed aio requests
2012-03-30T22:35:25 		0	0	0	0
2012-03-30T22:35:25 575	289438	15378	0.00	0.00	0
2012-03-30T22:35:25 17655736766	17654204745	17188131300	9011	0.00
2012-03-30T22:35:27 0	insert buffer thread	waiting for completed aio requests
2012-03-30T22:35:27 1	log thread	waiting for completed aio requests
2012-03-30T22:35:27 2	read thread	waiting for completed aio requests
2012-03-30T22:35:27 3	read thread	waiting for completed aio requests
2012-03-30T22:35:27 4	read thread	waiting for completed aio requests
2012-03-30T22:35:27 5	read thread	waiting for completed aio requests
2012-03-30T22:35:27 6	write thread	waiting for completed aio requests
2012-03-30T22:35:27 7	write thread	waiting for completed aio requests
2012-03-30T22:35:27 8	write thread	waiting for completed aio requests
2012-03-30T22:35:27 9	write thread	waiting for completed aio requests
2012-03-30T22:35:27 		0	0	0	0
2012-03-30T22:35:27 575	289477	15384	0.00	0.00	0
2012-03-30T22:35:27 17661746196	17659844089	17188131300	9013	0.00
2012-03-30T22:35:29 0	insert buffer thread	waiting for completed aio requests
2012-03-30T22:35:29 1	log thread	waiting for completed aio requests
2012-03-30T22:35:29 2	read thread	waiting for completed aio requests
2012-03-30T22:35:29 3	read thread	waiting for completed aio requests
2012-03-30T22:35:29 4	read thread	waiting for completed aio requests
2012-03-30T22:35:29 5	read thread	waiting for completed aio requests
2012-03-30T22:35:29 6	write thread	waiting for completed aio requests
2012-03-30T22:35:29 7	write thread	waiting for completed aio requests
2012-03-30T22:35:29 8	write thread	waiting for completed aio requests
2012-03-30T22:35:29 9	write thread	waiting for completed aio requests
2012-03-30T22:35:29 		0	0	0	0
2012-03-30T22:35:29 575	289514	15389	0.00	0.00	0
2012-03-30T22:35:29 17667770051	17665825470	17188131300	9015	0.00
2012-03-30T22:35:31 0	insert buffer thread	waiting for completed aio requests
2012-03-30T22:35:31 1	log thread	waiting for completed aio requests
2012-03-30T22:35:31 2	read thread	waiting for completed aio requests
2012-03-30T22:35:31 3	read thread	waiting for completed aio requests
2012-03-30T22:35:31 4	read thread	waiting for completed aio requests
2012-03-30T22:35:31 5	read thread	waiting for completed aio requests
2012-03-30T22:35:31 6	write thread	waiting for completed aio requests
2012-03-30T22:35:31 7	write thread	waiting for completed aio requests
2012-03-30T22:35:31 8	write thread	waiting for completed aio requests
2012-03-30T22:35:31 9	write thread	waiting for completed aio requests
2012-03-30T22:35:31 		0	0	0	0
2012-03-30T22:35:31 575	289548	15393	0.00	0.00	0
2012-03-30T22:35:31 17672091234	17671044964	17188131300	9017	0.00
2012-03-30T22:35:33 0	insert buffer thread	waiting for completed aio requests
2012-03-30T22:35:33 1	log thread	waiting for completed aio requests
2012-03-30T22:35:33 2	read thread	waiting for completed aio requests
2012-03-30T22:35:33 3	read thread	waiting for completed aio requests
2012-03-30T22:35:33 4	read thread	waiting for completed aio requests
2012-03-30T22:35:33 5	read thread	waiting for completed aio requests
2012-03-30T22:35:33 6	write thread	waiting for completed aio requests
2012-03-30T22:35:33 7	write thread	waiting for completed aio requests
2012-03-30T22:35:33 8	write thread	waiting for completed aio requests
2012-03-30T22:35:33 9	write thread	waiting for completed aio requests
2012-03-30T22:35:33 		0	0	0	0
2012-03-30T22:35:33 575	289586	15398	0.00	0.00	0
2012-03-30T22:35:33 17676272373	17675265466	17188131300	9019	0.00
2012-03-30T22:35:35 0	insert buffer thread	waiting for completed aio requests
2012-03-30T22:35:35 1	log thread	waiting for completed aio requests
2012-03-30T22:35:35 2	read thread	waiting for completed aio requests
2012-03-30T22:35:35 3	read thread	waiting for completed aio requests
2012-03-30T22:35:35 4	read thread	waiting for completed aio requests
2012-03-30T22:35:35 5	read thread	waiting for completed aio requests
2012-03-30T22:35:35 6	write thread	waiting for completed aio requests
2012-03-30T22:35:35 7	write thread	waiting for completed aio requests
2012-03-30T22:35:35 8	write thread	waiting for completed aio requests
2012-03-30T22:35:35 9	write thread	waiting for completed aio requests
2012-03-30T22:35:35 		0	0	0	0
2012-03-30T22:35:35 575	290161	15409	0.00	0.00	0
2012-03-30T22:35:35 17680915372	17679747951	17205193632	9022	0.00
2012-03-30T22:35:37 0	insert buffer thread	waiting for completed aio requests
2012-03-30T22:35:37 1	log thread	waiting for completed aio requests
2012-03-30T22:35:37 2	read thread	waiting for completed aio requests
2012-03-30T22:35:37 3	read thread	waiting for completed aio requests
2012-03-30T22:35:37 4	read thread	waiting for completed aio requests
2012-03-30T22:35:37 5	read thread	waiting for completed aio requests
2012-03-30T22:35:37 6	write thread	waiting for completed aio requests
2012-03-30T22:35:37 7	write thread	waiting for completed aio requests
2012-03-30T22:35:37 8	write thread	waiting for completed aio requests
2012-03-30T22:35:37 9	write thread	waiting for completed aio requests
2012-03-30T22:35:37 		0	0	0	0
2012-03-30T22:35:37 575	290203	15417	0.00	0.00	0
2012-03-30T22:35:37 17684811747	17683785478	17205193632	9024	0.00
2012-03-30T22:35:39 0	insert buffer thread	waiting for completed aio requests
2012-03-30T22:35:39 1	log thread	waiting for completed aio requests
2012-03-30T22:35:39 2	read thread	waiting for completed aio requests
2012-03-30T22:35:39 3	read thread	waiting for completed aio requests
2012-03-30T22:35:39 4	read thread	waiting for completed aio requests
2012-03-30T22:35:39 5	read thread	waiting for completed aio requests
2012-03-30T22:35:39 6	write thread	waiting for completed aio requests
2012-03-30T22:35:39 7	write thread	waiting for completed aio requests
2012-03-30T22:35:39 8	write thread	waiting for completed aio requests
2012-03-30T22:35:39 9	write thread	waiting for completed aio requests
2012-03-30T22:35:39 		0	0	0	0
2012-03-30T22:35:39 575	290240	15424	0.00	0.00	0
2012-03-30T22:35:39 17689046042	17687945968	17205193632	9026	0.00
2012-03-30T22:35:41 0	insert buffer thread	waiting for completed aio requests
2012-03-30T22:35:41 1	log thread	waiting for completed aio requests
2012-03-30T22:35:41 2	read thread	waiting for completed aio requests
2012-03-30T22:35:41 3	read thread	waiting for completed aio requests
2012-03-30T22:35:41 4	read thread	waiting for completed aio requests
2012-03-30T22:35:41 5	read thread	waiting for completed aio requests
2012-03-30T22:35:41 6	write thread	waiting for completed aio requests
2012-03-30T22:35:41 7	write thread	waiting for completed aio requests
2012-03-30T22:35:41 8	write thread	waiting for completed aio requests
2012-03-30T22:35:41 9	write thread	waiting for completed aio requests
2012-03-30T22:35:41 		0	0	0	0
2012-03-30T22:35:41 575	290276	15428	0.00	0.00	0
2012-03-30T22:35:41 17693175083	17692315584	17205193632	9028	0.00
2012-03-30T22:35:43 0	insert buffer thread	waiting for completed aio requests
2012-03-30T22:35:43 1	log thread	waiting for completed aio requests
2012-03-30T22:35:43 2	read thread	waiting for completed aio requests
2012-03-30T22:35:43 3	read thread	waiting for completed aio requests
2012-03-30T22:35:43 4	read thread	waiting for completed aio requests
2012-03-30T22:35:43 5	read thread	waiting for completed aio requests
2012-03-30T22:35:43 6	write thread	waiting for completed aio requests
2012-03-30T22:35:43 7	write thread	waiting for completed aio requests
2012-03-30T22:35:43 8	write thread	waiting for completed aio requests
2012-03-30T22:35:43 9	write thread	waiting for completed aio requests
2012-03-30T22:35:43 		0	0	0	0
2012-03-30T22:35:43 575	290313	15433	0.00	0.00	0
2012-03-30T22:35:43 17697554094	17696653104	17205193632	9030	0.00
2012-03-30T22:35:45 0	insert buffer thread	waiting for completed aio requests
2012-03-30T22:35:45 1	log thread	waiting for completed aio requests
2012-03-30T22:35:45 2	read thread	waiting for completed aio requests
2012-03-30T22:35:45 3	read thread	waiting for completed aio requests
2012-03-30T22:35:45 4	read thread	waiting for completed aio requests
2012-03-30T22:35:45 5	read thread	waiting for completed aio requests
2012-03-30T22:35:45 6	write thread	waiting for completed aio requests
2012-03-30T22:35:45 7	write thread	waiting for completed aio requests
2012-03-30T22:35:45 8	write thread	waiting for completed aio requests
2012-03-30T22:35:45 9	write thread	waiting for completed aio requests
2012-03-30T22:35:45 		0	0	0	0
2012-03-30T22:35:45 575	290951	15442	0.00	0.00	0
2012-03-30T22:35:45 17701916152	17701093318	17222574853	9034	0.00
2012-03-30T22:35:47 0	insert buffer thread	waiting for completed aio requests
2012-03-30T22:35:47 1	log thread	waiting for completed aio requests
2012-03-30T22:35:47 2	read thread	waiting for completed aio requests
2012-03-30T22:35:47 3	read thread	waiting for completed aio requests
2012-03-30T22:35:47 4	read thread	waiting for completed aio requests
2012-03-30T22:35:47 5	read thread	waiting for completed aio requests
2012-03-30T22:35:47 6	write thread	waiting for completed aio requests
2012-03-30T22:35:47 7	write thread	waiting for completed aio requests
2012-03-30T22:35:47 8	write thread	waiting for completed aio requests
2012-03-30T22:35:47 9	write thread	waiting for completed aio requests
2012-03-30T22:35:47 		0	0	0	0
2012-03-30T22:35:47 575	290995	15450	0.00	0.00	0
2012-03-30T22:35:47 17706150633	17705306392	17222574853	9036	0.00
2012-03-30T22:35:49 0	insert buffer thread	waiting for completed aio requests
2012-03-30T22:35:49 1	log thread	waiting for completed aio requests
2012-03-30T22:35:49 2	read thread	waiting for completed aio requests
2012-03-30T22:35:49 3	read thread	waiting for completed aio requests
2012-03-30T22:35:49 4	read thread	waiting for completed aio requests
2012-03-30T22:35:49 5	read thread	waiting for completed aio requests
2012-03-30T22:35:49 6	write thread	waiting for completed aio requests
2012-03-30T22:35:49 7	write thread	waiting for completed aio requests
2012-03-30T22:35:49 8	write thread	waiting for completed aio requests
2012-03-30T22:35:49 9	write thread	waiting for completed aio requests
2012-03-30T22:35:49 		0	0	0	0
2012-03-30T22:35:49 575	291035	15455	0.00	0.00	0
2012-03-30T22:35:49 17710563137	17709589030	17222574853	9039	0.00
2012-03-30T22:35:51 0	insert buffer thread	waiting for completed aio requests
2012-03-30T22:35:51 1	log thread	waiting for completed aio requests
2012-03-30T22:35:51 2	read thread	waiting for completed aio requests
2012-03-30T22:35:51 3	read thread	waiting for completed aio requests
2012-03-30T22:35:51 4	read thread	waiting for completed aio requests
2012-03-30T22:35:51 5	read thread	waiting for completed aio requests
2012-03-30T22:35:51 6	write thread	waiting for completed aio requests
2012-03-30T22:35:51 7	write thread	waiting for completed aio requests
2012-03-30T22:35:51 8	write thread	waiting for completed aio requests
2012-03-30T22:35:51 9	write thread	waiting for completed aio requests
2012-03-30T22:35:51 		0	0	0	0
2012-03-30T22:35:51 575	291073	15460	0.00	0.00	0
2012-03-30T22:35:51 17714716365	17714295338	17222574853	9042	0.00
2012-03-30T22:35:53 0	insert buffer thread	waiting for completed aio requests
2012-03-30T22:35:53 1	log thread	waiting for completed aio requests
2012-03-30T22:35:53 2	read thread	waiting for completed aio requests
2012-03-30T22:35:53 3	read thread	waiting for completed aio requests
2012-03-30T22:35:53 4	read thread	waiting for completed aio requests
2012-03-30T22:35:53 5	read thread	waiting for completed aio requests
2012-03-30T22:35:53 6	write thread	waiting for completed aio requests
2012-03-30T22:35:53 7	write thread	waiting for completed aio requests
2012-03-30T22:35:53 8	write thread	waiting for completed aio requests
2012-03-30T22:35:53 9	write thread	waiting for completed aio requests
2012-03-30T22:35:53 		0	0	0	0
2012-03-30T22:35:53 575	291108	15463	0.00	0.00	0
2012-03-30T22:35:53 17718942157	17718280235	17222574853	9044	0.00
2012-03-30T22:35:55 0	insert buffer thread	waiting for completed aio requests
2012-03-30T22:35:55 1	log thread	waiting for completed aio requests
2012-03-30T22:35:55 2	read thread	waiting for completed aio requests
2012-03-30T22:35:55 3	read thread	waiting for completed aio requests
2012-03-30T22:35:55 4	read thread	waiting for completed aio requests
2012-03-30T22:35:55 5	read thread	waiting for completed aio requests
2012-03-30T22:35:55 6	write thread	waiting for completed aio requests
2012-03-30T22:35:55 7	write thread	waiting for completed aio requests
2012-03-30T22:35:55 8	write thread	waiting for completed aio requests
2012-03-30T22:35:55 9	write thread	waiting for completed aio requests
2012-03-30T22:35:55 		0	0	0	0
2012-03-30T22:35:55 575	291148	15471	0.00	0.00	0
2012-03-30T22:35:55 17723214415	17722560897	17222574853	9047	0.00
2012-03-30T22:35:57 0	insert buffer thread	waiting for completed aio requests
2012-03-30T22:35:57 1	log thread	waiting for completed aio requests
2012-03-30T22:35:57 2	read thread	waiting for completed aio requests
2012-03-30T22:35:57 3	read thread	waiting for completed aio requests
2012-03-30T22:35:57 4	read thread	waiting for completed aio requests
2012-03-30T22:35:57 5	read thread	waiting for completed aio requests
2012-03-30T22:35:57 6	write thread	waiting for completed aio requests
2012-03-30T22:35:57 7	write thread	waiting for completed aio requests
2012-03-30T22:35:57 8	write thread	waiting for completed aio requests
2012-03-30T22:35:57 9	write thread	waiting for completed aio requests
2012-03-30T22:35:57 		0	0	0	0
2012-03-30T22:35:57 575	291192	15477	0.00	0.00	0
2012-03-30T22:35:57 17727429829	17726713485	17222574853	9049	0.00
2012-03-30T22:35:59 0	insert buffer thread	waiting for completed aio requests
2012-03-30T22:35:59 1	log thread	waiting for completed aio requests
2012-03-30T22:35:59 2	read thread	waiting for completed aio requests
2012-03-30T22:35:59 3	read thread	waiting for completed aio requests
2012-03-30T22:35:59 4	read thread	waiting for completed aio requests
2012-03-30T22:35:59 5	read thread	waiting for completed aio requests
2012-03-30T22:35:59 6	write thread	waiting for completed aio requests
2012-03-30T22:35:59 7	write thread	waiting for completed aio requests
2012-03-30T22:35:59 8	write thread	waiting for completed aio requests
2012-03-30T22:35:59 9	write thread	waiting for completed aio requests
2012-03-30T22:35:59 		0	0	0	0
2012-03-30T22:35:59 575	291232	15482	0.00	0.00	0
2012-03-30T22:35:59 17731565555	17729016356	17222574853	9051	0.00
2012-03-30T22:36:01 0	insert buffer thread	waiting for completed aio requests
2012-03-30T22:36:01 1	log thread	waiting for completed aio requests
2012-03-30T22:36:01 2	read thread	waiting for completed aio requests
2012-03-30T22:36:01 3	read thread	waiting for completed aio requests
2012-03-30T22:36:01 4	read thread	waiting for completed aio requests
2012-03-30T22:36:01 5	read thread	waiting for completed aio requests
2012-03-30T22:36:01 6	write thread	waiting for completed aio requests
2012-03-30T22:36:01 7	write thread	waiting for completed aio requests
2012-03-30T22:36:01 8	write thread	waiting for completed aio requests
2012-03-30T22:36:01 9	write thread	waiting for completed aio requests
2012-03-30T22:36:01 		0	0	0	0
2012-03-30T22:36:01 575	291272	15486	0.00	0.00	0
2012-03-30T22:36:01 17735849763	17733361712	17222574853	9054	0.00
2012-03-30T22:36:03 0	insert buffer thread	waiting for completed aio requests
2012-03-30T22:36:03 1	log thread	waiting for completed aio requests
2012-03-30T22:36:03 2	read thread	waiting for completed aio requests
2012-03-30T22:36:03 3	read thread	waiting for completed aio requests
2012-03-30T22:36:03 4	read thread	waiting for completed aio requests
2012-03-30T22:36:03 5	read thread	waiting for completed aio requests
2012-03-30T22:36:03 6	write thread	waiting for completed aio requests
2012-03-30T22:36:03 7	write thread	waiting for completed aio requests
2012-03-30T22:36:03 8	write thread	waiting for completed aio requests
2012-03-30T22:36:03 9	write thread	waiting for completed aio requests
2012-03-30T22:36:03 		0	0	0	0
2012-03-30T22:36:03 575	291311	15492	0.00	0.00	0
2012-03-30T22:36:03 17739892729	17737406660	17222574853	9057	0.00
2012-03-30T22:36:05 0	insert buffer thread	waiting for completed aio requests
2012-03-30T22:36:05 1	log thread	waiting for completed aio requests
2012-03-30T22:36:05 2	read thread	waiting for completed aio requests
2012-03-30T22:36:05 3	read thread	waiting for completed aio requests
2012-03-30T22:36:05 4	read thread	waiting for completed aio requests
2012-03-30T22:36:05 5	read thread	waiting for completed aio requests
2012-03-30T22:36:05 6	write thread	waiting for completed aio requests
2012-03-30T22:36:05 7	write thread	waiting for completed aio requests
2012-03-30T22:36:05 8	write thread	waiting for completed aio requests
2012-03-30T22:36:05 9	write thread	waiting for completed aio requests
2012-03-30T22:36:05 		0	0	0	0
2012-03-30T22:36:05 575	291956	15501	0.00	0.00	0
2012-03-30T22:36:05 17744137000	17741645225	17222574853	9060	0.00
2012-03-30T22:36:07 0	insert buffer thread	waiting for completed aio requests
2012-03-30T22:36:07 1	log thread	waiting for completed aio requests
2012-03-30T22:36:07 2	read thread	waiting for completed aio requests
2012-03-30T22:36:07 3	read thread	waiting for completed aio requests
2012-03-30T22:36:07 4	read thread	waiting for completed aio requests
2012-03-30T22:36:07 5	read thread	waiting for completed aio requests
2012-03-30T22:36:07 6	write thread	waiting for completed aio requests
2012-03-30T22:36:07 7	write thread	waiting for completed aio requests
2012-03-30T22:36:07 8	write thread	waiting for completed aio requests
2012-03-30T22:36:07 9	write thread	waiting for completed aio requests
2012-03-30T22:36:07 		0	0	1	0
2012-03-30T22:36:07 575	291987	15507	0.00	0.00	0
2012-03-30T22:36:07 17747757121	17745628153	17244527148	9064	0.00
2012-03-30T22:36:09 0	insert buffer thread	waiting for completed aio requests
2012-03-30T22:36:09 1	log thread	waiting for completed aio requests
2012-03-30T22:36:09 2	read thread	waiting for completed aio requests
2012-03-30T22:36:09 3	read thread	waiting for completed aio requests
2012-03-30T22:36:09 4	read thread	waiting for completed aio requests
2012-03-30T22:36:09 5	read thread	waiting for completed aio requests
2012-03-30T22:36:09 6	write thread	waiting for completed aio requests
2012-03-30T22:36:09 7	write thread	waiting for completed aio requests
2012-03-30T22:36:09 8	write thread	waiting for completed aio requests
2012-03-30T22:36:09 9	write thread	waiting for completed aio requests
2012-03-30T22:36:09 		0	0	0	0
2012-03-30T22:36:09 575	292047	15517	0.00	0.00	0
2012-03-30T22:36:09 17752675179	17752412389	17244527148	9068	0.00
2012-03-30T22:36:11 0	insert buffer thread	waiting for completed aio requests
2012-03-30T22:36:11 1	log thread	waiting for completed aio requests
2012-03-30T22:36:11 2	read thread	waiting for completed aio requests
2012-03-30T22:36:11 3	read thread	waiting for completed aio requests
2012-03-30T22:36:11 4	read thread	waiting for completed aio requests
2012-03-30T22:36:11 5	read thread	waiting for completed aio requests
2012-03-30T22:36:11 6	write thread	waiting for completed aio requests
2012-03-30T22:36:11 7	write thread	waiting for completed aio requests
2012-03-30T22:36:11 8	write thread	waiting for completed aio requests
2012-03-30T22:36:11 9	write thread	waiting for completed aio requests
2012-03-30T22:36:11 		0	0	1	0
2012-03-30T22:36:11 575	292075	15519	0.00	0.00	0
2012-03-30T22:36:11 17757782001	17755553666	17244527148	9070	0.00
2012-03-30T22:36:13 0	insert buffer thread	waiting for completed aio requests
2012-03-30T22:36:13 1	log thread	waiting for completed aio requests
2012-03-30T22:36:13 2	read thread	waiting for completed aio requests
2012-03-30T22:36:13 3	read thread	waiting for completed aio requests
2012-03-30T22:36:13 4	read thread	waiting for completed aio requests
2012-03-30T22:36:13 5	read thread	waiting for completed aio requests
2012-03-30T22:36:13 6	write thread	waiting for completed aio requests
2012-03-30T22:36:13 7	write thread	waiting for completed aio requests
2012-03-30T22:36:13 8	write thread	waiting for completed aio requests
2012-03-30T22:36:13 9	write thread	waiting for completed aio requests
2012-03-30T22:36:13 		0	0	1	0
2012-03-30T22:36:13 575	292120	15523	0.00	0.00	0
2012-03-30T22:36:13 17762044771	17759802944	17244527148	9073	0.00
2012-03-30T22:36:15 0	insert buffer thread	waiting for completed aio requests
2012-03-30T22:36:15 1	log thread	waiting for completed aio requests
2012-03-30T22:36:15 2	read thread	waiting for completed aio requests
2012-03-30T22:36:15 3	read thread	waiting for completed aio requests
2012-03-30T22:36:15 4	read thread	waiting for completed aio requests
2012-03-30T22:36:15 5	read thread	waiting for completed aio requests
2012-03-30T22:36:15 6	write thread	waiting for completed aio requests
2012-03-30T22:36:15 7	write thread	waiting for completed aio requests
2012-03-30T22:36:15 8	write thread	waiting for completed aio requests
2012-03-30T22:36:15 9	write thread	waiting for completed aio requests
2012-03-30T22:36:15 		0	0	0	0
2012-03-30T22:36:15 575	292181	15531	0.00	21000.00	0
2012-03-30T22:36:15 17766651341	17766480502	17244527148	9075	0.00
2012-03-30T22:36:17 0	insert buffer thread	waiting for completed aio requests
2012-03-30T22:36:17 1	log thread	waiting for completed aio requests
2012-03-30T22:36:17 2	read thread	waiting for completed aio requests
2012-03-30T22:36:17 3	read thread	waiting for completed aio requests
2012-03-30T22:36:17 4	read thread	waiting for completed aio requests
2012-03-30T22:36:17 5	read thread	waiting for completed aio requests
2012-03-30T22:36:17 6	write thread	waiting for completed aio requests
2012-03-30T22:36:17 7	write thread	waiting for completed aio requests
2012-03-30T22:36:17 8	write thread	waiting for completed aio requests
2012-03-30T22:36:17 9	write thread	waiting for completed aio requests
2012-03-30T22:36:17 		0	0	0	0
2012-03-30T22:36:17 575	292240	15541	0.00	22000.00	0
2012-03-30T22:36:17 17770856816	17770651926	17244527148	9078	0.00
2012-03-30T22:36:19 0	insert buffer thread	waiting for completed aio requests
2012-03-30T22:36:19 1	log thread	waiting for completed aio requests
2012-03-30T22:36:19 2	read thread	waiting for completed aio requests
2012-03-30T22:36:19 3	read thread	waiting for completed aio requests
2012-03-30T22:36:19 4	read thread	waiting for completed aio requests
2012-03-30T22:36:19 5	read thread	waiting for completed aio requests
2012-03-30T22:36:19 6	write thread	waiting for completed aio requests
2012-03-30T22:36:19 7	write thread	waiting for completed aio requests
2012-03-30T22:36:19 8	write thread	waiting for completed aio requests
2012-03-30T22:36:19 9	write thread	waiting for completed aio requests
2012-03-30T22:36:19 		0	0	1	0
2012-03-30T22:36:19 575	292269	15546	0.00	0.00	0
2012-03-30T22:36:19 17775260817	17772955598	17244527148	9080	0.00
2012-03-30T22:36:21 0	insert buffer thread	waiting for completed aio requests
2012-03-30T22:36:21 1	log thread	waiting for completed aio requests
2012-03-30T22:36:21 2	read thread	waiting for completed aio requests
2012-03-30T22:36:21 3	read thread	waiting for completed aio requests
2012-03-30T22:36:21 4	read thread	waiting for completed aio requests
2012-03-30T22:36:21 5	read thread	waiting for completed aio requests
2012-03-30T22:36:21 6	write thread	waiting for completed aio requests
2012-03-30T22:36:21 7	write thread	waiting for completed aio requests
2012-03-30T22:36:21 8	write thread	waiting for completed aio requests
2012-03-30T22:36:21 9	write thread	waiting for completed aio requests
2012-03-30T22:36:21 		0	0	0	0
2012-03-30T22:36:21 575	292305	15550	0.00	0.00	0
2012-03-30T22:36:21 17779450731	17777352844	17244527148	9081	0.00
2012-03-30T22:36:23 0	insert buffer thread	waiting for completed aio requests
2012-03-30T22:36:23 1	log thread	waiting for completed aio requests
2012-03-30T22:36:23 2	read thread	waiting for completed aio requests
2012-03-30T22:36:23 3	read thread	waiting for completed aio requests
2012-03-30T22:36:23 4	read thread	waiting for completed aio requests
2012-03-30T22:36:23 5	read thread	waiting for completed aio requests
2012-03-30T22:36:23 6	write thread	waiting for completed aio requests
2012-03-30T22:36:23 7	write thread	waiting for completed aio requests
2012-03-30T22:36:23 8	write thread	waiting for completed aio requests
2012-03-30T22:36:23 9	write thread	waiting for completed aio requests
2012-03-30T22:36:23 		0	0	0	0
2012-03-30T22:36:23 575	292334	15554	0.00	0.00	0
2012-03-30T22:36:23 17783688229	17781549239	17244527148	9084	0.00
2012-03-30T22:36:25 0	insert buffer thread	waiting for completed aio requests
2012-03-30T22:36:25 1	log thread	waiting for completed aio requests
2012-03-30T22:36:25 2	read thread	waiting for completed aio requests
2012-03-30T22:36:25 3	read thread	waiting for completed aio requests
2012-03-30T22:36:25 4	read thread	waiting for completed aio requests
2012-03-30T22:36:25 5	read thread	waiting for completed aio requests
2012-03-30T22:36:25 6	write thread	waiting for completed aio requests
2012-03-30T22:36:25 7	write thread	waiting for completed aio requests
2012-03-30T22:36:25 8	write thread	waiting for completed aio requests
2012-03-30T22:36:25 9	write thread	waiting for completed aio requests
2012-03-30T22:36:25 		0	0	0	0
2012-03-30T22:36:25 575	292418	15560	0.00	19000.00	0
2012-03-30T22:36:25 17788040143	17786072246	17244527148	9086	0.00
2012-03-30T22:36:27 0	insert buffer thread	waiting for completed aio requests
2012-03-30T22:36:27 1	log thread	waiting for completed aio requests
2012-03-30T22:36:27 2	read thread	waiting for completed aio requests
2012-03-30T22:36:27 3	read thread	waiting for completed aio requests
2012-03-30T22:36:27 4	read thread	waiting for completed aio requests
2012-03-30T22:36:27 5	read thread	waiting for completed aio requests
2012-03-30T22:36:27 6	write thread	waiting for completed aio requests
2012-03-30T22:36:27 7	write thread	waiting for completed aio requests
2012-03-30T22:36:27 8	write thread	waiting for completed aio requests
2012-03-30T22:36:27 9	write thread	waiting for completed aio requests
2012-03-30T22:36:27 		0	0	0	0
2012-03-30T22:36:27 575	293226	15570	0.00	0.00	0
2012-03-30T22:36:27 17792229650	17790214310	17273374839	9090	0.00
2012-03-30T22:36:29 0	insert buffer thread	waiting for completed aio requests
2012-03-30T22:36:29 1	log thread	waiting for completed aio requests
2012-03-30T22:36:29 2	read thread	waiting for completed aio requests
2012-03-30T22:36:29 3	read thread	waiting for completed aio requests
2012-03-30T22:36:29 4	read thread	waiting for completed aio requests
2012-03-30T22:36:29 5	read thread	waiting for completed aio requests
2012-03-30T22:36:29 6	write thread	waiting for completed aio requests
2012-03-30T22:36:29 7	write thread	waiting for completed aio requests
2012-03-30T22:36:29 8	write thread	waiting for completed aio requests
2012-03-30T22:36:29 9	write thread	waiting for completed aio requests
2012-03-30T22:36:29 		0	0	0	0
2012-03-30T22:36:29 575	293258	15575	0.00	0.00	0
2012-03-30T22:36:29 17796395811	17794315582	17273374839	9092	0.00
2012-03-30T22:36:31 0	insert buffer thread	waiting for completed aio requests
2012-03-30T22:36:31 1	log thread	waiting for completed aio requests
2012-03-30T22:36:31 2	read thread	waiting for completed aio requests
2012-03-30T22:36:31 3	read thread	waiting for completed aio requests
2012-03-30T22:36:31 4	read thread	waiting for completed aio requests
2012-03-30T22:36:31 5	read thread	waiting for completed aio requests
2012-03-30T22:36:31 6	write thread	waiting for completed aio requests
2012-03-30T22:36:31 7	write thread	waiting for completed aio requests
2012-03-30T22:36:31 8	write thread	waiting for completed aio requests
2012-03-30T22:36:31 9	write thread	waiting for completed aio requests
2012-03-30T22:36:31 		0	0	0	0
2012-03-30T22:36:31 575	293286	15580	0.00	0.00	0
2012-03-30T22:36:31 17800473168	17798800854	17273374839	9094	0.00
2012-03-30T22:36:33 0	insert buffer thread	waiting for completed aio requests
2012-03-30T22:36:33 1	log thread	waiting for completed aio requests
2012-03-30T22:36:33 2	read thread	waiting for completed aio requests
2012-03-30T22:36:33 3	read thread	waiting for completed aio requests
2012-03-30T22:36:33 4	read thread	waiting for completed aio requests
2012-03-30T22:36:33 5	read thread	waiting for completed aio requests
2012-03-30T22:36:33 6	write thread	waiting for completed aio requests
2012-03-30T22:36:33 7	write thread	waiting for completed aio requests
2012-03-30T22:36:33 8	write thread	waiting for completed aio requests
2012-03-30T22:36:33 9	write thread	waiting for completed aio requests
2012-03-30T22:36:33 		0	0	0	0
2012-03-30T22:36:33 575	293316	15584	0.00	0.00	0
2012-03-30T22:36:33 17804591215	17802908194	17273374839	9096	0.00
2012-03-30T22:36:35 0	insert buffer thread	waiting for completed aio requests
2012-03-30T22:36:35 1	log thread	waiting for completed aio requests
2012-03-30T22:36:35 2	read thread	waiting for completed aio requests
2012-03-30T22:36:35 3	read thread	waiting for completed aio requests
2012-03-30T22:36:35 4	read thread	waiting for completed aio requests
2012-03-30T22:36:35 5	read thread	waiting for completed aio requests
2012-03-30T22:36:35 6	write thread	waiting for completed aio requests
2012-03-30T22:36:35 7	write thread	waiting for completed aio requests
2012-03-30T22:36:35 8	write thread	waiting for completed aio requests
2012-03-30T22:36:35 9	write thread	waiting for completed aio requests
2012-03-30T22:36:35 		0	0	0	0
2012-03-30T22:36:35 575	293351	15591	0.00	0.00	0
2012-03-30T22:36:35 17809283166	17807344447	17273374839	9098	0.00
2012-03-30T22:36:37 0	insert buffer thread	waiting for completed aio requests
2012-03-30T22:36:37 1	log thread	waiting for completed aio requests
2012-03-30T22:36:37 2	read thread	waiting for completed aio requests
2012-03-30T22:36:37 3	read thread	waiting for completed aio requests
2012-03-30T22:36:37 4	read thread	waiting for completed aio requests
2012-03-30T22:36:37 5	read thread	waiting for completed aio requests
2012-03-30T22:36:37 6	write thread	waiting for completed aio requests
2012-03-30T22:36:37 7	write thread	waiting for completed aio requests
2012-03-30T22:36:37 8	write thread	waiting for completed aio requests
2012-03-30T22:36:37 9	write thread	waiting for completed aio requests
2012-03-30T22:36:37 		0	0	0	0
2012-03-30T22:36:37 575	294071	15617	0.00	0.00	0
2012-03-30T22:36:37 17813558321	17811873160	17292790116	9113	0.00
2012-03-30T22:36:39 0	insert buffer thread	waiting for completed aio requests
2012-03-30T22:36:39 1	log thread	waiting for completed aio requests
2012-03-30T22:36:39 2	read thread	waiting for completed aio requests
2012-03-30T22:36:39 3	read thread	waiting for completed aio requests
2012-03-30T22:36:39 4	read thread	waiting for completed aio requests
2012-03-30T22:36:39 5	read thread	waiting for completed aio requests
2012-03-30T22:36:39 6	write thread	waiting for completed aio requests
2012-03-30T22:36:39 7	write thread	waiting for completed aio requests
2012-03-30T22:36:39 8	write thread	waiting for completed aio requests
2012-03-30T22:36:39 9	write thread	waiting for completed aio requests
2012-03-30T22:36:39 		0	0	0	0
2012-03-30T22:36:39 575	294105	15623	0.00	0.00	0
2012-03-30T22:36:39 17817724731	17815919752	17292790116	9115	0.00
2012-03-30T22:36:41 0	insert buffer thread	waiting for completed aio requests
2012-03-30T22:36:41 1	log thread	waiting for completed aio requests
2012-03-30T22:36:41 2	read thread	waiting for completed aio requests
2012-03-30T22:36:41 3	read thread	waiting for completed aio requests
2012-03-30T22:36:41 4	read thread	waiting for completed aio requests
2012-03-30T22:36:41 5	read thread	waiting for completed aio requests
2012-03-30T22:36:41 6	write thread	waiting for completed aio requests
2012-03-30T22:36:41 7	write thread	waiting for completed aio requests
2012-03-30T22:36:41 8	write thread	waiting for completed aio requests
2012-03-30T22:36:41 9	write thread	waiting for completed aio requests
2012-03-30T22:36:41 		0	0	0	0
2012-03-30T22:36:41 575	294135	15627	0.00	0.00	0
2012-03-30T22:36:41 17821934121	17820405186	17292790116	9117	0.00
2012-03-30T22:36:43 0	insert buffer thread	waiting for completed aio requests
2012-03-30T22:36:43 1	log thread	waiting for completed aio requests
2012-03-30T22:36:43 2	read thread	waiting for completed aio requests
2012-03-30T22:36:43 3	read thread	waiting for completed aio requests
2012-03-30T22:36:43 4	read thread	waiting for completed aio requests
2012-03-30T22:36:43 5	read thread	waiting for completed aio requests
2012-03-30T22:36:43 6	write thread	waiting for completed aio requests
2012-03-30T22:36:43 7	write thread	waiting for completed aio requests
2012-03-30T22:36:43 8	write thread	waiting for completed aio requests
2012-03-30T22:36:43 9	write thread	waiting for completed aio requests
2012-03-30T22:36:43 		0	0	0	0
2012-03-30T22:36:43 575	294168	15631	0.00	0.00	0
2012-03-30T22:36:43 17826050783	17824543385	17292790116	9120	0.00
2012-03-30T22:36:45 0	insert buffer thread	waiting for completed aio requests
2012-03-30T22:36:45 1	log thread	waiting for completed aio requests
2012-03-30T22:36:45 2	read thread	waiting for completed aio requests
2012-03-30T22:36:45 3	read thread	waiting for completed aio requests
2012-03-30T22:36:45 4	read thread	waiting for completed aio requests
2012-03-30T22:36:45 5	read thread	waiting for completed aio requests
2012-03-30T22:36:45 6	write thread	waiting for completed aio requests
2012-03-30T22:36:45 7	write thread	waiting for completed aio requests
2012-03-30T22:36:45 8	write thread	waiting for completed aio requests
2012-03-30T22:36:45 9	write thread	waiting for completed aio requests
2012-03-30T22:36:45 		0	0	0	0
2012-03-30T22:36:45 575	294206	15636	0.00	0.00	0
2012-03-30T22:36:45 17830418108	17828854653	17292790116	9122	0.00
2012-03-30T22:36:47 0	insert buffer thread	waiting for completed aio requests
2012-03-30T22:36:47 1	log thread	waiting for completed aio requests
2012-03-30T22:36:47 2	read thread	waiting for completed aio requests
2012-03-30T22:36:47 3	read thread	waiting for completed aio requests
2012-03-30T22:36:47 4	read thread	waiting for completed aio requests
2012-03-30T22:36:47 5	read thread	waiting for completed aio requests
2012-03-30T22:36:47 6	write thread	waiting for completed aio requests
2012-03-30T22:36:47 7	write thread	waiting for completed aio requests
2012-03-30T22:36:47 8	write thread	waiting for completed aio requests
2012-03-30T22:36:47 9	write thread	waiting for completed aio requests
2012-03-30T22:36:47 		0	0	0	0
2012-03-30T22:36:47 575	294613	15647	0.00	0.00	0
2012-03-30T22:36:47 17834434143	17833087133	17304040320	9125	0.00
2012-03-30T22:36:49 0	insert buffer thread	waiting for completed aio requests
2012-03-30T22:36:49 1	log thread	waiting for completed aio requests
2012-03-30T22:36:49 2	read thread	waiting for completed aio requests
2012-03-30T22:36:49 3	read thread	waiting for completed aio requests
2012-03-30T22:36:49 4	read thread	waiting for completed aio requests
2012-03-30T22:36:49 5	read thread	waiting for completed aio requests
2012-03-30T22:36:49 6	write thread	waiting for completed aio requests
2012-03-30T22:36:49 7	write thread	waiting for completed aio requests
2012-03-30T22:36:49 8	write thread	waiting for completed aio requests
2012-03-30T22:36:49 9	write thread	waiting for completed aio requests
2012-03-30T22:36:49 		0	0	0	0
2012-03-30T22:36:49 575	294649	15652	0.00	0.00	0
2012-03-30T22:36:49 17839472299	17837599604	17304040320	9128	0.00
2012-03-30T22:36:51 0	insert buffer thread	waiting for completed aio requests
2012-03-30T22:36:51 1	log thread	waiting for completed aio requests
2012-03-30T22:36:51 2	read thread	waiting for completed aio requests
2012-03-30T22:36:51 3	read thread	waiting for completed aio requests
2012-03-30T22:36:51 4	read thread	waiting for completed aio requests
2012-03-30T22:36:51 5	read thread	waiting for completed aio requests
2012-03-30T22:36:51 6	write thread	waiting for completed aio requests
2012-03-30T22:36:51 7	write thread	waiting for completed aio requests
2012-03-30T22:36:51 8	write thread	waiting for completed aio requests
2012-03-30T22:36:51 9	write thread	waiting for completed aio requests
2012-03-30T22:36:51 		0	0	0	0
2012-03-30T22:36:51 575	294690	15656	0.00	0.00	0
2012-03-30T22:36:51 17845251064	17843739258	17304040320	9130	0.00
2012-03-30T22:36:53 0	insert buffer thread	waiting for completed aio requests
2012-03-30T22:36:53 1	log thread	waiting for completed aio requests
2012-03-30T22:36:53 2	read thread	waiting for completed aio requests
2012-03-30T22:36:53 3	read thread	waiting for completed aio requests
2012-03-30T22:36:53 4	read thread	waiting for completed aio requests
2012-03-30T22:36:53 5	read thread	waiting for completed aio requests
2012-03-30T22:36:53 6	write thread	waiting for completed aio requests
2012-03-30T22:36:53 7	write thread	waiting for completed aio requests
2012-03-30T22:36:53 8	write thread	waiting for completed aio requests
2012-03-30T22:36:53 9	write thread	waiting for completed aio requests
2012-03-30T22:36:53 		0	0	1	0
2012-03-30T22:36:53 575	294710	15658	0.00	0.00	0
2012-03-30T22:36:53 17849456443	17846066867	17304040320	9132	0.00
2012-03-30T22:36:55 0	insert buffer thread	waiting for completed aio requests
2012-03-30T22:36:55 1	log thread	waiting for completed aio requests
2012-03-30T22:36:55 2	read thread	waiting for completed aio requests
2012-03-30T22:36:55 3	read thread	waiting for completed aio requests
2012-03-30T22:36:55 4	read thread	waiting for completed aio requests
2012-03-30T22:36:55 5	read thread	waiting for completed aio requests
2012-03-30T22:36:55 6	write thread	waiting for completed aio requests
2012-03-30T22:36:55 7	write thread	waiting for completed aio requests
2012-03-30T22:36:55 8	write thread	waiting for completed aio requests
2012-03-30T22:36:55 9	write thread	waiting for completed aio requests
2012-03-30T22:36:55 		0	0	0	0
2012-03-30T22:36:55 575	294787	15667	0.00	27000.00	0
2012-03-30T22:36:55 17853665774	17853278094	17304040320	9135	0.00
2012-03-30T22:36:57 0	insert buffer thread	waiting for completed aio requests
2012-03-30T22:36:57 1	log thread	waiting for completed aio requests
2012-03-30T22:36:57 2	read thread	waiting for completed aio requests
2012-03-30T22:36:57 3	read thread	waiting for completed aio requests
2012-03-30T22:36:57 4	read thread	waiting for completed aio requests
2012-03-30T22:36:57 5	read thread	waiting for completed aio requests
2012-03-30T22:36:57 6	write thread	waiting for completed aio requests
2012-03-30T22:36:57 7	write thread	waiting for completed aio requests
2012-03-30T22:36:57 8	write thread	waiting for completed aio requests
2012-03-30T22:36:57 9	write thread	waiting for completed aio requests
2012-03-30T22:36:57 		0	0	0	0
2012-03-30T22:36:57 575	297052	15680	0.00	4000.00	0
2012-03-30T22:36:57 17859102224	17858770882	17361498570	9140	0.00
2012-03-30T22:36:59 0	insert buffer thread	waiting for completed aio requests
2012-03-30T22:36:59 1	log thread	waiting for completed aio requests
2012-03-30T22:36:59 2	read thread	waiting for completed aio requests
2012-03-30T22:36:59 3	read thread	waiting for completed aio requests
2012-03-30T22:36:59 4	read thread	waiting for completed aio requests
2012-03-30T22:36:59 5	read thread	waiting for completed aio requests
2012-03-30T22:36:59 6	write thread	waiting for completed aio requests
2012-03-30T22:36:59 7	write thread	waiting for completed aio requests
2012-03-30T22:36:59 8	write thread	waiting for completed aio requests
2012-03-30T22:36:59 9	write thread	waiting for completed aio requests
2012-03-30T22:36:59 		0	0	0	0
2012-03-30T22:36:59 575	297101	15686	0.00	0.00	0
2012-03-30T22:36:59 17863446509	17863068630	17361498570	9142	0.00
2012-03-30T22:37:01 0	insert buffer thread	waiting for completed aio requests
2012-03-30T22:37:01 1	log thread	waiting for completed aio requests
2012-03-30T22:37:01 2	read thread	waiting for completed aio requests
2012-03-30T22:37:01 3	read thread	waiting for completed aio requests
2012-03-30T22:37:01 4	read thread	waiting for completed aio requests
2012-03-30T22:37:01 5	read thread	waiting for completed aio requests
2012-03-30T22:37:01 6	write thread	waiting for completed aio requests
2012-03-30T22:37:01 7	write thread	waiting for completed aio requests
2012-03-30T22:37:01 8	write thread	waiting for completed aio requests
2012-03-30T22:37:01 9	write thread	waiting for completed aio requests
2012-03-30T22:37:01 		0	0	1	0
2012-03-30T22:37:01 575	297126	15690	0.00	0.00	0
2012-03-30T22:37:01 17867662911	17865227384	17361498570	9144	0.00
2012-03-30T22:37:03 0	insert buffer thread	waiting for completed aio requests
2012-03-30T22:37:03 1	log thread	waiting for completed aio requests
2012-03-30T22:37:03 2	read thread	waiting for completed aio requests
2012-03-30T22:37:03 3	read thread	waiting for completed aio requests
2012-03-30T22:37:03 4	read thread	waiting for completed aio requests
2012-03-30T22:37:03 5	read thread	waiting for completed aio requests
2012-03-30T22:37:03 6	write thread	waiting for completed aio requests
2012-03-30T22:37:03 7	write thread	waiting for completed aio requests
2012-03-30T22:37:03 8	write thread	waiting for completed aio requests
2012-03-30T22:37:03 9	write thread	waiting for completed aio requests
2012-03-30T22:37:03 		0	0	1	0
2012-03-30T22:37:03 575	297154	15695	0.00	0.00	0
2012-03-30T22:37:03 17871815196	17869733048	17361498570	9146	0.00
2012-03-30T22:37:05 0	insert buffer thread	waiting for completed aio requests
2012-03-30T22:37:05 1	log thread	waiting for completed aio requests
2012-03-30T22:37:05 2	read thread	waiting for completed aio requests
2012-03-30T22:37:05 3	read thread	waiting for completed aio requests
2012-03-30T22:37:05 4	read thread	waiting for completed aio requests
2012-03-30T22:37:05 5	read thread	waiting for completed aio requests
2012-03-30T22:37:05 6	write thread	waiting for completed aio requests
2012-03-30T22:37:05 7	write thread	waiting for completed aio requests
2012-03-30T22:37:05 8	write thread	waiting for completed aio requests
2012-03-30T22:37:05 9	write thread	waiting for completed aio requests
2012-03-30T22:37:05 		0	0	1	0
2012-03-30T22:37:05 575	297191	15701	0.00	0.00	0
2012-03-30T22:37:05 17876236233	17873965277	17361498570	9149	0.00
2012-03-30T22:37:07 0	insert buffer thread	waiting for completed aio requests
2012-03-30T22:37:07 1	log thread	waiting for completed aio requests
2012-03-30T22:37:07 2	read thread	waiting for completed aio requests
2012-03-30T22:37:07 3	read thread	waiting for completed aio requests
2012-03-30T22:37:07 4	read thread	waiting for completed aio requests
2012-03-30T22:37:07 5	read thread	waiting for completed aio requests
2012-03-30T22:37:07 6	write thread	waiting for completed aio requests
2012-03-30T22:37:07 7	write thread	waiting for completed aio requests
2012-03-30T22:37:07 8	write thread	waiting for completed aio requests
2012-03-30T22:37:07 9	write thread	waiting for completed aio requests
2012-03-30T22:37:07 		0	0	1	0
2012-03-30T22:37:07 575	298235	15707	0.00	0.00	0
2012-03-30T22:37:07 17880573557	17878393227	17361498570	9151	0.00
2012-03-30T22:37:09 0	insert buffer thread	waiting for completed aio requests
2012-03-30T22:37:09 1	log thread	waiting for completed aio requests
2012-03-30T22:37:09 2	read thread	waiting for completed aio requests
2012-03-30T22:37:09 3	read thread	waiting for completed aio requests
2012-03-30T22:37:09 4	read thread	waiting for completed aio requests
2012-03-30T22:37:09 5	read thread	waiting for completed aio requests
2012-03-30T22:37:09 6	write thread	waiting for completed aio requests
2012-03-30T22:37:09 7	write thread	waiting for completed aio requests
2012-03-30T22:37:09 8	write thread	waiting for completed aio requests
2012-03-30T22:37:09 9	write thread	waiting for completed aio requests
2012-03-30T22:37:09 		0	0	1	0
2012-03-30T22:37:09 575	298254	15718	0.00	0.00	0
2012-03-30T22:37:09 17884927686	17882609406	17390290382	9154	0.00
2012-03-30T22:37:11 0	insert buffer thread	waiting for completed aio requests
2012-03-30T22:37:11 1	log thread	waiting for completed aio requests
2012-03-30T22:37:11 2	read thread	waiting for completed aio requests
2012-03-30T22:37:11 3	read thread	waiting for completed aio requests
2012-03-30T22:37:11 4	read thread	waiting for completed aio requests
2012-03-30T22:37:11 5	read thread	waiting for completed aio requests
2012-03-30T22:37:11 6	write thread	waiting for completed aio requests
2012-03-30T22:37:11 7	write thread	waiting for completed aio requests
2012-03-30T22:37:11 8	write thread	waiting for completed aio requests
2012-03-30T22:37:11 9	write thread	waiting for completed aio requests
2012-03-30T22:37:11 		0	0	0	0
2012-03-30T22:37:11 575	298281	15722	0.00	0.00	0
2012-03-30T22:37:11 17889069168	17886913101	17390290382	9155	0.00
2012-03-30T22:37:13 0	insert buffer thread	waiting for completed aio requests
2012-03-30T22:37:13 1	log thread	waiting for completed aio requests
2012-03-30T22:37:13 2	read thread	waiting for completed aio requests
2012-03-30T22:37:13 3	read thread	waiting for completed aio requests
2012-03-30T22:37:13 4	read thread	waiting for completed aio requests
2012-03-30T22:37:13 5	read thread	waiting for completed aio requests
2012-03-30T22:37:13 6	write thread	waiting for completed aio requests
2012-03-30T22:37:13 7	write thread	waiting for completed aio requests
2012-03-30T22:37:13 8	write thread	waiting for completed aio requests
2012-03-30T22:37:13 9	write thread	waiting for completed aio requests
2012-03-30T22:37:13 		0	0	0	0
2012-03-30T22:37:13 575	298313	15726	0.00	0.00	0
2012-03-30T22:37:13 17892950625	17891466033	17390290382	9157	0.00
2012-03-30T22:37:15 0	insert buffer thread	waiting for completed aio requests
2012-03-30T22:37:15 1	log thread	waiting for completed aio requests
2012-03-30T22:37:15 2	read thread	waiting for completed aio requests
2012-03-30T22:37:15 3	read thread	waiting for completed aio requests
2012-03-30T22:37:15 4	read thread	waiting for completed aio requests
2012-03-30T22:37:15 5	read thread	waiting for completed aio requests
2012-03-30T22:37:15 6	write thread	waiting for completed aio requests
2012-03-30T22:37:15 7	write thread	waiting for completed aio requests
2012-03-30T22:37:15 8	write thread	waiting for completed aio requests
2012-03-30T22:37:15 9	write thread	waiting for completed aio requests
2012-03-30T22:37:15 		0	0	0	0
2012-03-30T22:37:15 575	298354	15732	0.00	0.00	0
2012-03-30T22:37:15 17898533824	17896229722	17390290382	9159	0.00
2012-03-30T22:37:17 0	insert buffer thread	waiting for completed aio requests
2012-03-30T22:37:17 1	log thread	waiting for completed aio requests
2012-03-30T22:37:17 2	read thread	waiting for completed aio requests
2012-03-30T22:37:17 3	read thread	waiting for completed aio requests
2012-03-30T22:37:17 4	read thread	waiting for completed aio requests
2012-03-30T22:37:17 5	read thread	waiting for completed aio requests
2012-03-30T22:37:17 6	write thread	waiting for completed aio requests
2012-03-30T22:37:17 7	write thread	waiting for completed aio requests
2012-03-30T22:37:17 8	write thread	waiting for completed aio requests
2012-03-30T22:37:17 9	write thread	waiting for completed aio requests
2012-03-30T22:37:17 		0	0	0	0
2012-03-30T22:37:17 575	298388	15738	0.00	0.00	0
2012-03-30T22:37:17 17902760343	17900920976	17390290382	9161	0.00
2012-03-30T22:37:19 0	insert buffer thread	waiting for completed aio requests
2012-03-30T22:37:19 1	log thread	waiting for completed aio requests
2012-03-30T22:37:19 2	read thread	waiting for completed aio requests
2012-03-30T22:37:19 3	read thread	waiting for completed aio requests
2012-03-30T22:37:19 4	read thread	waiting for completed aio requests
2012-03-30T22:37:19 5	read thread	waiting for completed aio requests
2012-03-30T22:37:19 6	write thread	waiting for completed aio requests
2012-03-30T22:37:19 7	write thread	waiting for completed aio requests
2012-03-30T22:37:19 8	write thread	waiting for completed aio requests
2012-03-30T22:37:19 9	write thread	waiting for completed aio requests
2012-03-30T22:37:19 		0	0	0	0
2012-03-30T22:37:19 575	299098	15754	0.00	0.00	0
2012-03-30T22:37:19 17906649406	17905027566	17410351291	9169	0.00
2012-03-30T22:37:21 0	insert buffer thread	waiting for completed aio requests
2012-03-30T22:37:21 1	log thread	waiting for completed aio requests
2012-03-30T22:37:21 2	read thread	waiting for completed aio requests
2012-03-30T22:37:21 3	read thread	waiting for completed aio requests
2012-03-30T22:37:21 4	read thread	waiting for completed aio requests
2012-03-30T22:37:21 5	read thread	waiting for completed aio requests
2012-03-30T22:37:21 6	write thread	waiting for completed aio requests
2012-03-30T22:37:21 7	write thread	waiting for completed aio requests
2012-03-30T22:37:21 8	write thread	waiting for completed aio requests
2012-03-30T22:37:21 9	write thread	waiting for completed aio requests
2012-03-30T22:37:21 		0	0	0	0
2012-03-30T22:37:21 575	299128	15759	0.00	0.00	0
2012-03-30T22:37:21 17911383521	17909506094	17410351291	9171	0.00
2012-03-30T22:37:23 0	insert buffer thread	waiting for completed aio requests
2012-03-30T22:37:23 1	log thread	waiting for completed aio requests
2012-03-30T22:37:23 2	read thread	waiting for completed aio requests
2012-03-30T22:37:23 3	read thread	waiting for completed aio requests
2012-03-30T22:37:23 4	read thread	waiting for completed aio requests
2012-03-30T22:37:23 5	read thread	waiting for completed aio requests
2012-03-30T22:37:23 6	write thread	waiting for completed aio requests
2012-03-30T22:37:23 7	write thread	waiting for completed aio requests
2012-03-30T22:37:23 8	write thread	waiting for completed aio requests
2012-03-30T22:37:23 9	write thread	waiting for completed aio requests
2012-03-30T22:37:23 		0	0	0	0
2012-03-30T22:37:23 575	299166	15766	0.00	0.00	0
2012-03-30T22:37:23 17915678012	17914001749	17410351291	9173	0.00
2012-03-30T22:37:25 0	insert buffer thread	waiting for completed aio requests
2012-03-30T22:37:25 1	log thread	waiting for completed aio requests
2012-03-30T22:37:25 2	read thread	waiting for completed aio requests
2012-03-30T22:37:25 3	read thread	waiting for completed aio requests
2012-03-30T22:37:25 4	read thread	waiting for completed aio requests
2012-03-30T22:37:25 5	read thread	waiting for completed aio requests
2012-03-30T22:37:25 6	write thread	waiting for completed aio requests
2012-03-30T22:37:25 7	write thread	waiting for completed aio requests
2012-03-30T22:37:25 8	write thread	waiting for completed aio requests
2012-03-30T22:37:25 9	write thread	waiting for completed aio requests
2012-03-30T22:37:25 		0	0	0	0
2012-03-30T22:37:25 575	299198	15771	0.00	0.00	0
2012-03-30T22:37:25 17919742530	17917279648	17410351291	9175	0.00
2012-03-30T22:37:27 0	insert buffer thread	waiting for completed aio requests
2012-03-30T22:37:27 1	log thread	waiting for completed aio requests
2012-03-30T22:37:27 2	read thread	waiting for completed aio requests
2012-03-30T22:37:27 3	read thread	waiting for completed aio requests
2012-03-30T22:37:27 4	read thread	waiting for completed aio requests
2012-03-30T22:37:27 5	read thread	waiting for completed aio requests
2012-03-30T22:37:27 6	write thread	waiting for completed aio requests
2012-03-30T22:37:27 7	write thread	waiting for completed aio requests
2012-03-30T22:37:27 8	write thread	waiting for completed aio requests
2012-03-30T22:37:27 9	write thread	waiting for completed aio requests
2012-03-30T22:37:27 		0	0	0	0
2012-03-30T22:37:27 575	299246	15779	0.00	0.00	0
2012-03-30T22:37:27 17924836847	17923067140	17410351291	9179	0.00
2012-03-30T22:37:29 0	insert buffer thread	waiting for completed aio requests
2012-03-30T22:37:29 1	log thread	waiting for completed aio requests
2012-03-30T22:37:29 2	read thread	waiting for completed aio requests
2012-03-30T22:37:29 3	read thread	waiting for completed aio requests
2012-03-30T22:37:29 4	read thread	waiting for completed aio requests
2012-03-30T22:37:29 5	read thread	waiting for completed aio requests
2012-03-30T22:37:29 6	write thread	waiting for completed aio requests
2012-03-30T22:37:29 7	write thread	waiting for completed aio requests
2012-03-30T22:37:29 8	write thread	waiting for completed aio requests
2012-03-30T22:37:29 9	write thread	waiting for completed aio requests
2012-03-30T22:37:29 		0	0	0	0
2012-03-30T22:37:29 575	299759	15794	0.00	0.00	0
2012-03-30T22:37:29 17929481107	17928110133	17422767149	9183	0.00
2012-03-30T22:37:31 0	insert buffer thread	waiting for completed aio requests
2012-03-30T22:37:31 1	log thread	waiting for completed aio requests
2012-03-30T22:37:31 2	read thread	waiting for completed aio requests
2012-03-30T22:37:31 3	read thread	waiting for completed aio requests
2012-03-30T22:37:31 4	read thread	waiting for completed aio requests
2012-03-30T22:37:31 5	read thread	waiting for completed aio requests
2012-03-30T22:37:31 6	write thread	waiting for completed aio requests
2012-03-30T22:37:31 7	write thread	waiting for completed aio requests
2012-03-30T22:37:31 8	write thread	waiting for completed aio requests
2012-03-30T22:37:31 9	write thread	waiting for completed aio requests
2012-03-30T22:37:31 		0	0	0	0
2012-03-30T22:37:31 575	299796	15799	0.00	0.00	0
2012-03-30T22:37:31 17933668474	17932496979	17422767149	9186	0.00
2012-03-30T22:37:33 0	insert buffer thread	waiting for completed aio requests
2012-03-30T22:37:33 1	log thread	waiting for completed aio requests
2012-03-30T22:37:33 2	read thread	waiting for completed aio requests
2012-03-30T22:37:33 3	read thread	waiting for completed aio requests
2012-03-30T22:37:33 4	read thread	waiting for completed aio requests
2012-03-30T22:37:33 5	read thread	waiting for completed aio requests
2012-03-30T22:37:33 6	write thread	waiting for completed aio requests
2012-03-30T22:37:33 7	write thread	waiting for completed aio requests
2012-03-30T22:37:33 8	write thread	waiting for completed aio requests
2012-03-30T22:37:33 9	write thread	waiting for completed aio requests
2012-03-30T22:37:33 		0	0	0	0
2012-03-30T22:37:33 575	299841	15804	0.00	0.00	0
2012-03-30T22:37:33 17937748873	17936776466	17422767149	9188	0.00
2012-03-30T22:37:35 0	insert buffer thread	waiting for completed aio requests
2012-03-30T22:37:35 1	log thread	waiting for completed aio requests
2012-03-30T22:37:35 2	read thread	waiting for completed aio requests
2012-03-30T22:37:35 3	read thread	waiting for completed aio requests
2012-03-30T22:37:35 4	read thread	waiting for completed aio requests
2012-03-30T22:37:35 5	read thread	waiting for completed aio requests
2012-03-30T22:37:35 6	write thread	waiting for completed aio requests
2012-03-30T22:37:35 7	write thread	waiting for completed aio requests
2012-03-30T22:37:35 8	write thread	waiting for completed aio requests
2012-03-30T22:37:35 9	write thread	waiting for completed aio requests
2012-03-30T22:37:35 		0	0	0	0
2012-03-30T22:37:35 575	299889	15810	0.00	0.00	0
2012-03-30T22:37:35 17942473334	17941376192	17422767149	9190	0.00
2012-03-30T22:37:37 0	insert buffer thread	waiting for completed aio requests
2012-03-30T22:37:37 1	log thread	waiting for completed aio requests
2012-03-30T22:37:37 2	read thread	waiting for completed aio requests
2012-03-30T22:37:37 3	read thread	waiting for completed aio requests
2012-03-30T22:37:37 4	read thread	waiting for completed aio requests
2012-03-30T22:37:37 5	read thread	waiting for completed aio requests
2012-03-30T22:37:37 6	write thread	waiting for completed aio requests
2012-03-30T22:37:37 7	write thread	waiting for completed aio requests
2012-03-30T22:37:37 8	write thread	waiting for completed aio requests
2012-03-30T22:37:37 9	write thread	waiting for completed aio requests
2012-03-30T22:37:37 		0	0	0	0
2012-03-30T22:37:37 575	299937	15817	0.00	0.00	0
2012-03-30T22:37:37 17946695149	17945625206	17422767149	9192	0.00
2012-03-30T22:37:39 0	insert buffer thread	waiting for completed aio requests
2012-03-30T22:37:39 1	log thread	waiting for completed aio requests
2012-03-30T22:37:39 2	read thread	waiting for completed aio requests
2012-03-30T22:37:39 3	read thread	waiting for completed aio requests
2012-03-30T22:37:39 4	read thread	waiting for completed aio requests
2012-03-30T22:37:39 5	read thread	waiting for completed aio requests
2012-03-30T22:37:39 6	write thread	waiting for completed aio requests
2012-03-30T22:37:39 7	write thread	waiting for completed aio requests
2012-03-30T22:37:39 8	write thread	waiting for completed aio requests
2012-03-30T22:37:39 9	write thread	waiting for completed aio requests
2012-03-30T22:37:39 		0	0	0	0
2012-03-30T22:37:39 575	300284	15826	0.00	0.00	0
2012-03-30T22:37:39 17950980629	17949724816	17434416753	9195	0.00
2012-03-30T22:37:41 0	insert buffer thread	waiting for completed aio requests
2012-03-30T22:37:41 1	log thread	waiting for completed aio requests
2012-03-30T22:37:41 2	read thread	waiting for completed aio requests
2012-03-30T22:37:41 3	read thread	waiting for completed aio requests
2012-03-30T22:37:41 4	read thread	waiting for completed aio requests
2012-03-30T22:37:41 5	read thread	waiting for completed aio requests
2012-03-30T22:37:41 6	write thread	waiting for completed aio requests
2012-03-30T22:37:41 7	write thread	waiting for completed aio requests
2012-03-30T22:37:41 8	write thread	waiting for completed aio requests
2012-03-30T22:37:41 9	write thread	waiting for completed aio requests
2012-03-30T22:37:41 		0	0	0	0
2012-03-30T22:37:41 575	300324	15830	0.00	0.00	0
2012-03-30T22:37:41 17955214180	17953967598	17434416753	9197	0.00
2012-03-30T22:37:43 0	insert buffer thread	waiting for completed aio requests
2012-03-30T22:37:43 1	log thread	waiting for completed aio requests
2012-03-30T22:37:43 2	read thread	waiting for completed aio requests
2012-03-30T22:37:43 3	read thread	waiting for completed aio requests
2012-03-30T22:37:43 4	read thread	waiting for completed aio requests
2012-03-30T22:37:43 5	read thread	waiting for completed aio requests
2012-03-30T22:37:43 6	write thread	waiting for completed aio requests
2012-03-30T22:37:43 7	write thread	waiting for completed aio requests
2012-03-30T22:37:43 8	write thread	waiting for completed aio requests
2012-03-30T22:37:43 9	write thread	waiting for completed aio requests
2012-03-30T22:37:43 		0	0	0	0
2012-03-30T22:37:43 575	300360	15835	0.00	0.00	0
2012-03-30T22:37:43 17957429042	17957429042	17434416753	9199	0.00
2012-03-30T22:37:45 0	insert buffer thread	waiting for completed aio requests
2012-03-30T22:37:45 1	log thread	waiting for completed aio requests
2012-03-30T22:37:45 2	read thread	waiting for completed aio requests
2012-03-30T22:37:45 3	read thread	waiting for completed aio requests
2012-03-30T22:37:45 4	read thread	waiting for completed aio requests
2012-03-30T22:37:45 5	read thread	waiting for completed aio requests
2012-03-30T22:37:45 6	write thread	waiting for completed aio requests
2012-03-30T22:37:45 7	write thread	waiting for completed aio requests
2012-03-30T22:37:45 8	write thread	waiting for completed aio requests
2012-03-30T22:37:45 9	write thread	waiting for completed aio requests
2012-03-30T22:37:45 		0	0	0	0
2012-03-30T22:37:45 575	300386	15839	0.00	0.00	0
2012-03-30T22:37:45 17957581915	17957543299	17434416753	9201	0.00
2012-03-30T22:37:47 0	insert buffer thread	waiting for completed aio requests
2012-03-30T22:37:47 1	log thread	waiting for completed aio requests
2012-03-30T22:37:47 2	read thread	waiting for completed aio requests
2012-03-30T22:37:47 3	read thread	waiting for completed aio requests
2012-03-30T22:37:47 4	read thread	waiting for completed aio requests
2012-03-30T22:37:47 5	read thread	waiting for completed aio requests
2012-03-30T22:37:47 6	write thread	waiting for completed aio requests
2012-03-30T22:37:47 7	write thread	waiting for completed aio requests
2012-03-30T22:37:47 8	write thread	waiting for completed aio requests
2012-03-30T22:37:47 9	write thread	waiting for completed aio requests
2012-03-30T22:37:47 		0	0	0	0
2012-03-30T22:37:47 575	300413	15844	0.00	0.00	0
2012-03-30T22:37:47 17958352580	17957748443	17434416753	9203	0.00
2012-03-30T22:37:49 0	insert buffer thread	waiting for completed aio requests
2012-03-30T22:37:49 1	log thread	waiting for completed aio requests
2012-03-30T22:37:49 2	read thread	waiting for completed aio requests
2012-03-30T22:37:49 3	read thread	waiting for completed aio requests
2012-03-30T22:37:49 4	read thread	waiting for completed aio requests
2012-03-30T22:37:49 5	read thread	waiting for completed aio requests
2012-03-30T22:37:49 6	write thread	waiting for completed aio requests
2012-03-30T22:37:49 7	write thread	waiting for completed aio requests
2012-03-30T22:37:49 8	write thread	waiting for completed aio requests
2012-03-30T22:37:49 9	write thread	waiting for completed aio requests
2012-03-30T22:37:49 		0	0	0	0
2012-03-30T22:37:49 585	301311	15868	0.00	0.00	0
2012-03-30T22:37:49 17962484874	17962484874	17448374243	9217	0.00


