2014-04-14 12:09:01.67581	Active Internet connections (w/o servers)
2014-04-14 12:09:01.67581	Proto Recv-Q Send-Q Local Address               Foreign Address             State       PID/Program name   
2014-04-14 12:09:01.67581	tcp        0      500 host1.localdomain.com:43214 web1.remotedomain.com:https ESTABLISHED 4996/firefox        
2014-04-14 12:09:01.67581	tcp        120      0 host1.localdomain.com:48860 email.localdomain.com:https ESTABLISHED 4996/firefox
2014-04-14 12:09:03.76251	Active Internet connections (w/o servers)
2014-04-14 12:09:03.76251	Proto Recv-Q Send-Q Local Address               Foreign Address             State       PID/Program name   
2014-04-14 12:09:03.76251	tcp        0      200 host1.localdomain.com:43214 web1.remotedomain.com:https ESTABLISHED 4996/firefox        
2014-04-14 12:09:03.76251	tcp        330      0 host1.localdomain.com:48860 email.localdomain.com:https ESTABLISHED 4996/firefox
2014-04-14 12:09:05.84302	Active Internet connections (w/o servers)
2014-04-14 12:09:05.84302	Proto Recv-Q Send-Q Local Address               Foreign Address             State       PID/Program name   
2014-04-14 12:09:05.84302	tcp        0      345 host1.localdomain.com:43214 web1.remotedomain.com:https ESTABLISHED 4996/firefox        
2014-04-14 12:09:05.84302	tcp        440      0 host1.localdomain.com:48860 email.localdomain.com:https ESTABLISHED 4996/firefox   
2014-04-14 12:09:07.91455	Active Internet connections (w/o servers)
2014-04-14 12:09:07.91455	Proto Recv-Q Send-Q Local Address               Foreign Address             State       PID/Program name   
2014-04-14 12:09:07.91455	tcp        0      0 host1.localdomain.com:43214 web1.remotedomain.com:https ESTABLISHED 4996/firefox        
2014-04-14 12:09:07.91455	tcp        1550      0 host1.localdomain.com:48860 email.localdomain.com:https ESTABLISHED 4996/firefox          
2014-04-14 12:09:09.98031	Active Internet connections (w/o servers)
2014-04-14 12:09:09.98031	Proto Recv-Q Send-Q Local Address               Foreign Address             State       PID/Program name   
2014-04-14 12:09:09.98031	tcp        0      564 host1.localdomain.com:43214 web1.remotedomain.com:https ESTABLISHED 4996/firefox        
2014-04-14 12:09:09.98031	tcp        20      0 host1.localdomain.com:48860 email.localdomain.com:https ESTABLISHED 4996/firefox         
2014-04-14 12:09:12.05993	Active Internet connections (w/o servers)
2014-04-14 12:09:12.05993	Proto Recv-Q Send-Q Local Address               Foreign Address             State       PID/Program name   
2014-04-14 12:09:12.05993	tcp        0      234 host1.localdomain.com:43214 web1.remotedomain.com:https ESTABLISHED 4996/firefox        
2014-04-14 12:09:12.05993	tcp        3245      0 host1.localdomain.com:48860 email.localdomain.com:https ESTABLISHED 4996/firefox 
