2013-12-05_12:04:58.68382	MemTotal:       65899332 kB
2013-12-05_12:04:58.68382	MemFree:        49515912 kB
2013-12-05_12:04:58.68382	Buffers:          530296 kB
2013-12-05_12:04:58.68382	Cached:          9349180 kB
2013-12-05_12:04:58.68382	SwapCached:         5100 kB
2013-12-05_12:04:58.68382	Active:          7327612 kB
2013-12-05_12:04:58.68382	Inactive:        6986820 kB
2013-12-05_12:04:58.68382	Active(anon):    4315844 kB
2013-12-05_12:04:58.68382	Inactive(anon):   135312 kB
2013-12-05_12:04:58.68382	Active(file):    3011768 kB
2013-12-05_12:04:58.68382	Inactive(file):  6851508 kB
2013-12-05_12:04:58.68382	Unevictable:           0 kB
2013-12-05_12:04:58.68382	Mlocked:               0 kB
2013-12-05_12:04:58.68382	SwapTotal:      67106808 kB
2013-12-05_12:04:58.68382	SwapFree:       67101620 kB
2013-12-05_12:04:58.68382	Dirty:               632 kB
2013-12-05_12:04:58.68382	Writeback:             0 kB
2013-12-05_12:04:58.68382	AnonPages:       4430148 kB
2013-12-05_12:04:58.68382	Mapped:           207364 kB
2013-12-05_12:04:58.68382	Shmem:             16200 kB
2013-12-05_12:04:58.68382	Slab:            1755984 kB
2013-12-05_12:04:58.68382	SReclaimable:     632924 kB
2013-12-05_12:04:58.68382	SUnreclaim:      1123060 kB
2013-12-05_12:04:58.68382	KernelStack:        9912 kB
2013-12-05_12:04:58.68382	PageTables:        98788 kB
2013-12-05_12:04:58.68382	NFS_Unstable:          0 kB
2013-12-05_12:04:58.68382	Bounce:                0 kB
2013-12-05_12:04:58.68382	WritebackTmp:          0 kB
2013-12-05_12:04:58.68382	CommitLimit:    100056472 kB
2013-12-05_12:04:58.68382	Committed_AS:   12506448 kB
2013-12-05_12:04:58.68382	VmallocTotal:   34359738367 kB
2013-12-05_12:04:58.68382	VmallocUsed:      321912 kB
2013-12-05_12:04:58.68382	VmallocChunk:   34359402292 kB
2013-12-05_12:04:58.68382	HardwareCorrupted:     0 kB
2013-12-05_12:04:58.68382	AnonHugePages:   2168832 kB
2013-12-05_12:04:58.68382	HugePages_Total:       0
2013-12-05_12:04:58.68382	HugePages_Free:        0
2013-12-05_12:04:58.68382	HugePages_Rsvd:        0
2013-12-05_12:04:58.68382	HugePages_Surp:        0
2013-12-05_12:04:58.68382	Hugepagesize:       2048 kB
2013-12-05_12:04:58.68382	DirectMap4k:        6032 kB
2013-12-05_12:04:58.68382	DirectMap2M:     2013184 kB
2013-12-05_12:04:58.68382	DirectMap1G:    65011712 kB
2013-12-05_12:05:21.57984	MemTotal:       65899332 kB
2013-12-05_12:05:21.57984	MemFree:        49514800 kB
2013-12-05_12:05:21.57984	Buffers:          530296 kB
2013-12-05_12:05:21.57984	Cached:          9349168 kB
2013-12-05_12:05:21.57984	SwapCached:         5100 kB
2013-12-05_12:05:21.57984	Active:          7328236 kB
2013-12-05_12:05:21.57984	Inactive:        6986832 kB
2013-12-05_12:05:21.57984	Active(anon):    4316464 kB
2013-12-05_12:05:21.57984	Inactive(anon):   135324 kB
2013-12-05_12:05:21.57984	Active(file):    3011772 kB
2013-12-05_12:05:21.57984	Inactive(file):  6851508 kB
2013-12-05_12:05:21.57984	Unevictable:           0 kB
2013-12-05_12:05:21.57984	Mlocked:               0 kB
2013-12-05_12:05:21.57984	SwapTotal:      67106808 kB
2013-12-05_12:05:21.57984	SwapFree:       67101620 kB
2013-12-05_12:05:21.57984	Dirty:               384 kB
2013-12-05_12:05:21.57984	Writeback:            48 kB
2013-12-05_12:05:21.57984	AnonPages:       4430800 kB
2013-12-05_12:05:21.57984	Mapped:           207336 kB
2013-12-05_12:05:21.57984	Shmem:             16180 kB
2013-12-05_12:05:21.57984	Slab:            1755880 kB
2013-12-05_12:05:21.57984	SReclaimable:     632924 kB
2013-12-05_12:05:21.57984	SUnreclaim:      1122956 kB
2013-12-05_12:05:21.57984	KernelStack:        9920 kB
2013-12-05_12:05:21.57984	PageTables:        98848 kB
2013-12-05_12:05:21.57984	NFS_Unstable:          0 kB
2013-12-05_12:05:21.57984	Bounce:                0 kB
2013-12-05_12:05:21.57984	WritebackTmp:          0 kB
2013-12-05_12:05:21.57984	CommitLimit:    100056472 kB
2013-12-05_12:05:21.57984	Committed_AS:   12517760 kB
2013-12-05_12:05:21.57984	VmallocTotal:   34359738367 kB
2013-12-05_12:05:21.57984	VmallocUsed:      321912 kB
2013-12-05_12:05:21.57984	VmallocChunk:   34359402292 kB
2013-12-05_12:05:21.57984	HardwareCorrupted:     0 kB
2013-12-05_12:05:21.57984	AnonHugePages:   2168832 kB
2013-12-05_12:05:21.57984	HugePages_Total:       0
2013-12-05_12:05:21.57984	HugePages_Free:        0
2013-12-05_12:05:21.57984	HugePages_Rsvd:        0
2013-12-05_12:05:21.57984	HugePages_Surp:        0
2013-12-05_12:05:21.57984	Hugepagesize:       2048 kB
2013-12-05_12:05:21.57984	DirectMap4k:        6032 kB
2013-12-05_12:05:21.57984	DirectMap2M:     2013184 kB
2013-12-05_12:05:21.57984	DirectMap1G:    65011712 kB
2013-12-05_12:05:28.32388	MemTotal:       65899332 kB
2013-12-05_12:05:28.32388	MemFree:        49514552 kB
2013-12-05_12:05:28.32388	Buffers:          530296 kB
2013-12-05_12:05:28.32388	Cached:          9349176 kB
2013-12-05_12:05:28.32388	SwapCached:         5100 kB
2013-12-05_12:05:28.32388	Active:          7328364 kB
2013-12-05_12:05:28.32388	Inactive:        6986840 kB
2013-12-05_12:05:28.32388	Active(anon):    4316592 kB
2013-12-05_12:05:28.32388	Inactive(anon):   135324 kB
2013-12-05_12:05:28.32388	Active(file):    3011772 kB
2013-12-05_12:05:28.32388	Inactive(file):  6851516 kB
2013-12-05_12:05:28.32388	Unevictable:           0 kB
2013-12-05_12:05:28.32388	Mlocked:               0 kB
2013-12-05_12:05:28.32388	SwapTotal:      67106808 kB
2013-12-05_12:05:28.32388	SwapFree:       67101620 kB
2013-12-05_12:05:28.32388	Dirty:               696 kB
2013-12-05_12:05:28.32388	Writeback:             0 kB
2013-12-05_12:05:28.32388	AnonPages:       4430908 kB
2013-12-05_12:05:28.32388	Mapped:           207340 kB
2013-12-05_12:05:28.32388	Shmem:             16184 kB
2013-12-05_12:05:28.32388	Slab:            1755864 kB
2013-12-05_12:05:28.32388	SReclaimable:     632924 kB
2013-12-05_12:05:28.32388	SUnreclaim:      1122940 kB
2013-12-05_12:05:28.32388	KernelStack:        9920 kB
2013-12-05_12:05:28.32388	PageTables:        98848 kB
2013-12-05_12:05:28.32388	NFS_Unstable:          0 kB
2013-12-05_12:05:28.32388	Bounce:                0 kB
2013-12-05_12:05:28.32388	WritebackTmp:          0 kB
2013-12-05_12:05:28.32388	CommitLimit:    100056472 kB
2013-12-05_12:05:28.32388	Committed_AS:   12517868 kB
2013-12-05_12:05:28.32388	VmallocTotal:   34359738367 kB
2013-12-05_12:05:28.32388	VmallocUsed:      321912 kB
2013-12-05_12:05:28.32388	VmallocChunk:   34359402292 kB
2013-12-05_12:05:28.32388	HardwareCorrupted:     0 kB
2013-12-05_12:05:28.32388	AnonHugePages:   2168832 kB
2013-12-05_12:05:28.32388	HugePages_Total:       0
2013-12-05_12:05:28.32388	HugePages_Free:        0
2013-12-05_12:05:28.32388	HugePages_Rsvd:        0
2013-12-05_12:05:28.32388	HugePages_Surp:        0
2013-12-05_12:05:28.32388	Hugepagesize:       2048 kB
2013-12-05_12:05:28.32388	DirectMap4k:        6032 kB
2013-12-05_12:05:28.32388	DirectMap2M:     2013184 kB
2013-12-05_12:05:28.32388	DirectMap1G:    65011712 kB
2013-12-05_12:05:33.33203	MemTotal:       65899332 kB
2013-12-05_12:05:33.33203	MemFree:        49514452 kB
2013-12-05_12:05:33.33203	Buffers:          530296 kB
2013-12-05_12:05:33.33203	Cached:          9349176 kB
2013-12-05_12:05:33.33203	SwapCached:         5100 kB
2013-12-05_12:05:33.33203	Active:          7328388 kB
2013-12-05_12:05:33.33203	Inactive:        6986840 kB
2013-12-05_12:05:33.33203	Active(anon):    4316608 kB
2013-12-05_12:05:33.33203	Inactive(anon):   135332 kB
2013-12-05_12:05:33.33203	Active(file):    3011780 kB
2013-12-05_12:05:33.33203	Inactive(file):  6851508 kB
2013-12-05_12:05:33.33203	Unevictable:           0 kB
2013-12-05_12:05:33.33203	Mlocked:               0 kB
2013-12-05_12:05:33.33203	SwapTotal:      67106808 kB
2013-12-05_12:05:33.33203	SwapFree:       67101620 kB
2013-12-05_12:05:33.33203	Dirty:               768 kB
2013-12-05_12:05:33.33203	Writeback:             0 kB
2013-12-05_12:05:33.33203	AnonPages:       4430996 kB
2013-12-05_12:05:33.33203	Mapped:           207340 kB
2013-12-05_12:05:33.33203	Shmem:             16184 kB
2013-12-05_12:05:33.33203	Slab:            1755840 kB
2013-12-05_12:05:33.33203	SReclaimable:     632924 kB
2013-12-05_12:05:33.33203	SUnreclaim:      1122916 kB
2013-12-05_12:05:33.33203	KernelStack:        9912 kB
2013-12-05_12:05:33.33203	PageTables:        98872 kB
2013-12-05_12:05:33.33203	NFS_Unstable:          0 kB
2013-12-05_12:05:33.33203	Bounce:                0 kB
2013-12-05_12:05:33.33203	WritebackTmp:          0 kB
2013-12-05_12:05:33.33203	CommitLimit:    100056472 kB
2013-12-05_12:05:33.33203	Committed_AS:   12507616 kB
2013-12-05_12:05:33.33203	VmallocTotal:   34359738367 kB
2013-12-05_12:05:33.33203	VmallocUsed:      321912 kB
2013-12-05_12:05:33.33203	VmallocChunk:   34359402292 kB
2013-12-05_12:05:33.33203	HardwareCorrupted:     0 kB
2013-12-05_12:05:33.33203	AnonHugePages:   2168832 kB
2013-12-05_12:05:33.33203	HugePages_Total:       0
2013-12-05_12:05:33.33203	HugePages_Free:        0
2013-12-05_12:05:33.33203	HugePages_Rsvd:        0
2013-12-05_12:05:33.33203	HugePages_Surp:        0
2013-12-05_12:05:33.33203	Hugepagesize:       2048 kB
2013-12-05_12:05:33.33203	DirectMap4k:        6032 kB
2013-12-05_12:05:33.33203	DirectMap2M:     2013184 kB
2013-12-05_12:05:33.33203	DirectMap1G:    65011712 kB
2013-12-05_12:05:36.13984	MemTotal:       65899332 kB
2013-12-05_12:05:36.13984	MemFree:        49514328 kB
2013-12-05_12:05:36.13984	Buffers:          530296 kB
2013-12-05_12:05:36.13984	Cached:          9349188 kB
2013-12-05_12:05:36.13984	SwapCached:         5100 kB
2013-12-05_12:05:36.13984	Active:          7328504 kB
2013-12-05_12:05:36.13984	Inactive:        6986848 kB
2013-12-05_12:05:36.13984	Active(anon):    4316724 kB
2013-12-05_12:05:36.13984	Inactive(anon):   135336 kB
2013-12-05_12:05:36.13984	Active(file):    3011780 kB
2013-12-05_12:05:36.13984	Inactive(file):  6851512 kB
2013-12-05_12:05:36.13984	Unevictable:           0 kB
2013-12-05_12:05:36.13984	Mlocked:               0 kB
2013-12-05_12:05:36.13984	SwapTotal:      67106808 kB
2013-12-05_12:05:36.13984	SwapFree:       67101620 kB
2013-12-05_12:05:36.13984	Dirty:               920 kB
2013-12-05_12:05:36.13984	Writeback:             0 kB
2013-12-05_12:05:36.13984	AnonPages:       4431032 kB
2013-12-05_12:05:36.13984	Mapped:           207344 kB
2013-12-05_12:05:36.13984	Shmem:             16188 kB
2013-12-05_12:05:36.13984	Slab:            1755856 kB
2013-12-05_12:05:36.13984	SReclaimable:     632928 kB
2013-12-05_12:05:36.13984	SUnreclaim:      1122928 kB
2013-12-05_12:05:36.13984	KernelStack:        9912 kB
2013-12-05_12:05:36.13984	PageTables:        98848 kB
2013-12-05_12:05:36.13984	NFS_Unstable:          0 kB
2013-12-05_12:05:36.13984	Bounce:                0 kB
2013-12-05_12:05:36.13984	WritebackTmp:          0 kB
2013-12-05_12:05:36.13984	CommitLimit:    100056472 kB
2013-12-05_12:05:36.13984	Committed_AS:   12507616 kB
2013-12-05_12:05:36.13984	VmallocTotal:   34359738367 kB
2013-12-05_12:05:36.13984	VmallocUsed:      321912 kB
2013-12-05_12:05:36.13984	VmallocChunk:   34359402292 kB
2013-12-05_12:05:36.13984	HardwareCorrupted:     0 kB
2013-12-05_12:05:36.13984	AnonHugePages:   2168832 kB
2013-12-05_12:05:36.13984	HugePages_Total:       0
2013-12-05_12:05:36.13984	HugePages_Free:        0
2013-12-05_12:05:36.13984	HugePages_Rsvd:        0
2013-12-05_12:05:36.13984	HugePages_Surp:        0
2013-12-05_12:05:36.13984	Hugepagesize:       2048 kB
2013-12-05_12:05:36.13984	DirectMap4k:        6032 kB
2013-12-05_12:05:36.13984	DirectMap2M:     2013184 kB
2013-12-05_12:05:36.13984	DirectMap1G:    65011712 kB
