2012-03-30T22:34:30 cmd	mysql_thread_id	state	user	hostname	db	time	info
2012-03-30T22:34:34 Query	318	freeing items	espresso	localhost	es_ucp_1	00:00	USE `es_ucp_1`
2012-03-30T22:34:36 Query	367	Writing to net	espresso	localhost	es_ucp_0	00:00	USE `es_ucp_0`
2012-03-30T22:34:38 Query	211	update	espresso	localhost	es_ucp_1	00:00	INSERT INTO `ActivityEvent` (`id`,etag, timestamp, val, schema_version) VALUES('413171694','689198529',1333146878895,_binary[BINARY],1) ON DUPLICATE KEY UPDATE etag= '689198529', timestamp = 1333146878895, val = _binary[BINARY], schema_version = 1
2012-03-30T22:34:38 Query	226	update	espresso	localhost	es_ucp_1	00:00	INSERT INTO `ActivityEvent` (`id`,etag, timestamp, val, schema_version) VALUES('413171881','1775669359',1333146878933,_binary[BINARY],1) ON DUPLICATE KEY UPDATE etag= '1775669359', timestamp = 1333146878933, val = _binary[BINARY], schema_version = 1
2012-03-30T22:34:38 Query	228	update	espresso	localhost	es_ucp_1	00:00	INSERT INTO `ActivityEvent` (`id`,etag, timestamp, val, schema_version) VALUES('413171687','3629787957',1333146878894,_binary[BINARY],1) ON DUPLICATE KEY UPDATE etag= '3629787957', timestamp = 1333146878894, val = _binary[BINARY], schema_version = 1
2012-03-30T22:34:38 Query	245		espresso	localhost	es_ucp_3	00:00	commit
2012-03-30T22:34:38 Query	258	update	espresso	localhost	es_ucp_1	00:00	INSERT INTO `ActivityEvent` (`id`,etag, timestamp, val, schema_version) VALUES('413171908','2198168518',1333146878938,_binary[BINARY],1) ON DUPLICATE KEY UPDATE etag= '2198168518', timestamp = 1333146878938, val = _binary[BINARY], schema_version = 1
2012-03-30T22:34:38 Query	283		espresso	localhost	es_ucp_0	00:00	commit
2012-03-30T22:34:38 Query	295	update	espresso	localhost	es_ucp_1	00:00	INSERT INTO `ActivityEvent` (`id`,etag, timestamp, val, schema_version) VALUES('413171816','4172398674',1333146878920,_binary[BINARY],1) ON DUPLICATE KEY UPDATE etag= '4172398674', timestamp = 1333146878920, val = _binary[BINARY], schema_version = 1
2012-03-30T22:34:38 Query	300	update	espresso	localhost	es_ucp_1	00:00	INSERT INTO `ActivityEvent` (`id`,etag, timestamp, val, schema_version) VALUES('413171896','2552569008',1333146878936,_binary[BINARY],1) ON DUPLICATE KEY UPDATE etag= '2552569008', timestamp = 1333146878936, val = _binary[BINARY], schema_version = 1
2012-03-30T22:34:38 Query	302	update	espresso	localhost	es_ucp_1	00:00	INSERT INTO `ActivityEvent` (`id`,etag, timestamp, val, schema_version) VALUES('413171852','2326010308',1333146878927,_binary[BINARY],1) ON DUPLICATE KEY UPDATE etag= '2326010308', timestamp = 1333146878927, val = _binary[BINARY], schema_version = 1
2012-03-30T22:34:38 Query	309	update	espresso	localhost	es_ucp_1	00:00	INSERT INTO `ActivityEvent` (`id`,etag, timestamp, val, schema_version) VALUES('413171922','3699936835',1333146878941,_binary[BINARY],1) ON DUPLICATE KEY UPDATE etag= '3699936835', timestamp = 1333146878941, val = _binary[BINARY], schema_version = 1
2012-03-30T22:34:38 Query	310	update	espresso	localhost	es_ucp_1	00:00	INSERT INTO `ActivityEvent` (`id`,etag, timestamp, val, schema_version) VALUES('413171870','3917545164',1333146878932,_binary[BINARY],1) ON DUPLICATE KEY UPDATE etag= '3917545164', timestamp = 1333146878932, val = _binary[BINARY], schema_version = 1
2012-03-30T22:34:38 Query	313	update	espresso	localhost	es_ucp_1	00:00	INSERT INTO `ActivityEvent` (`id`,etag, timestamp, val, schema_version) VALUES('413171672','3619414365',1333146878891,_binary[BINARY],1) ON DUPLICATE KEY UPDATE etag= '3619414365', timestamp = 1333146878891, val = _binary[BINARY], schema_version = 1
2012-03-30T22:34:38 Query	318		espresso	localhost	es_ucp_0	00:00	commit
2012-03-30T22:34:38 Query	320	update	espresso	localhost	es_ucp_1	00:00	INSERT INTO `ActivityEvent` (`id`,etag, timestamp, val, schema_version) VALUES('413171711','2999358209',1333146878900,_binary[BINARY],1) ON DUPLICATE KEY UPDATE etag= '2999358209', timestamp = 1333146878900, val = _binary[BINARY], schema_version = 1
2012-03-30T22:34:38 Query	321		espresso	localhost	es_ucp_2	00:00	commit
2012-03-30T22:34:38 Query	323	update	espresso	localhost	es_ucp_1	00:00	INSERT INTO `ActivityEvent` (`id`,etag, timestamp, val, schema_version) VALUES('413171809','611350257',1333146878919,_binary[BINARY],1) ON DUPLICATE KEY UPDATE etag= '611350257', timestamp = 1333146878919, val = _binary[BINARY], schema_version = 1
2012-03-30T22:34:38 Query	328	update	espresso	localhost	es_ucp_1	00:00	INSERT INTO `ActivityEvent` (`id`,etag, timestamp, val, schema_version) VALUES('413171889','3277232352',1333146878934,_binary[BINARY],1) ON DUPLICATE KEY UPDATE etag= '3277232352', timestamp = 1333146878934, val = _binary[BINARY], schema_version = 1
2012-03-30T22:34:38 Query	330		espresso	localhost	es_ucp_2	00:00	commit
2012-03-30T22:34:38 Query	331	update	espresso	localhost	es_ucp_1	00:00	INSERT INTO `ActivityEvent` (`id`,etag, timestamp, val, schema_version) VALUES('413171863','264806307',1333146878929,_binary[BINARY],1) ON DUPLICATE KEY UPDATE etag= '264806307', timestamp = 1333146878929, val = _binary[BINARY], schema_version = 1
2012-03-30T22:34:38 Query	332		espresso	localhost	es_ucp_0	00:00	commit
2012-03-30T22:34:38 Query	333	update	espresso	localhost	es_ucp_1	00:00	INSERT INTO `ActivityEvent` (`id`,etag, timestamp, val, schema_version) VALUES('413171760','1652090719',1333146878909,_binary[BINARY],1) ON DUPLICATE KEY UPDATE etag= '1652090719', timestamp = 1333146878909, val = _binary[BINARY], schema_version = 1
2012-03-30T22:34:38 Query	335		espresso	localhost	es_ucp_3	00:00	commit
2012-03-30T22:34:38 Query	336	update	espresso	localhost	es_ucp_1	00:00	INSERT INTO `ActivityEvent` (`id`,etag, timestamp, val, schema_version) VALUES('413171768','1753771343',1333146878911,_binary[BINARY],1) ON DUPLICATE KEY UPDATE etag= '1753771343', timestamp = 1333146878911, val = _binary[BINARY], schema_version = 1
2012-03-30T22:34:38 Query	337	update	espresso	localhost	es_ucp_1	00:00	INSERT INTO `ActivityEvent` (`id`,etag, timestamp, val, schema_version) VALUES('413171719','4002432195',1333146878900,_binary[BINARY],1) ON DUPLICATE KEY UPDATE etag= '4002432195', timestamp = 1333146878900, val = _binary[BINARY], schema_version = 1
2012-03-30T22:34:38 Query	338	update	espresso	localhost	es_ucp_1	00:00	INSERT INTO `ActivityEvent` (`id`,etag, timestamp, val, schema_version) VALUES('413171755','1690117201',1333146878908,_binary[BINARY],1) ON DUPLICATE KEY UPDATE etag= '1690117201', timestamp = 1333146878908, val = _binary[BINARY], schema_version = 1
2012-03-30T22:34:38 Query	339	update	espresso	localhost	es_ucp_1	00:00	INSERT INTO `ActivityEvent` (`id`,etag, timestamp, val, schema_version) VALUES('413171786','3726422620',1333146878914,_binary[BINARY],1) ON DUPLICATE KEY UPDATE etag= '3726422620', timestamp = 1333146878914, val = _binary[BINARY], schema_version = 1
2012-03-30T22:34:38 Query	340	update	espresso	localhost	es_ucp_1	00:00	INSERT INTO `ActivityEvent` (`id`,etag, timestamp, val, schema_version) VALUES('413171935','3619414365',1333146878949,_binary[BINARY],1) ON DUPLICATE KEY UPDATE etag= '3619414365', timestamp = 1333146878949, val = _binary[BINARY], schema_version = 1
2012-03-30T22:34:38 Query	345		espresso	localhost	es_ucp_2	00:00	commit
2012-03-30T22:34:38 Query	346		espresso	localhost	es_ucp_0	00:00	commit
2012-03-30T22:34:38 Query	348		espresso	localhost	es_ucp_3	00:00	commit
2012-03-30T22:34:38 Query	356	update	espresso	localhost	es_ucp_1	00:00	INSERT INTO `ActivityEvent` (`id`,etag, timestamp, val, schema_version) VALUES('413171742','860976615',1333146878905,_binary[BINARY],1) ON DUPLICATE KEY UPDATE etag= '860976615', timestamp = 1333146878905, val = _binary[BINARY], schema_version = 1
2012-03-30T22:34:38 Query	357		espresso	localhost	es_ucp_3	00:00	commit
2012-03-30T22:34:38 Query	358		espresso	localhost	es_ucp_0	00:00	commit
2012-03-30T22:34:38 Query	360	update	espresso	localhost	es_ucp_1	00:00	INSERT INTO `ActivityEvent` (`id`,etag, timestamp, val, schema_version) VALUES('413171665','1667773615',1333146878890,_binary[BINARY],1) ON DUPLICATE KEY UPDATE etag= '1667773615', timestamp = 1333146878890, val = _binary[BINARY], schema_version = 1
2012-03-30T22:34:38 Query	361	update	espresso	localhost	es_ucp_1	00:00	INSERT INTO `ActivityEvent` (`id`,etag, timestamp, val, schema_version) VALUES('413171737','4112177763',1333146878904,_binary[BINARY],1) ON DUPLICATE KEY UPDATE etag= '4112177763', timestamp = 1333146878904, val = _binary[BINARY], schema_version = 1
2012-03-30T22:34:38 Query	362	update	espresso	localhost	es_ucp_1	00:00	INSERT INTO `ActivityEvent` (`id`,etag, timestamp, val, schema_version) VALUES('413171827','3400569518',1333146878922,_binary[BINARY],1) ON DUPLICATE KEY UPDATE etag= '3400569518', timestamp = 1333146878922, val = _binary[BINARY], schema_version = 1
2012-03-30T22:34:38 Query	363	update	espresso	localhost	es_ucp_1	00:00	INSERT INTO `ActivityEvent` (`id`,etag, timestamp, val, schema_version) VALUES('413171773','171372235',1333146878911,_binary[BINARY],1) ON DUPLICATE KEY UPDATE etag= '171372235', timestamp = 1333146878911, val = _binary[BINARY], schema_version = 1
2012-03-30T22:34:38 Query	365	update	espresso	localhost	es_ucp_1	00:00	INSERT INTO `ActivityEvent` (`id`,etag, timestamp, val, schema_version) VALUES('413171799','2067376138',1333146878916,_binary[BINARY],1) ON DUPLICATE KEY UPDATE etag= '2067376138', timestamp = 1333146878916, val = _binary[BINARY], schema_version = 1
2012-03-30T22:34:38 Query	366	update	espresso	localhost	es_ucp_1	00:00	INSERT INTO `ActivityEvent` (`id`,etag, timestamp, val, schema_version) VALUES('413171878','2112272375',1333146878933,_binary[BINARY],1) ON DUPLICATE KEY UPDATE etag= '2112272375', timestamp = 1333146878933, val = _binary[BINARY], schema_version = 1
2012-03-30T22:34:38 Query	367	update	espresso	localhost	es_ucp_1	00:00	INSERT INTO `ActivityEvent` (`id`,etag, timestamp, val, schema_version) VALUES('413171845','409243094',1333146878926,_binary[BINARY],1) ON DUPLICATE KEY UPDATE etag= '409243094', timestamp = 1333146878926, val = _binary[BINARY], schema_version = 1
2012-03-30T22:34:38 Query	368	update	espresso	localhost	es_ucp_1	00:00	INSERT INTO `ActivityEvent` (`id`,etag, timestamp, val, schema_version) VALUES('413171801','347677650',1333146878917,_binary[BINARY],1) ON DUPLICATE KEY UPDATE etag= '347677650', timestamp = 1333146878917, val = _binary[BINARY], schema_version = 1
2012-03-30T22:34:38 Query	369	update	espresso	localhost	es_ucp_1	00:00	INSERT INTO `ActivityEvent` (`id`,etag, timestamp, val, schema_version) VALUES('413171724','820200801',1333146878901,_binary[BINARY],1) ON DUPLICATE KEY UPDATE etag= '820200801', timestamp = 1333146878901, val = _binary[BINARY], schema_version = 1
2012-03-30T22:34:38 Query	371		espresso	localhost	es_ucp_3	00:00	commit
2012-03-30T22:34:38 Query	372		espresso	localhost	es_ucp_2	00:00	commit
2012-03-30T22:34:38 Query	373	update	espresso	localhost	es_ucp_1	00:00	INSERT INTO `ActivityEvent` (`id`,etag, timestamp, val, schema_version) VALUES('413171791','1742169740',1333146878915,_binary[BINARY],1) ON DUPLICATE KEY UPDATE etag= '1742169740', timestamp = 1333146878915, val = _binary[BINARY], schema_version = 1
2012-03-30T22:34:38 Query	374	update	espresso	localhost	es_ucp_1	00:00	INSERT INTO `ActivityEvent` (`id`,etag, timestamp, val, schema_version) VALUES('413171913','3631561404',1333146878939,_binary[BINARY],1) ON DUPLICATE KEY UPDATE etag= '3631561404', timestamp = 1333146878939, val = _binary[BINARY], schema_version = 1
2012-03-30T22:34:38 Query	375		espresso	localhost	es_ucp_0	00:00	commit
2012-03-30T22:34:38 Query	377	update	espresso	localhost	es_ucp_1	00:00	INSERT INTO `ActivityEvent` (`id`,etag, timestamp, val, schema_version) VALUES('413171900','703691425',1333146878937,_binary[BINARY],1) ON DUPLICATE KEY UPDATE etag= '703691425', timestamp = 1333146878937, val = _binary[BINARY], schema_version = 1
2012-03-30T22:34:38 Query	378	update	espresso	localhost	es_ucp_1	00:00	INSERT INTO `ActivityEvent` (`id`,etag, timestamp, val, schema_version) VALUES('413171834','335307130',1333146878923,_binary[BINARY],1) ON DUPLICATE KEY UPDATE etag= '335307130', timestamp = 1333146878923, val = _binary[BINARY], schema_version = 1
2012-03-30T22:34:38 Query	389	update	espresso	localhost	es_ucp_1	00:00	INSERT INTO `ActivityEvent` (`id`,etag, timestamp, val, schema_version) VALUES('413171706','2894807651',1333146878899,_binary[BINARY],1) ON DUPLICATE KEY UPDATE etag= '2894807651', timestamp = 1333146878899, val = _binary[BINARY], schema_version = 1
2012-03-30T22:34:42 Query	348	update	espresso	localhost	es_ucp_2	00:00	INSERT INTO `ActivityEvent` (`id`,etag, timestamp, val, schema_version) VALUES('413192072','1947015385',1333146882976,_binary[BINARY],1) ON DUPLICATE KEY UPDATE etag= '1947015385', timestamp = 1333146882976, val = _binary[BINARY], schema_version = 1
2012-03-30T22:34:44 Query	374		espresso	localhost	es_ucp_1	00:00	SET autocommit=1
2012-03-30T22:34:49 Query	283	update	espresso	localhost	es_ucp_0	00:01	INSERT INTO `ActivityEvent` (`id`,etag, timestamp, val, schema_version) VALUES('413221785','2421659098',1333146888996,_binary[BINARY],1) ON DUPLICATE KEY UPDATE etag= '2421659098', timestamp = 1333146888996, val = _binary[BINARY], schema_version = 1
2012-03-30T22:34:49 Query	330	update	espresso	localhost	es_ucp_0	00:01	INSERT INTO `ActivityEvent` (`id`,etag, timestamp, val, schema_version) VALUES('413221770','3406998464',1333146888995,_binary[BINARY],1) ON DUPLICATE KEY UPDATE etag= '3406998464', timestamp = 1333146888995, val = _binary[BINARY], schema_version = 1
2012-03-30T22:34:49 Query	358	update	espresso	localhost	es_ucp_0	00:01	INSERT INTO `ActivityEvent` (`id`,etag, timestamp, val, schema_version) VALUES('413221792','470518926',1333146888998,_binary[BINARY],1) ON DUPLICATE KEY UPDATE etag= '470518926', timestamp = 1333146888998, val = _binary[BINARY], schema_version = 1
2012-03-30T22:34:49 Query	372	update	espresso	localhost	es_ucp_0	00:01	INSERT INTO `ActivityEvent` (`id`,etag, timestamp, val, schema_version) VALUES('413221778','1964176226',1333146888996,_binary[BINARY],1) ON DUPLICATE KEY UPDATE etag= '1964176226', timestamp = 1333146888996, val = _binary[BINARY], schema_version = 1
2012-03-30T22:34:49 Query	320	update	espresso	localhost	es_ucp_0	00:00	INSERT INTO `ActivityEvent` (`id`,etag, timestamp, val, schema_version) VALUES('413221802','3794538814',1333146889000,_binary[BINARY],1) ON DUPLICATE KEY UPDATE etag= '3794538814', timestamp = 1333146889000, val = _binary[BINARY], schema_version = 1
2012-03-30T22:34:49 Query	336	update	espresso	localhost	es_ucp_0	00:00	INSERT INTO `ActivityEvent` (`id`,etag, timestamp, val, schema_version) VALUES('413221815','1184181065',1333146889001,_binary[BINARY],1) ON DUPLICATE KEY UPDATE etag= '1184181065', timestamp = 1333146889001, val = _binary[BINARY], schema_version = 1
2012-03-30T22:34:49 Query	368		espresso	localhost	es_ucp_3	00:00	SET autocommit=1
2012-03-30T22:34:49 Query	369	Writing to net	espresso	localhost	es_ucp_2	00:00	SET autocommit=0
2012-03-30T22:34:53 Query	258	update	espresso	localhost	es_ucp_0	00:00	INSERT INTO `ActivityEvent` (`id`,etag, timestamp, val, schema_version) VALUES('413240555','3000923791',1333146893008,_binary[BINARY],1) ON DUPLICATE KEY UPDATE etag= '3000923791', timestamp = 1333146893008, val = _binary[BINARY], schema_version = 1
2012-03-30T22:34:53 Query	309	update	espresso	localhost	es_ucp_0	00:00	INSERT INTO `ActivityEvent` (`id`,etag, timestamp, val, schema_version) VALUES('413240533','826065130',1333146893001,_binary[BINARY],1) ON DUPLICATE KEY UPDATE etag= '826065130', timestamp = 1333146893001, val = _binary[BINARY], schema_version = 1
2012-03-30T22:34:53 Query	321	update	espresso	localhost	es_ucp_0	00:00	INSERT INTO `ActivityEvent` (`id`,etag, timestamp, val, schema_version) VALUES('413240528','548731869',1333146893001,_binary[BINARY],1) ON DUPLICATE KEY UPDATE etag= '548731869', timestamp = 1333146893001, val = _binary[BINARY], schema_version = 1
2012-03-30T22:34:53 Query	323	update	espresso	localhost	es_ucp_0	00:00	INSERT INTO `ActivityEvent` (`id`,etag, timestamp, val, schema_version) VALUES('413240519','2862839107',1333146892999,_binary[BINARY],1) ON DUPLICATE KEY UPDATE etag= '2862839107', timestamp = 1333146892999, val = _binary[BINARY], schema_version = 1
2012-03-30T22:34:53 Query	335	update	espresso	localhost	es_ucp_0	00:00	INSERT INTO `ActivityEvent` (`id`,etag, timestamp, val, schema_version) VALUES('413240542','2365543113',1333146893004,_binary[BINARY],1) ON DUPLICATE KEY UPDATE etag= '2365543113', timestamp = 1333146893004, val = _binary[BINARY], schema_version = 1
2012-03-30T22:34:53 Query	339	update	espresso	localhost	es_ucp_0	00:00	INSERT INTO `ActivityEvent` (`id`,etag, timestamp, val, schema_version) VALUES('413240520','1988764765',1333146892999,_binary[BINARY],1) ON DUPLICATE KEY UPDATE etag= '1988764765', timestamp = 1333146892999, val = _binary[BINARY], schema_version = 1
2012-03-30T22:34:53 Query	356	update	espresso	localhost	es_ucp_0	00:00	INSERT INTO `ActivityEvent` (`id`,etag, timestamp, val, schema_version) VALUES('413240586','4014836257',1333146893015,_binary[BINARY],1) ON DUPLICATE KEY UPDATE etag= '4014836257', timestamp = 1333146893015, val = _binary[BINARY], schema_version = 1
2012-03-30T22:34:53 Query	366	update	espresso	localhost	es_ucp_0	00:00	INSERT INTO `ActivityEvent` (`id`,etag, timestamp, val, schema_version) VALUES('413240564','1754786864',1333146893011,_binary[BINARY],1) ON DUPLICATE KEY UPDATE etag= '1754786864', timestamp = 1333146893011, val = _binary[BINARY], schema_version = 1
2012-03-30T22:34:53 Query	368	update	espresso	localhost	es_ucp_0	00:00	INSERT INTO `ActivityEvent` (`id`,etag, timestamp, val, schema_version) VALUES('413240591','4258532894',1333146893016,_binary[BINARY],1) ON DUPLICATE KEY UPDATE etag= '4258532894', timestamp = 1333146893016, val = _binary[BINARY], schema_version = 1
2012-03-30T22:34:53 Query	375	update	espresso	localhost	es_ucp_0	00:00	INSERT INTO `ActivityEvent` (`id`,etag, timestamp, val, schema_version) VALUES('413240577','1242415807',1333146893013,_binary[BINARY],1) ON DUPLICATE KEY UPDATE etag= '1242415807', timestamp = 1333146893013, val = _binary[BINARY], schema_version = 1
2012-03-30T22:34:55 Query	245	update	espresso	localhost	es_ucp_2	00:00	INSERT INTO `ActivityEvent` (`id`,etag, timestamp, val, schema_version) VALUES('413252176','4050303395',1333146895018,_binary[BINARY],1) ON DUPLICATE KEY UPDATE etag= '4050303395', timestamp = 1333146895018, val = _binary[BINARY], schema_version = 1
2012-03-30T22:34:55 Query	300	update	espresso	localhost	es_ucp_2	00:00	INSERT INTO `ActivityEvent` (`id`,etag, timestamp, val, schema_version) VALUES('413252208','1886236794',1333146895023,_binary[BINARY],1) ON DUPLICATE KEY UPDATE etag= '1886236794', timestamp = 1333146895023, val = _binary[BINARY], schema_version = 1
2012-03-30T22:34:55 Query	313	update	espresso	localhost	es_ucp_2	00:00	INSERT INTO `ActivityEvent` (`id`,etag, timestamp, val, schema_version) VALUES('413252132','2776420563',1333146895011,_binary[BINARY],1) ON DUPLICATE KEY UPDATE etag= '2776420563', timestamp = 1333146895011, val = _binary[BINARY], schema_version = 1
2012-03-30T22:34:55 Query	318	update	espresso	localhost	es_ucp_2	00:00	INSERT INTO `ActivityEvent` (`id`,etag, timestamp, val, schema_version) VALUES('413252158','2833468445',1333146895015,_binary[BINARY],1) ON DUPLICATE KEY UPDATE etag= '2833468445', timestamp = 1333146895015, val = _binary[BINARY], schema_version = 1
2012-03-30T22:34:55 Query	320		espresso	localhost	es_ucp_0	00:00	INSERT INTO `ActivityEvent` (`id`,etag, timestamp, val, schema_version) VALUES('413252233','1715905265',1333146895027,_binary[BINARY],1) ON DUPLICATE KEY UPDATE etag= '1715905265', timestamp = 1333146895027, val = _binary[BINARY], schema_version = 1
2012-03-30T22:34:55 Query	336	update	espresso	localhost	es_ucp_2	00:00	INSERT INTO `ActivityEvent` (`id`,etag, timestamp, val, schema_version) VALUES('413252235','3193194795',1333146895028,_binary[BINARY],1) ON DUPLICATE KEY UPDATE etag= '3193194795', timestamp = 1333146895028, val = _binary[BINARY], schema_version = 1
2012-03-30T22:34:55 Query	338	update	espresso	localhost	es_ucp_2	00:00	INSERT INTO `ActivityEvent` (`id`,etag, timestamp, val, schema_version) VALUES('413252165','2339177968',1333146895016,_binary[BINARY],1) ON DUPLICATE KEY UPDATE etag= '2339177968', timestamp = 1333146895016, val = _binary[BINARY], schema_version = 1
2012-03-30T22:34:55 Query	358	update	espresso	localhost	es_ucp_2	00:00	INSERT INTO `ActivityEvent` (`id`,etag, timestamp, val, schema_version) VALUES('413252200','1099845702',1333146895021,_binary[BINARY],1) ON DUPLICATE KEY UPDATE etag= '1099845702', timestamp = 1333146895021, val = _binary[BINARY], schema_version = 1
2012-03-30T22:34:55 Query	360	update	espresso	localhost	es_ucp_2	00:00	INSERT INTO `ActivityEvent` (`id`,etag, timestamp, val, schema_version) VALUES('413252183','747479904',1333146895018,_binary[BINARY],1) ON DUPLICATE KEY UPDATE etag= '747479904', timestamp = 1333146895018, val = _binary[BINARY], schema_version = 1
2012-03-30T22:34:55 Query	361	update	espresso	localhost	es_ucp_2	00:00	INSERT INTO `ActivityEvent` (`id`,etag, timestamp, val, schema_version) VALUES('413252150','4093825161',1333146895013,_binary[BINARY],1) ON DUPLICATE KEY UPDATE etag= '4093825161', timestamp = 1333146895013, val = _binary[BINARY], schema_version = 1
2012-03-30T22:34:55 Query	369	update	espresso	localhost	es_ucp_2	00:00	INSERT INTO `ActivityEvent` (`id`,etag, timestamp, val, schema_version) VALUES('413252217','1213805681',1333146895025,_binary[BINARY],1) ON DUPLICATE KEY UPDATE etag= '1213805681', timestamp = 1333146895025, val = _binary[BINARY], schema_version = 1
2012-03-30T22:34:55 Query	371	update	espresso	localhost	es_ucp_2	00:00	INSERT INTO `ActivityEvent` (`id`,etag, timestamp, val, schema_version) VALUES('413252129','3962755471',1333146895010,_binary[BINARY],1) ON DUPLICATE KEY UPDATE etag= '3962755471', timestamp = 1333146895010, val = _binary[BINARY], schema_version = 1
2012-03-30T22:34:55 Query	374	update	espresso	localhost	es_ucp_2	00:00	INSERT INTO `ActivityEvent` (`id`,etag, timestamp, val, schema_version) VALUES('413252194','944662782',1333146895020,_binary[BINARY],1) ON DUPLICATE KEY UPDATE etag= '944662782', timestamp = 1333146895020, val = _binary[BINARY], schema_version = 1
2012-03-30T22:34:55 Query	378	update	espresso	localhost	es_ucp_2	00:00	INSERT INTO `ActivityEvent` (`id`,etag, timestamp, val, schema_version) VALUES('413252103','3732968219',1333146895008,_binary[BINARY],1) ON DUPLICATE KEY UPDATE etag= '3732968219', timestamp = 1333146895008, val = _binary[BINARY], schema_version = 1
2012-03-30T22:35:09 Query	258	Writing to net	espresso	localhost	es_ucp_2	00:00	INSERT INTO `ActivityEvent` (`id`,etag, timestamp, val, schema_version) VALUES('413322459','1927608022',1333146909080,_binary[BINARY],1) ON DUPLICATE KEY UPDATE etag= '1927608022', timestamp = 1333146909080, val = _binary[BINARY], schema_version = 1
2012-03-30T22:35:11 Query	283	Writing to net	espresso	localhost	es_ucp_3	00:00	commit
2012-03-30T22:35:11 Query	345		espresso	localhost	es_ucp_0	00:00	INSERT INTO `ActivityEvent` (`id`,etag, timestamp, val, schema_version) VALUES('413332207','3169579830',1333146911079,_binary[BINARY],1) ON DUPLICATE KEY UPDATE etag= '3169579830', timestamp = 1333146911079, val = _binary[BINARY], schema_version = 1
2012-03-30T22:35:13 Query	323		espresso	localhost	es_ucp_3	00:00	commit
2012-03-30T22:35:13 Query	365	closing tables	espresso	localhost	es_ucp_3	00:00	USE `es_ucp_3`
2012-03-30T22:35:17 Query	310	update	espresso	localhost	es_ucp_2	00:00	INSERT INTO `ActivityEvent` (`id`,etag, timestamp, val, schema_version) VALUES('413356492','1027766116',1333146917107,_binary[BINARY],1) ON DUPLICATE KEY UPDATE etag= '1027766116', timestamp = 1333146917107, val = _binary[BINARY], schema_version = 1
2012-03-30T22:35:19 Query	339		espresso	localhost	es_ucp_0	00:00	INSERT INTO `ActivityEvent` (`id`,etag, timestamp, val, schema_version) VALUES('413368882','2137709112',1333146919120,_binary[BINARY],1) ON DUPLICATE KEY UPDATE etag= '2137709112', timestamp = 1333146919120, val = _binary[BINARY], schema_version = 1
2012-03-30T22:35:21 Query	211	update	espresso	localhost	es_ucp_3	00:01	INSERT INTO `ActivityEvent` (`id`,etag, timestamp, val, schema_version) VALUES('413375810','4259349923',1333146920283,_binary[BINARY],1) ON DUPLICATE KEY UPDATE etag= '4259349923', timestamp = 1333146920283, val = _binary[BINARY], schema_version = 1
2012-03-30T22:35:21 Query	226	update	espresso	localhost	es_ucp_3	00:01	INSERT INTO `ActivityEvent` (`id`,etag, timestamp, val, schema_version) VALUES('413375951','161234380',1333146920308,_binary[BINARY],1) ON DUPLICATE KEY UPDATE etag= '161234380', timestamp = 1333146920308, val = _binary[BINARY], schema_version = 1
2012-03-30T22:35:21 Query	228	update	espresso	localhost	es_ucp_3	00:01	INSERT INTO `ActivityEvent` (`id`,etag, timestamp, val, schema_version) VALUES('413376020','107283328',1333146920323,_binary[BINARY],1) ON DUPLICATE KEY UPDATE etag= '107283328', timestamp = 1333146920323, val = _binary[BINARY], schema_version = 1
2012-03-30T22:35:21 Query	245	update	espresso	localhost	es_ucp_3	00:01	INSERT INTO `ActivityEvent` (`id`,etag, timestamp, val, schema_version) VALUES('413375825','1194073268',1333146920286,_binary[BINARY],1) ON DUPLICATE KEY UPDATE etag= '1194073268', timestamp = 1333146920286, val = _binary[BINARY], schema_version = 1
2012-03-30T22:35:21 Query	258	update	espresso	localhost	es_ucp_3	00:01	INSERT INTO `ActivityEvent` (`id`,etag, timestamp, val, schema_version) VALUES('413375959','3631561404',1333146920309,_binary[BINARY],1) ON DUPLICATE KEY UPDATE etag= '3631561404', timestamp = 1333146920309, val = _binary[BINARY], schema_version = 1
2012-03-30T22:35:21 Query	283	update	espresso	localhost	es_ucp_3	00:01	INSERT INTO `ActivityEvent` (`id`,etag, timestamp, val, schema_version) VALUES('413376103','2422766710',1333146920412,_binary[BINARY],1) ON DUPLICATE KEY UPDATE etag= '2422766710', timestamp = 1333146920412, val = _binary[BINARY], schema_version = 1
2012-03-30T22:35:21 Query	295	update	espresso	localhost	es_ucp_3	00:01	INSERT INTO `ActivityEvent` (`id`,etag, timestamp, val, schema_version) VALUES('413376077','2735979065',1333146920352,_binary[BINARY],1) ON DUPLICATE KEY UPDATE etag= '2735979065', timestamp = 1333146920352, val = _binary[BINARY], schema_version = 1
2012-03-30T22:35:21 Query	300	update	espresso	localhost	es_ucp_3	00:01	INSERT INTO `ActivityEvent` (`id`,etag, timestamp, val, schema_version) VALUES('413375797','293653841',1333146920282,_binary[BINARY],1) ON DUPLICATE KEY UPDATE etag= '293653841', timestamp = 1333146920282, val = _binary[BINARY], schema_version = 1
2012-03-30T22:35:21 Query	302	update	espresso	localhost	es_ucp_3	00:01	INSERT INTO `ActivityEvent` (`id`,etag, timestamp, val, schema_version) VALUES('413375717','3005205772',1333146920269,_binary[BINARY],1) ON DUPLICATE KEY UPDATE etag= '3005205772', timestamp = 1333146920269, val = _binary[BINARY], schema_version = 1
2012-03-30T22:35:21 Query	309	update	espresso	localhost	es_ucp_3	00:01	INSERT INTO `ActivityEvent` (`id`,etag, timestamp, val, schema_version) VALUES('413375726','1278728143',1333146920270,_binary[BINARY],1) ON DUPLICATE KEY UPDATE etag= '1278728143', timestamp = 1333146920270, val = _binary[BINARY], schema_version = 1
2012-03-30T22:35:21 Query	310	update	espresso	localhost	es_ucp_3	00:01	INSERT INTO `ActivityEvent` (`id`,etag, timestamp, val, schema_version) VALUES('413376002','3858970466',1333146920319,_binary[BINARY],1) ON DUPLICATE KEY UPDATE etag= '3858970466', timestamp = 1333146920319, val = _binary[BINARY], schema_version = 1
2012-03-30T22:35:21 Query	313	update	espresso	localhost	es_ucp_3	00:01	INSERT INTO `ActivityEvent` (`id`,etag, timestamp, val, schema_version) VALUES('413375762','3068738326',1333146920277,_binary[BINARY],1) ON DUPLICATE KEY UPDATE etag= '3068738326', timestamp = 1333146920277, val = _binary[BINARY], schema_version = 1
2012-03-30T22:35:21 Query	318	update	espresso	localhost	es_ucp_3	00:01	INSERT INTO `ActivityEvent` (`id`,etag, timestamp, val, schema_version) VALUES('413375982','877532936',1333146920315,_binary[BINARY],1) ON DUPLICATE KEY UPDATE etag= '877532936', timestamp = 1333146920315, val = _binary[BINARY], schema_version = 1
2012-03-30T22:35:21 Query	320	update	espresso	localhost	es_ucp_3	00:01	INSERT INTO `ActivityEvent` (`id`,etag, timestamp, val, schema_version) VALUES('413375784','387171304',1333146920279,_binary[BINARY],1) ON DUPLICATE KEY UPDATE etag= '387171304', timestamp = 1333146920279, val = _binary[BINARY], schema_version = 1
2012-03-30T22:35:21 Query	321	update	espresso	localhost	es_ucp_3	00:01	INSERT INTO `ActivityEvent` (`id`,etag, timestamp, val, schema_version) VALUES('413375803','333005821',1333146920282,_binary[BINARY],1) ON DUPLICATE KEY UPDATE etag= '333005821', timestamp = 1333146920282, val = _binary[BINARY], schema_version = 1
2012-03-30T22:35:21 Query	323	update	espresso	localhost	es_ucp_3	00:01	INSERT INTO `ActivityEvent` (`id`,etag, timestamp, val, schema_version) VALUES('413376064','1616852759',1333146920341,_binary[BINARY],1) ON DUPLICATE KEY UPDATE etag= '1616852759', timestamp = 1333146920341, val = _binary[BINARY], schema_version = 1
2012-03-30T22:35:21 Query	328	update	espresso	localhost	es_ucp_3	00:01	INSERT INTO `ActivityEvent` (`id`,etag, timestamp, val, schema_version) VALUES('413375731','3247051411',1333146920271,_binary[BINARY],1) ON DUPLICATE KEY UPDATE etag= '3247051411', timestamp = 1333146920271, val = _binary[BINARY], schema_version = 1
2012-03-30T22:35:21 Query	330	update	espresso	localhost	es_ucp_3	00:01	INSERT INTO `ActivityEvent` (`id`,etag, timestamp, val, schema_version) VALUES('413376046','2538154889',1333146920333,_binary[BINARY],1) ON DUPLICATE KEY UPDATE etag= '2538154889', timestamp = 1333146920333, val = _binary[BINARY], schema_version = 1
2012-03-30T22:35:21 Query	332	update	espresso	localhost	es_ucp_3	00:01	INSERT INTO `ActivityEvent` (`id`,etag, timestamp, val, schema_version) VALUES('413376033','4007006807',1333146920327,_binary[BINARY],1) ON DUPLICATE KEY UPDATE etag= '4007006807', timestamp = 1333146920327, val = _binary[BINARY], schema_version = 1
2012-03-30T22:35:21 Query	333	update	espresso	localhost	es_ucp_3	00:01	INSERT INTO `ActivityEvent` (`id`,etag, timestamp, val, schema_version) VALUES('413375915','649091081',1333146920302,_binary[BINARY],1) ON DUPLICATE KEY UPDATE etag= '649091081', timestamp = 1333146920302, val = _binary[BINARY], schema_version = 1
2012-03-30T22:35:21 Query	335	update	espresso	localhost	es_ucp_3	00:01	INSERT INTO `ActivityEvent` (`id`,etag, timestamp, val, schema_version) VALUES('413375928','1274393199',1333146920305,_binary[BINARY],1) ON DUPLICATE KEY UPDATE etag= '1274393199', timestamp = 1333146920305, val = _binary[BINARY], schema_version = 1
2012-03-30T22:35:21 Query	336	update	espresso	localhost	es_ucp_3	00:01	INSERT INTO `ActivityEvent` (`id`,etag, timestamp, val, schema_version) VALUES('413375775','1626541532',1333146920278,_binary[BINARY],1) ON DUPLICATE KEY UPDATE etag= '1626541532', timestamp = 1333146920278, val = _binary[BINARY], schema_version = 1
2012-03-30T22:35:21 Query	337	update	espresso	localhost	es_ucp_3	00:01	INSERT INTO `ActivityEvent` (`id`,etag, timestamp, val, schema_version) VALUES('413375977','1961838527',1333146920313,_binary[BINARY],1) ON DUPLICATE KEY UPDATE etag= '1961838527', timestamp = 1333146920313, val = _binary[BINARY], schema_version = 1
2012-03-30T22:35:21 Query	338	update	espresso	localhost	es_ucp_3	00:01	INSERT INTO `ActivityEvent` (`id`,etag, timestamp, val, schema_version) VALUES('413375740','550836035',1333146920272,_binary[BINARY],1) ON DUPLICATE KEY UPDATE etag= '550836035', timestamp = 1333146920272, val = _binary[BINARY], schema_version = 1
2012-03-30T22:35:21 Query	339	update	espresso	localhost	es_ucp_3	00:01	INSERT INTO `ActivityEvent` (`id`,etag, timestamp, val, schema_version) VALUES('413375818','4210827407',1333146920285,_binary[BINARY],1) ON DUPLICATE KEY UPDATE etag= '4210827407', timestamp = 1333146920285, val = _binary[BINARY], schema_version = 1
2012-03-30T22:35:21 Query	340	update	espresso	localhost	es_ucp_3	00:01	INSERT INTO `ActivityEvent` (`id`,etag, timestamp, val, schema_version) VALUES('413376095','1964847174',1333146920375,_binary[BINARY],1) ON DUPLICATE KEY UPDATE etag= '1964847174', timestamp = 1333146920375, val = _binary[BINARY], schema_version = 1
2012-03-30T22:35:21 Query	345	update	espresso	localhost	es_ucp_3	00:01	INSERT INTO `ActivityEvent` (`id`,etag, timestamp, val, schema_version) VALUES('413375876','188867815',1333146920295,_binary[BINARY],1) ON DUPLICATE KEY UPDATE etag= '188867815', timestamp = 1333146920295, val = _binary[BINARY], schema_version = 1
2012-03-30T22:35:21 Query	346	update	espresso	localhost	es_ucp_3	00:01	INSERT INTO `ActivityEvent` (`id`,etag, timestamp, val, schema_version) VALUES('413375883','860345397',1333146920297,_binary[BINARY],1) ON DUPLICATE KEY UPDATE etag= '860345397', timestamp = 1333146920297, val = _binary[BINARY], schema_version = 1
2012-03-30T22:35:21 Query	348	update	espresso	localhost	es_ucp_3	00:01	INSERT INTO `ActivityEvent` (`id`,etag, timestamp, val, schema_version) VALUES('413376015','4198953959',1333146920322,_binary[BINARY],1) ON DUPLICATE KEY UPDATE etag= '4198953959', timestamp = 1333146920322, val = _binary[BINARY], schema_version = 1
2012-03-30T22:35:21 Query	356	update	espresso	localhost	es_ucp_3	00:01	INSERT INTO `ActivityEvent` (`id`,etag, timestamp, val, schema_version) VALUES('413375748','850025351',1333146920274,_binary[BINARY],1) ON DUPLICATE KEY UPDATE etag= '850025351', timestamp = 1333146920274, val = _binary[BINARY], schema_version = 1
2012-03-30T22:35:21 Query	357	update	espresso	localhost	es_ucp_3	00:01	INSERT INTO `ActivityEvent` (`id`,etag, timestamp, val, schema_version) VALUES('413375920','3866083100',1333146920304,_binary[BINARY],1) ON DUPLICATE KEY UPDATE etag= '3866083100', timestamp = 1333146920304, val = _binary[BINARY], schema_version = 1
2012-03-30T22:35:21 Query	358	update	espresso	localhost	es_ucp_3	00:01	INSERT INTO `ActivityEvent` (`id`,etag, timestamp, val, schema_version) VALUES('413376059','3776377799',1333146920339,_binary[BINARY],1) ON DUPLICATE KEY UPDATE etag= '3776377799', timestamp = 1333146920339, val = _binary[BINARY], schema_version = 1
2012-03-30T22:35:21 Query	360	update	espresso	localhost	es_ucp_3	00:01	INSERT INTO `ActivityEvent` (`id`,etag, timestamp, val, schema_version) VALUES('413375964','3826785290',1333146920310,_binary[BINARY],1) ON DUPLICATE KEY UPDATE etag= '3826785290', timestamp = 1333146920310, val = _binary[BINARY], schema_version = 1
2012-03-30T22:35:21 Query	361	update	espresso	localhost	es_ucp_3	00:01	INSERT INTO `ActivityEvent` (`id`,etag, timestamp, val, schema_version) VALUES('413375995','1234268706',1333146920317,_binary[BINARY],1) ON DUPLICATE KEY UPDATE etag= '1234268706', timestamp = 1333146920317, val = _binary[BINARY], schema_version = 1
2012-03-30T22:35:21 Query	362	update	espresso	localhost	es_ucp_3	00:01	INSERT INTO `ActivityEvent` (`id`,etag, timestamp, val, schema_version) VALUES('413376082','3735782205',1333146920357,_binary[BINARY],1) ON DUPLICATE KEY UPDATE etag= '3735782205', timestamp = 1333146920357, val = _binary[BINARY], schema_version = 1
2012-03-30T22:35:21 Query	363	update	espresso	localhost	es_ucp_3	00:01	INSERT INTO `ActivityEvent` (`id`,etag, timestamp, val, schema_version) VALUES('413375854','2362725157',1333146920292,_binary[BINARY],1) ON DUPLICATE KEY UPDATE etag= '2362725157', timestamp = 1333146920292, val = _binary[BINARY], schema_version = 1
2012-03-30T22:35:21 Query	365	update	espresso	localhost	es_ucp_3	00:01	INSERT INTO `ActivityEvent` (`id`,etag, timestamp, val, schema_version) VALUES('413376051','639287418',1333146920334,_binary[BINARY],1) ON DUPLICATE KEY UPDATE etag= '639287418', timestamp = 1333146920334, val = _binary[BINARY], schema_version = 1
2012-03-30T22:35:21 Query	366	update	espresso	localhost	es_ucp_3	00:01	INSERT INTO `ActivityEvent` (`id`,etag, timestamp, val, schema_version) VALUES('413375832','2112601372',1333146920287,_binary[BINARY],1) ON DUPLICATE KEY UPDATE etag= '2112601372', timestamp = 1333146920287, val = _binary[BINARY], schema_version = 1
2012-03-30T22:35:21 Query	367	update	espresso	localhost	es_ucp_3	00:01	INSERT INTO `ActivityEvent` (`id`,etag, timestamp, val, schema_version) VALUES('413375704','3462046347',1333146920267,_binary[BINARY],1) ON DUPLICATE KEY UPDATE etag= '3462046347', timestamp = 1333146920267, val = _binary[BINARY], schema_version = 1
2012-03-30T22:35:21 Query	368	update	espresso	localhost	es_ucp_3	00:01	INSERT INTO `ActivityEvent` (`id`,etag, timestamp, val, schema_version) VALUES('413375869','646016154',1333146920294,_binary[BINARY],1) ON DUPLICATE KEY UPDATE etag= '646016154', timestamp = 1333146920294, val = _binary[BINARY], schema_version = 1
2012-03-30T22:35:21 Query	369	update	espresso	localhost	es_ucp_3	00:01	INSERT INTO `ActivityEvent` (`id`,etag, timestamp, val, schema_version) VALUES('413375739','1968035727',1333146920272,_binary[BINARY],1) ON DUPLICATE KEY UPDATE etag= '1968035727', timestamp = 1333146920272, val = _binary[BINARY], schema_version = 1
2012-03-30T22:35:21 Query	371	update	espresso	localhost	es_ucp_3	00:01	INSERT INTO `ActivityEvent` (`id`,etag, timestamp, val, schema_version) VALUES('413375902','443190337',1333146920300,_binary[BINARY],1) ON DUPLICATE KEY UPDATE etag= '443190337', timestamp = 1333146920300, val = _binary[BINARY], schema_version = 1
2012-03-30T22:35:21 Query	372	update	espresso	localhost	es_ucp_3	00:01	INSERT INTO `ActivityEvent` (`id`,etag, timestamp, val, schema_version) VALUES('413375847','3665808902',1333146920291,_binary[BINARY],1) ON DUPLICATE KEY UPDATE etag= '3665808902', timestamp = 1333146920291, val = _binary[BINARY], schema_version = 1
2012-03-30T22:35:21 Query	373	update	espresso	localhost	es_ucp_3	00:01	INSERT INTO `ActivityEvent` (`id`,etag, timestamp, val, schema_version) VALUES('413375861','284292784',1333146920293,_binary[BINARY],1) ON DUPLICATE KEY UPDATE etag= '284292784', timestamp = 1333146920293, val = _binary[BINARY], schema_version = 1
2012-03-30T22:35:21 Query	374	update	espresso	localhost	es_ucp_3	00:01	INSERT INTO `ActivityEvent` (`id`,etag, timestamp, val, schema_version) VALUES('413375898','1535569070',1333146920300,_binary[BINARY],1) ON DUPLICATE KEY UPDATE etag= '1535569070', timestamp = 1333146920300, val = _binary[BINARY], schema_version = 1
2012-03-30T22:35:21 Query	375	update	espresso	localhost	es_ucp_3	00:01	INSERT INTO `ActivityEvent` (`id`,etag, timestamp, val, schema_version) VALUES('413375753','1305816623',1333146920275,_binary[BINARY],1) ON DUPLICATE KEY UPDATE etag= '1305816623', timestamp = 1333146920275, val = _binary[BINARY], schema_version = 1
2012-03-30T22:35:21 Query	377	update	espresso	localhost	es_ucp_3	00:01	INSERT INTO `ActivityEvent` (`id`,etag, timestamp, val, schema_version) VALUES('413375890','4196848304',1333146920298,_binary[BINARY],1) ON DUPLICATE KEY UPDATE etag= '4196848304', timestamp = 1333146920298, val = _binary[BINARY], schema_version = 1
2012-03-30T22:35:21 Query	378	update	espresso	localhost	es_ucp_3	00:01	INSERT INTO `ActivityEvent` (`id`,etag, timestamp, val, schema_version) VALUES('413375946','1083879388',1333146920307,_binary[BINARY],1) ON DUPLICATE KEY UPDATE etag= '1083879388', timestamp = 1333146920307, val = _binary[BINARY], schema_version = 1
2012-03-30T22:35:21 Query	389	update	espresso	localhost	es_ucp_3	00:01	INSERT INTO `ActivityEvent` (`id`,etag, timestamp, val, schema_version) VALUES('413375933','3750929713',1333146920306,_binary[BINARY],1) ON DUPLICATE KEY UPDATE etag= '3750929713', timestamp = 1333146920306, val = _binary[BINARY], schema_version = 1
2012-03-30T22:35:21 Query	390	update	espresso	localhost	es_ucp_3	00:01	INSERT INTO `ActivityEvent` (`id`,etag, timestamp, val, schema_version) VALUES('413376028','2482900351',1333146920326,_binary[BINARY],1) ON DUPLICATE KEY UPDATE etag= '2482900351', timestamp = 1333146920326, val = _binary[BINARY], schema_version = 1
2012-03-30T22:35:25 Query	318		espresso	localhost	es_ucp_3	00:00	commit
2012-03-30T22:35:27 Query	372		espresso	localhost	es_ucp_0	00:00	SET autocommit=1
2012-03-30T22:35:29 Query	372		espresso	localhost	es_ucp_1	00:00	INSERT INTO `ActivityEvent` (`id`,etag, timestamp, val, schema_version) VALUES('413422741','2599114754',1333146929172,_binary[BINARY],1) ON DUPLICATE KEY UPDATE etag= '2599114754', timestamp = 1333146929172, val = _binary[BINARY], schema_version = 1
2012-03-30T22:35:31 Query	258		espresso	localhost	es_ucp_0	00:00	commit
2012-03-30T22:35:31 Query	365		espresso	localhost	es_ucp_1	00:00	INSERT INTO `ActivityEvent` (`id`,etag, timestamp, val, schema_version) VALUES('413432814','777838475',1333146931183,_binary[BINARY],1) ON DUPLICATE KEY UPDATE etag= '777838475', timestamp = 1333146931183, val = _binary[BINARY], schema_version = 1
2012-03-30T22:35:37 Query	340	Writing to net	espresso	localhost	es_ucp_3	00:00	USE `es_ucp_3`
2012-03-30T22:35:37 Query	363	Writing to net	espresso	localhost	es_ucp_0	00:00	SET autocommit=1
2012-03-30T22:35:39 Query	226	System lock	espresso	localhost	es_ucp_2	00:00	INSERT INTO `ActivityEvent` (`id`,etag, timestamp, val, schema_version) VALUES('413472921','2235801234',1333146939210,_binary[BINARY],1) ON DUPLICATE KEY UPDATE etag= '2235801234', timestamp = 1333146939210, val = _binary[BINARY], schema_version = 1
2012-03-30T22:35:39 Query	358		espresso	localhost	es_ucp_3	00:00	commit
2012-03-30T22:35:41 Query	318		espresso	localhost	es_ucp_1	00:00	USE `es_ucp_3`
2012-03-30T22:35:43 Query	346		espresso	localhost	es_ucp_3	00:00	INSERT INTO `ActivityEvent` (`id`,etag, timestamp, val, schema_version) VALUES('413492980','3700601034',1333146943226,_binary[BINARY],1) ON DUPLICATE KEY UPDATE etag= '3700601034', timestamp = 1333146943226, val = _binary[BINARY], schema_version = 1
2012-03-30T22:35:47 Query	348	Writing to net	espresso	localhost	es_ucp_2	00:00	commit
2012-03-30T22:35:49 Query	323	init	espresso	localhost	es_ucp_2	00:00	INSERT INTO `ActivityEvent` (`id`,etag, timestamp, val, schema_version) VALUES('413523050','3040765874',1333146949246,_binary[BINARY],1) ON DUPLICATE KEY UPDATE etag= '3040765874', timestamp = 1333146949246, val = _binary[BINARY], schema_version = 1
2012-03-30T22:35:55 Query	310		espresso	localhost	es_ucp_2	00:00	SET autocommit=1
2012-03-30T22:35:55 Query	360		espresso	localhost	es_ucp_0	00:00	commit
2012-03-30T22:35:55 Query	372		espresso	localhost	es_ucp_1	00:00	SET autocommit=1
2012-03-30T22:35:59 Query	335		espresso	localhost	es_ucp_0	00:00	SET autocommit=0
2012-03-30T22:36:03 Query	369	Writing to net	espresso	localhost	es_ucp_3	00:00	SET autocommit=1
2012-03-30T22:36:05 Query	211		espresso	localhost	es_ucp_1	00:00	INSERT INTO `ActivityEvent` (`id`,etag, timestamp, val, schema_version) VALUES('413603236','2194703151',1333146965302,_binary[BINARY],1) ON DUPLICATE KEY UPDATE etag= '2194703151', timestamp = 1333146965302, val = _binary[BINARY], schema_version = 1
2012-03-30T22:36:07 Query	211	update	espresso	localhost	es_ucp_0	00:01	INSERT INTO `ActivityEvent` (`id`,etag, timestamp, val, schema_version) VALUES('413611364','1014519965',1333146966930,_binary[BINARY],1) ON DUPLICATE KEY UPDATE etag= '1014519965', timestamp = 1333146966930, val = _binary[BINARY], schema_version = 1
2012-03-30T22:36:07 Query	226	update	espresso	localhost	es_ucp_0	00:01	INSERT INTO `ActivityEvent` (`id`,etag, timestamp, val, schema_version) VALUES('413611580','2380371915',1333146966974,_binary[BINARY],1) ON DUPLICATE KEY UPDATE etag= '2380371915', timestamp = 1333146966974, val = _binary[BINARY], schema_version = 1
2012-03-30T22:36:07 Query	245	update	espresso	localhost	es_ucp_0	00:01	INSERT INTO `ActivityEvent` (`id`,etag, timestamp, val, schema_version) VALUES('413611445','2539593055',1333146966946,_binary[BINARY],1) ON DUPLICATE KEY UPDATE etag= '2539593055', timestamp = 1333146966946, val = _binary[BINARY], schema_version = 1
2012-03-30T22:36:07 Query	258	update	espresso	localhost	es_ucp_0	00:01	INSERT INTO `ActivityEvent` (`id`,etag, timestamp, val, schema_version) VALUES('413611333','4262066600',1333146966923,_binary[BINARY],1) ON DUPLICATE KEY UPDATE etag= '4262066600', timestamp = 1333146966923, val = _binary[BINARY], schema_version = 1
2012-03-30T22:36:07 Query	283	update	espresso	localhost	es_ucp_0	00:01	INSERT INTO `ActivityEvent` (`id`,etag, timestamp, val, schema_version) VALUES('413611467','416264634',1333146966950,_binary[BINARY],1) ON DUPLICATE KEY UPDATE etag= '416264634', timestamp = 1333146966950, val = _binary[BINARY], schema_version = 1
2012-03-30T22:36:07 Query	300	update	espresso	localhost	es_ucp_0	00:01	INSERT INTO `ActivityEvent` (`id`,etag, timestamp, val, schema_version) VALUES('413611526','3169423573',1333146966962,_binary[BINARY],1) ON DUPLICATE KEY UPDATE etag= '3169423573', timestamp = 1333146966962, val = _binary[BINARY], schema_version = 1
2012-03-30T22:36:07 Query	302	update	espresso	localhost	es_ucp_0	00:01	INSERT INTO `ActivityEvent` (`id`,etag, timestamp, val, schema_version) VALUES('413611452','3329720761',1333146966947,_binary[BINARY],1) ON DUPLICATE KEY UPDATE etag= '3329720761', timestamp = 1333146966947, val = _binary[BINARY], schema_version = 1
2012-03-30T22:36:07 Query	313	update	espresso	localhost	es_ucp_0	00:01	INSERT INTO `ActivityEvent` (`id`,etag, timestamp, val, schema_version) VALUES('413611319','3597202979',1333146966921,_binary[BINARY],1) ON DUPLICATE KEY UPDATE etag= '3597202979', timestamp = 1333146966921, val = _binary[BINARY], schema_version = 1
2012-03-30T22:36:07 Query	318	update	espresso	localhost	es_ucp_0	00:01	INSERT INTO `ActivityEvent` (`id`,etag, timestamp, val, schema_version) VALUES('413611621','104895362',1333146966992,_binary[BINARY],1) ON DUPLICATE KEY UPDATE etag= '104895362', timestamp = 1333146966992, val = _binary[BINARY], schema_version = 1
2012-03-30T22:36:07 Query	320	update	espresso	localhost	es_ucp_0	00:01	INSERT INTO `ActivityEvent` (`id`,etag, timestamp, val, schema_version) VALUES('413611430','2867631996',1333146966943,_binary[BINARY],1) ON DUPLICATE KEY UPDATE etag= '2867631996', timestamp = 1333146966943, val = _binary[BINARY], schema_version = 1
2012-03-30T22:36:07 Query	321	update	espresso	localhost	es_ucp_0	00:01	INSERT INTO `ActivityEvent` (`id`,etag, timestamp, val, schema_version) VALUES('413611618','1610093781',1333146966991,_binary[BINARY],1) ON DUPLICATE KEY UPDATE etag= '1610093781', timestamp = 1333146966991, val = _binary[BINARY], schema_version = 1
2012-03-30T22:36:07 Query	323	update	espresso	localhost	es_ucp_0	00:01	INSERT INTO `ActivityEvent` (`id`,etag, timestamp, val, schema_version) VALUES('413611508','3722938406',1333146966958,_binary[BINARY],1) ON DUPLICATE KEY UPDATE etag= '3722938406', timestamp = 1333146966958, val = _binary[BINARY], schema_version = 1
2012-03-30T22:36:07 Query	328	update	espresso	localhost	es_ucp_0	00:01	INSERT INTO `ActivityEvent` (`id`,etag, timestamp, val, schema_version) VALUES('413611489','3856856687',1333146966955,_binary[BINARY],1) ON DUPLICATE KEY UPDATE etag= '3856856687', timestamp = 1333146966955, val = _binary[BINARY], schema_version = 1
2012-03-30T22:36:07 Query	330	update	espresso	localhost	es_ucp_0	00:01	INSERT INTO `ActivityEvent` (`id`,etag, timestamp, val, schema_version) VALUES('413611500','3805941243',1333146966958,_binary[BINARY],1) ON DUPLICATE KEY UPDATE etag= '3805941243', timestamp = 1333146966958, val = _binary[BINARY], schema_version = 1
2012-03-30T22:36:07 Query	332	update	espresso	localhost	es_ucp_0	00:01	INSERT INTO `ActivityEvent` (`id`,etag, timestamp, val, schema_version) VALUES('413611474','3089709620',1333146966952,_binary[BINARY],1) ON DUPLICATE KEY UPDATE etag= '3089709620', timestamp = 1333146966952, val = _binary[BINARY], schema_version = 1
2012-03-30T22:36:07 Query	333	update	espresso	localhost	es_ucp_0	00:01	INSERT INTO `ActivityEvent` (`id`,etag, timestamp, val, schema_version) VALUES('413611544','2823265391',1333146966966,_binary[BINARY],1) ON DUPLICATE KEY UPDATE etag= '2823265391', timestamp = 1333146966966, val = _binary[BINARY], schema_version = 1
2012-03-30T22:36:07 Query	335	update	espresso	localhost	es_ucp_0	00:01	INSERT INTO `ActivityEvent` (`id`,etag, timestamp, val, schema_version) VALUES('413611496','3307932695',1333146966957,_binary[BINARY],1) ON DUPLICATE KEY UPDATE etag= '3307932695', timestamp = 1333146966957, val = _binary[BINARY], schema_version = 1
2012-03-30T22:36:07 Query	336	update	espresso	localhost	es_ucp_0	00:01	INSERT INTO `ActivityEvent` (`id`,etag, timestamp, val, schema_version) VALUES('413611401','2127777965',1333146966937,_binary[BINARY],1) ON DUPLICATE KEY UPDATE etag= '2127777965', timestamp = 1333146966937, val = _binary[BINARY], schema_version = 1
2012-03-30T22:36:07 Query	337	update	espresso	localhost	es_ucp_0	00:01	INSERT INTO `ActivityEvent` (`id`,etag, timestamp, val, schema_version) VALUES('413611391','1938515346',1333146966935,_binary[BINARY],1) ON DUPLICATE KEY UPDATE etag= '1938515346', timestamp = 1333146966935, val = _binary[BINARY], schema_version = 1
2012-03-30T22:36:07 Query	338	update	espresso	localhost	es_ucp_0	00:01	INSERT INTO `ActivityEvent` (`id`,etag, timestamp, val, schema_version) VALUES('413611513','721565031',1333146966959,_binary[BINARY],1) ON DUPLICATE KEY UPDATE etag= '721565031', timestamp = 1333146966959, val = _binary[BINARY], schema_version = 1
2012-03-30T22:36:07 Query	340	update	espresso	localhost	es_ucp_0	00:01	INSERT INTO `ActivityEvent` (`id`,etag, timestamp, val, schema_version) VALUES('413611416','2116836203',1333146966940,_binary[BINARY],1) ON DUPLICATE KEY UPDATE etag= '2116836203', timestamp = 1333146966940, val = _binary[BINARY], schema_version = 1
2012-03-30T22:36:07 Query	345	update	espresso	localhost	es_ucp_0	00:01	INSERT INTO `ActivityEvent` (`id`,etag, timestamp, val, schema_version) VALUES('413611377','2830141356',1333146966933,_binary[BINARY],1) ON DUPLICATE KEY UPDATE etag= '2830141356', timestamp = 1333146966933, val = _binary[BINARY], schema_version = 1
2012-03-30T22:36:07 Query	346	update	espresso	localhost	es_ucp_0	00:01	INSERT INTO `ActivityEvent` (`id`,etag, timestamp, val, schema_version) VALUES('413611481','2233422750',1333146966953,_binary[BINARY],1) ON DUPLICATE KEY UPDATE etag= '2233422750', timestamp = 1333146966953, val = _binary[BINARY], schema_version = 1
2012-03-30T22:36:07 Query	348	update	espresso	localhost	es_ucp_0	00:01	INSERT INTO `ActivityEvent` (`id`,etag, timestamp, val, schema_version) VALUES('413611610','3297465921',1333146966987,_binary[BINARY],1) ON DUPLICATE KEY UPDATE etag= '3297465921', timestamp = 1333146966987, val = _binary[BINARY], schema_version = 1
2012-03-30T22:36:07 Query	356	update	espresso	localhost	es_ucp_0	00:01	INSERT INTO `ActivityEvent` (`id`,etag, timestamp, val, schema_version) VALUES('413611593','1900418050',1333146966977,_binary[BINARY],1) ON DUPLICATE KEY UPDATE etag= '1900418050', timestamp = 1333146966977, val = _binary[BINARY], schema_version = 1
2012-03-30T22:36:07 Query	357	update	espresso	localhost	es_ucp_0	00:01	INSERT INTO `ActivityEvent` (`id`,etag, timestamp, val, schema_version) VALUES('413611342','558277801',1333146966925,_binary[BINARY],1) ON DUPLICATE KEY UPDATE etag= '558277801', timestamp = 1333146966925, val = _binary[BINARY], schema_version = 1
2012-03-30T22:36:07 Query	358	update	espresso	localhost	es_ucp_0	00:01	INSERT INTO `ActivityEvent` (`id`,etag, timestamp, val, schema_version) VALUES('413611386','439492652',1333146966934,_binary[BINARY],1) ON DUPLICATE KEY UPDATE etag= '439492652', timestamp = 1333146966934, val = _binary[BINARY], schema_version = 1
2012-03-30T22:36:07 Query	360	update	espresso	localhost	es_ucp_0	00:01	INSERT INTO `ActivityEvent` (`id`,etag, timestamp, val, schema_version) VALUES('413611306','717457376',1333146966921,_binary[BINARY],1) ON DUPLICATE KEY UPDATE etag= '717457376', timestamp = 1333146966921, val = _binary[BINARY], schema_version = 1
2012-03-30T22:36:07 Query	361	update	espresso	localhost	es_ucp_0	00:01	INSERT INTO `ActivityEvent` (`id`,etag, timestamp, val, schema_version) VALUES('413611539','443190337',1333146966964,_binary[BINARY],1) ON DUPLICATE KEY UPDATE etag= '443190337', timestamp = 1333146966964, val = _binary[BINARY], schema_version = 1
2012-03-30T22:36:07 Query	362	update	espresso	localhost	es_ucp_0	00:01	INSERT INTO `ActivityEvent` (`id`,etag, timestamp, val, schema_version) VALUES('413611629','1476911137',1333146966995,_binary[BINARY],1) ON DUPLICATE KEY UPDATE etag= '1476911137', timestamp = 1333146966995, val = _binary[BINARY], schema_version = 1
2012-03-30T22:36:07 Query	365	update	espresso	localhost	es_ucp_0	00:01	INSERT INTO `ActivityEvent` (`id`,etag, timestamp, val, schema_version) VALUES('413611409','693632453',1333146966938,_binary[BINARY],1) ON DUPLICATE KEY UPDATE etag= '693632453', timestamp = 1333146966938, val = _binary[BINARY], schema_version = 1
2012-03-30T22:36:07 Query	366	update	espresso	localhost	es_ucp_0	00:01	INSERT INTO `ActivityEvent` (`id`,etag, timestamp, val, schema_version) VALUES('413611287','1825601616',1333146966921,_binary[BINARY],1) ON DUPLICATE KEY UPDATE etag= '1825601616', timestamp = 1333146966921, val = _binary[BINARY], schema_version = 1
2012-03-30T22:36:07 Query	367	update	espresso	localhost	es_ucp_0	00:01	INSERT INTO `ActivityEvent` (`id`,etag, timestamp, val, schema_version) VALUES('413611438','146540651',1333146966945,_binary[BINARY],1) ON DUPLICATE KEY UPDATE etag= '146540651', timestamp = 1333146966945, val = _binary[BINARY], schema_version = 1
2012-03-30T22:36:07 Query	368	update	espresso	localhost	es_ucp_0	00:01	INSERT INTO `ActivityEvent` (`id`,etag, timestamp, val, schema_version) VALUES('413611562','2862801287',1333146966970,_binary[BINARY],1) ON DUPLICATE KEY UPDATE etag= '2862801287', timestamp = 1333146966970, val = _binary[BINARY], schema_version = 1
2012-03-30T22:36:07 Query	369	update	espresso	localhost	es_ucp_0	00:01	INSERT INTO `ActivityEvent` (`id`,etag, timestamp, val, schema_version) VALUES('413611557','2444180824',1333146966969,_binary[BINARY],1) ON DUPLICATE KEY UPDATE etag= '2444180824', timestamp = 1333146966969, val = _binary[BINARY], schema_version = 1
2012-03-30T22:36:07 Query	371	update	espresso	localhost	es_ucp_0	00:01	INSERT INTO `ActivityEvent` (`id`,etag, timestamp, val, schema_version) VALUES('413611328','170168835',1333146966922,_binary[BINARY],1) ON DUPLICATE KEY UPDATE etag= '170168835', timestamp = 1333146966922, val = _binary[BINARY], schema_version = 1
2012-03-30T22:36:07 Query	372	update	espresso	localhost	es_ucp_0	00:01	INSERT INTO `ActivityEvent` (`id`,etag, timestamp, val, schema_version) VALUES('413611399','3940815145',1333146966936,_binary[BINARY],1) ON DUPLICATE KEY UPDATE etag= '3940815145', timestamp = 1333146966936, val = _binary[BINARY], schema_version = 1
2012-03-30T22:36:07 Query	374	update	espresso	localhost	es_ucp_0	00:01	INSERT INTO `ActivityEvent` (`id`,etag, timestamp, val, schema_version) VALUES('413611311','3242672200',1333146966921,_binary[BINARY],1) ON DUPLICATE KEY UPDATE etag= '3242672200', timestamp = 1333146966921, val = _binary[BINARY], schema_version = 1
2012-03-30T22:36:07 Query	375	update	espresso	localhost	es_ucp_0	00:01	INSERT INTO `ActivityEvent` (`id`,etag, timestamp, val, schema_version) VALUES('413611588','4064065513',1333146966975,_binary[BINARY],1) ON DUPLICATE KEY UPDATE etag= '4064065513', timestamp = 1333146966975, val = _binary[BINARY], schema_version = 1
2012-03-30T22:36:07 Query	377	update	espresso	localhost	es_ucp_0	00:01	INSERT INTO `ActivityEvent` (`id`,etag, timestamp, val, schema_version) VALUES('413611603','711301288',1333146966983,_binary[BINARY],1) ON DUPLICATE KEY UPDATE etag= '711301288', timestamp = 1333146966983, val = _binary[BINARY], schema_version = 1
2012-03-30T22:36:07 Query	378	update	espresso	localhost	es_ucp_0	00:01	INSERT INTO `ActivityEvent` (`id`,etag, timestamp, val, schema_version) VALUES('413611575','621691397',1333146966972,_binary[BINARY],1) ON DUPLICATE KEY UPDATE etag= '621691397', timestamp = 1333146966972, val = _binary[BINARY], schema_version = 1
2012-03-30T22:36:07 Query	389	update	espresso	localhost	es_ucp_0	00:01	INSERT INTO `ActivityEvent` (`id`,etag, timestamp, val, schema_version) VALUES('413611355','3339521873',1333146966928,_binary[BINARY],1) ON DUPLICATE KEY UPDATE etag= '3339521873', timestamp = 1333146966928, val = _binary[BINARY], schema_version = 1
2012-03-30T22:36:07 Query	390	update	espresso	localhost	es_ucp_0	00:01	INSERT INTO `ActivityEvent` (`id`,etag, timestamp, val, schema_version) VALUES('413611423','1644729126',1333146966941,_binary[BINARY],1) ON DUPLICATE KEY UPDATE etag= '1644729126', timestamp = 1333146966941, val = _binary[BINARY], schema_version = 1
2012-03-30T22:36:07 Query	391	update	espresso	localhost	es_ucp_0	00:01	INSERT INTO `ActivityEvent` (`id`,etag, timestamp, val, schema_version) VALUES('413611531','1825601616',1333146966964,_binary[BINARY],1) ON DUPLICATE KEY UPDATE etag= '1825601616', timestamp = 1333146966964, val = _binary[BINARY], schema_version = 1
2012-03-30T22:36:07 Query	295	update	espresso	localhost	es_ucp_0	00:00	INSERT INTO `ActivityEvent` (`id`,etag, timestamp, val, schema_version) VALUES('413611654','1650120317',1333146967011,_binary[BINARY],1) ON DUPLICATE KEY UPDATE etag= '1650120317', timestamp = 1333146967011, val = _binary[BINARY], schema_version = 1
2012-03-30T22:36:07 Query	310	update	espresso	localhost	es_ucp_0	00:00	INSERT INTO `ActivityEvent` (`id`,etag, timestamp, val, schema_version) VALUES('413611636','492862864',1333146966999,_binary[BINARY],1) ON DUPLICATE KEY UPDATE etag= '492862864', timestamp = 1333146966999, val = _binary[BINARY], schema_version = 1
2012-03-30T22:36:07 Query	339	update	espresso	localhost	es_ucp_0	00:00	INSERT INTO `ActivityEvent` (`id`,etag, timestamp, val, schema_version) VALUES('413611647','4103955956',1333146967006,_binary[BINARY],1) ON DUPLICATE KEY UPDATE etag= '4103955956', timestamp = 1333146967006, val = _binary[BINARY], schema_version = 1
2012-03-30T22:36:07 Query	373	update	espresso	localhost	es_ucp_0	00:00	INSERT INTO `ActivityEvent` (`id`,etag, timestamp, val, schema_version) VALUES('413611665','292235669',1333146967023,_binary[BINARY],1) ON DUPLICATE KEY UPDATE etag= '292235669', timestamp = 1333146967023, val = _binary[BINARY], schema_version = 1
2012-03-30T22:36:07 Query	392	update	espresso	localhost	es_ucp_0	00:00	INSERT INTO `ActivityEvent` (`id`,etag, timestamp, val, schema_version) VALUES('413611683','3139534894',1333146967070,_binary[BINARY],1) ON DUPLICATE KEY UPDATE etag= '3139534894', timestamp = 1333146967070, val = _binary[BINARY], schema_version = 1
2012-03-30T22:36:07 Query	393	update	espresso	localhost	es_ucp_0	00:00	INSERT INTO `ActivityEvent` (`id`,etag, timestamp, val, schema_version) VALUES('413611672','1274393199',1333146967034,_binary[BINARY],1) ON DUPLICATE KEY UPDATE etag= '1274393199', timestamp = 1333146967034, val = _binary[BINARY], schema_version = 1
2012-03-30T22:36:09 Query	321	Writing to net	espresso	localhost	es_ucp_0	00:00	SET autocommit=1
2012-03-30T22:36:11 Query	332		espresso	localhost	es_ucp_0	00:00	INSERT INTO `ActivityEvent` (`id`,etag, timestamp, val, schema_version) VALUES('413633298','12345279',1333146971329,_binary[BINARY],1) ON DUPLICATE KEY UPDATE etag= '12345279', timestamp = 1333146971329, val = _binary[BINARY], schema_version = 1
2012-03-30T22:36:11 Query	361	Writing to net	espresso	localhost	es_ucp_3	00:00	SET autocommit=0
2012-03-30T22:36:15 Query	328	Writing to net	espresso	localhost	es_ucp_3	00:00	USE `es_ucp_3`
2012-03-30T22:36:21 Query	211		espresso	localhost	es_ucp_0	00:00	commit
2012-03-30T22:36:21 Query	333		espresso	localhost	es_ucp_3	00:00	INSERT INTO `ActivityEvent` (`id`,etag, timestamp, val, schema_version) VALUES('413683483','225362991',1333146981369,_binary[BINARY],1) ON DUPLICATE KEY UPDATE etag= '225362991', timestamp = 1333146981369, val = _binary[BINARY], schema_version = 1
2012-03-30T22:36:23 Query	310		espresso	localhost	es_ucp_1	00:00	INSERT INTO `ActivityEvent` (`id`,etag, timestamp, val, schema_version) VALUES('413693301','184696365',1333146983359,_binary[BINARY],1) ON DUPLICATE KEY UPDATE etag= '184696365', timestamp = 1333146983359, val = _binary[BINARY], schema_version = 1
2012-03-30T22:36:25 Query	336		espresso	localhost	es_ucp_2	00:00	commit
2012-03-30T22:36:31 Query	360	checking permissions	espresso	localhost	es_ucp_2	00:00	INSERT INTO `ActivityEvent` (`id`,etag, timestamp, val, schema_version) VALUES('413733642','1449675392',1333146991410,_binary[BINARY],1) ON DUPLICATE KEY UPDATE etag= '1449675392', timestamp = 1333146991410, val = _binary[BINARY], schema_version = 1
2012-03-30T22:36:33 Query	392	update	espresso	localhost	es_ucp_2	00:00	INSERT INTO `ActivityEvent` (`id`,etag, timestamp, val, schema_version) VALUES('413743528','3705221639',1333146993419,_binary[BINARY],1) ON DUPLICATE KEY UPDATE etag= '3705221639', timestamp = 1333146993419, val = _binary[BINARY], schema_version = 1
2012-03-30T22:36:37 Query	337	Writing to net	espresso	localhost	es_ucp_2	00:00	SET autocommit=1
2012-03-30T22:36:37 Query	345		espresso	localhost	es_ucp_3	00:00	SET autocommit=1
2012-03-30T22:36:45 Query	321	Writing to net	espresso	localhost	es_ucp_0	00:00	rollback
2012-03-30T22:36:45 Query	391	freeing items	espresso	localhost	es_ucp_0	00:00	INSERT INTO `ActivityEvent` (`id`,etag, timestamp, val, schema_version) VALUES('413803747','2889149963',1333147005460,_binary[BINARY],1) ON DUPLICATE KEY UPDATE etag= '2889149963', timestamp = 1333147005460, val = _binary[BINARY], schema_version = 1
2012-03-30T22:36:49 Query	348		espresso	localhost	es_ucp_2	00:00	INSERT INTO `ActivityEvent` (`id`,etag, timestamp, val, schema_version) VALUES('413822304','293653841',1333147009473,_binary[BINARY],1) ON DUPLICATE KEY UPDATE etag= '293653841', timestamp = 1333147009473, val = _binary[BINARY], schema_version = 1
2012-03-30T22:36:51 Query	368	Writing to net	espresso	localhost	es_ucp_2	00:00	SET autocommit=1
2012-03-30T22:36:51 Query	369		espresso	localhost	es_ucp_0	00:00	SET autocommit=1
2012-03-30T22:36:53 Query	337	update	espresso	localhost	es_ucp_1	00:00	INSERT INTO `ActivityEvent` (`id`,etag, timestamp, val, schema_version) VALUES('413843940','316805934',1333147013495,_binary[BINARY],1) ON DUPLICATE KEY UPDATE etag= '316805934', timestamp = 1333147013495, val = _binary[BINARY], schema_version = 1
2012-03-30T22:36:57 Query	338	update	espresso	localhost	es_ucp_3	00:00	INSERT INTO `ActivityEvent` (`id`,etag, timestamp, val, schema_version) VALUES('413863977','3218295514',1333147017508,_binary[BINARY],1) ON DUPLICATE KEY UPDATE etag= '3218295514', timestamp = 1333147017508, val = _binary[BINARY], schema_version = 1
2012-03-30T22:37:01 Query	393	Writing to net	espresso	localhost	es_ucp_1	00:00	USE `es_ucp_1`
2012-03-30T22:37:03 Query	226		espresso	localhost	es_ucp_3	00:00	INSERT INTO `ActivityEvent` (`id`,etag, timestamp, val, schema_version) VALUES('413893792','43250859',1333147023528,_binary[BINARY],1) ON DUPLICATE KEY UPDATE etag= '43250859', timestamp = 1333147023528, val = _binary[BINARY], schema_version = 1
2012-03-30T22:37:03 Query	336	Writing to net	espresso	localhost	es_ucp_1	00:00	commit
2012-03-30T22:37:03 Query	339	Writing to net	espresso	localhost	es_ucp_2	00:00	INSERT INTO `ActivityEvent` (`id`,etag, timestamp, val, schema_version) VALUES('413893797','94937724',1333147023528,_binary[BINARY],1) ON DUPLICATE KEY UPDATE etag= '94937724', timestamp = 1333147023528, val = _binary[BINARY], schema_version = 1
2012-03-30T22:37:05 Query	211		espresso	localhost	es_ucp_2	00:00	commit
2012-03-30T22:37:05 Query	226		espresso	localhost	es_ucp_1	00:00	commit
2012-03-30T22:37:05 Query	245		espresso	localhost	es_ucp_0	00:00	commit
2012-03-30T22:37:05 Query	258		espresso	localhost	es_ucp_0	00:00	commit
2012-03-30T22:37:05 Query	283		espresso	localhost	es_ucp_3	00:00	commit
2012-03-30T22:37:05 Query	295		espresso	localhost	es_ucp_3	00:00	commit
2012-03-30T22:37:05 Query	300		espresso	localhost	es_ucp_3	00:00	commit
2012-03-30T22:37:05 Query	302		espresso	localhost	es_ucp_2	00:00	commit
2012-03-30T22:37:05 Query	310		espresso	localhost	es_ucp_3	00:00	commit
2012-03-30T22:37:05 Query	313		espresso	localhost	es_ucp_1	00:00	commit
2012-03-30T22:37:05 Query	318		espresso	localhost	es_ucp_1	00:00	commit
2012-03-30T22:37:05 Query	320		espresso	localhost	es_ucp_1	00:00	commit
2012-03-30T22:37:05 Query	321		espresso	localhost	es_ucp_3	00:00	commit
2012-03-30T22:37:05 Query	323		espresso	localhost	es_ucp_3	00:00	commit
2012-03-30T22:37:05 Query	328		espresso	localhost	es_ucp_0	00:00	commit
2012-03-30T22:37:05 Query	330		espresso	localhost	es_ucp_1	00:00	commit
2012-03-30T22:37:05 Query	332		espresso	localhost	es_ucp_0	00:00	commit
2012-03-30T22:37:05 Query	333		espresso	localhost	es_ucp_2	00:00	commit
2012-03-30T22:37:05 Query	335		espresso	localhost	es_ucp_2	00:00	commit
2012-03-30T22:37:05 Query	336		espresso	localhost	es_ucp_3	00:00	commit
2012-03-30T22:37:05 Query	337		espresso	localhost	es_ucp_2	00:00	commit
2012-03-30T22:37:05 Query	338		espresso	localhost	es_ucp_2	00:00	commit
2012-03-30T22:37:05 Query	339		espresso	localhost	es_ucp_2	00:00	commit
2012-03-30T22:37:05 Query	340		espresso	localhost	es_ucp_1	00:00	commit
2012-03-30T22:37:05 Query	345		espresso	localhost	es_ucp_3	00:00	commit
2012-03-30T22:37:05 Query	346		espresso	localhost	es_ucp_1	00:00	commit
2012-03-30T22:37:05 Query	348		espresso	localhost	es_ucp_0	00:00	commit
2012-03-30T22:37:05 Query	356		espresso	localhost	es_ucp_0	00:00	commit
2012-03-30T22:37:05 Query	357		espresso	localhost	es_ucp_2	00:00	commit
2012-03-30T22:37:05 Query	358		espresso	localhost	es_ucp_3	00:00	commit
2012-03-30T22:37:05 Query	360		espresso	localhost	es_ucp_1	00:00	commit
2012-03-30T22:37:05 Query	361		espresso	localhost	es_ucp_1	00:00	commit
2012-03-30T22:37:05 Query	362		espresso	localhost	es_ucp_0	00:00	commit
2012-03-30T22:37:05 Query	365		espresso	localhost	es_ucp_1	00:00	commit
2012-03-30T22:37:05 Query	366		espresso	localhost	es_ucp_0	00:00	commit
2012-03-30T22:37:05 Query	367		espresso	localhost	es_ucp_0	00:00	commit
2012-03-30T22:37:05 Query	368		espresso	localhost	es_ucp_2	00:00	commit
2012-03-30T22:37:05 Query	369		espresso	localhost	es_ucp_0	00:00	commit
2012-03-30T22:37:05 Query	371		espresso	localhost	es_ucp_3	00:00	commit
2012-03-30T22:37:05 Query	372		espresso	localhost	es_ucp_1	00:00	commit
2012-03-30T22:37:05 Query	373		espresso	localhost	es_ucp_3	00:00	commit
2012-03-30T22:37:05 Query	374		espresso	localhost	es_ucp_1	00:00	commit
2012-03-30T22:37:05 Query	375		espresso	localhost	es_ucp_0	00:00	commit
2012-03-30T22:37:05 Query	377		espresso	localhost	es_ucp_2	00:00	commit
2012-03-30T22:37:05 Query	378		espresso	localhost	es_ucp_3	00:00	commit
2012-03-30T22:37:05 Query	389		espresso	localhost	es_ucp_2	00:00	commit
2012-03-30T22:37:05 Query	390		espresso	localhost	es_ucp_1	00:00	commit
2012-03-30T22:37:05 Query	391		espresso	localhost	es_ucp_0	00:00	commit
2012-03-30T22:37:05 Query	392		espresso	localhost	es_ucp_3	00:00	commit
2012-03-30T22:37:05 Query	393		espresso	localhost	es_ucp_3	00:00	commit
2012-03-30T22:37:07 Query	211		espresso	localhost	es_ucp_2	00:00	commit
2012-03-30T22:37:07 Query	226		espresso	localhost	es_ucp_1	00:00	commit
2012-03-30T22:37:07 Query	245		espresso	localhost	es_ucp_1	00:00	commit
2012-03-30T22:37:07 Query	258		espresso	localhost	es_ucp_3	00:00	commit
2012-03-30T22:37:07 Query	283		espresso	localhost	es_ucp_3	00:00	commit
2012-03-30T22:37:07 Query	295		espresso	localhost	es_ucp_3	00:00	commit
2012-03-30T22:37:07 Query	300		espresso	localhost	es_ucp_1	00:00	commit
2012-03-30T22:37:07 Query	302		espresso	localhost	es_ucp_0	00:00	commit
2012-03-30T22:37:07 Query	310		espresso	localhost	es_ucp_3	00:00	commit
2012-03-30T22:37:07 Query	313		espresso	localhost	es_ucp_1	00:00	commit
2012-03-30T22:37:07 Query	318		espresso	localhost	es_ucp_3	00:00	commit
2012-03-30T22:37:07 Query	320		espresso	localhost	es_ucp_2	00:00	commit
2012-03-30T22:37:07 Query	321		espresso	localhost	es_ucp_2	00:00	commit
2012-03-30T22:37:07 Query	323		espresso	localhost	es_ucp_1	00:00	commit
2012-03-30T22:37:07 Query	328		espresso	localhost	es_ucp_2	00:00	commit
2012-03-30T22:37:07 Query	330		espresso	localhost	es_ucp_2	00:00	commit
2012-03-30T22:37:07 Query	332		espresso	localhost	es_ucp_2	00:00	commit
2012-03-30T22:37:07 Query	333		espresso	localhost	es_ucp_3	00:00	commit
2012-03-30T22:37:07 Query	335		espresso	localhost	es_ucp_3	00:00	commit
2012-03-30T22:37:07 Query	336		espresso	localhost	es_ucp_0	00:00	commit
2012-03-30T22:37:07 Query	337		espresso	localhost	es_ucp_0	00:00	commit
2012-03-30T22:37:07 Query	338		espresso	localhost	es_ucp_0	00:00	commit
2012-03-30T22:37:07 Query	339		espresso	localhost	es_ucp_1	00:00	commit
2012-03-30T22:37:07 Query	340		espresso	localhost	es_ucp_0	00:00	commit
2012-03-30T22:37:07 Query	345		espresso	localhost	es_ucp_0	00:00	commit
2012-03-30T22:37:07 Query	346		espresso	localhost	es_ucp_1	00:00	commit
2012-03-30T22:37:07 Query	348		espresso	localhost	es_ucp_3	00:00	commit
2012-03-30T22:37:07 Query	356		espresso	localhost	es_ucp_3	00:00	commit
2012-03-30T22:37:07 Query	357		espresso	localhost	es_ucp_3	00:00	commit
2012-03-30T22:37:07 Query	358		espresso	localhost	es_ucp_1	00:00	commit
2012-03-30T22:37:07 Query	360		espresso	localhost	es_ucp_1	00:00	commit
2012-03-30T22:37:07 Query	361		espresso	localhost	es_ucp_2	00:00	commit
2012-03-30T22:37:07 Query	362		espresso	localhost	es_ucp_3	00:00	commit
2012-03-30T22:37:07 Query	365		espresso	localhost	es_ucp_2	00:00	commit
2012-03-30T22:37:07 Query	366		espresso	localhost	es_ucp_0	00:00	commit
2012-03-30T22:37:07 Query	368		espresso	localhost	es_ucp_2	00:00	commit
2012-03-30T22:37:07 Query	369		espresso	localhost	es_ucp_3	00:00	commit
2012-03-30T22:37:07 Query	371		espresso	localhost	es_ucp_3	00:00	commit
2012-03-30T22:37:07 Query	373		espresso	localhost	es_ucp_0	00:00	commit
2012-03-30T22:37:07 Query	374		espresso	localhost	es_ucp_1	00:00	commit
2012-03-30T22:37:07 Query	375		espresso	localhost	es_ucp_1	00:00	commit
2012-03-30T22:37:07 Query	377		espresso	localhost	es_ucp_0	00:00	commit
2012-03-30T22:37:07 Query	378		espresso	localhost	es_ucp_0	00:00	commit
2012-03-30T22:37:07 Query	389		espresso	localhost	es_ucp_0	00:00	commit
2012-03-30T22:37:07 Query	390		espresso	localhost	es_ucp_2	00:00	commit
2012-03-30T22:37:07 Query	391		espresso	localhost	es_ucp_0	00:00	commit
2012-03-30T22:37:07 Query	392		espresso	localhost	es_ucp_2	00:00	commit
2012-03-30T22:37:07 Query	393		espresso	localhost	es_ucp_1	00:00	commit
2012-03-30T22:37:09 Query	330		espresso	localhost	es_ucp_3	00:00	commit
2012-03-30T22:37:09 Query	389		espresso	localhost	es_ucp_1	00:00	USE `es_ucp_0`
2012-03-30T22:37:11 Query	310		espresso	localhost	es_ucp_3	00:00	commit
2012-03-30T22:37:13 Query	321	update	espresso	localhost	es_ucp_2	00:00	INSERT INTO `ActivityEvent` (`id`,etag, timestamp, val, schema_version) VALUES('413942785','241982688',1333147033557,_binary[BINARY],1) ON DUPLICATE KEY UPDATE etag= '241982688', timestamp = 1333147033557, val = _binary[BINARY], schema_version = 1
2012-03-30T22:37:13 Query	346		espresso	localhost	es_ucp_2	00:00	INSERT INTO `ActivityEvent` (`id`,etag, timestamp, val, schema_version) VALUES('413942811','2113678358',1333147033565,_binary[BINARY],1) ON DUPLICATE KEY UPDATE etag= '2113678358', timestamp = 1333147033565, val = _binary[BINARY], schema_version = 1
2012-03-30T22:37:13 Query	360		espresso	localhost	es_ucp_0	00:00	SET autocommit=0
2012-03-30T22:37:15 Query	283	Writing to net	espresso	localhost	es_ucp_1	00:00	SET autocommit=1
2012-03-30T22:37:17 Query	245		espresso	localhost	es_ucp_1	00:00	commit
2012-03-30T22:37:17 Query	283		espresso	localhost	es_ucp_2	00:00	commit
2012-03-30T22:37:17 Query	300		espresso	localhost	es_ucp_3	00:00	commit
2012-03-30T22:37:17 Query	302		espresso	localhost	es_ucp_1	00:00	commit
2012-03-30T22:37:17 Query	310		espresso	localhost	es_ucp_2	00:00	commit
2012-03-30T22:37:17 Query	313		espresso	localhost	es_ucp_0	00:00	commit
2012-03-30T22:37:17 Query	318		espresso	localhost	es_ucp_1	00:00	commit
2012-03-30T22:37:17 Query	320		espresso	localhost	es_ucp_0	00:00	commit
2012-03-30T22:37:17 Query	321		espresso	localhost	es_ucp_1	00:00	commit
2012-03-30T22:37:17 Query	332		espresso	localhost	es_ucp_2	00:00	commit
2012-03-30T22:37:17 Query	333		espresso	localhost	es_ucp_2	00:00	commit
2012-03-30T22:37:17 Query	337		espresso	localhost	es_ucp_0	00:00	commit
2012-03-30T22:37:17 Query	338		espresso	localhost	es_ucp_0	00:00	commit
2012-03-30T22:37:17 Query	340		espresso	localhost	es_ucp_3	00:00	commit
2012-03-30T22:37:17 Query	348		espresso	localhost	es_ucp_1	00:00	commit
2012-03-30T22:37:17 Query	356		espresso	localhost	es_ucp_0	00:00	commit
2012-03-30T22:37:17 Query	357		espresso	localhost	es_ucp_1	00:00	commit
2012-03-30T22:37:17 Query	358		espresso	localhost	es_ucp_1	00:00	commit
2012-03-30T22:37:17 Query	360		espresso	localhost	es_ucp_1	00:00	commit
2012-03-30T22:37:17 Query	361		espresso	localhost	es_ucp_3	00:00	commit
2012-03-30T22:37:17 Query	362		espresso	localhost	es_ucp_3	00:00	commit
2012-03-30T22:37:17 Query	366		espresso	localhost	es_ucp_3	00:00	commit
2012-03-30T22:37:17 Query	367		espresso	localhost	es_ucp_2	00:00	commit
2012-03-30T22:37:17 Query	368		espresso	localhost	es_ucp_0	00:00	commit
2012-03-30T22:37:17 Query	372		espresso	localhost	es_ucp_1	00:00	commit
2012-03-30T22:37:17 Query	373		espresso	localhost	es_ucp_3	00:00	commit
2012-03-30T22:37:17 Query	374		espresso	localhost	es_ucp_3	00:00	commit
2012-03-30T22:37:17 Query	378		espresso	localhost	es_ucp_0	00:00	commit
2012-03-30T22:37:17 Query	389		espresso	localhost	es_ucp_2	00:00	commit
2012-03-30T22:37:17 Query	390		espresso	localhost	es_ucp_3	00:00	commit
2012-03-30T22:37:17 Query	392		espresso	localhost	es_ucp_1	00:00	commit
2012-03-30T22:37:17 Query	393		espresso	localhost	es_ucp_2	00:00	commit
2012-03-30T22:37:19 Query	338	update	espresso	localhost	es_ucp_3	00:00	INSERT INTO `ActivityEvent` (`id`,etag, timestamp, val, schema_version) VALUES('413973683','405187697',1333147039579,_binary[BINARY],1) ON DUPLICATE KEY UPDATE etag= '405187697', timestamp = 1333147039579, val = _binary[BINARY], schema_version = 1
2012-03-30T22:37:19 Query	362		espresso	localhost	es_ucp_2	00:00	commit
2012-03-30T22:37:19 Query	377	checking permissions	espresso	localhost	es_ucp_0	00:00	INSERT INTO `ActivityEvent` (`id`,etag, timestamp, val, schema_version) VALUES('413973718','1863441677',1333147039584,_binary[BINARY],1) ON DUPLICATE KEY UPDATE etag= '1863441677', timestamp = 1333147039584, val = _binary[BINARY], schema_version = 1
2012-03-30T22:37:19 Query	393	System lock	espresso	localhost	es_ucp_1	00:00	INSERT INTO `ActivityEvent` (`id`,etag, timestamp, val, schema_version) VALUES('413973744','2868557977',1333147039588,_binary[BINARY],1) ON DUPLICATE KEY UPDATE etag= '2868557977', timestamp = 1333147039588, val = _binary[BINARY], schema_version = 1
2012-03-30T22:37:21 Query	211	freeing items	espresso	localhost	es_ucp_2	00:00	USE `es_ucp_2`
2012-03-30T22:37:23 Query	389	update	espresso	localhost	es_ucp_1	00:00	INSERT INTO `ActivityEvent` (`id`,etag, timestamp, val, schema_version) VALUES('413994343','1564720883',1333147043610,_binary[BINARY],1) ON DUPLICATE KEY UPDATE etag= '1564720883', timestamp = 1333147043610, val = _binary[BINARY], schema_version = 1
2012-03-30T22:37:27 Query	365	update	espresso	localhost	es_ucp_3	00:00	INSERT INTO `ActivityEvent` (`id`,etag, timestamp, val, schema_version) VALUES('414013944','92352495',1333147047623,_binary[BINARY],1) ON DUPLICATE KEY UPDATE etag= '92352495', timestamp = 1333147047623, val = _binary[BINARY], schema_version = 1
2012-03-30T22:37:31 Query	245	Writing to net	espresso	localhost	es_ucp_2	00:00	rollback
2012-03-30T22:37:33 Query	245		espresso	localhost	es_ucp_1	00:00	commit
2012-03-30T22:37:33 Query	339		espresso	localhost	es_ucp_1	00:00	commit
2012-03-30T22:37:37 Query	368	init	espresso	localhost	es_ucp_1	00:00	INSERT INTO `ActivityEvent` (`id`,etag, timestamp, val, schema_version) VALUES('414064537','601877218',1333147057663,_binary[BINARY],1) ON DUPLICATE KEY UPDATE etag= '601877218', timestamp = 1333147057663, val = _binary[BINARY], schema_version = 1
2012-03-30T22:37:47 Query	337	Writing to net	espresso	localhost	es_ucp_3	00:00	USE `es_ucp_3`
2012-03-30T22:37:49 Query	245	update	espresso	localhost	es_ucp_1	00:00	INSERT INTO `ActivityEvent` (`id`,etag, timestamp, val, schema_version) VALUES('414099568','2061040430',1333147069698,_binary[BINARY],1) ON DUPLICATE KEY UPDATE etag= '2061040430', timestamp = 1333147069698, val = _binary[BINARY], schema_version = 1
2012-03-30T22:37:49 Query	300	update	espresso	localhost	es_ucp_1	00:00	INSERT INTO `ActivityEvent` (`id`,etag, timestamp, val, schema_version) VALUES('414099542','3431574175',1333147069694,_binary[BINARY],1) ON DUPLICATE KEY UPDATE etag= '3431574175', timestamp = 1333147069694, val = _binary[BINARY], schema_version = 1
2012-03-30T22:37:49 Query	302	update	espresso	localhost	es_ucp_0	00:00	INSERT INTO `ActivityEvent` (`id`,etag, timestamp, val, schema_version) VALUES('414099534','927530930',1333147069693,_binary[BINARY],1) ON DUPLICATE KEY UPDATE etag= '927530930', timestamp = 1333147069693, val = _binary[BINARY], schema_version = 1
2012-03-30T22:37:49 Query	313	update	espresso	localhost	es_ucp_1	00:00	INSERT INTO `ActivityEvent` (`id`,etag, timestamp, val, schema_version) VALUES('414099573','3699936835',1333147069699,_binary[BINARY],1) ON DUPLICATE KEY UPDATE etag= '3699936835', timestamp = 1333147069699, val = _binary[BINARY], schema_version = 1
2012-03-30T22:37:49 Query	320	update	espresso	localhost	es_ucp_0	00:00	INSERT INTO `ActivityEvent` (`id`,etag, timestamp, val, schema_version) VALUES('414099578','1487695992',1333147069700,_binary[BINARY],1) ON DUPLICATE KEY UPDATE etag= '1487695992', timestamp = 1333147069700, val = _binary[BINARY], schema_version = 1
2012-03-30T22:37:49 Query	338	update	espresso	localhost	es_ucp_0	00:00	INSERT INTO `ActivityEvent` (`id`,etag, timestamp, val, schema_version) VALUES('414099541','1783661059',1333147069694,_binary[BINARY],1) ON DUPLICATE KEY UPDATE etag= '1783661059', timestamp = 1333147069694, val = _binary[BINARY], schema_version = 1
2012-03-30T22:37:49 Query	356	update	espresso	localhost	es_ucp_0	00:00	INSERT INTO `ActivityEvent` (`id`,etag, timestamp, val, schema_version) VALUES('414099512','192479021',1333147069689,_binary[BINARY],1) ON DUPLICATE KEY UPDATE etag= '192479021', timestamp = 1333147069689, val = _binary[BINARY], schema_version = 1
2012-03-30T22:37:49 Query	358	update	espresso	localhost	es_ucp_0	00:00	INSERT INTO `ActivityEvent` (`id`,etag, timestamp, val, schema_version) VALUES('414099563','1568158763',1333147069698,_binary[BINARY],1) ON DUPLICATE KEY UPDATE etag= '1568158763', timestamp = 1333147069698, val = _binary[BINARY], schema_version = 1
2012-03-30T22:37:49 Query	362	update	espresso	localhost	es_ucp_0	00:00	INSERT INTO `ActivityEvent` (`id`,etag, timestamp, val, schema_version) VALUES('414099549','854852124',1333147069695,_binary[BINARY],1) ON DUPLICATE KEY UPDATE etag= '854852124', timestamp = 1333147069695, val = _binary[BINARY], schema_version = 1
2012-03-30T22:37:49 Query	366	update	espresso	localhost	es_ucp_0	00:00	INSERT INTO `ActivityEvent` (`id`,etag, timestamp, val, schema_version) VALUES('414099556','74119831',1333147069696,_binary[BINARY],1) ON DUPLICATE KEY UPDATE etag= '74119831', timestamp = 1333147069696, val = _binary[BINARY], schema_version = 1
2012-03-30T22:37:49 Query	367	update	espresso	localhost	es_ucp_1	00:00	INSERT INTO `ActivityEvent` (`id`,etag, timestamp, val, schema_version) VALUES('414099524','2834567100',1333147069691,_binary[BINARY],1) ON DUPLICATE KEY UPDATE etag= '2834567100', timestamp = 1333147069691, val = _binary[BINARY], schema_version = 1
2012-03-30T22:37:49 Query	369	update	espresso	localhost	es_ucp_0	00:00	INSERT INTO `ActivityEvent` (`id`,etag, timestamp, val, schema_version) VALUES('414099570','2923691984',1333147069698,_binary[BINARY],1) ON DUPLICATE KEY UPDATE etag= '2923691984', timestamp = 1333147069698, val = _binary[BINARY], schema_version = 1
2012-03-30T22:37:49 Query	371	update	espresso	localhost	es_ucp_1	00:00	INSERT INTO `ActivityEvent` (`id`,etag, timestamp, val, schema_version) VALUES('414099555','3573261290',1333147069697,_binary[BINARY],1) ON DUPLICATE KEY UPDATE etag= '3573261290', timestamp = 1333147069697, val = _binary[BINARY], schema_version = 1
2012-03-30T22:37:49 Query	374	update	espresso	localhost	es_ucp_0	00:00	INSERT INTO `ActivityEvent` (`id`,etag, timestamp, val, schema_version) VALUES('414099527','4263676112',1333147069692,_binary[BINARY],1) ON DUPLICATE KEY UPDATE etag= '4263676112', timestamp = 1333147069692, val = _binary[BINARY], schema_version = 1
2012-03-30T22:37:49 Query	377	update	espresso	localhost	es_ucp_0	00:00	INSERT INTO `ActivityEvent` (`id`,etag, timestamp, val, schema_version) VALUES('414099497','1621460688',1333147069686,_binary[BINARY],1) ON DUPLICATE KEY UPDATE etag= '1621460688', timestamp = 1333147069686, val = _binary[BINARY], schema_version = 1
2012-03-30T22:37:49 Query	390	update	espresso	localhost	es_ucp_1	00:00	INSERT INTO `ActivityEvent` (`id`,etag, timestamp, val, schema_version) VALUES('414099560','3431574175',1333147069697,_binary[BINARY],1) ON DUPLICATE KEY UPDATE etag= '3431574175', timestamp = 1333147069697, val = _binary[BINARY], schema_version = 1
2012-03-30T22:37:49 Query	395	update	espresso	localhost	es_ucp_0	00:00	INSERT INTO `ActivityEvent` (`id`,etag, timestamp, val, schema_version) VALUES('414099479','1667545947',1333147069685,_binary[BINARY],1) ON DUPLICATE KEY UPDATE etag= '1667545947', timestamp = 1333147069685, val = _binary[BINARY], schema_version = 1


