2012-03-30T22:34:30 num_inserts	num_updates	num_reads	num_deletes	num_inserts_sec	num_updates_sec	num_reads_sec	num_deletes_sec
2012-03-30T22:34:30 6786673	99724	99724	0	25000.00	0.00	0.00	0.00
2012-03-30T22:34:30 queries_in_queue	queries_inside	read_views_open	main_thread_state
2012-03-30T22:34:30 0	0	1	sleeping
2012-03-30T22:34:30 mutex_os_waits	mutex_spin_waits	mutex_spin_rounds	rw_excl_os_waits	rw_excl_spins	rw_shared_os_waits	rw_shared_spins	signal_count	reservation_count
2012-03-30T22:34:30 32685	972502	1769682	85717	140356	54392	55053	52137	176256
2012-03-30T22:34:30 thread	time	waited_at_filename	waited_at_line	request_type	num_readers	lock_var	waiters_flag	cell_waiting	cell_event_set
2012-03-30T22:34:32 6791676	99724	99724	0	17000.00	0.00	0.00	0.00
2012-03-30T22:34:32 0	0	1	sleeping
2012-03-30T22:34:32 32722	973287	1771611	85734	140408	54394	55057	52155	176314
2012-03-30T22:34:34 6796678	99724	99724	0	10000.00	0.00	0.00	0.00
2012-03-30T22:34:34 0	0	1	sleeping
2012-03-30T22:34:34 32770	974019	1773629	85765	140502	54450	55110	52193	176452
2012-03-30T22:34:36 6801683	99724	99724	0	31000.00	0.00	0.00	0.00
2012-03-30T22:34:36 0	0	1	sleeping
2012-03-30T22:34:36 32790	974686	1774790	85848	140616	54500	55160	52249	176610
2012-03-30T22:34:38 6806600	99724	99724	0	0.00	0.00	0.00	0.00
2012-03-30T22:34:38 0	0	1	sleeping
2012-03-30T22:34:38 32810	975327	1775886	85922	140738	54588	55244	52289	176793
2012-03-30T22:34:38 	00:00				0	0		1	0
2012-03-30T22:34:38 	00:00				0	0		1	0
2012-03-30T22:34:38 	00:00				0	0		1	0
2012-03-30T22:34:38 	00:00				0	0		1	0
2012-03-30T22:34:38 	00:00				0	0		1	0
2012-03-30T22:34:38 	00:00				0	0		1	0
2012-03-30T22:34:38 	00:00				0	0		1	0
2012-03-30T22:34:38 	00:00				0	0		1	0
2012-03-30T22:34:38 	00:00				0	0		1	0
2012-03-30T22:34:38 	00:00				0	0		1	0
2012-03-30T22:34:38 	00:00				0	0		1	0
2012-03-30T22:34:38 	00:00				0	0		1	0
2012-03-30T22:34:38 	00:00				0	0		1	0
2012-03-30T22:34:38 	00:00				0	0		1	0
2012-03-30T22:34:38 	00:00				0	0		1	0
2012-03-30T22:34:38 	00:00				0	0		1	0
2012-03-30T22:34:38 	00:00				0	0		1	0
2012-03-30T22:34:38 	00:00				0	0		1	0
2012-03-30T22:34:38 	00:00				0	0		1	0
2012-03-30T22:34:38 	00:00				0	0		1	0
2012-03-30T22:34:38 	00:00				0	0		1	0
2012-03-30T22:34:38 	00:00				0	0		1	0
2012-03-30T22:34:38 	00:00				0	0		1	0
2012-03-30T22:34:38 	00:00				0	0		1	0
2012-03-30T22:34:38 	00:00				0	0		1	0
2012-03-30T22:34:38 	00:00				0	0		1	0
2012-03-30T22:34:38 	00:00				0	0		1	0
2012-03-30T22:34:38 	00:00				0	0		1	0
2012-03-30T22:34:38 	00:00				0	0		1	0
2012-03-30T22:34:38 	00:00				0	0		1	0
2012-03-30T22:34:38 	00:00				0	0		1	0
2012-03-30T22:34:38 	00:00				0	0		1	0
2012-03-30T22:34:38 	00:00				0	0		1	0
2012-03-30T22:34:38 	00:00				0	0		1	0
2012-03-30T22:34:40 6811720	99724	99724	0	11000.00	0.00	0.00	0.00
2012-03-30T22:34:40 0	0	1	sleeping
2012-03-30T22:34:40 32840	976023	1777482	85969	140827	54610	55264	52328	176896
2012-03-30T22:34:42 6816723	99724	99724	0	6000.00	0.00	0.00	0.00
2012-03-30T22:34:42 0	0	1	sleeping
2012-03-30T22:34:42 32853	976793	1778520	85970	140847	54613	55268	52342	176913
2012-03-30T22:34:44 6821728	99724	99724	0	6000.00	0.00	0.00	0.00
2012-03-30T22:34:44 0	0	1	sleeping
2012-03-30T22:34:44 32878	977573	1779877	86051	140970	54625	55285	52390	177034
2012-03-30T22:34:47 6826713	99724	99724	0	1000.00	0.00	0.00	0.00
2012-03-30T22:34:47 0	0	1	sleeping
2012-03-30T22:34:47 32898	978179	1781005	86099	141063	54669	55328	52426	177148
2012-03-30T22:34:49 6831567	99724	99724	0	1000.00	0.00	0.00	0.00
2012-03-30T22:34:49 0	0	1	flushing buffer pool pages
2012-03-30T22:34:49 32942	978893	1782928	86260	141255	54758	55417	52529	177445
2012-03-30T22:34:49 	00:00				0	0		1	0
2012-03-30T22:34:49 	00:00				0	0		1	0
2012-03-30T22:34:49 	00:00				0	0		1	0
2012-03-30T22:34:49 	00:00				0	0		1	0
2012-03-30T22:34:49 	00:00				0	0		1	0
2012-03-30T22:34:49 	00:00				0	0		1	0
2012-03-30T22:34:51 6835046	99724	99724	0	14000.00	0.00	0.00	0.00
2012-03-30T22:34:51 0	0	1	sleeping
2012-03-30T22:34:51 32981	979495	1784562	86503	141438	54820	55452	52616	177793
2012-03-30T22:34:53 6840945	99724	99724	0	0.00	0.00	0.00	0.00
2012-03-30T22:34:53 0	0	1	flushing buffer pool pages
2012-03-30T22:34:53 33026	980517	1786973	86677	141649	54863	55506	52712	178061
2012-03-30T22:34:53 	00:00				0	0		1	0
2012-03-30T22:34:53 	00:00				0	0		1	0
2012-03-30T22:34:53 	00:00				0	0		1	0
2012-03-30T22:34:53 	00:00				0	0		1	0
2012-03-30T22:34:53 	00:00				0	0		1	0
2012-03-30T22:34:53 	00:00				0	0		1	0
2012-03-30T22:34:53 	00:00				0	0		1	0
2012-03-30T22:34:53 	00:00				0	0		1	0
2012-03-30T22:34:53 	00:00				0	0		1	0
2012-03-30T22:34:55 6846749	99724	99724	0	10000.00	0.00	0.00	0.00
2012-03-30T22:34:55 0	0	1	flushing buffer pool pages
2012-03-30T22:34:55 33103	981540	1790156	86813	141795	54865	55518	52777	178276
2012-03-30T22:34:55 	00:00				0	0		1	0
2012-03-30T22:34:55 	00:00				0	0		1	0
2012-03-30T22:34:55 	00:00				0	0		1	0
2012-03-30T22:34:55 	00:00				0	0		1	0
2012-03-30T22:34:55 	00:00				0	0		1	0
2012-03-30T22:34:55 	00:00				0	0		1	0
2012-03-30T22:34:55 	00:00				0	0		1	0
2012-03-30T22:34:55 	00:00				0	0		1	0
2012-03-30T22:34:55 	00:00				0	0		1	0
2012-03-30T22:34:55 	00:00				0	0		1	0
2012-03-30T22:34:57 6851808	99724	99724	0	17000.00	0.00	0.00	0.00
2012-03-30T22:34:57 0	0	1	sleeping
2012-03-30T22:34:57 33175	982455	1793122	87164	142055	54925	55575	52946	178771
2012-03-30T22:34:59 6856806	99724	99724	0	10000.00	0.00	0.00	0.00
2012-03-30T22:34:59 0	0	1	sleeping
2012-03-30T22:34:59 33197	983079	1794290	87200	142148	55005	55657	52992	178909
2012-03-30T22:35:01 6861767	99724	99724	0	15000.00	0.00	0.00	0.00
2012-03-30T22:35:01 0	0	1	sleeping
2012-03-30T22:35:01 33241	983696	1796183	87244	142200	55006	55660	53026	178998
2012-03-30T22:35:03 6866826	99724	99724	0	9000.00	0.00	0.00	0.00
2012-03-30T22:35:03 0	0	1	sleeping
2012-03-30T22:35:03 33307	985822	1800361	87315	142337	55094	55743	53104	179227
2012-03-30T22:35:05 6871821	99724	99724	0	10000.00	0.00	0.00	0.00
2012-03-30T22:35:05 0	0	1	sleeping
2012-03-30T22:35:05 33321	986353	1801128	87348	142394	55096	55747	53120	179276
2012-03-30T22:35:07 6876823	99724	99724	0	13000.00	0.00	0.00	0.00
2012-03-30T22:35:07 0	0	1	sleeping
2012-03-30T22:35:07 33339	987126	1802267	87437	142533	55156	55809	53174	179448
2012-03-30T22:35:09 6881830	99724	99724	0	12000.00	0.00	0.00	0.00
2012-03-30T22:35:09 0	0	1	sleeping
2012-03-30T22:35:09 33356	987864	1803455	87560	142707	55243	55892	53245	179679
2012-03-30T22:35:11 6886702	99724	99724	0	17000.00	0.00	0.00	0.00
2012-03-30T22:35:11 0	0	1	sleeping
2012-03-30T22:35:11 33425	988650	1806130	87606	142796	55258	55915	53280	179813
2012-03-30T22:35:13 6891818	99724	99724	0	17000.00	0.00	0.00	0.00
2012-03-30T22:35:13 0	0	1	sleeping
2012-03-30T22:35:13 33454	989659	1807979	87711	142961	55311	55974	53337	180007
2012-03-30T22:35:15 6894492	99724	99724	0	0.00	0.00	0.00	0.00
2012-03-30T22:35:15 0	0	1	sleeping
2012-03-30T22:35:15 33468	990095	1808709	87761	143020	55313	55977	53355	180074
2012-03-30T22:35:17 6898841	99724	99724	0	9000.00	0.00	0.00	0.00
2012-03-30T22:35:17 0	0	1	sleeping
2012-03-30T22:35:17 33488	990894	1809963	87840	143154	55368	56025	53409	180231
2012-03-30T22:35:19 6904988	99724	99724	0	11000.00	0.00	0.00	0.00
2012-03-30T22:35:19 0	0	1	sleeping
2012-03-30T22:35:19 33550	992168	1813273	87965	143407	55501	56129	53506	180551
2012-03-30T22:35:21 6908618	99724	99724	0	0.00	0.00	0.00	0.00
2012-03-30T22:35:21 0	0	1	flushing log
2012-03-30T22:35:21 33562	992652	1813971	87980	143459	55551	56183	53521	180628
2012-03-30T22:35:21 	00:00				0	0		1	0
2012-03-30T22:35:21 	00:00				0	0		1	0
2012-03-30T22:35:21 	00:00				0	0		1	0
2012-03-30T22:35:21 	00:00				0	0		1	0
2012-03-30T22:35:21 	00:00				0	0		1	0
2012-03-30T22:35:21 	00:00				0	0		1	0
2012-03-30T22:35:21 	00:00				0	0		1	0
2012-03-30T22:35:21 	00:00				0	0		1	0
2012-03-30T22:35:21 	00:00				0	0		1	0
2012-03-30T22:35:21 	00:00				0	0		1	0
2012-03-30T22:35:21 	00:00				0	0		1	0
2012-03-30T22:35:21 	00:00				0	0		1	0
2012-03-30T22:35:21 	00:00				0	0		1	0
2012-03-30T22:35:21 	00:00				0	0		1	0
2012-03-30T22:35:21 	00:00				0	0		1	0
2012-03-30T22:35:21 	00:00				0	0		1	0
2012-03-30T22:35:21 	00:00				0	0		1	0
2012-03-30T22:35:21 	00:00				0	0		1	0
2012-03-30T22:35:21 	00:00				0	0		1	0
2012-03-30T22:35:21 	00:00				0	0		1	0
2012-03-30T22:35:21 	00:00				0	0		1	0
2012-03-30T22:35:21 	00:00				0	0		1	0
2012-03-30T22:35:21 	00:00				0	0		1	0
2012-03-30T22:35:21 	00:00				0	0		1	0
2012-03-30T22:35:21 	00:00				0	0		1	0
2012-03-30T22:35:21 	00:00				0	0		1	0
2012-03-30T22:35:21 	00:00				0	0		1	0
2012-03-30T22:35:21 	00:00				0	0		1	0
2012-03-30T22:35:21 	00:00				0	0		1	0
2012-03-30T22:35:21 	00:00				0	0		1	0
2012-03-30T22:35:21 	00:00				0	0		1	0
2012-03-30T22:35:21 	00:00				0	0		1	0
2012-03-30T22:35:21 	00:00				0	0		1	0
2012-03-30T22:35:21 	00:00				0	0		1	0
2012-03-30T22:35:21 	00:00				0	0		1	0
2012-03-30T22:35:21 	00:00				0	0		1	0
2012-03-30T22:35:21 	00:00				0	0		1	0
2012-03-30T22:35:21 	00:00				0	0		1	0
2012-03-30T22:35:21 	00:00				0	0		1	0
2012-03-30T22:35:21 	00:00				0	0		1	0
2012-03-30T22:35:21 	00:00				0	0		1	0
2012-03-30T22:35:21 	00:00				0	0		1	0
2012-03-30T22:35:21 	00:00				0	0		1	0
2012-03-30T22:35:21 	00:00				0	0		1	0
2012-03-30T22:35:21 	00:00				0	0		1	0
2012-03-30T22:35:21 	00:00				0	0		1	0
2012-03-30T22:35:21 	00:00				0	0		1	0
2012-03-30T22:35:21 	00:00				0	0		1	0
2012-03-30T22:35:21 	00:00				0	0		1	0
2012-03-30T22:35:23 6914538	99724	99724	0	26000.00	0.00	0.00	0.00
2012-03-30T22:35:23 0	0	1	sleeping
2012-03-30T22:35:23 33623	993649	1816578	87994	143573	55555	56201	53551	180709
2012-03-30T22:35:25 6919948	99724	99724	0	23000.00	0.00	0.00	0.00
2012-03-30T22:35:25 0	0	1	sleeping
2012-03-30T22:35:25 33653	994717	1818385	88064	143756	55675	56327	53618	180933
2012-03-30T22:35:27 6925891	99724	99724	0	24000.00	0.00	0.00	0.00
2012-03-30T22:35:27 0	0	1	sleeping
2012-03-30T22:35:27 33681	995808	1820141	88177	143963	55776	56429	53689	181184
2012-03-30T22:35:29 6931904	99724	99724	0	17000.00	0.00	0.00	0.00
2012-03-30T22:35:29 0	0	1	sleeping
2012-03-30T22:35:29 33715	996829	1822145	88326	144172	55827	56483	53762	181426
2012-03-30T22:35:31 6936965	99724	99724	0	17000.00	0.00	0.00	0.00
2012-03-30T22:35:31 0	0	1	sleeping
2012-03-30T22:35:31 33755	997538	1824034	88362	144223	55827	56487	53785	181502
2012-03-30T22:35:33 6941868	99724	99724	0	0.00	0.00	0.00	0.00
2012-03-30T22:35:33 0	0	1	sleeping
2012-03-30T22:35:33 33776	998113	1825064	88399	144290	55867	56532	53815	181602
2012-03-30T22:35:33 	00:00				0	0		1	0
2012-03-30T22:35:33 	00:00				0	0		1	0
2012-03-30T22:35:33 	00:00				0	0		1	0
2012-03-30T22:35:33 	00:00				0	0		1	0
2012-03-30T22:35:33 	00:00				0	0		1	0
2012-03-30T22:35:33 	00:00				0	0		1	0
2012-03-30T22:35:33 	00:00				0	0		1	0
2012-03-30T22:35:33 	00:00				0	0		1	0
2012-03-30T22:35:33 	00:00				0	0		1	0
2012-03-30T22:35:33 	00:00				0	0		1	0
2012-03-30T22:35:33 	00:00				0	0		1	0
2012-03-30T22:35:33 	00:00				0	0		1	0
2012-03-30T22:35:33 	00:00				0	0		1	0
2012-03-30T22:35:33 	00:00				0	0		1	0
2012-03-30T22:35:33 	00:00				0	0		1	0
2012-03-30T22:35:33 	00:00				0	0		1	0
2012-03-30T22:35:33 	00:00				0	0		1	0
2012-03-30T22:35:33 	00:00				0	0		1	0
2012-03-30T22:35:33 	00:00				0	0		1	0
2012-03-30T22:35:33 	00:00				0	0		1	0
2012-03-30T22:35:33 	00:00				0	0		1	0
2012-03-30T22:35:33 	00:00				0	0		1	0
2012-03-30T22:35:33 	00:00				0	0		1	0
2012-03-30T22:35:33 	00:00				0	0		1	0
2012-03-30T22:35:33 	00:00				0	0		1	0
2012-03-30T22:35:33 	00:00				0	0		1	0
2012-03-30T22:35:33 	00:00				0	0		1	0
2012-03-30T22:35:33 	00:00				0	0		1	0
2012-03-30T22:35:35 6947024	99724	99724	0	28000.00	0.00	0.00	0.00
2012-03-30T22:35:35 0	0	1	sleeping
2012-03-30T22:35:35 33800	998851	1826527	88463	144386	55874	56544	53866	181700
2012-03-30T22:35:37 6951972	99724	99724	0	31000.00	0.00	0.00	0.00
2012-03-30T22:35:37 0	0	1	sleeping
2012-03-30T22:35:37 33817	999527	1827535	88503	144505	55972	56644	53900	181856
2012-03-30T22:35:39 6957033	99724	99724	0	21000.00	0.00	0.00	0.00
2012-03-30T22:35:39 0	0	1	sleeping
2012-03-30T22:35:39 33837	1000153	1828598	88528	144581	56013	56688	53928	181942
2012-03-30T22:35:41 6962046	99724	99724	0	24000.00	0.00	0.00	0.00
2012-03-30T22:35:41 0	0	1	sleeping
2012-03-30T22:35:41 33859	1000734	1829691	88560	144631	56023	56699	53951	182007
2012-03-30T22:35:43 6967050	99724	99724	0	19000.00	0.00	0.00	0.00
2012-03-30T22:35:43 0	0	1	sleeping
2012-03-30T22:35:43 33885	1001375	1831032	88597	144696	56027	56705	53974	182074
2012-03-30T22:35:45 6972063	99724	99724	0	21000.00	0.00	0.00	0.00
2012-03-30T22:35:45 0	0	1	sleeping
2012-03-30T22:35:45 33921	1002127	1832697	88605	144761	56072	56753	53998	182164
2012-03-30T22:35:47 6977063	99724	99724	0	24000.00	0.00	0.00	0.00
2012-03-30T22:35:47 0	0	1	sleeping
2012-03-30T22:35:47 33940	1002824	1833856	88697	144892	56137	56822	54049	182342
2012-03-30T22:35:49 6982071	99724	99724	0	10000.00	0.00	0.00	0.00
2012-03-30T22:35:49 0	0	1	sleeping
2012-03-30T22:35:49 33975	1003560	1835435	88730	144990	56176	56865	54081	182454
2012-03-30T22:35:51 6987085	99724	99724	0	16000.00	0.00	0.00	0.00
2012-03-30T22:35:51 0	0	1	sleeping
2012-03-30T22:35:51 34003	1004083	1836705	88761	145036	56176	56866	54104	182514
2012-03-30T22:35:53 6992090	99724	99724	0	11000.00	0.00	0.00	0.00
2012-03-30T22:35:53 0	0	1	sleeping
2012-03-30T22:35:53 34051	1004740	1838682	88762	145063	56177	56868	54114	182564
2012-03-30T22:35:55 6997103	99724	99724	0	10000.00	0.00	0.00	0.00
2012-03-30T22:35:55 0	0	1	sleeping
2012-03-30T22:35:55 34094	1005447	1840565	88772	145131	56227	56921	54142	182671
2012-03-30T22:35:57 7002107	99724	99724	0	11000.00	0.00	0.00	0.00
2012-03-30T22:35:57 0	0	1	sleeping
2012-03-30T22:35:57 34120	1006099	1841933	88834	145258	56305	56992	54190	182840
2012-03-30T22:35:59 7007111	99724	99724	0	11000.00	0.00	0.00	0.00
2012-03-30T22:35:59 0	0	1	sleeping
2012-03-30T22:35:59 34135	1006670	1842797	88889	145348	56340	57030	54226	182946
2012-03-30T22:36:01 7012115	99724	99724	0	4000.00	0.00	0.00	0.00
2012-03-30T22:36:01 0	0	1	sleeping
2012-03-30T22:36:01 34204	1007345	1845359	88937	145424	56340	57033	54250	183065
2012-03-30T22:36:03 7017114	99724	99724	0	4000.00	0.00	0.00	0.00
2012-03-30T22:36:03 0	0	1	sleeping
2012-03-30T22:36:03 34257	1008001	1847470	88937	145463	56342	57036	54264	183121
2012-03-30T22:36:05 7022135	99724	99724	0	4000.00	0.00	0.00	0.00
2012-03-30T22:36:05 0	0	1	sleeping
2012-03-30T22:36:05 34307	1008784	1849597	88945	145530	56388	57083	54285	183226
2012-03-30T22:36:07 7026387	99724	99724	0	0.00	0.00	0.00	0.00
2012-03-30T22:36:07 0	0	1	flushing log
2012-03-30T22:36:07 34363	1009382	1851731	88977	145610	56515	57190	54325	183441
2012-03-30T22:36:07 	00:00				0	0		1	0
2012-03-30T22:36:07 	00:00				0	0		1	0
2012-03-30T22:36:07 	00:00				0	0		1	0
2012-03-30T22:36:07 	00:00				0	0		1	0
2012-03-30T22:36:07 	00:00				0	0		1	0
2012-03-30T22:36:07 	00:00				0	0		1	0
2012-03-30T22:36:07 	00:00				0	0		1	0
2012-03-30T22:36:07 	00:00				0	0		1	0
2012-03-30T22:36:07 	00:00				0	0		1	0
2012-03-30T22:36:07 	00:00				0	0		1	0
2012-03-30T22:36:07 	00:00				0	0		1	0
2012-03-30T22:36:07 	00:00				0	0		1	0
2012-03-30T22:36:07 	00:00				0	0		1	0
2012-03-30T22:36:07 	00:00				0	0		1	0
2012-03-30T22:36:07 	00:00				0	0		1	0
2012-03-30T22:36:07 	00:00				0	0		1	0
2012-03-30T22:36:07 	00:00				0	0		1	0
2012-03-30T22:36:07 	00:00				0	0		1	0
2012-03-30T22:36:07 	00:00				0	0		1	0
2012-03-30T22:36:07 	00:00				0	0		1	0
2012-03-30T22:36:07 	00:00				0	0		1	0
2012-03-30T22:36:07 	00:00				0	0		1	0
2012-03-30T22:36:07 	00:00				0	0		1	0
2012-03-30T22:36:07 	00:00				0	0		1	0
2012-03-30T22:36:07 	00:00				0	0		1	0
2012-03-30T22:36:07 	00:00				0	0		1	0
2012-03-30T22:36:07 	00:00				0	0		1	0
2012-03-30T22:36:07 	00:00				0	0		1	0
2012-03-30T22:36:07 	00:00				0	0		1	0
2012-03-30T22:36:07 	00:00				0	0		1	0
2012-03-30T22:36:07 	00:00				0	0		1	0
2012-03-30T22:36:07 	00:00				0	0		1	0
2012-03-30T22:36:07 	00:00				0	0		1	0
2012-03-30T22:36:07 	00:00				0	0		1	0
2012-03-30T22:36:07 	00:00				0	0		1	0
2012-03-30T22:36:07 	00:00				0	0		1	0
2012-03-30T22:36:07 	00:00				0	0		1	0
2012-03-30T22:36:07 	00:00				0	0		1	0
2012-03-30T22:36:07 	00:00				0	0		1	0
2012-03-30T22:36:07 	00:00				0	0		1	0
2012-03-30T22:36:07 	00:00				0	0		1	0
2012-03-30T22:36:07 	00:00				0	0		1	0
2012-03-30T22:36:07 	00:00				0	0		1	0
2012-03-30T22:36:07 	00:00				0	0		1	0
2012-03-30T22:36:07 	00:00				0	0		1	0
2012-03-30T22:36:07 	00:00				0	0		1	0
2012-03-30T22:36:07 	00:00				0	0		1	0
2012-03-30T22:36:07 	00:00				0	0		1	0
2012-03-30T22:36:07 	00:00				0	0		1	0
2012-03-30T22:36:09 7031543	99724	99724	0	30000.00	0.00	0.00	0.00
2012-03-30T22:36:09 0	0	1	sleeping
2012-03-30T22:36:09 34417	1010293	1854193	89018	145757	56592	57239	54365	183617
2012-03-30T22:36:11 7037149	99724	99724	0	26000.00	0.00	0.00	0.00
2012-03-30T22:36:11 0	0	1	flushing buffer pool pages
2012-03-30T22:36:11 34437	1011138	1855651	89119	145880	56593	57246	54408	183744
2012-03-30T22:36:13 7042212	99724	99724	0	15000.00	0.00	0.00	0.00
2012-03-30T22:36:13 0	0	1	flushing log
2012-03-30T22:36:13 34484	1011749	1857605	89141	145924	56594	57249	54428	183816
2012-03-30T22:36:15 7047212	99724	99724	0	5000.00	0.00	0.00	0.00
2012-03-30T22:36:15 0	0	1	flushing buffer pool pages
2012-03-30T22:36:15 34519	1012472	1859232	89173	146026	56645	57302	54459	183937
2012-03-30T22:36:17 7052211	99724	99724	0	2000.00	0.00	0.00	0.00
2012-03-30T22:36:17 0	0	1	flushing buffer pool pages
2012-03-30T22:36:17 34578	1013249	1861586	89247	146155	56731	57382	54525	184161
2012-03-30T22:36:19 7057218	99724	99724	0	11000.00	0.00	0.00	0.00
2012-03-30T22:36:19 0	0	1	flushing log
2012-03-30T22:36:19 34609	1013993	1863220	89313	146267	56789	57431	54573	184317
2012-03-30T22:36:21 7062224	99724	99724	0	10000.00	0.00	0.00	0.00
2012-03-30T22:36:21 0	0	1	sleeping
2012-03-30T22:36:21 34619	1014627	1863984	89327	146312	56793	57436	54589	184346
2012-03-30T22:36:23 7067154	99724	99724	0	6000.00	0.00	0.00	0.00
2012-03-30T22:36:23 0	0	1	sleeping
2012-03-30T22:36:23 34697	1015425	1867061	89375	146387	56794	57440	54621	184474
2012-03-30T22:36:25 7072252	99724	99724	0	170000.00	0.00	0.00	0.00
2012-03-30T22:36:25 0	0	1	sleeping
2012-03-30T22:36:25 34708	1016090	1867865	89425	146478	56846	57490	54663	184590
2012-03-30T22:36:27 7077259	99724	99724	0	163000.00	0.00	0.00	0.00
2012-03-30T22:36:27 0	0	1	sleeping
2012-03-30T22:36:27 34764	1016918	1870378	89452	146587	56948	57594	54712	184778
2012-03-30T22:36:29 7082272	99724	99724	0	173000.00	0.00	0.00	0.00
2012-03-30T22:36:29 0	0	1	sleeping
2012-03-30T22:36:29 34783	1017603	1871538	89582	146711	56990	57637	54773	184975
2012-03-30T22:36:31 7087289	99724	99724	0	174000.00	0.00	0.00	0.00
2012-03-30T22:36:31 0	0	1	sleeping
2012-03-30T22:36:31 34819	1018256	1873124	89609	146764	56990	57642	54794	185041
2012-03-30T22:36:33 7092186	99724	99724	0	243000.00	0.00	0.00	0.00
2012-03-30T22:36:33 0	0	1	sleeping
2012-03-30T22:36:33 34850	1018919	1874566	89677	146839	56993	57647	54828	185147
2012-03-30T22:36:35 7097305	99724	99724	0	178000.00	0.00	0.00	0.00
2012-03-30T22:36:35 0	0	1	sleeping
2012-03-30T22:36:35 34873	1019657	1875859	89740	146961	57052	57704	54866	185294
2012-03-30T22:36:37 7102317	99724	99724	0	186000.00	0.00	0.00	0.00
2012-03-30T22:36:37 0	0	1	sleeping
2012-03-30T22:36:37 34913	1020578	1877976	89854	147122	57122	57777	54939	185527
2012-03-30T22:36:39 7107296	99724	99724	0	161000.00	0.00	0.00	0.00
2012-03-30T22:36:39 0	0	1	sleeping
2012-03-30T22:36:39 34931	1021210	1879053	89906	147220	57151	57808	54974	185629
2012-03-30T22:36:41 7112331	99724	99724	0	190000.00	0.00	0.00	0.00
2012-03-30T22:36:41 0	0	1	sleeping
2012-03-30T22:36:41 34961	1021848	1880445	89936	147282	57154	57814	54996	185693
2012-03-30T22:36:43 7117340	99724	99724	0	195000.00	0.00	0.00	0.00
2012-03-30T22:36:43 0	0	1	sleeping
2012-03-30T22:36:43 34999	1022519	1882280	89962	147325	57154	57817	55013	185759
2012-03-30T22:36:45 7122228	99724	99724	0	107000.00	0.00	0.00	0.00
2012-03-30T22:36:45 0	0	1	sleeping
2012-03-30T22:36:45 35042	1023145	1884011	89978	147376	57196	57863	55034	185860
2012-03-30T22:36:45 	00:00				0	0		1	0
2012-03-30T22:36:45 	00:00				0	0		1	0
2012-03-30T22:36:45 	00:00				0	0		1	0
2012-03-30T22:36:45 	00:00				0	0		1	0
2012-03-30T22:36:45 	00:00				0	0		1	0
2012-03-30T22:36:45 	00:00				0	0		1	0
2012-03-30T22:36:45 	00:00				0	0		1	0
2012-03-30T22:36:45 	00:00				0	0		1	0
2012-03-30T22:36:45 	00:00				0	0		1	0
2012-03-30T22:36:45 	00:00				0	0		1	0
2012-03-30T22:36:45 	00:00				0	0		1	0
2012-03-30T22:36:45 	00:00				0	0		1	0
2012-03-30T22:36:45 	00:00				0	0		1	0
2012-03-30T22:36:45 	00:00				0	0		1	0
2012-03-30T22:36:45 	00:00				0	0		1	0
2012-03-30T22:36:45 	00:00				0	0		1	0
2012-03-30T22:36:45 	00:00				0	0		1	0
2012-03-30T22:36:45 	00:00				0	0		1	0
2012-03-30T22:36:45 	00:00				0	0		1	0
2012-03-30T22:36:45 	00:00				0	0		1	0
2012-03-30T22:36:45 	00:00				0	0		1	0
2012-03-30T22:36:45 	00:00				0	0		1	0
2012-03-30T22:36:45 	00:00				0	0		1	0
2012-03-30T22:36:45 	00:00				0	0		1	0
2012-03-30T22:36:45 	00:00				0	0		1	0
2012-03-30T22:36:45 	00:00				0	0		1	0
2012-03-30T22:36:45 	00:00				0	0		1	0
2012-03-30T22:36:45 	00:00				0	0		1	0
2012-03-30T22:36:45 	00:00				0	0		1	0
2012-03-30T22:36:45 	00:00				0	0		1	0
2012-03-30T22:36:45 	00:00				0	0		1	0
2012-03-30T22:36:45 	00:00				0	0		1	0
2012-03-30T22:36:45 	00:00				0	0		1	0
2012-03-30T22:36:45 	00:00				0	0		1	0
2012-03-30T22:36:45 	00:00				0	0		1	0
2012-03-30T22:36:45 	00:00				0	0		1	0
2012-03-30T22:36:45 	00:00				0	0		1	0
2012-03-30T22:36:45 	00:00				0	0		1	0
2012-03-30T22:36:45 	00:00				0	0		1	0
2012-03-30T22:36:45 	00:00				0	0		1	0
2012-03-30T22:36:47 7126781	99724	99724	0	0.00	0.00	0.00	0.00
2012-03-30T22:36:47 0	0	1	sleeping
2012-03-30T22:36:47 35079	1023925	1885865	90062	147547	57280	57950	55087	186066
2012-03-30T22:36:49 7131568	99724	99724	0	26000.00	0.00	0.00	0.00
2012-03-30T22:36:49 0	0	1	sleeping
2012-03-30T22:36:49 35123	1024797	1887898	90077	147652	57333	58007	55117	186180
2012-03-30T22:36:51 7137385	99724	99724	0	20000.00	0.00	0.00	0.00
2012-03-30T22:36:51 0	0	1	sleeping
2012-03-30T22:36:51 35147	1025837	1889455	90182	147799	57333	58020	55170	186310
2012-03-30T22:36:53 7142420	99724	99724	0	16000.00	0.00	0.00	0.00
2012-03-30T22:36:53 0	0	1	flushing log
2012-03-30T22:36:53 35163	1026416	1890320	90208	147852	57333	58022	55189	186352
2012-03-30T22:36:55 7146779	99724	99724	0	22000.00	0.00	0.00	0.00
2012-03-30T22:36:55 0	0	1	sleeping
2012-03-30T22:36:55 35188	1027200	1891689	90242	147980	57440	58130	55236	186523
2012-03-30T22:36:57 7152430	99724	99724	0	42000.00	0.00	0.00	0.00
2012-03-30T22:36:57 0	0	1	flushing buffer pool pages
2012-03-30T22:36:57 35221	1028627	1893924	90392	148232	57579	58263	55333	186852
2012-03-30T22:36:57 	00:00				0	0		1	0
2012-03-30T22:36:59 7157450	99724	99724	0	240000.00	0.00	0.00	0.00
2012-03-30T22:36:59 0	0	1	flushing buffer pool pages
2012-03-30T22:36:59 35250	1029252	1895247	90430	148288	57580	58267	55355	186920
2012-03-30T22:37:01 7162448	99724	99724	0	246000.00	0.00	0.00	0.00
2012-03-30T22:37:01 0	0	1	flushing log
2012-03-30T22:37:01 35268	1029867	1896285	90475	148355	57580	58270	55381	186984
2012-03-30T22:37:03 7167432	99724	99724	0	219000.00	0.00	0.00	0.00
2012-03-30T22:37:03 0	0	1	flushing log
2012-03-30T22:37:03 35292	1030415	1897504	90483	148383	57580	58272	55398	187016
2012-03-30T22:37:05 7172422	99724	99724	0	205000.00	0.00	0.00	0.00
2012-03-30T22:37:05 0	0	1	flushing log
2012-03-30T22:37:05 35335	1031215	1899482	90534	148515	57682	58367	55461	187219
2012-03-30T22:37:07 7177485	99724	99724	0	258000.00	0.00	0.00	0.00
2012-03-30T22:37:07 0	0	1	flushing log
2012-03-30T22:37:07 35388	1032069	1901808	90620	148612	57722	58408	55513	187398
2012-03-30T22:37:09 7182483	99724	99724	0	248000.00	0.00	0.00	0.00
2012-03-30T22:37:09 0	0	1	flushing log
2012-03-30T22:37:09 35417	1032760	1903295	90677	148703	57775	58462	55558	187539
2012-03-30T22:37:11 7187460	99724	99724	0	216000.00	0.00	0.00	0.00
2012-03-30T22:37:11 0	0	1	sleeping
2012-03-30T22:37:11 35435	1033320	1904385	90699	148746	57776	58463	55578	187581
2012-03-30T22:37:13 7191794	99724	99724	0	336000.00	0.00	0.00	0.00
2012-03-30T22:37:13 0	0	1	sleeping
2012-03-30T22:37:13 35459	1033960	1905644	90744	148820	57777	58464	55606	187652
2012-03-30T22:37:15 7197517	99724	99724	0	264000.00	0.00	0.00	0.00
2012-03-30T22:37:15 0	0	1	sleeping
2012-03-30T22:37:15 35487	1035019	1907444	90830	149009	57906	58582	55678	187899
2012-03-30T22:37:17 7202525	99724	99724	0	266000.00	0.00	0.00	0.00
2012-03-30T22:37:17 0	0	1	sleeping
2012-03-30T22:37:17 35526	1035757	1909257	90938	149152	57932	58612	55722	188077
2012-03-30T22:37:19 7207236	99724	99724	0	1000.00	0.00	0.00	0.00
2012-03-30T22:37:19 0	0	1	sleeping
2012-03-30T22:37:19 35563	1036472	1910968	91012	149269	57984	58660	55779	188243
2012-03-30T22:37:21 7212535	99724	99724	0	272000.00	0.00	0.00	0.00
2012-03-30T22:37:21 0	0	1	sleeping
2012-03-30T22:37:21 35598	1037271	1912606	91051	149344	57987	58667	55808	188321
2012-03-30T22:37:23 7217547	99724	99724	0	357000.00	0.00	0.00	0.00
2012-03-30T22:37:23 0	0	1	sleeping
2012-03-30T22:37:23 35621	1038028	1913872	91099	149453	58030	58712	55842	188438
2012-03-30T22:37:25 7222309	99724	99724	0	336000.00	0.00	0.00	0.00
2012-03-30T22:37:25 0	0	1	sleeping
2012-03-30T22:37:25 35636	1038746	1914823	91135	149550	58100	58773	55882	188560
2012-03-30T22:37:27 7227273	99724	99724	0	366000.00	0.00	0.00	0.00
2012-03-30T22:37:27 0	0	1	sleeping
2012-03-30T22:37:27 35667	1039575	1916412	91180	149681	58197	58854	55932	188734
2012-03-30T22:37:29 7232573	99724	99724	0	294000.00	0.00	0.00	0.00
2012-03-30T22:37:29 0	0	1	sleeping
2012-03-30T22:37:29 35685	1040333	1917530	91219	149776	58236	58891	55970	188833
2012-03-30T22:37:31 7237583	99724	99724	0	282000.00	0.00	0.00	0.00
2012-03-30T22:37:31 0	0	1	sleeping
2012-03-30T22:37:31 35719	1040957	1919008	91248	149828	58236	58898	55991	188896
2012-03-30T22:37:33 7242294	99724	99724	0	381000.00	0.00	0.00	0.00
2012-03-30T22:37:33 0	0	1	sleeping
2012-03-30T22:37:33 35748	1041612	1920355	91277	149933	58291	58957	56024	189012
2012-03-30T22:37:35 7247596	99724	99724	0	292000.00	0.00	0.00	0.00
2012-03-30T22:37:35 0	0	1	sleeping
2012-03-30T22:37:35 35769	1042364	1921537	91368	150071	58331	59000	56066	189166
2012-03-30T22:37:37 7252604	99724	99724	0	1000.00	0.00	0.00	0.00
2012-03-30T22:37:37 0	0	1	sleeping
2012-03-30T22:37:37 35815	1043083	1923618	91426	150185	58425	59087	56124	189367
2012-03-30T22:37:39 7257603	99724	99724	0	292000.00	0.00	0.00	0.00
2012-03-30T22:37:39 0	0	1	sleeping
2012-03-30T22:37:39 35837	1043750	1924888	91480	150257	58427	59091	56152	189445
2012-03-30T22:37:41 7262608	99724	99724	0	299000.00	0.00	0.00	0.00
2012-03-30T22:37:41 0	0	1	sleeping
2012-03-30T22:37:41 35846	1044350	1925612	91481	150285	58430	59096	56163	189458
2012-03-30T22:37:43 7265023	99724	99724	0	0.00	0.00	0.00	0.00
2012-03-30T22:37:43 0	0	1	sleeping
2012-03-30T22:37:43 35883	1044698	1926984	91489	150314	58431	59099	56180	189505
2012-03-30T22:37:45 7265213	99724	99724	0	37000.00	0.00	0.00	0.00
2012-03-30T22:37:45 0	0	1	sleeping
2012-03-30T22:37:45 35883	1044703	1926986	91489	150315	58431	59099	56180	189505
2012-03-30T22:37:47 7266014	99724	99724	0	282000.00	0.00	0.00	0.00
2012-03-30T22:37:47 0	0	1	sleeping
2012-03-30T22:37:47 35889	1044867	1927367	91513	150362	58490	59147	56201	189594
2012-03-30T22:37:49 7270204	99724	99724	0	9000.00	0.00	0.00	0.00
2012-03-30T22:37:49 0	0	1	sleeping
2012-03-30T22:37:49 35935	1045782	1930039	91689	150642	58668	59316	56285	190002
2012-03-30T22:37:49 	00:00				0	0		1	0
2012-03-30T22:37:49 	00:00				0	0		1	0
2012-03-30T22:37:49 	00:00				0	0		1	0
2012-03-30T22:37:49 	00:00				0	0		1	0
2012-03-30T22:37:49 	00:00				0	0		1	0
2012-03-30T22:37:49 	00:00				0	0		1	0
2012-03-30T22:37:49 	00:00				0	0		1	0
2012-03-30T22:37:49 	00:00				0	0		1	0
2012-03-30T22:37:49 	00:00				0	0		1	0
2012-03-30T22:37:49 	00:00				0	0		1	0
2012-03-30T22:37:49 	00:00				0	0		1	0
2012-03-30T22:37:49 	00:00				0	0		1	0
2012-03-30T22:37:49 	00:00				0	0		1	0
2012-03-30T22:37:49 	00:00				0	0		1	0
2012-03-30T22:37:49 	00:00				0	0		1	0
2012-03-30T22:37:49 	00:00				0	0		1	0
2012-03-30T22:37:49 	00:00				0	0		1	0
2012-03-30T22:37:49 	00:00				0	0		1	0
2012-03-30T22:37:49 	00:00				0	0		1	0
2012-03-30T22:37:49 	00:00				0	0		1	0
2012-03-30T22:37:49 	00:00				0	0		1	0
2012-03-30T22:37:49 	00:00				0	0		1	0
2012-03-30T22:37:49 	00:00				0	0		1	0
2012-03-30T22:37:49 	00:00				0	0		1	0
2012-03-30T22:37:49 	00:00				0	0		1	0
2012-03-30T22:37:49 	00:00				0	0		1	0
2012-03-30T22:37:49 	00:00				0	0		1	0
2012-03-30T22:37:49 	00:00				0	0		1	0
2012-03-30T22:37:49 	00:00				0	0		1	0
2012-03-30T22:37:49 	00:00				0	0		1	0
2012-03-30T22:37:49 	00:00				0	0		1	0
2012-03-30T22:37:49 	00:00				0	0		1	0
2012-03-30T22:37:49 	00:00				0	0		1	0
2012-03-30T22:37:49 	00:00				0	0		1	0
2012-03-30T22:37:49 	00:00				0	0		1	0
2012-03-30T22:37:49 	00:00				0	0		1	0
2012-03-30T22:37:49 	00:00				0	0		1	0
2012-03-30T22:37:49 	00:00				0	0		1	0
2012-03-30T22:37:49 	00:00				0	0		1	0
2012-03-30T22:37:49 	00:00				0	0		1	0
2012-03-30T22:37:49 	00:00				0	0		1	0
2012-03-30T22:37:49 	00:00				0	0		1	0
2012-03-30T22:37:49 	00:00				0	0		1	0
2012-03-30T22:37:49 	00:00				0	0		1	0
2012-03-30T22:37:49 	00:00				0	0		1	0
2012-03-30T22:37:49 	00:00				0	0		1	0


