2012-03-30T22:34:30 master_host	slave_sql_running	time_behind_master	slave_catchup_rate	slave_open_temp_tables	relay_log_pos	last_error
2012-03-30T22:34:30 machine6	No	00:00	0.00	0	4	
2012-03-30T22:34:30 master_host	slave_io_running	master_log_file	relay_log_size	read_master_log_pos	slave_io_state
2012-03-30T22:34:30 machine6	No		233	4	
2012-03-30T22:34:30 master_file	master_pos	binlog_cache_overflow
2012-03-30T22:34:30 mysql-bin.000005	139699361	0.00%
2012-03-30T22:34:32 machine6	No	00:00	0.00	0	4	
2012-03-30T22:34:32 machine6	No		233	4	
2012-03-30T22:34:32 mysql-bin.000005	143104049	0.00%
2012-03-30T22:34:34 machine6	No	00:00	0.00	0	4	
2012-03-30T22:34:34 machine6	No		233	4	
2012-03-30T22:34:34 mysql-bin.000005	146491398	0.00%
2012-03-30T22:34:36 machine6	No	00:00	0.00	0	4	
2012-03-30T22:34:36 machine6	No		233	4	
2012-03-30T22:34:36 mysql-bin.000005	149876306	0.00%
2012-03-30T22:34:38 machine6	No	00:00	0.00	0	4	
2012-03-30T22:34:38 machine6	No		233	4	
2012-03-30T22:34:38 mysql-bin.000005	153218881	0.00%
2012-03-30T22:34:40 machine6	No	00:00	0.00	0	4	
2012-03-30T22:34:40 machine6	No		233	4	
2012-03-30T22:34:40 mysql-bin.000005	156625586	0.00%
2012-03-30T22:34:42 machine6	No	00:00	0.00	0	4	
2012-03-30T22:34:42 machine6	No		233	4	
2012-03-30T22:34:42 mysql-bin.000005	160028358	0.00%
2012-03-30T22:34:44 machine6	No	00:00	0.00	0	4	
2012-03-30T22:34:44 machine6	No		233	4	
2012-03-30T22:34:44 mysql-bin.000005	163415302	0.00%
2012-03-30T22:34:46 machine6	No	00:00	0.00	0	4	
2012-03-30T22:34:46 machine6	No		233	4	
2012-03-30T22:34:46 mysql-bin.000005	166817442	0.00%
2012-03-30T22:34:48 machine6	No	00:00	0.00	0	4	
2012-03-30T22:34:48 machine6	No		233	4	
2012-03-30T22:34:48 mysql-bin.000005	170059043	0.00%
2012-03-30T22:34:50 machine6	No	00:00	0.00	0	4	
2012-03-30T22:34:50 machine6	No		233	4	
2012-03-30T22:34:50 mysql-bin.000005	172396335	0.00%
2012-03-30T22:34:52 machine6	No	00:00	0.00	0	4	
2012-03-30T22:34:52 machine6	No		233	4	
2012-03-30T22:34:52 mysql-bin.000005	176374270	0.00%
2012-03-30T22:34:54 machine6	No	00:00	0.00	0	4	
2012-03-30T22:34:54 machine6	No		233	4	
2012-03-30T22:34:54 mysql-bin.000005	180314561	0.00%
2012-03-30T22:34:56 machine6	No	00:00	0.00	0	4	
2012-03-30T22:34:56 machine6	No		233	4	
2012-03-30T22:34:56 mysql-bin.000005	183721794	0.00%
2012-03-30T22:34:59 machine6	No	00:00	0.00	0	4	
2012-03-30T22:34:59 machine6	No		233	4	
2012-03-30T22:34:59 mysql-bin.000005	187100700	0.00%
2012-03-30T22:35:01 machine6	No	00:00	0.00	0	4	
2012-03-30T22:35:01 machine6	No		233	4	
2012-03-30T22:35:01 mysql-bin.000005	190434809	0.00%
2012-03-30T22:35:03 machine6	No	00:00	0.00	0	4	
2012-03-30T22:35:03 machine6	No		233	4	
2012-03-30T22:35:03 mysql-bin.000005	193890035	0.00%
2012-03-30T22:35:05 machine6	No	00:00	0.00	0	4	
2012-03-30T22:35:05 machine6	No		233	4	
2012-03-30T22:35:05 mysql-bin.000005	197260062	0.00%
2012-03-30T22:35:07 machine6	No	00:00	0.00	0	4	
2012-03-30T22:35:07 machine6	No		233	4	
2012-03-30T22:35:07 mysql-bin.000005	200648925	0.00%
2012-03-30T22:35:09 machine6	No	00:00	0.00	0	4	
2012-03-30T22:35:09 machine6	No		233	4	
2012-03-30T22:35:09 mysql-bin.000005	204037584	0.00%
2012-03-30T22:35:11 machine6	No	00:00	0.00	0	4	
2012-03-30T22:35:11 machine6	No		233	4	
2012-03-30T22:35:11 mysql-bin.000005	207355607	0.00%
2012-03-30T22:35:13 machine6	No	00:00	0.00	0	4	
2012-03-30T22:35:13 machine6	No		233	4	
2012-03-30T22:35:13 mysql-bin.000005	210768517	0.00%
2012-03-30T22:35:15 machine6	No	00:00	0.00	0	4	
2012-03-30T22:35:15 machine6	No		233	4	
2012-03-30T22:35:15 mysql-bin.000005	212680345	0.00%
2012-03-30T22:35:17 machine6	No	00:00	0.00	0	4	
2012-03-30T22:35:17 machine6	No		233	4	
2012-03-30T22:35:17 mysql-bin.000005	215551823	0.00%
2012-03-30T22:35:19 machine6	No	00:00	0.00	0	4	
2012-03-30T22:35:19 machine6	No		233	4	
2012-03-30T22:35:19 mysql-bin.000005	219660541	0.00%
2012-03-30T22:35:21 machine6	No	00:00	0.00	0	4	
2012-03-30T22:35:21 machine6	No		233	4	
2012-03-30T22:35:21 mysql-bin.000005	222204628	0.00%
2012-03-30T22:35:23 machine6	No	00:00	0.00	0	4	
2012-03-30T22:35:23 machine6	No		233	4	
2012-03-30T22:35:23 mysql-bin.000005	226061618	0.00%
2012-03-30T22:35:25 machine6	No	00:00	0.00	0	4	
2012-03-30T22:35:25 machine6	No		233	4	
2012-03-30T22:35:25 mysql-bin.000005	229724232	0.00%
2012-03-30T22:35:27 machine6	No	00:00	0.00	0	4	
2012-03-30T22:35:27 machine6	No		233	4	
2012-03-30T22:35:27 mysql-bin.000005	233754131	0.00%
2012-03-30T22:35:29 machine6	No	00:00	0.00	0	4	
2012-03-30T22:35:29 machine6	No		233	4	
2012-03-30T22:35:29 mysql-bin.000005	237829539	0.00%
2012-03-30T22:35:31 machine6	No	00:00	0.00	0	4	
2012-03-30T22:35:31 machine6	No		233	4	
2012-03-30T22:35:31 mysql-bin.000005	241294564	0.00%
2012-03-30T22:35:33 machine6	No	00:00	0.00	0	4	
2012-03-30T22:35:33 machine6	No		233	4	
2012-03-30T22:35:33 mysql-bin.000005	244644082	0.00%
2012-03-30T22:35:35 machine6	No	00:00	0.00	0	4	
2012-03-30T22:35:35 machine6	No		233	4	
2012-03-30T22:35:35 mysql-bin.000005	248077509	0.00%
2012-03-30T22:35:37 machine6	No	00:00	0.00	0	4	
2012-03-30T22:35:37 machine6	No		233	4	
2012-03-30T22:35:37 mysql-bin.000005	251414701	0.00%
2012-03-30T22:35:39 machine6	No	00:00	0.00	0	4	
2012-03-30T22:35:39 machine6	No		233	4	
2012-03-30T22:35:39 mysql-bin.000005	254842367	0.00%
2012-03-30T22:35:41 machine6	No	00:00	0.00	0	4	
2012-03-30T22:35:41 machine6	No		233	4	
2012-03-30T22:35:41 mysql-bin.000005	258241563	0.00%
2012-03-30T22:35:43 machine6	No	00:00	0.00	0	4	
2012-03-30T22:35:43 machine6	No		233	4	
2012-03-30T22:35:43 mysql-bin.000005	261622674	0.00%
2012-03-30T22:35:45 machine6	No	00:00	0.00	0	4	
2012-03-30T22:35:45 machine6	No		233	4	
2012-03-30T22:35:45 mysql-bin.000005	264993392	0.00%
2012-03-30T22:35:47 machine6	No	00:00	0.00	0	4	
2012-03-30T22:35:47 machine6	No		233	4	
2012-03-30T22:35:47 mysql-bin.000005	268372813	0.00%
2012-03-30T22:35:49 machine6	No	00:00	0.00	0	4	
2012-03-30T22:35:49 machine6	No		233	4	
2012-03-30T22:35:49 mysql-bin.000005	271755589	0.00%
2012-03-30T22:35:51 machine6	No	00:00	0.00	0	4	
2012-03-30T22:35:51 machine6	No		233	4	
2012-03-30T22:35:51 mysql-bin.000005	275141572	0.00%
2012-03-30T22:35:53 machine6	No	00:00	0.00	0	4	
2012-03-30T22:35:53 machine6	No		233	4	
2012-03-30T22:35:53 mysql-bin.000005	278531060	0.00%
2012-03-30T22:35:55 machine6	No	00:00	0.00	0	4	
2012-03-30T22:35:55 machine6	No		233	4	
2012-03-30T22:35:55 mysql-bin.000005	281920824	0.00%
2012-03-30T22:35:57 machine6	No	00:00	0.00	0	4	
2012-03-30T22:35:57 machine6	No		233	4	
2012-03-30T22:35:57 mysql-bin.000005	285309413	0.00%
2012-03-30T22:35:59 machine6	No	00:00	0.00	0	4	
2012-03-30T22:35:59 machine6	No		233	4	
2012-03-30T22:35:59 mysql-bin.000005	288690497	0.00%
2012-03-30T22:36:01 machine6	No	00:00	0.00	0	4	
2012-03-30T22:36:01 machine6	No		233	4	
2012-03-30T22:36:01 mysql-bin.000005	292071076	0.00%
2012-03-30T22:36:03 machine6	No	00:00	0.00	0	4	
2012-03-30T22:36:03 machine6	No		233	4	
2012-03-30T22:36:03 mysql-bin.000005	295450980	0.00%
2012-03-30T22:36:05 machine6	No	00:00	0.00	0	4	
2012-03-30T22:36:05 machine6	No		233	4	
2012-03-30T22:36:05 mysql-bin.000005	298845937	0.00%
2012-03-30T22:36:07 machine6	No	00:00	0.00	0	4	
2012-03-30T22:36:07 machine6	No		233	4	
2012-03-30T22:36:07 mysql-bin.000005	301812270	0.00%
2012-03-30T22:36:09 machine6	No	00:00	0.00	0	4	
2012-03-30T22:36:09 machine6	No		233	4	
2012-03-30T22:36:09 mysql-bin.000005	305099045	0.00%
2012-03-30T22:36:11 machine6	No	00:00	0.00	0	4	
2012-03-30T22:36:11 machine6	No		233	4	
2012-03-30T22:36:11 mysql-bin.000005	308925712	0.00%
2012-03-30T22:36:13 machine6	No	00:00	0.00	0	4	
2012-03-30T22:36:13 machine6	No		233	4	
2012-03-30T22:36:13 mysql-bin.000005	312370971	0.00%
2012-03-30T22:36:15 machine6	No	00:00	0.00	0	4	
2012-03-30T22:36:15 machine6	No		233	4	
2012-03-30T22:36:15 mysql-bin.000005	315742572	0.00%
2012-03-30T22:36:17 machine6	No	00:00	0.00	0	4	
2012-03-30T22:36:17 machine6	No		233	4	
2012-03-30T22:36:17 mysql-bin.000005	319129319	0.00%
2012-03-30T22:36:19 machine6	No	00:00	0.00	0	4	
2012-03-30T22:36:19 machine6	No		233	4	
2012-03-30T22:36:19 mysql-bin.000005	322529227	0.00%
2012-03-30T22:36:21 machine6	No	00:00	0.00	0	4	
2012-03-30T22:36:21 machine6	No		233	4	
2012-03-30T22:36:21 mysql-bin.000005	325927039	0.00%
2012-03-30T22:36:23 machine6	No	00:00	0.00	0	4	
2012-03-30T22:36:23 machine6	No		233	4	
2012-03-30T22:36:23 mysql-bin.000005	329230526	0.00%
2012-03-30T22:36:25 machine6	No	00:00	0.00	0	4	
2012-03-30T22:36:25 machine6	No		233	4	
2012-03-30T22:36:25 mysql-bin.000005	332712016	0.00%
2012-03-30T22:36:27 machine6	No	00:00	0.00	0	4	
2012-03-30T22:36:27 machine6	No		233	4	
2012-03-30T22:36:27 mysql-bin.000005	336094625	0.00%
2012-03-30T22:36:29 machine6	No	00:00	0.00	0	4	
2012-03-30T22:36:29 machine6	No		233	4	
2012-03-30T22:36:29 mysql-bin.000005	339464823	0.00%
2012-03-30T22:36:31 machine6	No	00:00	0.00	0	4	
2012-03-30T22:36:31 machine6	No		233	4	
2012-03-30T22:36:31 mysql-bin.000005	342855741	0.00%
2012-03-30T22:36:33 machine6	No	00:00	0.00	0	4	
2012-03-30T22:36:33 machine6	No		233	4	
2012-03-30T22:36:33 mysql-bin.000005	346108300	0.00%
2012-03-30T22:36:35 machine6	No	00:00	0.00	0	4	
2012-03-30T22:36:35 machine6	No		233	4	
2012-03-30T22:36:35 mysql-bin.000005	349595014	0.00%
2012-03-30T22:36:37 machine6	No	00:00	0.00	0	4	
2012-03-30T22:36:37 machine6	No		233	4	
2012-03-30T22:36:37 mysql-bin.000005	352971072	0.00%
2012-03-30T22:36:39 machine6	No	00:00	0.00	0	4	
2012-03-30T22:36:39 machine6	No		233	4	
2012-03-30T22:36:39 mysql-bin.000005	356342915	0.00%
2012-03-30T22:36:41 machine6	No	00:00	0.00	0	4	
2012-03-30T22:36:41 machine6	No		233	4	
2012-03-30T22:36:41 mysql-bin.000005	359732525	0.00%
2012-03-30T22:36:43 machine6	No	00:00	0.00	0	4	
2012-03-30T22:36:43 machine6	No		233	4	
2012-03-30T22:36:43 mysql-bin.000005	363113123	0.00%
2012-03-30T22:36:45 machine6	No	00:00	0.00	0	4	
2012-03-30T22:36:45 machine6	No		233	4	
2012-03-30T22:36:45 mysql-bin.000005	366477451	0.00%
2012-03-30T22:36:47 machine6	No	00:00	0.00	0	4	
2012-03-30T22:36:47 machine6	No		233	4	
2012-03-30T22:36:47 mysql-bin.000005	369624914	0.00%
2012-03-30T22:36:49 machine6	No	00:00	0.00	0	4	
2012-03-30T22:36:49 machine6	No		233	4	
2012-03-30T22:36:49 mysql-bin.000005	372718513	0.00%
2012-03-30T22:36:51 machine6	No	00:00	0.00	0	4	
2012-03-30T22:36:51 machine6	No		233	4	
2012-03-30T22:36:51 mysql-bin.000005	376672404	0.00%
2012-03-30T22:36:53 machine6	No	00:00	0.00	0	4	
2012-03-30T22:36:53 machine6	No		233	4	
2012-03-30T22:36:53 mysql-bin.000005	380055017	0.00%
2012-03-30T22:36:55 machine6	No	00:00	0.00	0	4	
2012-03-30T22:36:55 machine6	No		233	4	
2012-03-30T22:36:55 mysql-bin.000005	382981351	0.00%
2012-03-30T22:36:57 machine6	No	00:00	0.00	0	4	
2012-03-30T22:36:57 machine6	No		233	4	
2012-03-30T22:36:57 mysql-bin.000005	386838865	0.00%
2012-03-30T22:36:59 machine6	No	00:00	0.00	0	4	
2012-03-30T22:36:59 machine6	No		233	4	
2012-03-30T22:36:59 mysql-bin.000005	390240253	0.00%
2012-03-30T22:37:01 machine6	No	00:00	0.00	0	4	
2012-03-30T22:37:01 machine6	No		233	4	
2012-03-30T22:37:01 mysql-bin.000005	393604324	0.00%
2012-03-30T22:37:03 machine6	No	00:00	0.00	0	4	
2012-03-30T22:37:03 machine6	No		233	4	
2012-03-30T22:37:03 mysql-bin.000005	397015783	0.00%
2012-03-30T22:37:05 machine6	No	00:00	0.00	0	4	
2012-03-30T22:37:05 machine6	No		233	4	
2012-03-30T22:37:05 mysql-bin.000005	400400042	0.00%
2012-03-30T22:37:07 machine6	No	00:00	0.00	0	4	
2012-03-30T22:37:07 machine6	No		233	4	
2012-03-30T22:37:07 mysql-bin.000005	403772643	0.00%
2012-03-30T22:37:09 machine6	No	00:00	0.00	0	4	
2012-03-30T22:37:09 machine6	No		233	4	
2012-03-30T22:37:09 mysql-bin.000005	407158783	0.00%
2012-03-30T22:37:11 machine6	No	00:00	0.00	0	4	
2012-03-30T22:37:11 machine6	No		233	4	
2012-03-30T22:37:11 mysql-bin.000005	410540995	0.00%
2012-03-30T22:37:13 machine6	No	00:00	0.00	0	4	
2012-03-30T22:37:13 machine6	No		233	4	
2012-03-30T22:37:13 mysql-bin.000005	413373350	0.00%
2012-03-30T22:37:15 machine6	No	00:00	0.00	0	4	
2012-03-30T22:37:15 machine6	No		233	4	
2012-03-30T22:37:15 mysql-bin.000005	417289669	0.00%
2012-03-30T22:37:17 machine6	No	00:00	0.00	0	4	
2012-03-30T22:37:17 machine6	No		233	4	
2012-03-30T22:37:17 mysql-bin.000005	420676946	0.00%
2012-03-30T22:37:19 machine6	No	00:00	0.00	0	4	
2012-03-30T22:37:19 machine6	No		233	4	
2012-03-30T22:37:19 mysql-bin.000005	423996565	0.00%
2012-03-30T22:37:21 machine6	No	00:00	0.00	0	4	
2012-03-30T22:37:21 machine6	No		233	4	
2012-03-30T22:37:21 mysql-bin.000005	427415114	0.00%
2012-03-30T22:37:23 machine6	No	00:00	0.00	0	4	
2012-03-30T22:37:23 machine6	No		233	4	
2012-03-30T22:37:23 mysql-bin.000005	430749294	0.00%
2012-03-30T22:37:25 machine6	No	00:00	0.00	0	4	
2012-03-30T22:37:25 machine6	No		233	4	
2012-03-30T22:37:25 mysql-bin.000005	433963602	0.00%
2012-03-30T22:37:27 machine6	No	00:00	0.00	0	4	
2012-03-30T22:37:27 machine6	No		233	4	
2012-03-30T22:37:27 mysql-bin.000005	437324731	0.00%
2012-03-30T22:37:29 machine6	No	00:00	0.00	0	4	
2012-03-30T22:37:29 machine6	No		233	4	
2012-03-30T22:37:29 mysql-bin.000005	440934399	0.00%
2012-03-30T22:37:31 machine6	No	00:00	0.00	0	4	
2012-03-30T22:37:31 machine6	No		233	4	
2012-03-30T22:37:31 mysql-bin.000005	444309689	0.00%
2012-03-30T22:37:33 machine6	No	00:00	0.00	0	4	
2012-03-30T22:37:33 machine6	No		233	4	
2012-03-30T22:37:33 mysql-bin.000005	447444838	0.00%
2012-03-30T22:37:35 machine6	No	00:00	0.00	0	4	
2012-03-30T22:37:35 machine6	No		233	4	
2012-03-30T22:37:35 mysql-bin.000005	451084852	0.00%
2012-03-30T22:37:37 machine6	No	00:00	0.00	0	4	
2012-03-30T22:37:37 machine6	No		233	4	
2012-03-30T22:37:37 mysql-bin.000005	454485390	0.00%
2012-03-30T22:37:39 machine6	No	00:00	0.00	0	4	
2012-03-30T22:37:39 machine6	No		233	4	
2012-03-30T22:37:39 mysql-bin.000005	457879460	0.00%
2012-03-30T22:37:41 machine6	No	00:00	0.00	0	4	
2012-03-30T22:37:41 machine6	No		233	4	
2012-03-30T22:37:41 mysql-bin.000005	461250558	0.00%
2012-03-30T22:37:43 machine6	No	00:00	0.00	0	4	
2012-03-30T22:37:43 machine6	No		233	4	
2012-03-30T22:37:43 mysql-bin.000005	463018471	0.00%
2012-03-30T22:37:45 machine6	No	00:00	0.00	0	4	
2012-03-30T22:37:45 machine6	No		233	4	
2012-03-30T22:37:45 mysql-bin.000005	463118649	0.00%
2012-03-30T22:37:47 machine6	No	00:00	0.00	0	4	
2012-03-30T22:37:47 machine6	No		233	4	
2012-03-30T22:37:47 mysql-bin.000005	463529492	0.00%
2012-03-30T22:37:49 machine6	No	00:00	0.00	0	4	
2012-03-30T22:37:49 machine6	No		233	4	
2012-03-30T22:37:49 mysql-bin.000005	466512687	0.00%


