2013-12-02_11:20:48.57400	nr_free_pages 12566152
2013-12-02_11:20:48.57400	nr_inactive_anon 33209
2013-12-02_11:20:48.57400	nr_active_anon 1048990
2013-12-02_11:20:48.57400	nr_inactive_file 1641872
2013-12-02_11:20:48.57400	nr_active_file 686995
2013-12-02_11:20:48.57400	nr_unevictable 0
2013-12-02_11:20:48.57400	nr_mlock 0
2013-12-02_11:20:48.57400	nr_anon_pages 561862
2013-12-02_11:20:48.57400	nr_mapped 46155
2013-12-02_11:20:48.57400	nr_file_pages 2333668
2013-12-02_11:20:48.57400	nr_dirty 171
2013-12-02_11:20:48.57400	nr_writeback 0
2013-12-02_11:20:48.57400	nr_slab_reclaimable 138140
2013-12-02_11:20:48.57400	nr_slab_unreclaimable 280647
2013-12-02_11:20:48.57400	nr_page_table_pages 24882
2013-12-02_11:20:48.57400	nr_kernel_stack 1218
2013-12-02_11:20:48.57400	nr_unstable 0
2013-12-02_11:20:48.57400	nr_bounce 0
2013-12-02_11:20:48.57400	nr_vmscan_write 86853193
2013-12-02_11:20:48.57400	nr_writeback_temp 0
2013-12-02_11:20:48.57400	nr_isolated_anon 0
2013-12-02_11:20:48.57400	nr_isolated_file 0
2013-12-02_11:20:48.57400	nr_shmem 3526
2013-12-02_11:20:48.57400	numa_hit 22455137567
2013-12-02_11:20:48.57400	numa_miss 0
2013-12-02_11:20:48.57400	numa_foreign 0
2013-12-02_11:20:48.57400	numa_interleave 39177
2013-12-02_11:20:48.57400	numa_local 22455137567
2013-12-02_11:20:48.57400	numa_other 0
2013-12-02_11:20:48.57400	nr_anon_transparent_hugepages 1007
2013-12-02_11:20:48.57400	pgpgin 787129328
2013-12-02_11:20:48.57400	pgpgout 638394176
2013-12-02_11:20:48.57400	pswpin 63
2013-12-02_11:20:48.57400	pswpout 1305
2013-12-02_11:20:48.57400	pgalloc_dma 1
2013-12-02_11:20:48.57400	pgalloc_dma32 35004349791
2013-12-02_11:20:48.57400	pgalloc_normal 22672133741
2013-12-02_11:20:48.57400	pgalloc_movable 0
2013-12-02_11:20:48.57400	pgfree 57689877520
2013-12-02_11:20:48.57400	pgactivate 54241789
2013-12-02_11:20:48.57400	pgdeactivate 732589
2013-12-02_11:20:48.57400	pgfault 21660460515
2013-12-02_11:20:48.57400	pgmajfault 13418
2013-12-02_11:20:48.57400	pgrefill_dma 0
2013-12-02_11:20:48.57400	pgrefill_dma32 40374
2013-12-02_11:20:48.57400	pgrefill_normal 679606
2013-12-02_11:20:48.57400	pgrefill_movable 0
2013-12-02_11:20:48.57400	pgsteal_dma 0
2013-12-02_11:20:48.57400	pgsteal_dma32 1050541
2013-12-02_11:20:48.57400	pgsteal_normal 27226463
2013-12-02_11:20:48.57400	pgsteal_movable 0
2013-12-02_11:20:48.57400	pgscan_kswapd_dma 0
2013-12-02_11:20:48.57400	pgscan_kswapd_dma32 4064576
2013-12-02_11:20:48.57400	pgscan_kswapd_normal 70078424
2013-12-02_11:20:48.57400	pgscan_kswapd_movable 0
2013-12-02_11:20:48.57400	pgscan_direct_dma 0
2013-12-02_11:20:48.57400	pgscan_direct_dma32 7854140
2013-12-02_11:20:48.57400	pgscan_direct_normal 152312165
2013-12-02_11:20:48.57400	pgscan_direct_movable 0
2013-12-02_11:20:48.57400	zone_reclaim_failed 0
2013-12-02_11:20:48.57400	pginodesteal 13460014
2013-12-02_11:20:48.57400	slabs_scanned 1027584
2013-12-02_11:20:48.57400	kswapd_steal 25058963
2013-12-02_11:20:48.57400	kswapd_inodesteal 722705
2013-12-02_11:20:48.57400	kswapd_low_wmark_hit_quickly 2333
2013-12-02_11:20:48.57400	kswapd_high_wmark_hit_quickly 3520
2013-12-02_11:20:48.57400	kswapd_skip_congestion_wait 388
2013-12-02_11:20:48.57400	pageoutrun 20280
2013-12-02_11:20:48.57400	allocstall 785
2013-12-02_11:20:48.57400	pgrotated 1393
2013-12-02_11:20:48.57400	compact_blocks_moved 20313
2013-12-02_11:20:48.57400	compact_pages_moved 635681
2013-12-02_11:20:48.57400	compact_pagemigrate_failed 0
2013-12-02_11:20:48.57400	compact_stall 927
2013-12-02_11:20:48.57400	compact_fail 36
2013-12-02_11:20:48.57400	compact_success 891
2013-12-02_11:20:48.57400	htlb_buddy_alloc_success 0
2013-12-02_11:20:48.57400	htlb_buddy_alloc_fail 0
2013-12-02_11:20:48.57400	unevictable_pgs_culled 7817
2013-12-02_11:20:48.57400	unevictable_pgs_scanned 0
2013-12-02_11:20:48.57400	unevictable_pgs_rescued 7746
2013-12-02_11:20:48.57400	unevictable_pgs_mlocked 9198
2013-12-02_11:20:48.57400	unevictable_pgs_munlocked 9196
2013-12-02_11:20:48.57400	unevictable_pgs_cleared 2
2013-12-02_11:20:48.57400	unevictable_pgs_stranded 0
2013-12-02_11:20:48.57400	unevictable_pgs_mlockfreed 0
2013-12-02_11:20:51.58980	nr_free_pages 12566121
2013-12-02_11:20:51.58980	nr_inactive_anon 33210
2013-12-02_11:20:51.58980	nr_active_anon 1049013
2013-12-02_11:20:51.58980	nr_inactive_file 1641873
2013-12-02_11:20:51.58980	nr_active_file 686992
2013-12-02_11:20:51.58980	nr_unevictable 0
2013-12-02_11:20:51.58980	nr_mlock 0
2013-12-02_11:20:51.58980	nr_anon_pages 561876
2013-12-02_11:20:51.58980	nr_mapped 46146
2013-12-02_11:20:51.58980	nr_file_pages 2333666
2013-12-02_11:20:51.58980	nr_dirty 170
2013-12-02_11:20:51.58980	nr_writeback 0
2013-12-02_11:20:51.58980	nr_slab_reclaimable 138140
2013-12-02_11:20:51.58980	nr_slab_unreclaimable 280647
2013-12-02_11:20:51.58980	nr_page_table_pages 24898
2013-12-02_11:20:51.58980	nr_kernel_stack 1218
2013-12-02_11:20:51.58980	nr_unstable 0
2013-12-02_11:20:51.58980	nr_bounce 0
2013-12-02_11:20:51.58980	nr_vmscan_write 86853193
2013-12-02_11:20:51.58980	nr_writeback_temp 0
2013-12-02_11:20:51.58980	nr_isolated_anon 0
2013-12-02_11:20:51.58980	nr_isolated_file 0
2013-12-02_11:20:51.58980	nr_shmem 3526
2013-12-02_11:20:51.58980	numa_hit 22455138576
2013-12-02_11:20:51.58980	numa_miss 0
2013-12-02_11:20:51.58980	numa_foreign 0
2013-12-02_11:20:51.58980	numa_interleave 39177
2013-12-02_11:20:51.58980	numa_local 22455138576
2013-12-02_11:20:51.58980	numa_other 0
2013-12-02_11:20:51.58980	nr_anon_transparent_hugepages 1007
2013-12-02_11:20:51.58980	pgpgin 787129328
2013-12-02_11:20:51.58980	pgpgout 638394296
2013-12-02_11:20:51.58980	pswpin 63
2013-12-02_11:20:51.58980	pswpout 1305
2013-12-02_11:20:51.58980	pgalloc_dma 1
2013-12-02_11:20:51.58980	pgalloc_dma32 35004349791
2013-12-02_11:20:51.58980 pgalloc_normal 22672134735
2013-12-02_11:20:51.58980	pgalloc_movable 0
2013-12-02_11:20:51.58980	pgfree 57689878505
2013-12-02_11:20:51.58980	pgactivate 54241789
2013-12-02_11:20:51.58980	pgdeactivate 732589
2013-12-02_11:20:51.58980	pgfault 21660462106
2013-12-02_11:20:51.58980	pgmajfault 13418
2013-12-02_11:20:51.58980	pgrefill_dma 0
2013-12-02_11:20:51.58980	pgrefill_dma32 40374
2013-12-02_11:20:51.58980	pgrefill_normal 679606
2013-12-02_11:20:51.58980	pgrefill_movable 0
2013-12-02_11:20:51.58980	pgsteal_dma 0
2013-12-02_11:20:51.58980	pgsteal_dma32 1050541
2013-12-02_11:20:51.58980	pgsteal_normal 27226463
2013-12-02_11:20:51.58980	pgsteal_movable 0
2013-12-02_11:20:51.58980	pgscan_kswapd_dma 0
2013-12-02_11:20:51.58980	pgscan_kswapd_dma32 4064576
2013-12-02_11:20:51.58980	pgscan_kswapd_normal 70078424
2013-12-02_11:20:51.58980	pgscan_kswapd_movable 0
2013-12-02_11:20:51.58980	pgscan_direct_dma 0
2013-12-02_11:20:51.58980	pgscan_direct_dma32 7854140
2013-12-02_11:20:51.58980	pgscan_direct_normal 152312165
2013-12-02_11:20:51.58980	pgscan_direct_movable 0
2013-12-02_11:20:51.58980	zone_reclaim_failed 0
2013-12-02_11:20:51.58980	pginodesteal 13460014
2013-12-02_11:20:51.58980	slabs_scanned 1027584
2013-12-02_11:20:51.58980	kswapd_steal 25058963
2013-12-02_11:20:51.58980	kswapd_inodesteal 722705
2013-12-02_11:20:51.58980	kswapd_low_wmark_hit_quickly 2333
2013-12-02_11:20:51.58980	kswapd_high_wmark_hit_quickly 3520
2013-12-02_11:20:51.58980	kswapd_skip_congestion_wait 388
2013-12-02_11:20:51.58980	pageoutrun 20280
2013-12-02_11:20:51.58980	allocstall 785
2013-12-02_11:20:51.58980	pgrotated 1393
2013-12-02_11:20:51.58980	compact_blocks_moved 20313
2013-12-02_11:20:51.58980	compact_pages_moved 635681
2013-12-02_11:20:51.58980	compact_pagemigrate_failed 0
2013-12-02_11:20:51.58980	compact_stall 927
2013-12-02_11:20:51.58980	compact_fail 36
2013-12-02_11:20:51.58980	compact_success 891
2013-12-02_11:20:51.58980	htlb_buddy_alloc_success 0
2013-12-02_11:20:51.58980	htlb_buddy_alloc_fail 0
2013-12-02_11:20:51.58980	unevictable_pgs_culled 7817
2013-12-02_11:20:51.58980	unevictable_pgs_scanned 0
2013-12-02_11:20:51.58980	unevictable_pgs_rescued 7746
2013-12-02_11:20:51.58980	unevictable_pgs_mlocked 9198
2013-12-02_11:20:51.58980	unevictable_pgs_munlocked 9196
2013-12-02_11:20:51.58980	unevictable_pgs_cleared 2
2013-12-02_11:20:51.58980	unevictable_pgs_stranded 0
2013-12-02_11:20:51.58980	unevictable_pgs_mlockfreed 0
2013-12-02_11:20:54.95696	nr_free_pages 12566148
2013-12-02_11:20:54.95696	nr_inactive_anon 33210
2013-12-02_11:20:54.95696	nr_active_anon 1049012
2013-12-02_11:20:54.95696	nr_inactive_file 1641872
2013-12-02_11:20:54.95696	nr_active_file 686994
2013-12-02_11:20:54.95696	nr_unevictable 0
2013-12-02_11:20:54.95696	nr_mlock 0
2013-12-02_11:20:54.95696	nr_anon_pages 561876
2013-12-02_11:20:54.95696	nr_mapped 46146
2013-12-02_11:20:54.95696	nr_file_pages 2333667
2013-12-02_11:20:54.95696	nr_dirty 167
2013-12-02_11:20:54.95696	nr_writeback 0
2013-12-02_11:20:54.95696	nr_slab_reclaimable 138140
2013-12-02_11:20:54.95696	nr_slab_unreclaimable 280648
2013-12-02_11:20:54.95696	nr_page_table_pages 24898
2013-12-02_11:20:54.95696	nr_kernel_stack 1218
2013-12-02_11:20:54.95696	nr_unstable 0
2013-12-02_11:20:54.95696	nr_bounce 0
2013-12-02_11:20:54.95696	nr_vmscan_write 86853193
2013-12-02_11:20:54.95696	nr_writeback_temp 0
2013-12-02_11:20:54.95696	nr_isolated_anon 0
2013-12-02_11:20:54.95696	nr_isolated_file 0
2013-12-02_11:20:54.95696	nr_shmem 3526
2013-12-02_11:20:54.95696	numa_hit 22455139439
2013-12-02_11:20:54.95696	numa_miss 0
2013-12-02_11:20:54.95696	numa_foreign 0
2013-12-02_11:20:54.95696	numa_interleave 39177
2013-12-02_11:20:54.95696	numa_local 22455139439
2013-12-02_11:20:54.95696	numa_other 0
2013-12-02_11:20:54.95696	nr_anon_transparent_hugepages 1007
2013-12-02_11:20:54.95696	pgpgin 787129328
2013-12-02_11:20:54.95696	pgpgout 638394316
2013-12-02_11:20:54.95696	pswpin 63
2013-12-02_11:20:54.95696	pswpout 1305
2013-12-02_11:20:54.95696	pgalloc_dma 1
2013-12-02_11:20:54.95696	pgalloc_dma32 35004349791
2013-12-02_11:20:54.95696	pgalloc_normal 22672135633
2013-12-02_11:20:54.95696	pgalloc_movable 0
2013-12-02_11:20:54.95696	pgfree 57689879395
2013-12-02_11:20:54.95696	pgactivate 54241791
2013-12-02_11:20:54.95696	pgdeactivate 732589
2013-12-02_11:20:54.95696	pgfault 21660463692
2013-12-02_11:20:54.95696	pgmajfault 13418
2013-12-02_11:20:54.95696	pgrefill_dma 0
2013-12-02_11:20:54.95696	pgrefill_dma32 40374
2013-12-02_11:20:54.95696	pgrefill_normal 679606
2013-12-02_11:20:54.95696	pgrefill_movable 0
2013-12-02_11:20:54.95696	pgsteal_dma 0
2013-12-02_11:20:54.95696	pgsteal_dma32 1050541
2013-12-02_11:20:54.95696	pgsteal_normal 27226463
2013-12-02_11:20:54.95696	pgsteal_movable 0
2013-12-02_11:20:54.95696	pgscan_kswapd_dma 0
2013-12-02_11:20:54.95696	pgscan_kswapd_dma32 4064576
2013-12-02_11:20:54.95696	pgscan_kswapd_normal 70078424
2013-12-02_11:20:54.95696	pgscan_kswapd_movable 0
2013-12-02_11:20:54.95696	pgscan_direct_dma 0
2013-12-02_11:20:54.95696	pgscan_direct_dma32 7854140
2013-12-02_11:20:54.95696	pgscan_direct_normal 152312165
2013-12-02_11:20:54.95696	pgscan_direct_movable 0
2013-12-02_11:20:54.95696	zone_reclaim_failed 0
2013-12-02_11:20:54.95696	pginodesteal 13460014
2013-12-02_11:20:54.95696	slabs_scanned 1027584
2013-12-02_11:20:54.95696	kswapd_steal 25058963
2013-12-02_11:20:54.95696	kswapd_inodesteal 722705
2013-12-02_11:20:54.95696	kswapd_low_wmark_hit_quickly 2333
2013-12-02_11:20:54.95696	kswapd_high_wmark_hit_quickly 3520
2013-12-02_11:20:54.95696	kswapd_skip_congestion_wait 388
2013-12-02_11:20:54.95696	pageoutrun 20280
2013-12-02_11:20:54.95696	allocstall 785
2013-12-02_11:20:54.95696	pgrotated 1393
2013-12-02_11:20:54.95696	compact_blocks_moved 20313
2013-12-02_11:20:54.95696	compact_pages_moved 635681
2013-12-02_11:20:54.95696	compact_pagemigrate_failed 0
2013-12-02_11:20:54.95696	compact_stall 927
2013-12-02_11:20:54.95696	compact_fail 36
2013-12-02_11:20:54.95696	compact_success 891
2013-12-02_11:20:54.95696	htlb_buddy_alloc_success 0
2013-12-02_11:20:54.95696	htlb_buddy_alloc_fail 0
2013-12-02_11:20:54.95696	unevictable_pgs_culled 7817
2013-12-02_11:20:54.95696	unevictable_pgs_scanned 0
2013-12-02_11:20:54.95696	unevictable_pgs_rescued 7746
2013-12-02_11:20:54.95696	unevictable_pgs_mlocked 9198
2013-12-02_11:20:54.95696	unevictable_pgs_munlocked 9196
2013-12-02_11:20:54.95696	unevictable_pgs_cleared 2
2013-12-02_11:20:54.95696	unevictable_pgs_stranded 0
2013-12-02_11:20:54.95696	unevictable_pgs_mlockfreed 0
2013-12-02_11:20:57.49386	nr_free_pages 12566212
2013-12-02_11:20:57.49386	nr_inactive_anon 33210
2013-12-02_11:20:57.49386	nr_active_anon 1049022
2013-12-02_11:20:57.49386	nr_inactive_file 1641872
2013-12-02_11:20:57.49386	nr_active_file 686995
2013-12-02_11:20:57.49386	nr_unevictable 0
2013-12-02_11:20:57.49386	nr_mlock 0
2013-12-02_11:20:57.49386	nr_anon_pages 561885
2013-12-02_11:20:57.49386	nr_mapped 46155
2013-12-02_11:20:57.49386	nr_file_pages 2333668
2013-12-02_11:20:57.49386	nr_dirty 168
2013-12-02_11:20:57.49386	nr_writeback 0
2013-12-02_11:20:57.49386	nr_slab_reclaimable 138140
2013-12-02_11:20:57.49386	nr_slab_unreclaimable 280647
2013-12-02_11:20:57.49386	nr_page_table_pages 24904
2013-12-02_11:20:57.49386	nr_kernel_stack 1218
2013-12-02_11:20:57.49386	nr_unstable 0
2013-12-02_11:20:57.49386	nr_bounce 0
2013-12-02_11:20:57.49386	nr_vmscan_write 86853193
2013-12-02_11:20:57.49386	nr_writeback_temp 0
2013-12-02_11:20:57.49386	nr_isolated_anon 0
2013-12-02_11:20:57.49386	nr_isolated_file 0
2013-12-02_11:20:57.49386	nr_shmem 3526
2013-12-02_11:20:57.49386	numa_hit 22455140352
2013-12-02_11:20:57.49386	numa_miss 0
2013-12-02_11:20:57.49386	numa_foreign 0
2013-12-02_11:20:57.49386	numa_interleave 39177
2013-12-02_11:20:57.49386	numa_local 22455140352
2013-12-02_11:20:57.49386	numa_other 0
2013-12-02_11:20:57.49386	nr_anon_transparent_hugepages 1007
2013-12-02_11:20:57.49386	pgpgin 787129328
2013-12-02_11:20:57.49386	pgpgout 638394408
2013-12-02_11:20:57.49386	pswpin 63
2013-12-02_11:20:57.49386	pswpout 1305
2013-12-02_11:20:57.49386	pgalloc_dma 1
2013-12-02_11:20:57.49386	pgalloc_dma32 35004349791
2013-12-02_11:20:57.49386	pgalloc_normal 22672136524
2013-12-02_11:20:57.49386	pgalloc_movable 0
2013-12-02_11:20:57.49386	pgfree 57689880285
2013-12-02_11:20:57.49386	pgactivate 54241792
2013-12-02_11:20:57.49386	pgdeactivate 732589
2013-12-02_11:20:57.49386	pgfault 21660465330
2013-12-02_11:20:57.49386	pgmajfault 13418
2013-12-02_11:20:57.49386	pgrefill_dma 0
2013-12-02_11:20:57.49386	pgrefill_dma32 40374
2013-12-02_11:20:57.49386	pgrefill_normal 679606
2013-12-02_11:20:57.49386	pgrefill_movable 0
2013-12-02_11:20:57.49386	pgsteal_dma 0
2013-12-02_11:20:57.49386	pgsteal_dma32 1050541
2013-12-02_11:20:57.49386	pgsteal_normal 27226463
2013-12-02_11:20:57.49386	pgsteal_movable 0
2013-12-02_11:20:57.49386	pgscan_kswapd_dma 0
2013-12-02_11:20:57.49386	pgscan_kswapd_dma32 4064576
2013-12-02_11:20:57.49386	pgscan_kswapd_normal 70078424
2013-12-02_11:20:57.49386	pgscan_kswapd_movable 0
2013-12-02_11:20:57.49386	pgscan_direct_dma 0
2013-12-02_11:20:57.49386	pgscan_direct_dma32 7854140
2013-12-02_11:20:57.49386	pgscan_direct_normal 152312165
2013-12-02_11:20:57.49386	pgscan_direct_movable 0
2013-12-02_11:20:57.49386	zone_reclaim_failed 0
2013-12-02_11:20:57.49386	pginodesteal 13460014
2013-12-02_11:20:57.49386	slabs_scanned 1027584
2013-12-02_11:20:57.49386	kswapd_steal 25058963
2013-12-02_11:20:57.49386	kswapd_inodesteal 722705
2013-12-02_11:20:57.49386	kswapd_low_wmark_hit_quickly 2333
2013-12-02_11:20:57.49386	kswapd_high_wmark_hit_quickly 3520
2013-12-02_11:20:57.49386	kswapd_skip_congestion_wait 388
2013-12-02_11:20:57.49386	pageoutrun 20280
2013-12-02_11:20:57.49386	allocstall 785
2013-12-02_11:20:57.49386	pgrotated 1393
2013-12-02_11:20:57.49386	compact_blocks_moved 20313
2013-12-02_11:20:57.49386	compact_pages_moved 635681
2013-12-02_11:20:57.49386	compact_pagemigrate_failed 0
2013-12-02_11:20:57.49386	compact_stall 927
2013-12-02_11:20:57.49386	compact_fail 36
2013-12-02_11:20:57.49386	compact_success 891
2013-12-02_11:20:57.49386	htlb_buddy_alloc_success 0
2013-12-02_11:20:57.49386	htlb_buddy_alloc_fail 0
2013-12-02_11:20:57.49386	unevictable_pgs_culled 7817
2013-12-02_11:20:57.49386	unevictable_pgs_scanned 0
2013-12-02_11:20:57.49386	unevictable_pgs_rescued 7746
2013-12-02_11:20:57.49386	unevictable_pgs_mlocked 9198
2013-12-02_11:20:57.49386	unevictable_pgs_munlocked 9196
2013-12-02_11:20:57.49386	unevictable_pgs_cleared 2
2013-12-02_11:20:57.49386	unevictable_pgs_stranded 0
2013-12-02_11:20:57.49386	unevictable_pgs_mlockfreed 0
2013-12-02_11:20:59.53386	nr_free_pages 12566146
2013-12-02_11:20:59.53386	nr_inactive_anon 33208
2013-12-02_11:20:59.53386	nr_active_anon 1049056
2013-12-02_11:20:59.53386	nr_inactive_file 1641872
2013-12-02_11:20:59.53386	nr_active_file 686996
2013-12-02_11:20:59.53386	nr_unevictable 0
2013-12-02_11:20:59.53386	nr_mlock 0
2013-12-02_11:20:59.53386	nr_anon_pages 561935
2013-12-02_11:20:59.53386	nr_mapped 46161
2013-12-02_11:20:59.53386	nr_file_pages 2333667
2013-12-02_11:20:59.53386	nr_dirty 174
2013-12-02_11:20:59.53386	nr_writeback 0
2013-12-02_11:20:59.53386	nr_slab_reclaimable 138140
2013-12-02_11:20:59.53386	nr_slab_unreclaimable 280650
2013-12-02_11:20:59.53386	nr_page_table_pages 24936
2013-12-02_11:20:59.53386	nr_kernel_stack 1220
2013-12-02_11:20:59.53386	nr_unstable 0
2013-12-02_11:20:59.53386	nr_bounce 0
2013-12-02_11:20:59.53386	nr_vmscan_write 86853193
2013-12-02_11:20:59.53386	nr_writeback_temp 0
2013-12-02_11:20:59.53386	nr_isolated_anon 0
2013-12-02_11:20:59.53386	nr_isolated_file 0
2013-12-02_11:20:59.53386	nr_shmem 3524
2013-12-02_11:20:59.53386	numa_hit 22455141379
2013-12-02_11:20:59.53386	numa_miss 0
2013-12-02_11:20:59.53386	numa_foreign 0
2013-12-02_11:20:59.53386	numa_interleave 39177
2013-12-02_11:20:59.53386	numa_local 22455141379
2013-12-02_11:20:59.53386	numa_other 0
2013-12-02_11:20:59.53386	nr_anon_transparent_hugepages 1007
2013-12-02_11:20:59.53386	pgpgin 787129328
2013-12-02_11:20:59.53386	pgpgout 638394672
2013-12-02_11:20:59.53386	pswpin 63
2013-12-02_11:20:59.53386	pswpout 1305
2013-12-02_11:20:59.53386	pgalloc_dma 1
2013-12-02_11:20:59.53386	pgalloc_dma32 35004349791
2013-12-02_11:20:59.53386	pgalloc_normal 22672137507
2013-12-02_11:20:59.53386	pgalloc_movable 0
2013-12-02_11:20:59.53386	pgfree 57689881233
2013-12-02_11:20:59.53386	pgactivate 54241796
2013-12-02_11:20:59.53386	pgdeactivate 732589
2013-12-02_11:20:59.53386	pgfault 21660467112
2013-12-02_11:20:59.53386	pgmajfault 13418
2013-12-02_11:20:59.53386	pgrefill_dma 0
2013-12-02_11:20:59.53386	pgrefill_dma32 40374
2013-12-02_11:20:59.53386	pgrefill_normal 679606
2013-12-02_11:20:59.53386	pgrefill_movable 0
2013-12-02_11:20:59.53386	pgsteal_dma 0
2013-12-02_11:20:59.53386	pgsteal_dma32 1050541
2013-12-02_11:20:59.53386	pgsteal_normal 27226463
2013-12-02_11:20:59.53386	pgsteal_movable 0
2013-12-02_11:20:59.53386	pgscan_kswapd_dma 0
2013-12-02_11:20:59.53386	pgscan_kswapd_dma32 4064576
2013-12-02_11:20:59.53386	pgscan_kswapd_normal 70078424
2013-12-02_11:20:59.53386	pgscan_kswapd_movable 0
2013-12-02_11:20:59.53386	pgscan_direct_dma 0
2013-12-02_11:20:59.53386	pgscan_direct_dma32 7854140
2013-12-02_11:20:59.53386	pgscan_direct_normal 152312165
2013-12-02_11:20:59.53386	pgscan_direct_movable 0
2013-12-02_11:20:59.53386	zone_reclaim_failed 0
2013-12-02_11:20:59.53386	pginodesteal 13460014
2013-12-02_11:20:59.53386	slabs_scanned 1027584
2013-12-02_11:20:59.53386	kswapd_steal 25058963
2013-12-02_11:20:59.53386	kswapd_inodesteal 722705
2013-12-02_11:20:59.53386	kswapd_low_wmark_hit_quickly 2333
2013-12-02_11:20:59.53386	kswapd_high_wmark_hit_quickly 3520
2013-12-02_11:20:59.53386	kswapd_skip_congestion_wait 388
2013-12-02_11:20:59.53386	pageoutrun 20280
2013-12-02_11:20:59.53386	allocstall 785
2013-12-02_11:20:59.53386	pgrotated 1393
2013-12-02_11:20:59.53386	compact_blocks_moved 20313
2013-12-02_11:20:59.53386	compact_pages_moved 635681
2013-12-02_11:20:59.53386	compact_pagemigrate_failed 0
2013-12-02_11:20:59.53386	compact_stall 927
2013-12-02_11:20:59.53386	compact_fail 36
2013-12-02_11:20:59.53386	compact_success 891
2013-12-02_11:20:59.53386	htlb_buddy_alloc_success 0
2013-12-02_11:20:59.53386	htlb_buddy_alloc_fail 0
2013-12-02_11:20:59.53386	unevictable_pgs_culled 7817
2013-12-02_11:20:59.53386	unevictable_pgs_scanned 0
2013-12-02_11:20:59.53386	unevictable_pgs_rescued 7746
2013-12-02_11:20:59.53386	unevictable_pgs_mlocked 9198
2013-12-02_11:20:59.53386	unevictable_pgs_munlocked 9196
2013-12-02_11:20:59.53386	unevictable_pgs_cleared 2
2013-12-02_11:20:59.53386	unevictable_pgs_stranded 0
2013-12-02_11:20:59.53386	unevictable_pgs_mlockfreed 0
