Linux 2.6.32-358.6.2.el6.x86_64 (lva1-app1774.prod) 	11/09/2014 	_x86_64_	(24 CPU)

09:36:28 AM     CPU       MHz
09:36:29 AM     all   2501.00
09:36:29 AM       0   2501.00
09:36:29 AM       1   2501.00
09:36:29 AM       2   2501.00
09:36:29 AM       3   2501.00
09:36:29 AM       4   2501.00
09:36:29 AM       5   2501.00
09:36:29 AM       6   2501.00
09:36:29 AM       7   2501.00
09:36:29 AM       8   2501.00
09:36:29 AM       9   2501.00
09:36:29 AM      10   2501.00
09:36:29 AM      11   2501.00
09:36:29 AM      12   2501.00
09:36:29 AM      13   2501.00
09:36:29 AM      14   2501.00
09:36:29 AM      15   2501.00
09:36:29 AM      16   2501.00
09:36:29 AM      17   2501.00
09:36:29 AM      18   2501.00
09:36:29 AM      19   2501.00
09:36:29 AM      20   2501.00
09:36:29 AM      21   2501.00
09:36:29 AM      22   2501.00
09:36:29 AM      23   2501.00

09:36:29 AM     CPU       MHz
09:36:30 AM     all   2501.00
09:36:30 AM       0   2501.00
09:36:30 AM       1   2501.00
09:36:30 AM       2   2501.00
09:36:30 AM       3   2501.00
09:36:30 AM       4   2501.00
09:36:30 AM       5   2501.00
09:36:30 AM       6   2501.00
09:36:30 AM       7   2501.00
09:36:30 AM       8   2501.00
09:36:30 AM       9   2501.00
09:36:30 AM      10   2501.00
09:36:30 AM      11   2501.00
09:36:30 AM      12   2501.00
09:36:30 AM      13   2501.00
09:36:30 AM      14   2501.00
09:36:30 AM      15   2501.00
09:36:30 AM      16   2501.00
09:36:30 AM      17   2501.00
09:36:30 AM      18   2501.00
09:36:30 AM      19   2501.00
09:36:30 AM      20   2501.00
09:36:30 AM      21   2501.00
09:36:30 AM      22   2501.00
09:36:30 AM      23   2501.00

09:36:30 AM     CPU       MHz
09:36:31 AM     all   2501.00
09:36:31 AM       0   2501.00
09:36:31 AM       1   2501.00
09:36:31 AM       2   2501.00
09:36:31 AM       3   2501.00
09:36:31 AM       4   2501.00
09:36:31 AM       5   2501.00
09:36:31 AM       6   2501.00
09:36:31 AM       7   2501.00
09:36:31 AM       8   2501.00
09:36:31 AM       9   2501.00
09:36:31 AM      10   2501.00
09:36:31 AM      11   2501.00
09:36:31 AM      12   2501.00
09:36:31 AM      13   2501.00
09:36:31 AM      14   2501.00
09:36:31 AM      15   2501.00
09:36:31 AM      16   2501.00
09:36:31 AM      17   2501.00
09:36:31 AM      18   2501.00
09:36:31 AM      19   2501.00
09:36:31 AM      20   2501.00
09:36:31 AM      21   2501.00
09:36:31 AM      22   2501.00
09:36:31 AM      23   2501.00

09:36:31 AM     CPU       MHz
09:36:32 AM     all   2501.00
09:36:32 AM       0   2501.00
09:36:32 AM       1   2501.00
09:36:32 AM       2   2501.00
09:36:32 AM       3   2501.00
09:36:32 AM       4   2501.00
09:36:32 AM       5   2501.00
09:36:32 AM       6   2501.00
09:36:32 AM       7   2501.00
09:36:32 AM       8   2501.00
09:36:32 AM       9   2501.00
09:36:32 AM      10   2501.00
09:36:32 AM      11   2501.00
09:36:32 AM      12   2501.00
09:36:32 AM      13   2501.00
09:36:32 AM      14   2501.00
09:36:32 AM      15   2501.00
09:36:32 AM      16   2501.00
09:36:32 AM      17   2501.00
09:36:32 AM      18   2501.00
09:36:32 AM      19   2501.00
09:36:32 AM      20   2501.00
09:36:32 AM      21   2501.00
09:36:32 AM      22   2501.00
09:36:32 AM      23   2501.00

09:36:32 AM     CPU       MHz
09:36:33 AM     all   2501.00
09:36:33 AM       0   2501.00
09:36:33 AM       1   2501.00
09:36:33 AM       2   2501.00
09:36:33 AM       3   2501.00
09:36:33 AM       4   2501.00
09:36:33 AM       5   2501.00
09:36:33 AM       6   2501.00
09:36:33 AM       7   2501.00
09:36:33 AM       8   2501.00
09:36:33 AM       9   2501.00
09:36:33 AM      10   2501.00
09:36:33 AM      11   2501.00
09:36:33 AM      12   2501.00
09:36:33 AM      13   2501.00
09:36:33 AM      14   2501.00
09:36:33 AM      15   2501.00
09:36:33 AM      16   2501.00
09:36:33 AM      17   2501.00
09:36:33 AM      18   2501.00
09:36:33 AM      19   2501.00
09:36:33 AM      20   2501.00
09:36:33 AM      21   2501.00
09:36:33 AM      22   2501.00
09:36:33 AM      23   2501.00

09:36:33 AM     CPU       MHz
09:36:34 AM     all   2501.00
09:36:34 AM       0   2501.00
09:36:34 AM       1   2501.00
09:36:34 AM       2   2501.00
09:36:34 AM       3   2501.00
09:36:34 AM       4   2501.00
09:36:34 AM       5   2501.00
09:36:34 AM       6   2501.00
09:36:34 AM       7   2501.00
09:36:34 AM       8   2501.00
09:36:34 AM       9   2501.00
09:36:34 AM      10   2501.00
09:36:34 AM      11   2501.00
09:36:34 AM      12   2501.00
09:36:34 AM      13   2501.00
09:36:34 AM      14   2501.00
09:36:34 AM      15   2501.00
09:36:34 AM      16   2501.00
09:36:34 AM      17   2501.00
09:36:34 AM      18   2501.00
09:36:34 AM      19   2501.00
09:36:34 AM      20   2501.00
09:36:34 AM      21   2501.00
09:36:34 AM      22   2501.00
09:36:34 AM      23   2501.00

09:36:34 AM     CPU       MHz
09:36:35 AM     all   2501.00
09:36:35 AM       0   2501.00
09:36:35 AM       1   2501.00
09:36:35 AM       2   2501.00
09:36:35 AM       3   2501.00
09:36:35 AM       4   2501.00
09:36:35 AM       5   2501.00
09:36:35 AM       6   2501.00
09:36:35 AM       7   2501.00
09:36:35 AM       8   2501.00
09:36:35 AM       9   2501.00
09:36:35 AM      10   2501.00
09:36:35 AM      11   2501.00
09:36:35 AM      12   2501.00
09:36:35 AM      13   2501.00
09:36:35 AM      14   2501.00
09:36:35 AM      15   2501.00
09:36:35 AM      16   2501.00
09:36:35 AM      17   2501.00
09:36:35 AM      18   2501.00
09:36:35 AM      19   2501.00
09:36:35 AM      20   2501.00
09:36:35 AM      21   2501.00
09:36:35 AM      22   2501.00
09:36:35 AM      23   2501.00

09:36:35 AM     CPU       MHz
09:36:36 AM     all   2501.00
09:36:36 AM       0   2501.00
09:36:36 AM       1   2501.00
09:36:36 AM       2   2501.00
09:36:36 AM       3   2501.00
09:36:36 AM       4   2501.00
09:36:36 AM       5   2501.00
09:36:36 AM       6   2501.00
09:36:36 AM       7   2501.00
09:36:36 AM       8   2501.00
09:36:36 AM       9   2501.00
09:36:36 AM      10   2501.00
09:36:36 AM      11   2501.00
09:36:36 AM      12   2501.00
09:36:36 AM      13   2501.00
09:36:36 AM      14   2501.00
09:36:36 AM      15   2501.00
09:36:36 AM      16   2501.00
09:36:36 AM      17   2501.00
09:36:36 AM      18   2501.00
09:36:36 AM      19   2501.00
09:36:36 AM      20   2501.00
09:36:36 AM      21   2501.00
09:36:36 AM      22   2501.00
09:36:36 AM      23   2501.00

09:36:36 AM     CPU       MHz
09:36:37 AM     all   2501.00
09:36:37 AM       0   2501.00
09:36:37 AM       1   2501.00
09:36:37 AM       2   2501.00
09:36:37 AM       3   2501.00
09:36:37 AM       4   2501.00
09:36:37 AM       5   2501.00
09:36:37 AM       6   2501.00
09:36:37 AM       7   2501.00
09:36:37 AM       8   2501.00
09:36:37 AM       9   2501.00
09:36:37 AM      10   2501.00
09:36:37 AM      11   2501.00
09:36:37 AM      12   2501.00
09:36:37 AM      13   2501.00
09:36:37 AM      14   2501.00
09:36:37 AM      15   2501.00
09:36:37 AM      16   2501.00
09:36:37 AM      17   2501.00
09:36:37 AM      18   2501.00
09:36:37 AM      19   2501.00
09:36:37 AM      20   2501.00
09:36:37 AM      21   2501.00
09:36:37 AM      22   2501.00
09:36:37 AM      23   2501.00

09:36:37 AM     CPU       MHz
09:36:38 AM     all   2501.00
09:36:38 AM       0   2501.00
09:36:38 AM       1   2501.00
09:36:38 AM       2   2501.00
09:36:38 AM       3   2501.00
09:36:38 AM       4   2501.00
09:36:38 AM       5   2501.00
09:36:38 AM       6   2501.00
09:36:38 AM       7   2501.00
09:36:38 AM       8   2501.00
09:36:38 AM       9   2501.00
09:36:38 AM      10   2501.00
09:36:38 AM      11   2501.00
09:36:38 AM      12   2501.00
09:36:38 AM      13   2501.00
09:36:38 AM      14   2501.00
09:36:38 AM      15   2501.00
09:36:38 AM      16   2501.00
09:36:38 AM      17   2501.00
09:36:38 AM      18   2501.00
09:36:38 AM      19   2501.00
09:36:38 AM      20   2501.00
09:36:38 AM      21   2501.00
09:36:38 AM      22   2501.00
09:36:38 AM      23   2501.00

09:36:38 AM     CPU       MHz
09:36:39 AM     all   2501.00
09:36:39 AM       0   2501.00
09:36:39 AM       1   2501.00
09:36:39 AM       2   2501.00
09:36:39 AM       3   2501.00
09:36:39 AM       4   2501.00
09:36:39 AM       5   2501.00
09:36:39 AM       6   2501.00
09:36:39 AM       7   2501.00
09:36:39 AM       8   2501.00
09:36:39 AM       9   2501.00
09:36:39 AM      10   2501.00
09:36:39 AM      11   2501.00
09:36:39 AM      12   2501.00
09:36:39 AM      13   2501.00
09:36:39 AM      14   2501.00
09:36:39 AM      15   2501.00
09:36:39 AM      16   2501.00
09:36:39 AM      17   2501.00
09:36:39 AM      18   2501.00
09:36:39 AM      19   2501.00
09:36:39 AM      20   2501.00
09:36:39 AM      21   2501.00
09:36:39 AM      22   2501.00
09:36:39 AM      23   2501.00

09:36:39 AM     CPU       MHz
09:36:40 AM     all   2501.00
09:36:40 AM       0   2501.00
09:36:40 AM       1   2501.00
09:36:40 AM       2   2501.00
09:36:40 AM       3   2501.00
09:36:40 AM       4   2501.00
09:36:40 AM       5   2501.00
09:36:40 AM       6   2501.00
09:36:40 AM       7   2501.00
09:36:40 AM       8   2501.00
09:36:40 AM       9   2501.00
09:36:40 AM      10   2501.00
09:36:40 AM      11   2501.00
09:36:40 AM      12   2501.00
09:36:40 AM      13   2501.00
09:36:40 AM      14   2501.00
09:36:40 AM      15   2501.00
09:36:40 AM      16   2501.00
09:36:40 AM      17   2501.00
09:36:40 AM      18   2501.00
09:36:40 AM      19   2501.00
09:36:40 AM      20   2501.00
09:36:40 AM      21   2501.00
09:36:40 AM      22   2501.00
09:36:40 AM      23   2501.00

09:36:40 AM     CPU       MHz
09:36:41 AM     all   2501.00
09:36:41 AM       0   2501.00
09:36:41 AM       1   2501.00
09:36:41 AM       2   2501.00
09:36:41 AM       3   2501.00
09:36:41 AM       4   2501.00
09:36:41 AM       5   2501.00
09:36:41 AM       6   2501.00
09:36:41 AM       7   2501.00
09:36:41 AM       8   2501.00
09:36:41 AM       9   2501.00
09:36:41 AM      10   2501.00
09:36:41 AM      11   2501.00
09:36:41 AM      12   2501.00
09:36:41 AM      13   2501.00
09:36:41 AM      14   2501.00
09:36:41 AM      15   2501.00
09:36:41 AM      16   2501.00
09:36:41 AM      17   2501.00
09:36:41 AM      18   2501.00
09:36:41 AM      19   2501.00
09:36:41 AM      20   2501.00
09:36:41 AM      21   2501.00
09:36:41 AM      22   2501.00
09:36:41 AM      23   2501.00

09:36:41 AM     CPU       MHz
09:36:42 AM     all   2501.00
09:36:42 AM       0   2501.00
09:36:42 AM       1   2501.00
09:36:42 AM       2   2501.00
09:36:42 AM       3   2501.00
09:36:42 AM       4   2501.00
09:36:42 AM       5   2501.00
09:36:42 AM       6   2501.00
09:36:42 AM       7   2501.00
09:36:42 AM       8   2501.00
09:36:42 AM       9   2501.00
09:36:42 AM      10   2501.00
09:36:42 AM      11   2501.00
09:36:42 AM      12   2501.00
09:36:42 AM      13   2501.00
09:36:42 AM      14   2501.00
09:36:42 AM      15   2501.00
09:36:42 AM      16   2501.00
09:36:42 AM      17   2501.00
09:36:42 AM      18   2501.00
09:36:42 AM      19   2501.00
09:36:42 AM      20   2501.00
09:36:42 AM      21   2501.00
09:36:42 AM      22   2501.00
09:36:42 AM      23   2501.00

09:36:42 AM     CPU       MHz
09:36:43 AM     all   2501.00
09:36:43 AM       0   2501.00
09:36:43 AM       1   2501.00
09:36:43 AM       2   2501.00
09:36:43 AM       3   2501.00
09:36:43 AM       4   2501.00
09:36:43 AM       5   2501.00
09:36:43 AM       6   2501.00
09:36:43 AM       7   2501.00
09:36:43 AM       8   2501.00
09:36:43 AM       9   2501.00
09:36:43 AM      10   2501.00
09:36:43 AM      11   2501.00
09:36:43 AM      12   2501.00
09:36:43 AM      13   2501.00
09:36:43 AM      14   2501.00
09:36:43 AM      15   2501.00
09:36:43 AM      16   2501.00
09:36:43 AM      17   2501.00
09:36:43 AM      18   2501.00
09:36:43 AM      19   2501.00
09:36:43 AM      20   2501.00
09:36:43 AM      21   2501.00
09:36:43 AM      22   2501.00
09:36:43 AM      23   2501.00

09:36:43 AM     CPU       MHz
09:36:44 AM     all   2501.00
09:36:44 AM       0   2501.00
09:36:44 AM       1   2501.00
09:36:44 AM       2   2501.00
09:36:44 AM       3   2501.00
09:36:44 AM       4   2501.00
09:36:44 AM       5   2501.00
09:36:44 AM       6   2501.00
09:36:44 AM       7   2501.00
09:36:44 AM       8   2501.00
09:36:44 AM       9   2501.00
09:36:44 AM      10   2501.00
09:36:44 AM      11   2501.00
09:36:44 AM      12   2501.00
09:36:44 AM      13   2501.00
09:36:44 AM      14   2501.00
09:36:44 AM      15   2501.00
09:36:44 AM      16   2501.00
09:36:44 AM      17   2501.00
09:36:44 AM      18   2501.00
09:36:44 AM      19   2501.00
09:36:44 AM      20   2501.00
09:36:44 AM      21   2501.00
09:36:44 AM      22   2501.00
09:36:44 AM      23   2501.00

09:36:44 AM     CPU       MHz
09:36:45 AM     all   2501.00
09:36:45 AM       0   2501.00
09:36:45 AM       1   2501.00
09:36:45 AM       2   2501.00
09:36:45 AM       3   2501.00
09:36:45 AM       4   2501.00
09:36:45 AM       5   2501.00
09:36:45 AM       6   2501.00
09:36:45 AM       7   2501.00
09:36:45 AM       8   2501.00
09:36:45 AM       9   2501.00
09:36:45 AM      10   2501.00
09:36:45 AM      11   2501.00
09:36:45 AM      12   2501.00
09:36:45 AM      13   2501.00
09:36:45 AM      14   2501.00
09:36:45 AM      15   2501.00
09:36:45 AM      16   2501.00
09:36:45 AM      17   2501.00
09:36:45 AM      18   2501.00
09:36:45 AM      19   2501.00
09:36:45 AM      20   2501.00
09:36:45 AM      21   2501.00
09:36:45 AM      22   2501.00
09:36:45 AM      23   2501.00

09:36:45 AM     CPU       MHz
09:36:46 AM     all   2501.00
09:36:46 AM       0   2501.00
09:36:46 AM       1   2501.00
09:36:46 AM       2   2501.00
09:36:46 AM       3   2501.00
09:36:46 AM       4   2501.00
09:36:46 AM       5   2501.00
09:36:46 AM       6   2501.00
09:36:46 AM       7   2501.00
09:36:46 AM       8   2501.00
09:36:46 AM       9   2501.00
09:36:46 AM      10   2501.00
09:36:46 AM      11   2501.00
09:36:46 AM      12   2501.00
09:36:46 AM      13   2501.00
09:36:46 AM      14   2501.00
09:36:46 AM      15   2501.00
09:36:46 AM      16   2501.00
09:36:46 AM      17   2501.00
09:36:46 AM      18   2501.00
09:36:46 AM      19   2501.00
09:36:46 AM      20   2501.00
09:36:46 AM      21   2501.00
09:36:46 AM      22   2501.00
09:36:46 AM      23   2501.00

09:36:46 AM     CPU       MHz
09:36:47 AM     all   2501.00
09:36:47 AM       0   2501.00
09:36:47 AM       1   2501.00
09:36:47 AM       2   2501.00
09:36:47 AM       3   2501.00
09:36:47 AM       4   2501.00
09:36:47 AM       5   2501.00
09:36:47 AM       6   2501.00
09:36:47 AM       7   2501.00
09:36:47 AM       8   2501.00
09:36:47 AM       9   2501.00
09:36:47 AM      10   2501.00
09:36:47 AM      11   2501.00
09:36:47 AM      12   2501.00
09:36:47 AM      13   2501.00
09:36:47 AM      14   2501.00
09:36:47 AM      15   2501.00
09:36:47 AM      16   2501.00
09:36:47 AM      17   2501.00
09:36:47 AM      18   2501.00
09:36:47 AM      19   2501.00
09:36:47 AM      20   2501.00
09:36:47 AM      21   2501.00
09:36:47 AM      22   2501.00
09:36:47 AM      23   2501.00

09:36:47 AM     CPU       MHz
09:36:48 AM     all   2501.00
09:36:48 AM       0   2501.00
09:36:48 AM       1   2501.00
09:36:48 AM       2   2501.00
09:36:48 AM       3   2501.00
09:36:48 AM       4   2501.00
09:36:48 AM       5   2501.00
09:36:48 AM       6   2501.00
09:36:48 AM       7   2501.00
09:36:48 AM       8   2501.00
09:36:48 AM       9   2501.00
09:36:48 AM      10   2501.00
09:36:48 AM      11   2501.00
09:36:48 AM      12   2501.00
09:36:48 AM      13   2501.00
09:36:48 AM      14   2501.00
09:36:48 AM      15   2501.00
09:36:48 AM      16   2501.00
09:36:48 AM      17   2501.00
09:36:48 AM      18   2501.00
09:36:48 AM      19   2501.00
09:36:48 AM      20   2501.00
09:36:48 AM      21   2501.00
09:36:48 AM      22   2501.00
09:36:48 AM      23   2501.00

09:36:48 AM     CPU       MHz
09:36:49 AM     all   2501.00
09:36:49 AM       0   2501.00
09:36:49 AM       1   2501.00
09:36:49 AM       2   2501.00
09:36:49 AM       3   2501.00
09:36:49 AM       4   2501.00
09:36:49 AM       5   2501.00
09:36:49 AM       6   2501.00
09:36:49 AM       7   2501.00
09:36:49 AM       8   2501.00
09:36:49 AM       9   2501.00
09:36:49 AM      10   2501.00
09:36:49 AM      11   2501.00
09:36:49 AM      12   2501.00
09:36:49 AM      13   2501.00
09:36:49 AM      14   2501.00
09:36:49 AM      15   2501.00
09:36:49 AM      16   2501.00
09:36:49 AM      17   2501.00
09:36:49 AM      18   2501.00
09:36:49 AM      19   2501.00
09:36:49 AM      20   2501.00
09:36:49 AM      21   2501.00
09:36:49 AM      22   2501.00
09:36:49 AM      23   2501.00

09:36:49 AM     CPU       MHz
09:36:50 AM     all   2501.00
09:36:50 AM       0   2501.00
09:36:50 AM       1   2501.00
09:36:50 AM       2   2501.00
09:36:50 AM       3   2501.00
09:36:50 AM       4   2501.00
09:36:50 AM       5   2501.00
09:36:50 AM       6   2501.00
09:36:50 AM       7   2501.00
09:36:50 AM       8   2501.00
09:36:50 AM       9   2501.00
09:36:50 AM      10   2501.00
09:36:50 AM      11   2501.00
09:36:50 AM      12   2501.00
09:36:50 AM      13   2501.00
09:36:50 AM      14   2501.00
09:36:50 AM      15   2501.00
09:36:50 AM      16   2501.00
09:36:50 AM      17   2501.00
09:36:50 AM      18   2501.00
09:36:50 AM      19   2501.00
09:36:50 AM      20   2501.00
09:36:50 AM      21   2501.00
09:36:50 AM      22   2501.00
09:36:50 AM      23   2501.00

09:36:50 AM     CPU       MHz
09:36:51 AM     all   2501.00
09:36:51 AM       0   2501.00
09:36:51 AM       1   2501.00
09:36:51 AM       2   2501.00
09:36:51 AM       3   2501.00
09:36:51 AM       4   2501.00
09:36:51 AM       5   2501.00
09:36:51 AM       6   2501.00
09:36:51 AM       7   2501.00
09:36:51 AM       8   2501.00
09:36:51 AM       9   2501.00
09:36:51 AM      10   2501.00
09:36:51 AM      11   2501.00
09:36:51 AM      12   2501.00
09:36:51 AM      13   2501.00
09:36:51 AM      14   2501.00
09:36:51 AM      15   2501.00
09:36:51 AM      16   2501.00
09:36:51 AM      17   2501.00
09:36:51 AM      18   2501.00
09:36:51 AM      19   2501.00
09:36:51 AM      20   2501.00
09:36:51 AM      21   2501.00
09:36:51 AM      22   2501.00
09:36:51 AM      23   2501.00

09:36:51 AM     CPU       MHz
09:36:52 AM     all   2501.00
09:36:52 AM       0   2501.00
09:36:52 AM       1   2501.00
09:36:52 AM       2   2501.00
09:36:52 AM       3   2501.00
09:36:52 AM       4   2501.00
09:36:52 AM       5   2501.00
09:36:52 AM       6   2501.00
09:36:52 AM       7   2501.00
09:36:52 AM       8   2501.00
09:36:52 AM       9   2501.00
09:36:52 AM      10   2501.00
09:36:52 AM      11   2501.00
09:36:52 AM      12   2501.00
09:36:52 AM      13   2501.00
09:36:52 AM      14   2501.00
09:36:52 AM      15   2501.00
09:36:52 AM      16   2501.00
09:36:52 AM      17   2501.00
09:36:52 AM      18   2501.00
09:36:52 AM      19   2501.00
09:36:52 AM      20   2501.00
09:36:52 AM      21   2501.00
09:36:52 AM      22   2501.00
09:36:52 AM      23   2501.00

09:36:52 AM     CPU       MHz
09:36:53 AM     all   2501.00
09:36:53 AM       0   2501.00
09:36:53 AM       1   2501.00
09:36:53 AM       2   2501.00
09:36:53 AM       3   2501.00
09:36:53 AM       4   2501.00
09:36:53 AM       5   2501.00
09:36:53 AM       6   2501.00
09:36:53 AM       7   2501.00
09:36:53 AM       8   2501.00
09:36:53 AM       9   2501.00
09:36:53 AM      10   2501.00
09:36:53 AM      11   2501.00
09:36:53 AM      12   2501.00
09:36:53 AM      13   2501.00
09:36:53 AM      14   2501.00
09:36:53 AM      15   2501.00
09:36:53 AM      16   2501.00
09:36:53 AM      17   2501.00
09:36:53 AM      18   2501.00
09:36:53 AM      19   2501.00
09:36:53 AM      20   2501.00
09:36:53 AM      21   2501.00
09:36:53 AM      22   2501.00
09:36:53 AM      23   2501.00

09:36:53 AM     CPU       MHz
09:36:54 AM     all   2501.00
09:36:54 AM       0   2501.00
09:36:54 AM       1   2501.00
09:36:54 AM       2   2501.00
09:36:54 AM       3   2501.00
09:36:54 AM       4   2501.00
09:36:54 AM       5   2501.00
09:36:54 AM       6   2501.00
09:36:54 AM       7   2501.00
09:36:54 AM       8   2501.00
09:36:54 AM       9   2501.00
09:36:54 AM      10   2501.00
09:36:54 AM      11   2501.00
09:36:54 AM      12   2501.00
09:36:54 AM      13   2501.00
09:36:54 AM      14   2501.00
09:36:54 AM      15   2501.00
09:36:54 AM      16   2501.00
09:36:54 AM      17   2501.00
09:36:54 AM      18   2501.00
09:36:54 AM      19   2501.00
09:36:54 AM      20   2501.00
09:36:54 AM      21   2501.00
09:36:54 AM      22   2501.00
09:36:54 AM      23   2501.00

09:36:54 AM     CPU       MHz
09:36:55 AM     all   2501.00
09:36:55 AM       0   2501.00
09:36:55 AM       1   2501.00
09:36:55 AM       2   2501.00
09:36:55 AM       3   2501.00
09:36:55 AM       4   2501.00
09:36:55 AM       5   2501.00
09:36:55 AM       6   2501.00
09:36:55 AM       7   2501.00
09:36:55 AM       8   2501.00
09:36:55 AM       9   2501.00
09:36:55 AM      10   2501.00
09:36:55 AM      11   2501.00
09:36:55 AM      12   2501.00
09:36:55 AM      13   2501.00
09:36:55 AM      14   2501.00
09:36:55 AM      15   2501.00
09:36:55 AM      16   2501.00
09:36:55 AM      17   2501.00
09:36:55 AM      18   2501.00
09:36:55 AM      19   2501.00
09:36:55 AM      20   2501.00
09:36:55 AM      21   2501.00
09:36:55 AM      22   2501.00
09:36:55 AM      23   2501.00

09:36:55 AM     CPU       MHz
09:36:56 AM     all   2501.00
09:36:56 AM       0   2501.00
09:36:56 AM       1   2501.00
09:36:56 AM       2   2501.00
09:36:56 AM       3   2501.00
09:36:56 AM       4   2501.00
09:36:56 AM       5   2501.00
09:36:56 AM       6   2501.00
09:36:56 AM       7   2501.00
09:36:56 AM       8   2501.00
09:36:56 AM       9   2501.00
09:36:56 AM      10   2501.00
09:36:56 AM      11   2501.00
09:36:56 AM      12   2501.00
09:36:56 AM      13   2501.00
09:36:56 AM      14   2501.00
09:36:56 AM      15   2501.00
09:36:56 AM      16   2501.00
09:36:56 AM      17   2501.00
09:36:56 AM      18   2501.00
09:36:56 AM      19   2501.00
09:36:56 AM      20   2501.00
09:36:56 AM      21   2501.00
09:36:56 AM      22   2501.00
09:36:56 AM      23   2501.00

09:36:56 AM     CPU       MHz
09:36:57 AM     all   2501.00
09:36:57 AM       0   2501.00
09:36:57 AM       1   2501.00
09:36:57 AM       2   2501.00
09:36:57 AM       3   2501.00
09:36:57 AM       4   2501.00
09:36:57 AM       5   2501.00
09:36:57 AM       6   2501.00
09:36:57 AM       7   2501.00
09:36:57 AM       8   2501.00
09:36:57 AM       9   2501.00
09:36:57 AM      10   2501.00
09:36:57 AM      11   2501.00
09:36:57 AM      12   2501.00
09:36:57 AM      13   2501.00
09:36:57 AM      14   2501.00
09:36:57 AM      15   2501.00
09:36:57 AM      16   2501.00
09:36:57 AM      17   2501.00
09:36:57 AM      18   2501.00
09:36:57 AM      19   2501.00
09:36:57 AM      20   2501.00
09:36:57 AM      21   2501.00
09:36:57 AM      22   2501.00
09:36:57 AM      23   2501.00

09:36:57 AM     CPU       MHz
09:36:58 AM     all   2501.00
09:36:58 AM       0   2501.00
09:36:58 AM       1   2501.00
09:36:58 AM       2   2501.00
09:36:58 AM       3   2501.00
09:36:58 AM       4   2501.00
09:36:58 AM       5   2501.00
09:36:58 AM       6   2501.00
09:36:58 AM       7   2501.00
09:36:58 AM       8   2501.00
09:36:58 AM       9   2501.00
09:36:58 AM      10   2501.00
09:36:58 AM      11   2501.00
09:36:58 AM      12   2501.00
09:36:58 AM      13   2501.00
09:36:58 AM      14   2501.00
09:36:58 AM      15   2501.00
09:36:58 AM      16   2501.00
09:36:58 AM      17   2501.00
09:36:58 AM      18   2501.00
09:36:58 AM      19   2501.00
09:36:58 AM      20   2501.00
09:36:58 AM      21   2501.00
09:36:58 AM      22   2501.00
09:36:58 AM      23   2501.00

09:36:58 AM     CPU       MHz
09:36:59 AM     all   2501.00
09:36:59 AM       0   2501.00
09:36:59 AM       1   2501.00
09:36:59 AM       2   2501.00
09:36:59 AM       3   2501.00
09:36:59 AM       4   2501.00
09:36:59 AM       5   2501.00
09:36:59 AM       6   2501.00
09:36:59 AM       7   2501.00
09:36:59 AM       8   2501.00
09:36:59 AM       9   2501.00
09:36:59 AM      10   2501.00
09:36:59 AM      11   2501.00
09:36:59 AM      12   2501.00
09:36:59 AM      13   2501.00
09:36:59 AM      14   2501.00
09:36:59 AM      15   2501.00
09:36:59 AM      16   2501.00
09:36:59 AM      17   2501.00
09:36:59 AM      18   2501.00
09:36:59 AM      19   2501.00
09:36:59 AM      20   2501.00
09:36:59 AM      21   2501.00
09:36:59 AM      22   2501.00
09:36:59 AM      23   2501.00

09:36:59 AM     CPU       MHz
09:37:00 AM     all   2501.00
09:37:00 AM       0   2501.00
09:37:00 AM       1   2501.00
09:37:00 AM       2   2501.00
09:37:00 AM       3   2501.00
09:37:00 AM       4   2501.00
09:37:00 AM       5   2501.00
09:37:00 AM       6   2501.00
09:37:00 AM       7   2501.00
09:37:00 AM       8   2501.00
09:37:00 AM       9   2501.00
09:37:00 AM      10   2501.00
09:37:00 AM      11   2501.00
09:37:00 AM      12   2501.00
09:37:00 AM      13   2501.00
09:37:00 AM      14   2501.00
09:37:00 AM      15   2501.00
09:37:00 AM      16   2501.00
09:37:00 AM      17   2501.00
09:37:00 AM      18   2501.00
09:37:00 AM      19   2501.00
09:37:00 AM      20   2501.00
09:37:00 AM      21   2501.00
09:37:00 AM      22   2501.00
09:37:00 AM      23   2501.00

09:37:00 AM     CPU       MHz
09:37:01 AM     all   2501.00
09:37:01 AM       0   2501.00
09:37:01 AM       1   2501.00
09:37:01 AM       2   2501.00
09:37:01 AM       3   2501.00
09:37:01 AM       4   2501.00
09:37:01 AM       5   2501.00
09:37:01 AM       6   2501.00
09:37:01 AM       7   2501.00
09:37:01 AM       8   2501.00
09:37:01 AM       9   2501.00
09:37:01 AM      10   2501.00
09:37:01 AM      11   2501.00
09:37:01 AM      12   2501.00
09:37:01 AM      13   2501.00
09:37:01 AM      14   2501.00
09:37:01 AM      15   2501.00
09:37:01 AM      16   2501.00
09:37:01 AM      17   2501.00
09:37:01 AM      18   2501.00
09:37:01 AM      19   2501.00
09:37:01 AM      20   2501.00
09:37:01 AM      21   2501.00
09:37:01 AM      22   2501.00
09:37:01 AM      23   2501.00

09:37:01 AM     CPU       MHz
09:37:02 AM     all   2501.00
09:37:02 AM       0   2501.00
09:37:02 AM       1   2501.00
09:37:02 AM       2   2501.00
09:37:02 AM       3   2501.00
09:37:02 AM       4   2501.00
09:37:02 AM       5   2501.00
09:37:02 AM       6   2501.00
09:37:02 AM       7   2501.00
09:37:02 AM       8   2501.00
09:37:02 AM       9   2501.00
09:37:02 AM      10   2501.00
09:37:02 AM      11   2501.00
09:37:02 AM      12   2501.00
09:37:02 AM      13   2501.00
09:37:02 AM      14   2501.00
09:37:02 AM      15   2501.00
09:37:02 AM      16   2501.00
09:37:02 AM      17   2501.00
09:37:02 AM      18   2501.00
09:37:02 AM      19   2501.00
09:37:02 AM      20   2501.00
09:37:02 AM      21   2501.00
09:37:02 AM      22   2501.00
09:37:02 AM      23   2501.00

09:37:02 AM     CPU       MHz
09:37:03 AM     all   2501.00
09:37:03 AM       0   2501.00
09:37:03 AM       1   2501.00
09:37:03 AM       2   2501.00
09:37:03 AM       3   2501.00
09:37:03 AM       4   2501.00
09:37:03 AM       5   2501.00
09:37:03 AM       6   2501.00
09:37:03 AM       7   2501.00
09:37:03 AM       8   2501.00
09:37:03 AM       9   2501.00
09:37:03 AM      10   2501.00
09:37:03 AM      11   2501.00
09:37:03 AM      12   2501.00
09:37:03 AM      13   2501.00
09:37:03 AM      14   2501.00
09:37:03 AM      15   2501.00
09:37:03 AM      16   2501.00
09:37:03 AM      17   2501.00
09:37:03 AM      18   2501.00
09:37:03 AM      19   2501.00
09:37:03 AM      20   2501.00
09:37:03 AM      21   2501.00
09:37:03 AM      22   2501.00
09:37:03 AM      23   2501.00

09:37:03 AM     CPU       MHz
09:37:04 AM     all   2501.00
09:37:04 AM       0   2501.00
09:37:04 AM       1   2501.00
09:37:04 AM       2   2501.00
09:37:04 AM       3   2501.00
09:37:04 AM       4   2501.00
09:37:04 AM       5   2501.00
09:37:04 AM       6   2501.00
09:37:04 AM       7   2501.00
09:37:04 AM       8   2501.00
09:37:04 AM       9   2501.00
09:37:04 AM      10   2501.00
09:37:04 AM      11   2501.00
09:37:04 AM      12   2501.00
09:37:04 AM      13   2501.00
09:37:04 AM      14   2501.00
09:37:04 AM      15   2501.00
09:37:04 AM      16   2501.00
09:37:04 AM      17   2501.00
09:37:04 AM      18   2501.00
09:37:04 AM      19   2501.00
09:37:04 AM      20   2501.00
09:37:04 AM      21   2501.00
09:37:04 AM      22   2501.00
09:37:04 AM      23   2501.00

09:37:04 AM     CPU       MHz
09:37:05 AM     all   2501.00
09:37:05 AM       0   2501.00
09:37:05 AM       1   2501.00
09:37:05 AM       2   2501.00
09:37:05 AM       3   2501.00
09:37:05 AM       4   2501.00
09:37:05 AM       5   2501.00
09:37:05 AM       6   2501.00
09:37:05 AM       7   2501.00
09:37:05 AM       8   2501.00
09:37:05 AM       9   2501.00
09:37:05 AM      10   2501.00
09:37:05 AM      11   2501.00
09:37:05 AM      12   2501.00
09:37:05 AM      13   2501.00
09:37:05 AM      14   2501.00
09:37:05 AM      15   2501.00
09:37:05 AM      16   2501.00
09:37:05 AM      17   2501.00
09:37:05 AM      18   2501.00
09:37:05 AM      19   2501.00
09:37:05 AM      20   2501.00
09:37:05 AM      21   2501.00
09:37:05 AM      22   2501.00
09:37:05 AM      23   2501.00

09:37:05 AM     CPU       MHz
09:37:06 AM     all   2501.00
09:37:06 AM       0   2501.00
09:37:06 AM       1   2501.00
09:37:06 AM       2   2501.00
09:37:06 AM       3   2501.00
09:37:06 AM       4   2501.00
09:37:06 AM       5   2501.00
09:37:06 AM       6   2501.00
09:37:06 AM       7   2501.00
09:37:06 AM       8   2501.00
09:37:06 AM       9   2501.00
09:37:06 AM      10   2501.00
09:37:06 AM      11   2501.00
09:37:06 AM      12   2501.00
09:37:06 AM      13   2501.00
09:37:06 AM      14   2501.00
09:37:06 AM      15   2501.00
09:37:06 AM      16   2501.00
09:37:06 AM      17   2501.00
09:37:06 AM      18   2501.00
09:37:06 AM      19   2501.00
09:37:06 AM      20   2501.00
09:37:06 AM      21   2501.00
09:37:06 AM      22   2501.00
09:37:06 AM      23   2501.00

09:37:06 AM     CPU       MHz
09:37:07 AM     all   2501.00
09:37:07 AM       0   2501.00
09:37:07 AM       1   2501.00
09:37:07 AM       2   2501.00
09:37:07 AM       3   2501.00
09:37:07 AM       4   2501.00
09:37:07 AM       5   2501.00
09:37:07 AM       6   2501.00
09:37:07 AM       7   2501.00
09:37:07 AM       8   2501.00
09:37:07 AM       9   2501.00
09:37:07 AM      10   2501.00
09:37:07 AM      11   2501.00
09:37:07 AM      12   2501.00
09:37:07 AM      13   2501.00
09:37:07 AM      14   2501.00
09:37:07 AM      15   2501.00
09:37:07 AM      16   2501.00
09:37:07 AM      17   2501.00
09:37:07 AM      18   2501.00
09:37:07 AM      19   2501.00
09:37:07 AM      20   2501.00
09:37:07 AM      21   2501.00
09:37:07 AM      22   2501.00
09:37:07 AM      23   2501.00

09:37:07 AM     CPU       MHz
09:37:08 AM     all   2501.00
09:37:08 AM       0   2501.00
09:37:08 AM       1   2501.00
09:37:08 AM       2   2501.00
09:37:08 AM       3   2501.00
09:37:08 AM       4   2501.00
09:37:08 AM       5   2501.00
09:37:08 AM       6   2501.00
09:37:08 AM       7   2501.00
09:37:08 AM       8   2501.00
09:37:08 AM       9   2501.00
09:37:08 AM      10   2501.00
09:37:08 AM      11   2501.00
09:37:08 AM      12   2501.00
09:37:08 AM      13   2501.00
09:37:08 AM      14   2501.00
09:37:08 AM      15   2501.00
09:37:08 AM      16   2501.00
09:37:08 AM      17   2501.00
09:37:08 AM      18   2501.00
09:37:08 AM      19   2501.00
09:37:08 AM      20   2501.00
09:37:08 AM      21   2501.00
09:37:08 AM      22   2501.00
09:37:08 AM      23   2501.00

09:37:08 AM     CPU       MHz
09:37:09 AM     all   2501.00
09:37:09 AM       0   2501.00
09:37:09 AM       1   2501.00
09:37:09 AM       2   2501.00
09:37:09 AM       3   2501.00
09:37:09 AM       4   2501.00
09:37:09 AM       5   2501.00
09:37:09 AM       6   2501.00
09:37:09 AM       7   2501.00
09:37:09 AM       8   2501.00
09:37:09 AM       9   2501.00
09:37:09 AM      10   2501.00
09:37:09 AM      11   2501.00
09:37:09 AM      12   2501.00
09:37:09 AM      13   2501.00
09:37:09 AM      14   2501.00
09:37:09 AM      15   2501.00
09:37:09 AM      16   2501.00
09:37:09 AM      17   2501.00
09:37:09 AM      18   2501.00
09:37:09 AM      19   2501.00
09:37:09 AM      20   2501.00
09:37:09 AM      21   2501.00
09:37:09 AM      22   2501.00
09:37:09 AM      23   2501.00

09:37:09 AM     CPU       MHz
09:37:10 AM     all   2501.00
09:37:10 AM       0   2501.00
09:37:10 AM       1   2501.00
09:37:10 AM       2   2501.00
09:37:10 AM       3   2501.00
09:37:10 AM       4   2501.00
09:37:10 AM       5   2501.00
09:37:10 AM       6   2501.00
09:37:10 AM       7   2501.00
09:37:10 AM       8   2501.00
09:37:10 AM       9   2501.00
09:37:10 AM      10   2501.00
09:37:10 AM      11   2501.00
09:37:10 AM      12   2501.00
09:37:10 AM      13   2501.00
09:37:10 AM      14   2501.00
09:37:10 AM      15   2501.00
09:37:10 AM      16   2501.00
09:37:10 AM      17   2501.00
09:37:10 AM      18   2501.00
09:37:10 AM      19   2501.00
09:37:10 AM      20   2501.00
09:37:10 AM      21   2501.00
09:37:10 AM      22   2501.00
09:37:10 AM      23   2501.00

09:37:10 AM     CPU       MHz
09:37:11 AM     all   2501.00
09:37:11 AM       0   2501.00
09:37:11 AM       1   2501.00
09:37:11 AM       2   2501.00
09:37:11 AM       3   2501.00
09:37:11 AM       4   2501.00
09:37:11 AM       5   2501.00
09:37:11 AM       6   2501.00
09:37:11 AM       7   2501.00
09:37:11 AM       8   2501.00
09:37:11 AM       9   2501.00
09:37:11 AM      10   2501.00
09:37:11 AM      11   2501.00
09:37:11 AM      12   2501.00
09:37:11 AM      13   2501.00
09:37:11 AM      14   2501.00
09:37:11 AM      15   2501.00
09:37:11 AM      16   2501.00
09:37:11 AM      17   2501.00
09:37:11 AM      18   2501.00
09:37:11 AM      19   2501.00
09:37:11 AM      20   2501.00
09:37:11 AM      21   2501.00
09:37:11 AM      22   2501.00
09:37:11 AM      23   2501.00

09:37:11 AM     CPU       MHz
09:37:12 AM     all   2501.00
09:37:12 AM       0   2501.00
09:37:12 AM       1   2501.00
09:37:12 AM       2   2501.00
09:37:12 AM       3   2501.00
09:37:12 AM       4   2501.00
09:37:12 AM       5   2501.00
09:37:12 AM       6   2501.00
09:37:12 AM       7   2501.00
09:37:12 AM       8   2501.00
09:37:12 AM       9   2501.00
09:37:12 AM      10   2501.00
09:37:12 AM      11   2501.00
09:37:12 AM      12   2501.00
09:37:12 AM      13   2501.00
09:37:12 AM      14   2501.00
09:37:12 AM      15   2501.00
09:37:12 AM      16   2501.00
09:37:12 AM      17   2501.00
09:37:12 AM      18   2501.00
09:37:12 AM      19   2501.00
09:37:12 AM      20   2501.00
09:37:12 AM      21   2501.00
09:37:12 AM      22   2501.00
09:37:12 AM      23   2501.00

09:37:12 AM     CPU       MHz
09:37:13 AM     all   2501.00
09:37:13 AM       0   2501.00
09:37:13 AM       1   2501.00
09:37:13 AM       2   2501.00
09:37:13 AM       3   2501.00
09:37:13 AM       4   2501.00
09:37:13 AM       5   2501.00
09:37:13 AM       6   2501.00
09:37:13 AM       7   2501.00
09:37:13 AM       8   2501.00
09:37:13 AM       9   2501.00
09:37:13 AM      10   2501.00
09:37:13 AM      11   2501.00
09:37:13 AM      12   2501.00
09:37:13 AM      13   2501.00
09:37:13 AM      14   2501.00
09:37:13 AM      15   2501.00
09:37:13 AM      16   2501.00
09:37:13 AM      17   2501.00
09:37:13 AM      18   2501.00
09:37:13 AM      19   2501.00
09:37:13 AM      20   2501.00
09:37:13 AM      21   2501.00
09:37:13 AM      22   2501.00
09:37:13 AM      23   2501.00

09:37:13 AM     CPU       MHz
09:37:14 AM     all   2501.00
09:37:14 AM       0   2501.00
09:37:14 AM       1   2501.00
09:37:14 AM       2   2501.00
09:37:14 AM       3   2501.00
09:37:14 AM       4   2501.00
09:37:14 AM       5   2501.00
09:37:14 AM       6   2501.00
09:37:14 AM       7   2501.00
09:37:14 AM       8   2501.00
09:37:14 AM       9   2501.00
09:37:14 AM      10   2501.00
09:37:14 AM      11   2501.00
09:37:14 AM      12   2501.00
09:37:14 AM      13   2501.00
09:37:14 AM      14   2501.00
09:37:14 AM      15   2501.00
09:37:14 AM      16   2501.00
09:37:14 AM      17   2501.00
09:37:14 AM      18   2501.00
09:37:14 AM      19   2501.00
09:37:14 AM      20   2501.00
09:37:14 AM      21   2501.00
09:37:14 AM      22   2501.00
09:37:14 AM      23   2501.00

09:37:14 AM     CPU       MHz
09:37:15 AM     all   2501.00
09:37:15 AM       0   2501.00
09:37:15 AM       1   2501.00
09:37:15 AM       2   2501.00
09:37:15 AM       3   2501.00
09:37:15 AM       4   2501.00
09:37:15 AM       5   2501.00
09:37:15 AM       6   2501.00
09:37:15 AM       7   2501.00
09:37:15 AM       8   2501.00
09:37:15 AM       9   2501.00
09:37:15 AM      10   2501.00
09:37:15 AM      11   2501.00
09:37:15 AM      12   2501.00
09:37:15 AM      13   2501.00
09:37:15 AM      14   2501.00
09:37:15 AM      15   2501.00
09:37:15 AM      16   2501.00
09:37:15 AM      17   2501.00
09:37:15 AM      18   2501.00
09:37:15 AM      19   2501.00
09:37:15 AM      20   2501.00
09:37:15 AM      21   2501.00
09:37:15 AM      22   2501.00
09:37:15 AM      23   2501.00

09:37:15 AM     CPU       MHz
09:37:16 AM     all   2501.00
09:37:16 AM       0   2501.00
09:37:16 AM       1   2501.00
09:37:16 AM       2   2501.00
09:37:16 AM       3   2501.00
09:37:16 AM       4   2501.00
09:37:16 AM       5   2501.00
09:37:16 AM       6   2501.00
09:37:16 AM       7   2501.00
09:37:16 AM       8   2501.00
09:37:16 AM       9   2501.00
09:37:16 AM      10   2501.00
09:37:16 AM      11   2501.00
09:37:16 AM      12   2501.00
09:37:16 AM      13   2501.00
09:37:16 AM      14   2501.00
09:37:16 AM      15   2501.00
09:37:16 AM      16   2501.00
09:37:16 AM      17   2501.00
09:37:16 AM      18   2501.00
09:37:16 AM      19   2501.00
09:37:16 AM      20   2501.00
09:37:16 AM      21   2501.00
09:37:16 AM      22   2501.00
09:37:16 AM      23   2501.00

09:37:16 AM     CPU       MHz
09:37:17 AM     all   2501.00
09:37:17 AM       0   2501.00
09:37:17 AM       1   2501.00
09:37:17 AM       2   2501.00
09:37:17 AM       3   2501.00
09:37:17 AM       4   2501.00
09:37:17 AM       5   2501.00
09:37:17 AM       6   2501.00
09:37:17 AM       7   2501.00
09:37:17 AM       8   2501.00
09:37:17 AM       9   2501.00
09:37:17 AM      10   2501.00
09:37:17 AM      11   2501.00
09:37:17 AM      12   2501.00
09:37:17 AM      13   2501.00
09:37:17 AM      14   2501.00
09:37:17 AM      15   2501.00
09:37:17 AM      16   2501.00
09:37:17 AM      17   2501.00
09:37:17 AM      18   2501.00
09:37:17 AM      19   2501.00
09:37:17 AM      20   2501.00
09:37:17 AM      21   2501.00
09:37:17 AM      22   2501.00
09:37:17 AM      23   2501.00

09:37:17 AM     CPU       MHz
09:37:18 AM     all   2501.00
09:37:18 AM       0   2501.00
09:37:18 AM       1   2501.00
09:37:18 AM       2   2501.00
09:37:18 AM       3   2501.00
09:37:18 AM       4   2501.00
09:37:18 AM       5   2501.00
09:37:18 AM       6   2501.00
09:37:18 AM       7   2501.00
09:37:18 AM       8   2501.00
09:37:18 AM       9   2501.00
09:37:18 AM      10   2501.00
09:37:18 AM      11   2501.00
09:37:18 AM      12   2501.00
09:37:18 AM      13   2501.00
09:37:18 AM      14   2501.00
09:37:18 AM      15   2501.00
09:37:18 AM      16   2501.00
09:37:18 AM      17   2501.00
09:37:18 AM      18   2501.00
09:37:18 AM      19   2501.00
09:37:18 AM      20   2501.00
09:37:18 AM      21   2501.00
09:37:18 AM      22   2501.00
09:37:18 AM      23   2501.00

09:37:18 AM     CPU       MHz
09:37:19 AM     all   2501.00
09:37:19 AM       0   2501.00
09:37:19 AM       1   2501.00
09:37:19 AM       2   2501.00
09:37:19 AM       3   2501.00
09:37:19 AM       4   2501.00
09:37:19 AM       5   2501.00
09:37:19 AM       6   2501.00
09:37:19 AM       7   2501.00
09:37:19 AM       8   2501.00
09:37:19 AM       9   2501.00
09:37:19 AM      10   2501.00
09:37:19 AM      11   2501.00
09:37:19 AM      12   2501.00
09:37:19 AM      13   2501.00
09:37:19 AM      14   2501.00
09:37:19 AM      15   2501.00
09:37:19 AM      16   2501.00
09:37:19 AM      17   2501.00
09:37:19 AM      18   2501.00
09:37:19 AM      19   2501.00
09:37:19 AM      20   2501.00
09:37:19 AM      21   2501.00
09:37:19 AM      22   2501.00
09:37:19 AM      23   2501.00

09:37:19 AM     CPU       MHz
09:37:20 AM     all   2501.00
09:37:20 AM       0   2501.00
09:37:20 AM       1   2501.00
09:37:20 AM       2   2501.00
09:37:20 AM       3   2501.00
09:37:20 AM       4   2501.00
09:37:20 AM       5   2501.00
09:37:20 AM       6   2501.00
09:37:20 AM       7   2501.00
09:37:20 AM       8   2501.00
09:37:20 AM       9   2501.00
09:37:20 AM      10   2501.00
09:37:20 AM      11   2501.00
09:37:20 AM      12   2501.00
09:37:20 AM      13   2501.00
09:37:20 AM      14   2501.00
09:37:20 AM      15   2501.00
09:37:20 AM      16   2501.00
09:37:20 AM      17   2501.00
09:37:20 AM      18   2501.00
09:37:20 AM      19   2501.00
09:37:20 AM      20   2501.00
09:37:20 AM      21   2501.00
09:37:20 AM      22   2501.00
09:37:20 AM      23   2501.00

09:37:20 AM     CPU       MHz
09:37:21 AM     all   2501.00
09:37:21 AM       0   2501.00
09:37:21 AM       1   2501.00
09:37:21 AM       2   2501.00
09:37:21 AM       3   2501.00
09:37:21 AM       4   2501.00
09:37:21 AM       5   2501.00
09:37:21 AM       6   2501.00
09:37:21 AM       7   2501.00
09:37:21 AM       8   2501.00
09:37:21 AM       9   2501.00
09:37:21 AM      10   2501.00
09:37:21 AM      11   2501.00
09:37:21 AM      12   2501.00
09:37:21 AM      13   2501.00
09:37:21 AM      14   2501.00
09:37:21 AM      15   2501.00
09:37:21 AM      16   2501.00
09:37:21 AM      17   2501.00
09:37:21 AM      18   2501.00
09:37:21 AM      19   2501.00
09:37:21 AM      20   2501.00
09:37:21 AM      21   2501.00
09:37:21 AM      22   2501.00
09:37:21 AM      23   2501.00

09:37:21 AM     CPU       MHz
09:37:22 AM     all   2501.00
09:37:22 AM       0   2501.00
09:37:22 AM       1   2501.00
09:37:22 AM       2   2501.00
09:37:22 AM       3   2501.00
09:37:22 AM       4   2501.00
09:37:22 AM       5   2501.00
09:37:22 AM       6   2501.00
09:37:22 AM       7   2501.00
09:37:22 AM       8   2501.00
09:37:22 AM       9   2501.00
09:37:22 AM      10   2501.00
09:37:22 AM      11   2501.00
09:37:22 AM      12   2501.00
09:37:22 AM      13   2501.00
09:37:22 AM      14   2501.00
09:37:22 AM      15   2501.00
09:37:22 AM      16   2501.00
09:37:22 AM      17   2501.00
09:37:22 AM      18   2501.00
09:37:22 AM      19   2501.00
09:37:22 AM      20   2501.00
09:37:22 AM      21   2501.00
09:37:22 AM      22   2501.00
09:37:22 AM      23   2501.00

09:37:22 AM     CPU       MHz
09:37:23 AM     all   2501.00
09:37:23 AM       0   2501.00
09:37:23 AM       1   2501.00
09:37:23 AM       2   2501.00
09:37:23 AM       3   2501.00
09:37:23 AM       4   2501.00
09:37:23 AM       5   2501.00
09:37:23 AM       6   2501.00
09:37:23 AM       7   2501.00
09:37:23 AM       8   2501.00
09:37:23 AM       9   2501.00
09:37:23 AM      10   2501.00
09:37:23 AM      11   2501.00
09:37:23 AM      12   2501.00
09:37:23 AM      13   2501.00
09:37:23 AM      14   2501.00
09:37:23 AM      15   2501.00
09:37:23 AM      16   2501.00
09:37:23 AM      17   2501.00
09:37:23 AM      18   2501.00
09:37:23 AM      19   2501.00
09:37:23 AM      20   2501.00
09:37:23 AM      21   2501.00
09:37:23 AM      22   2501.00
09:37:23 AM      23   2501.00

09:37:23 AM     CPU       MHz
09:37:24 AM     all   2501.00
09:37:24 AM       0   2501.00
09:37:24 AM       1   2501.00
09:37:24 AM       2   2501.00
09:37:24 AM       3   2501.00
09:37:24 AM       4   2501.00
09:37:24 AM       5   2501.00
09:37:24 AM       6   2501.00
09:37:24 AM       7   2501.00
09:37:24 AM       8   2501.00
09:37:24 AM       9   2501.00
09:37:24 AM      10   2501.00
09:37:24 AM      11   2501.00
09:37:24 AM      12   2501.00
09:37:24 AM      13   2501.00
09:37:24 AM      14   2501.00
09:37:24 AM      15   2501.00
09:37:24 AM      16   2501.00
09:37:24 AM      17   2501.00
09:37:24 AM      18   2501.00
09:37:24 AM      19   2501.00
09:37:24 AM      20   2501.00
09:37:24 AM      21   2501.00
09:37:24 AM      22   2501.00
09:37:24 AM      23   2501.00

09:37:24 AM     CPU       MHz
09:37:25 AM     all   2501.00
09:37:25 AM       0   2501.00
09:37:25 AM       1   2501.00
09:37:25 AM       2   2501.00
09:37:25 AM       3   2501.00
09:37:25 AM       4   2501.00
09:37:25 AM       5   2501.00
09:37:25 AM       6   2501.00
09:37:25 AM       7   2501.00
09:37:25 AM       8   2501.00
09:37:25 AM       9   2501.00
09:37:25 AM      10   2501.00
09:37:25 AM      11   2501.00
09:37:25 AM      12   2501.00
09:37:25 AM      13   2501.00
09:37:25 AM      14   2501.00
09:37:25 AM      15   2501.00
09:37:25 AM      16   2501.00
09:37:25 AM      17   2501.00
09:37:25 AM      18   2501.00
09:37:25 AM      19   2501.00
09:37:25 AM      20   2501.00
09:37:25 AM      21   2501.00
09:37:25 AM      22   2501.00
09:37:25 AM      23   2501.00

09:37:25 AM     CPU       MHz
09:37:26 AM     all   2501.00
09:37:26 AM       0   2501.00
09:37:26 AM       1   2501.00
09:37:26 AM       2   2501.00
09:37:26 AM       3   2501.00
09:37:26 AM       4   2501.00
09:37:26 AM       5   2501.00
09:37:26 AM       6   2501.00
09:37:26 AM       7   2501.00
09:37:26 AM       8   2501.00
09:37:26 AM       9   2501.00
09:37:26 AM      10   2501.00
09:37:26 AM      11   2501.00
09:37:26 AM      12   2501.00
09:37:26 AM      13   2501.00
09:37:26 AM      14   2501.00
09:37:26 AM      15   2501.00
09:37:26 AM      16   2501.00
09:37:26 AM      17   2501.00
09:37:26 AM      18   2501.00
09:37:26 AM      19   2501.00
09:37:26 AM      20   2501.00
09:37:26 AM      21   2501.00
09:37:26 AM      22   2501.00
09:37:26 AM      23   2501.00

09:37:26 AM     CPU       MHz
09:37:27 AM     all   2501.00
09:37:27 AM       0   2501.00
09:37:27 AM       1   2501.00
09:37:27 AM       2   2501.00
09:37:27 AM       3   2501.00
09:37:27 AM       4   2501.00
09:37:27 AM       5   2501.00
09:37:27 AM       6   2501.00
09:37:27 AM       7   2501.00
09:37:27 AM       8   2501.00
09:37:27 AM       9   2501.00
09:37:27 AM      10   2501.00
09:37:27 AM      11   2501.00
09:37:27 AM      12   2501.00
09:37:27 AM      13   2501.00
09:37:27 AM      14   2501.00
09:37:27 AM      15   2501.00
09:37:27 AM      16   2501.00
09:37:27 AM      17   2501.00
09:37:27 AM      18   2501.00
09:37:27 AM      19   2501.00
09:37:27 AM      20   2501.00
09:37:27 AM      21   2501.00
09:37:27 AM      22   2501.00
09:37:27 AM      23   2501.00

09:37:27 AM     CPU       MHz
09:37:28 AM     all   2501.00
09:37:28 AM       0   2501.00
09:37:28 AM       1   2501.00
09:37:28 AM       2   2501.00
09:37:28 AM       3   2501.00
09:37:28 AM       4   2501.00
09:37:28 AM       5   2501.00
09:37:28 AM       6   2501.00
09:37:28 AM       7   2501.00
09:37:28 AM       8   2501.00
09:37:28 AM       9   2501.00
09:37:28 AM      10   2501.00
09:37:28 AM      11   2501.00
09:37:28 AM      12   2501.00
09:37:28 AM      13   2501.00
09:37:28 AM      14   2501.00
09:37:28 AM      15   2501.00
09:37:28 AM      16   2501.00
09:37:28 AM      17   2501.00
09:37:28 AM      18   2501.00
09:37:28 AM      19   2501.00
09:37:28 AM      20   2501.00
09:37:28 AM      21   2501.00
09:37:28 AM      22   2501.00
09:37:28 AM      23   2501.00

Average:        CPU       MHz
Average:        all   2501.00
Average:          0   2501.00
Average:          1   2501.00
Average:          2   2501.00
Average:          3   2501.00
Average:          4   2501.00
Average:          5   2501.00
Average:          6   2501.00
Average:          7   2501.00
Average:          8   2501.00
Average:          9   2501.00
Average:         10   2501.00
Average:         11   2501.00
Average:         12   2501.00
Average:         13   2501.00
Average:         14   2501.00
Average:         15   2501.00
Average:         16   2501.00
Average:         17   2501.00
Average:         18   2501.00
Average:         19   2501.00
Average:         20   2501.00
Average:         21   2501.00
Average:         22   2501.00
Average:         23   2501.00
