QPS	Commit_PS	Rollback_Commit	Write_Commit	R_W_Ratio	Opens_PS	Table_Cache_Used	Threads_PS	Thread_Cache_Used	CXN_Used_Ever	CXN_Used_Now
134.5	19.19	1	1	0	0	0	0	0	6.1	6.1
134.61	19.21	1	1	0	0	0	0	0	6.1	6.1
134.71	19.22	1	1	0	0	0	0	0	6.1	6.1
134.81	19.24	1	1	0	0	0	0	0	6.2	6.2
134.91	19.25	1	1	0	0	0	0	0	6.2	6.2
135.01	19.27	1	1	0	0	0	0	0	6.2	6.2
135.11	19.28	1	1	0	0	0	0	0	6.2	6.2
135.21	19.3	1	1	0	0	0	0	0	6.2	6.2
135.32	19.31	1	1	0	0	0	0	0	6.2	6.2
135.41	19.32	1	1	0	0	0	0	0	6.2	6.2
135.49	19.33	1	1	0	0	0	0	0	6.2	6.2
135.61	19.35	1	1	0	0	0	0	0	6.2	6.2
135.72	19.37	1	1	0	0	0	0	0	6.2	6.2
135.83	19.38	1	1	0	0	0	0	0	6.2	6.2
135.93	19.4	1	1	0	0	0	0	0	6.2	6.2
136.03	19.41	1	1	0	0	0	0	0	6.2	6.2
136.13	19.43	1	1	0	0	0	0	0	6.2	6.2
136.24	19.44	1	1	0	0	0	0	0	6.2	6.2
136.34	19.46	1	1	0	0	0	0	0	6.2	6.2
136.44	19.47	1	1	0	0	0	0	0	6.2	6.2
136.54	19.48	1	1	0	0	0	0	0	6.2	6.2
136.65	19.5	1	1	0	0	0	0	0	6.2	6.2
136.68	19.5	1	1	0	0	0	0	0	6.2	6.2
136.79	19.52	1	1	0	0	0	0	0	6.2	6.1
136.92	19.54	1	1	0	0	0	0	0	6.2	6.2
136.99	19.55	1	1	0	0	0	0	0	6.2	6.2
137.11	19.57	1	1	0	0	0	0	0	6.2	6.2
137.22	19.58	1	1	0	0	0	0	0	6.2	6.2
137.34	19.6	1	1	0	0	0	0	0	6.2	6.2
137.46	19.62	1	1	0	0	0	0	0	6.2	6.2
137.56	19.63	1	1	0	0	0	0	0	6.2	6.2
137.67	19.65	1	1	0	0	0	0	0	6.2	6.2
137.77	19.66	1	1	0	0	0	0	0	6.2	6.2
137.87	19.67	1	1	0	0	0	0	0	6.2	6.2
137.97	19.69	1	1	0	0	0	0	0	6.2	6.2
138.07	19.7	1	1	0	0	0	0	0	6.2	6.2
138.18	19.72	1	1	0	0	0	0	0	6.2	6.2
138.28	19.73	1	1	0	0	0	0	0	6.2	6.2
138.38	19.75	1	1	0	0	0	0	0	6.2	6.2
138.48	19.76	1	1	0	0	0	0	0	6.2	6.2
138.58	19.78	1	1	0	0	0	0	0	6.2	6.2
138.68	19.79	1	1	0	0	0	0	0	6.2	6.2
138.79	19.81	1	1	0	0	0	0	0	6.2	6.2
138.89	19.82	1	1	0	0	0	0	0	6.2	6.2
138.99	19.83	1	1	0	0	0	0	0	6.2	6.2
139.09	19.85	1	1	0	0	0	0	0	6.2	6.2
139.19	19.86	1	1	0	0	0	0	0	6.2	6.2
139.3	19.88	1	1	0	0	0	0	0	6.2	6.2
139.38	19.89	1	1	0	0	0	0	0	6.2	6.2
139.5	19.91	1	1	0	0	0	0	0	6.2	6.2
139.6	19.92	1	1	0	0	0	0	0	6.2	6.2
139.71	19.94	1	1	0	0	0	0	0	6.2	6.2
139.81	19.95	1	1	0	0	0	0	0	6.2	6.2
139.91	19.97	1	1	0	0	0	0	0	6.2	6.2
140.01	19.98	1	1	0	0	0	0	0	6.2	6.2
140.11	19.99	1	1	0	0	0	0	0	6.2	6.2
140.22	20.01	1	1	0	0	0	0	0	6.2	6.2
140.32	20.02	1	1	0	0	0	0	0	6.2	6.2
140.42	20.04	1	1	0	0	0	0	0	6.2	6.2
140.52	20.05	1	1	0	0	0	0	0	6.2	6.2
140.62	20.07	1	1	0	0	0	0	0	6.2	6.2
140.72	20.08	1	1	0	0	0	0	0	6.2	6.2
140.83	20.1	1	1	0	0	0	0	0	6.2	6.2
140.93	20.11	1	1	0	0	0	0	0	6.2	6.2
141.03	20.13	1	1	0	0	0	0	0	6.2	6.2
141.13	20.14	1	1	0	0	0	0	0	6.2	6.2
141.23	20.15	1	1	0	0	0	0	0	6.2	6.2
141.34	20.17	1	1	0	0	0	0	0	6.2	6.2
141.42	20.18	1	1	0	0	0	0	0	6.2	6.2
141.53	20.2	1	1	0	0	0	0	0	6.2	6.2
141.64	20.21	1	1	0	0	0	0	0	6.2	6.2
141.73	20.23	1	1	0	0	0	0	0	6.2	6.2
141.84	20.24	1	1	0	0	0	0	0	6.2	6.2
141.95	20.26	1	1	0	0	0	0	0	6.2	6.2
142.05	20.27	1	1	0	0	0	0	0	6.2	6.2
142.15	20.29	1	1	0	0	0	0	0	6.2	6.2
142.25	20.3	1	1	0	0	0	0	0	6.2	6.2
142.36	20.31	1	1	0	0	0	0	0	6.2	6.2
142.46	20.33	1	1	0	0	0	0	0	6.2	6.2
142.56	20.34	1	1	0	0	0	0	0	6.2	6.2
142.66	20.36	1	1	0	0	0	0	0	6.2	6.2
142.76	20.37	1	1	0	0	0	0	0	6.2	6.2
142.87	20.39	1	1	0	0	0	0	0	6.2	6.2
142.97	20.4	1	1	0	0	0	0	0	6.2	6.2
143.07	20.42	1	1	0	0	0	0	0	6.2	6.2
143.17	20.43	1	1	0	0	0	0	0	6.2	6.1
143.28	20.45	1	1	0	0	0	0	0	6.2	6.2
143.37	20.46	1	1	0	0	0	0	0	6.2	6.2
143.48	20.48	1	1	0	0	0	0	0	6.2	6.2
143.58	20.49	1	1	0	0	0	0	0	6.2	6.2
143.68	20.5	1	1	0	0	0	0	0	6.2	6.2
143.79	20.52	1	1	0	0	0	0	0	6.2	6.2
143.89	20.53	1	1	0	0	0	0	0	6.2	6.2
143.99	20.55	1	1	0	0	0	0	0	6.2	6.2
144.09	20.56	1	1	0	0	0	0	0	6.2	6.2
144.17	20.57	1	1	0	0	0	0	0	6.2	6.2
144.18	20.57	1	1	0	0	0	0	0	6.2	6.2
144.18	20.58	1	1	0	0	0	0	0	6.2	6.2
144.27	20.59	1	1	0	0	0	0	0	6.2	6.2
144.28	20.59	1	1	0	0	0	0	0	6.2	5.4


