Linux 2.6.32 (machine1) 	02/23/2012 	_x86_64_	(24 CPU)

09:29:18 PM       DEV       tps  rd_sec/s  wr_sec/s  avgrq-sz  avgqu-sz     await     svctm     %util
09:29:20 PM       sda    174.50  11636.00      7.50     66.72      0.50      4.94      2.56     44.70
09:29:20 PM       sdb    184.00  10220.00      7.50     55.58      0.65      5.57      2.52     46.40

09:29:20 PM       DEV       tps  rd_sec/s  wr_sec/s  avgrq-sz  avgqu-sz     await     svctm     %util
09:29:22 PM       sda     95.00   2892.00      0.00     30.44      0.23      1.48      2.36     22.45
09:29:22 PM       sdb     93.00   2468.00      0.00     26.54      0.23      6.53      2.50     23.25

09:29:22 PM       DEV       tps  rd_sec/s  wr_sec/s  avgrq-sz  avgqu-sz     await     svctm     %util
09:29:24 PM       sda     19.40    214.93    156.22     19.13      0.02      1.28      1.10      2.14
09:29:24 PM       sdb     18.41    222.89    156.22     20.59      0.03      1.38      1.30      2.39

09:29:24 PM       DEV       tps  rd_sec/s  wr_sec/s  avgrq-sz  avgqu-sz     await     svctm     %util
09:29:26 PM       sda      1.01      0.00      1.51      1.50      0.00      0.00      0.00      0.00
09:29:26 PM       sdb      1.01      0.00      1.51      1.50      0.00      0.00      0.00      0.00

09:29:26 PM       DEV       tps  rd_sec/s  wr_sec/s  avgrq-sz  avgqu-sz     await     svctm     %util
09:29:28 PM       sda      0.00      0.00      0.00      0.00      0.00      0.00      0.00      0.00
09:29:28 PM       sdb      0.00      0.00      0.00      0.00      0.00      0.00      0.00      0.00

09:29:28 PM       DEV       tps  rd_sec/s  wr_sec/s  avgrq-sz  avgqu-sz     await     svctm     %util
09:29:30 PM       sda      7.54      0.00     34.67      4.60      0.00      0.27      0.27      0.20
09:29:30 PM       sdb      7.54      0.00     34.67      4.60      0.00      0.27      0.27      0.20

09:29:30 PM       DEV       tps  rd_sec/s  wr_sec/s  avgrq-sz  avgqu-sz     await     svctm     %util
09:29:32 PM       sda      1.00      0.00      3.00      3.00      0.00      0.00      0.00      0.00
09:29:32 PM       sdb      1.00      0.00      3.00      3.00      0.00      0.00      0.00      0.00

09:29:32 PM       DEV       tps  rd_sec/s  wr_sec/s  avgrq-sz  avgqu-sz     await     svctm     %util
09:29:34 PM       sda      7.46      0.00     35.82      4.80      0.00      0.33      0.27      0.20
09:29:34 PM       sdb      7.46      0.00     35.82      4.80      0.00      0.33      0.27      0.20

09:29:34 PM       DEV       tps  rd_sec/s  wr_sec/s  avgrq-sz  avgqu-sz     await     svctm     %util
09:29:36 PM       sda      4.02      0.00     24.12      6.00      0.00      0.38      0.25      0.10
09:29:36 PM       sdb      4.02      4.02     24.12      7.00      0.02      5.38      3.25      1.31

09:29:36 PM       DEV       tps  rd_sec/s  wr_sec/s  avgrq-sz  avgqu-sz     await     svctm     %util
09:29:38 PM       sda      0.00      0.00      0.00      0.00      0.00      0.00      0.00      0.00
09:29:38 PM       sdb      0.00      0.00      0.00      0.00      0.00      0.00      0.00      0.00

09:29:38 PM       DEV       tps  rd_sec/s  wr_sec/s  avgrq-sz  avgqu-sz     await     svctm     %util
09:29:40 PM       sda      5.94      0.00     21.29      3.58      0.00      0.17      0.17      0.10
09:29:40 PM       sdb      5.94      0.00     21.29      3.58      0.00      0.17      0.17      0.10

09:29:40 PM       DEV       tps  rd_sec/s  wr_sec/s  avgrq-sz  avgqu-sz     await     svctm     %util
09:29:42 PM       sda      5.03      0.00     27.64      5.50      0.00      0.30      0.20      0.10
09:29:42 PM       sdb      5.03      0.00     27.64      5.50      0.00      0.30      0.20      0.10

09:29:42 PM       DEV       tps  rd_sec/s  wr_sec/s  avgrq-sz  avgqu-sz     await     svctm     %util
09:29:44 PM       sda      8.16      0.00     52.04      6.38      0.01      1.25      0.19      0.15
09:29:44 PM       sdb      8.16      0.00     52.04      6.38      0.01      1.31      0.19      0.15

09:29:44 PM       DEV       tps  rd_sec/s  wr_sec/s  avgrq-sz  avgqu-sz     await     svctm     %util
09:29:46 PM       sda      7.43      0.00     36.14      4.87      0.00      0.27      0.20      0.15
09:29:46 PM       sdb      7.43      0.00     36.14      4.87      0.00      0.27      0.20      0.15

09:29:46 PM       DEV       tps  rd_sec/s  wr_sec/s  avgrq-sz  avgqu-sz     await     svctm     %util
09:29:48 PM       sda      0.96      0.00      2.88      3.00      0.00      0.00      0.00      0.00
09:29:48 PM       sdb      0.96      0.00      2.88      3.00      0.00      0.00      0.00      0.00

09:29:48 PM       DEV       tps  rd_sec/s  wr_sec/s  avgrq-sz  avgqu-sz     await     svctm     %util
09:29:50 PM       sda      6.00     52.00     24.00     12.67      0.01      1.67      1.58      0.95
09:29:50 PM       sdb      4.50      0.00     24.00      5.33      0.00      0.33      0.22      0.10

09:29:50 PM       DEV       tps  rd_sec/s  wr_sec/s  avgrq-sz  avgqu-sz     await     svctm     %util
09:29:52 PM       sda      3.98      0.00     22.89      5.75      0.00      0.62      0.25      0.10
09:29:52 PM       sdb      3.98      0.00     22.89      5.75      0.00      0.62      0.25      0.10

09:29:52 PM       DEV       tps  rd_sec/s  wr_sec/s  avgrq-sz  avgqu-sz     await     svctm     %util
09:29:54 PM       sda     31.50    100.00   2451.50     81.00      0.35     11.27      4.57     14.40
09:29:54 PM       sdb     31.50    100.00   2451.50     81.00      0.32     10.05      4.14     13.05

09:29:54 PM       DEV       tps  rd_sec/s  wr_sec/s  avgrq-sz  avgqu-sz     await     svctm     %util
09:29:56 PM       sda      1.00      0.00      1.50      1.50      0.00      0.00      0.00      0.00
09:29:56 PM       sdb      1.00      0.00      1.50      1.50      0.00      0.00      0.00      0.00

09:29:56 PM       DEV       tps  rd_sec/s  wr_sec/s  avgrq-sz  avgqu-sz     await     svctm     %util
09:29:58 PM       sda     10.89      0.00    168.32     15.45      0.02      1.50      0.23      0.25
09:29:58 PM       sdb     10.89      0.00    168.32     15.45      0.02      1.55      0.23      0.25

09:29:58 PM       DEV       tps  rd_sec/s  wr_sec/s  avgrq-sz  avgqu-sz     await     svctm     %util
09:30:00 PM       sda      2.93      0.00     10.24      3.50      0.00      0.17      0.17      0.05
09:30:00 PM       sdb      2.93      0.00     10.24      3.50      0.00      0.17      0.17      0.05

09:30:00 PM       DEV       tps  rd_sec/s  wr_sec/s  avgrq-sz  avgqu-sz     await     svctm     %util
09:30:02 PM       sda     27.36    963.18     72.14     37.84      0.25      9.20      4.58     12.54
09:30:02 PM       sdb     31.34   1221.89     72.14     41.29      0.38     12.06      4.13     12.94

09:30:02 PM       DEV       tps  rd_sec/s  wr_sec/s  avgrq-sz  avgqu-sz     await     svctm     %util
09:30:04 PM       sda      6.03      0.00     54.27      9.00      0.00      0.67      0.25      0.15
09:30:04 PM       sdb      6.03      0.00     54.27      9.00      0.00      0.58      0.17      0.10

09:30:04 PM       DEV       tps  rd_sec/s  wr_sec/s  avgrq-sz  avgqu-sz     await     svctm     %util
09:30:06 PM       sda      0.00      0.00      0.00      0.00      0.00      0.00      0.00      0.00
09:30:06 PM       sdb      0.00      0.00      0.00      0.00      0.00      0.00      0.00      0.00

09:30:06 PM       DEV       tps  rd_sec/s  wr_sec/s  avgrq-sz  avgqu-sz     await     svctm     %util
09:30:08 PM       sda      7.18      0.00     30.77      4.29      0.00      0.43      0.36      0.26
09:30:08 PM       sdb      7.18      0.00     30.77      4.29      0.00      0.43      0.36      0.26

09:30:08 PM       DEV       tps  rd_sec/s  wr_sec/s  avgrq-sz  avgqu-sz     await     svctm     %util
09:30:10 PM       sda     10.00      0.00     75.50      7.55      0.01      0.65      0.35      0.35
09:30:10 PM       sdb     10.00      0.00     75.50      7.55      0.01      0.55      0.30      0.30

09:30:10 PM       DEV       tps  rd_sec/s  wr_sec/s  avgrq-sz  avgqu-sz     await     svctm     %util
09:30:12 PM       sda      0.00      0.00      0.00      0.00      0.00      0.00      0.00      0.00
09:30:12 PM       sdb      0.00      0.00      0.00      0.00      0.00      0.00      0.00      0.00

09:30:12 PM       DEV       tps  rd_sec/s  wr_sec/s  avgrq-sz  avgqu-sz     await     svctm     %util
09:30:14 PM       sda      5.97      0.00     35.82      6.00      0.00      0.25      0.17      0.10
09:30:14 PM       sdb      5.97      0.00     35.82      6.00      0.00      0.08      0.08      0.05

